[0.049s] Invoking command in '/home/freesix/far_planner_ws/src/build/vehicle_simulator': CMAKE_PREFIX_PATH=/opt/ros/humble /usr/local/bin/cmake /home/freesix/far_planner_ws/src/autonomous_exploration_development_environment/src/vehicle_simulator -DCMAKE_BUILD_TYPE=Release -DAMENT_CMAKE_SYMLINK_INSTALL=1 -DCMAKE_INSTALL_PREFIX=/home/freesix/far_planner_ws/src/install/vehicle_simulator
[3.882s] -- The C compiler identification is GNU 11.4.0
[3.883s] -- The CXX compiler identification is GNU 11.4.0
[3.883s] -- Detecting C compiler ABI info
[3.883s] -- Detecting C compiler ABI info - done
[3.883s] -- Check for working C compiler: /usr/bin/cc - skipped
[3.883s] -- Detecting C compile features
[3.883s] -- Detecting C compile features - done
[3.883s] -- Detecting CXX compiler ABI info
[3.883s] -- Detecting CXX compiler ABI info - done
[3.883s] -- Check for working CXX compiler: /usr/bin/c++ - skipped
[3.883s] -- Detecting CXX compile features
[3.883s] -- Detecting CXX compile features - done
[3.883s] -- Found ament_cmake: 1.3.5 (/opt/ros/humble/share/ament_cmake/cmake)
[3.883s] -- Found Python3: /usr/bin/python3.10 (found version "3.10.12") found components: Interpreter 
[3.883s] -- Override CMake install command with custom implementation using symlinks instead of copying resources
[3.883s] -- Found rclcpp: 16.0.5 (/opt/ros/humble/share/rclcpp/cmake)
[3.884s] -- Found rosidl_generator_c: 3.1.5 (/opt/ros/humble/share/rosidl_generator_c/cmake)
[3.884s] -- Found rosidl_adapter: 3.1.5 (/opt/ros/humble/share/rosidl_adapter/cmake)
[3.884s] -- Found rosidl_generator_cpp: 3.1.5 (/opt/ros/humble/share/rosidl_generator_cpp/cmake)
[3.884s] -- Using all available rosidl_typesupport_c: rosidl_typesupport_fastrtps_c;rosidl_typesupport_introspection_c
[3.884s] -- Using all available rosidl_typesupport_cpp: rosidl_typesupport_fastrtps_cpp;rosidl_typesupport_introspection_cpp
[3.884s] -- Found rmw_implementation_cmake: 6.1.1 (/opt/ros/humble/share/rmw_implementation_cmake/cmake)
[3.884s] -- Found rmw_fastrtps_cpp: 6.2.3 (/opt/ros/humble/share/rmw_fastrtps_cpp/cmake)
[4.990s] -- Found OpenSSL: /usr/lib/x86_64-linux-gnu/libcrypto.so (found version "3.0.2")  
[6.532s] -- Found FastRTPS: /opt/ros/humble/include  
[8.955s] -- Using RMW implementation 'rmw_fastrtps_cpp' as default
[8.970s] -- Performing Test CMAKE_HAVE_LIBC_PTHREAD
[9.133s] -- Performing Test CMAKE_HAVE_LIBC_PTHREAD - Success
[9.135s] -- Found Threads: TRUE  
[9.377s] -- Found nav_msgs: 4.2.3 (/opt/ros/humble/share/nav_msgs/cmake)
[9.588s] -- Found sensor_msgs: 4.2.3 (/opt/ros/humble/share/sensor_msgs/cmake)
[9.723s] -- Found tf2_ros: 0.25.3 (/opt/ros/humble/share/tf2_ros/cmake)
[10.206s] -- Found tf2_geometry_msgs: 0.25.3 (/opt/ros/humble/share/tf2_geometry_msgs/cmake)
[10.247s] -- Found eigen3_cmake_module: 0.1.1 (/opt/ros/humble/share/eigen3_cmake_module/cmake)
[10.249s] -- Found Eigen3: TRUE (found version "3.4.0") 
[10.249s] -- Ensuring Eigen3 include directory is part of orocos-kdl CMake target
[10.263s] -- Found gazebo_msgs: 3.7.0 (/opt/ros/humble/share/gazebo_msgs/cmake)
[10.560s] -- Found gazebo_ros: 3.7.0 (/opt/ros/humble/share/gazebo_ros/cmake)
[10.575s] -- Found PkgConfig: /usr/bin/pkg-config (found version "0.29.2") 
[10.577s] -- Checking for module 'bullet>=2.82'
[10.589s] --   Found bullet, version 3.05
[10.702s] -- Found fcl: /usr/include (found suitable version "0.7.0", minimum required is "0.5.0") 
[10.739s] -- Found assimp: /usr/include (found version "5.2.0") 
[10.759s] -- Found DART: /usr/include (Required is at least version "6.6") found components: dart 
[10.791s] -- Found Boost: /usr/lib/x86_64-linux-gnu/cmake/Boost-1.74.0/BoostConfig.cmake (found suitable version "1.74.0", minimum required is "1.40.0") found components: thread system filesystem program_options regex iostreams date_time 
[11.130s] -- Found Protobuf: /usr/lib/x86_64-linux-gnu/libprotobuf.so (found version "3.12.4") 
[11.137s] -- Looking for ignition-math6 -- found version 6.12.0
[11.144s] -- Searching for dependencies of ignition-math6
[11.146s] -- Looking for OGRE...
[11.147s] -- OGRE_PREFIX_WATCH changed.
[11.152s] -- Checking for module 'OGRE'
[11.163s] --   Found OGRE, version 1.9.0
[11.204s] -- Found Ogre Ghadamon (1.9.0)
[11.591s] -- Found OGRE: optimized;/usr/lib/x86_64-linux-gnu/libOgreMain.so;debug;/usr/lib/x86_64-linux-gnu/libOgreMain.so
[11.629s] -- Looking for OGRE_Paging...
[11.951s] -- Found OGRE_Paging: optimized;/usr/lib/x86_64-linux-gnu/libOgrePaging.so;debug;/usr/lib/x86_64-linux-gnu/libOgrePaging.so
[11.952s] -- Looking for OGRE_Terrain...
[12.338s] -- Found OGRE_Terrain: optimized;/usr/lib/x86_64-linux-gnu/libOgreTerrain.so;debug;/usr/lib/x86_64-linux-gnu/libOgreTerrain.so
[12.338s] -- Looking for OGRE_Property...
[12.653s] -- Found OGRE_Property: optimized;/usr/lib/x86_64-linux-gnu/libOgreProperty.so;debug;/usr/lib/x86_64-linux-gnu/libOgreProperty.so
[12.653s] -- Looking for OGRE_RTShaderSystem...
[13.017s] -- Found OGRE_RTShaderSystem: optimized;/usr/lib/x86_64-linux-gnu/libOgreRTShaderSystem.so;debug;/usr/lib/x86_64-linux-gnu/libOgreRTShaderSystem.so
[13.017s] -- Looking for OGRE_Volume...
[13.385s] -- Found OGRE_Volume: optimized;/usr/lib/x86_64-linux-gnu/libOgreVolume.so;debug;/usr/lib/x86_64-linux-gnu/libOgreVolume.so
[13.385s] -- Looking for OGRE_Overlay...
[13.762s] -- Found OGRE_Overlay: optimized;/usr/lib/x86_64-linux-gnu/libOgreOverlay.so;debug;/usr/lib/x86_64-linux-gnu/libOgreOverlay.so
[31.777s] -- Looking for ignition-math6 -- found version 6.12.0
[31.781s] -- Looking for ignition-transport8 -- found version 8.2.1
[31.781s] -- Searching for dependencies of ignition-transport8
[33.119s] -- Found Protobuf: /usr/lib/x86_64-linux-gnu/libprotobuf.so (found suitable version "3.12.4", minimum required is "3") 
[34.238s] -- Config-file not installed for ZeroMQ -- checking for pkg-config
[34.261s] -- Checking for module 'libzmq >= 4'
[34.299s] --   Found libzmq , version 4.3.4
[34.356s] -- Found ZeroMQ: TRUE (Required is at least version "4") 
[34.394s] -- Checking for module 'uuid'
[34.407s] --   Found uuid, version 2.37.2
[34.444s] -- Found UUID: TRUE  
[34.450s] -- Looking for ignition-msgs5 -- found version 5.8.1
[34.450s] -- Searching for dependencies of ignition-msgs5
[35.462s] -- Looking for ignition-math6 -- found version 6.12.0
[35.470s] -- Checking for module 'tinyxml2'
[35.486s] --   Found tinyxml2, version 9.0.0
[35.541s] -- Looking for ignition-msgs5 -- found version 5.8.1
[35.548s] -- Looking for ignition-common3 -- found version 3.14.0
[35.549s] -- Searching for dependencies of ignition-common3
[35.577s] -- Looking for dlfcn.h - found
[35.605s] -- Looking for libdl - found
[35.607s] -- Found DL: TRUE  
[35.670s] -- Found tinyobjloader: /usr/lib/x86_64-linux-gnu/cmake/tinyobjloader/tinyobjloader-config.cmake (found version "2.0.0") 
[35.674s] -- Searching for <ignition-common3> component [graphics]
[35.682s] -- Looking for ignition-common3-graphics -- found version 3.14.0
[35.683s] -- Searching for dependencies of ignition-common3-graphics
[35.683s] -- Looking for ignition-math6 -- found version 6.12.0
[35.692s] -- Looking for ignition-fuel_tools4 -- found version 4.4.0
[35.692s] -- Searching for dependencies of ignition-fuel_tools4
[36.803s] -- Found CURL: /usr/lib/x86_64-linux-gnu/libcurl.so (found version "7.81.0")  
[36.856s] -- Checking for module 'jsoncpp'
[36.880s] --   Found jsoncpp, version 1.9.5
[36.929s] -- Found JSONCPP: TRUE  
[36.959s] -- Checking for module 'libzip'
[36.979s] --   Found libzip, version 1.7.3
[37.039s] -- Found ZIP: TRUE  
[37.041s] -- Looking for ignition-common3 -- found version 3.14.0
[37.044s] -- Looking for ignition-math6 -- found version 6.12.0
[37.045s] -- Looking for ignition-msgs5 -- found version 5.8.1
[37.082s] -- Gazebo version: 11.10
[37.084s] -- Checking for module 'tbb'
[37.109s] --   Found tbb, version 2021.5.0
[37.651s] -- Found CUDA: /usr/local/cuda (found suitable exact version "12.2") 
[37.713s] -- Found OpenCV: /usr/local (found version "4.8.0") 
[37.760s] -- Checking for module 'eigen3'
[37.779s] --   Found eigen3, version 3.4.0
[37.819s] -- Found Eigen: /usr/include/eigen3 (Required is at least version "3.1") 
[37.822s] -- Eigen found (include: /usr/include/eigen3, version: 3.4.0)
[37.850s] -- Found Boost: /usr/lib/x86_64-linux-gnu/cmake/Boost-1.74.0/BoostConfig.cmake (found suitable version "1.74.0", minimum required is "1.65.0") found components: system filesystem date_time iostreams serialization 
[39.197s] -- Checking for module 'flann'
[41.302s] --   Found flann, version 1.9.1
[42.941s] -- Found FLANN: /usr/lib/x86_64-linux-gnu/libflann_cpp.so  
[42.942s] -- FLANN found (include: /usr/include, lib: /usr/lib/x86_64-linux-gnu/libflann_cpp.so)
[43.077s] -- Found GLEW: /usr/lib/x86_64-linux-gnu/libGLEW.so  
[43.117s] -- Found OpenGL: /usr/lib/x86_64-linux-gnu/libOpenGL.so  found components: OpenGL GLX 
[43.361s] -- Found MPI_C: /usr/lib/x86_64-linux-gnu/libmpi.so (found version "3.1") 
[43.362s] -- Found MPI: TRUE (found version "3.1") found components: C 
[43.367s] -- Found JsonCpp: /usr/lib/x86_64-linux-gnu/libjsoncpp.so (found suitable version "1.9.5", minimum required is "0.7.0") 
[43.661s] -- Found ZLIB: /usr/lib/x86_64-linux-gnu/libz.so (found version "1.2.11")  
[43.917s] -- Found PNG: /usr/lib/x86_64-linux-gnu/libpng.so (found version "1.6.37") 
[43.952s] -- Found Eigen3: /usr/include/eigen3 (found version "3.4.0") 
[44.559s] -- Found X11: /usr/include   
[44.559s] -- Looking for XOpenDisplay in /usr/lib/x86_64-linux-gnu/libX11.so;/usr/lib/x86_64-linux-gnu/libXext.so
[44.668s] -- Looking for XOpenDisplay in /usr/lib/x86_64-linux-gnu/libX11.so;/usr/lib/x86_64-linux-gnu/libXext.so - found
[44.669s] -- Looking for gethostbyname
[44.799s] -- Looking for gethostbyname - found
[44.799s] -- Looking for connect
[44.911s] -- Looking for connect - found
[44.911s] -- Looking for remove
[45.015s] -- Looking for remove - found
[45.015s] -- Looking for shmat
[45.099s] -- Looking for shmat - found
[45.100s] -- Looking for IceConnectionNumber in ICE
[45.188s] -- Looking for IceConnectionNumber in ICE - found
[45.648s] -- Found EXPAT: /usr/lib/x86_64-linux-gnu/libexpat.so (found version "2.4.7") 
[45.652s] -- Found double-conversion: /usr/lib/x86_64-linux-gnu/libdouble-conversion.so  
[45.657s] -- Found LZ4: /usr/lib/x86_64-linux-gnu/liblz4.so (found version "1.9.3") 
[45.663s] -- Found LZMA: /usr/lib/x86_64-linux-gnu/liblzma.so (found version "5.2.5") 
[45.808s] -- Found JPEG: /usr/lib/x86_64-linux-gnu/libjpeg.so (found version "80") 
[46.058s] -- Found TIFF: /usr/lib/x86_64-linux-gnu/libtiff.so (found version "4.3.0")  
[50.905s] -- Found Freetype: /usr/lib/x86_64-linux-gnu/libfreetype.so (found version "2.11.1") 
[65.556s] -- Found utf8cpp: /usr/include/utf8cpp  
[65.798s] -- Checking for module 'libusb-1.0'
[65.824s] --   Found libusb-1.0, version 1.0.25
[65.899s] -- Found libusb: /usr/lib/x86_64-linux-gnu/libusb-1.0.so  
[65.901s] -- Found OpenNI: /usr/lib/libOpenNI.so;libusb::libusb (found version "1.5.4.0") 
[65.901s] -- OpenNI found (version: 1.5.4.0, include: /usr/include/ni, lib: /usr/lib/libOpenNI.so;libusb::libusb)
[66.044s] -- Found OpenNI2: /usr/lib/x86_64-linux-gnu/libOpenNI2.so;libusb::libusb (found version "2.2.0.33") 
[66.045s] -- OpenNI2 found (version: 2.2.0.33, include: /usr/include/openni2, lib: /usr/lib/x86_64-linux-gnu/libOpenNI2.so;libusb::libusb)
[66.047s] [0m** WARNING ** io features related to pcap will be disabled[0m
[67.123s] -- Eigen found (include: /usr/include/eigen3, version: 3.4.0)
[67.132s] -- OpenNI found (version: 1.5.4.0, include: /usr/include/ni, lib: /usr/lib/libOpenNI.so;libusb::libusb)
[67.139s] -- OpenNI2 found (version: 2.2.0.33, include: /usr/include/openni2, lib: /usr/lib/x86_64-linux-gnu/libOpenNI2.so;libusb::libusb)
[68.243s] -- Found Qhull version 8.0.2
[74.167s] -- OpenNI found (version: 1.5.4.0, include: /usr/include/ni, lib: /usr/lib/libOpenNI.so;libusb::libusb)
[75.372s] -- looking for PCL_COMMON
[75.373s] -- Found PCL_COMMON: /usr/lib/x86_64-linux-gnu/libpcl_common.so  
[75.374s] -- looking for PCL_KDTREE
[75.375s] -- Found PCL_KDTREE: /usr/lib/x86_64-linux-gnu/libpcl_kdtree.so  
[75.375s] -- looking for PCL_OCTREE
[75.376s] -- Found PCL_OCTREE: /usr/lib/x86_64-linux-gnu/libpcl_octree.so  
[75.376s] -- looking for PCL_SEARCH
[75.377s] -- Found PCL_SEARCH: /usr/lib/x86_64-linux-gnu/libpcl_search.so  
[75.377s] -- looking for PCL_SAMPLE_CONSENSUS
[75.378s] -- Found PCL_SAMPLE_CONSENSUS: /usr/lib/x86_64-linux-gnu/libpcl_sample_consensus.so  
[75.378s] -- looking for PCL_FILTERS
[75.379s] -- Found PCL_FILTERS: /usr/lib/x86_64-linux-gnu/libpcl_filters.so  
[75.379s] -- looking for PCL_2D
[75.379s] -- Found PCL_2D: /usr/include/pcl-1.12  
[75.379s] -- looking for PCL_GEOMETRY
[75.380s] -- Found PCL_GEOMETRY: /usr/include/pcl-1.12  
[75.380s] -- looking for PCL_IO
[75.381s] -- Found PCL_IO: /usr/lib/x86_64-linux-gnu/libpcl_io.so  
[75.381s] -- looking for PCL_FEATURES
[75.382s] -- Found PCL_FEATURES: /usr/lib/x86_64-linux-gnu/libpcl_features.so  
[75.382s] -- looking for PCL_ML
[75.383s] -- Found PCL_ML: /usr/lib/x86_64-linux-gnu/libpcl_ml.so  
[75.383s] -- looking for PCL_SEGMENTATION
[75.384s] -- Found PCL_SEGMENTATION: /usr/lib/x86_64-linux-gnu/libpcl_segmentation.so  
[75.384s] -- looking for PCL_VISUALIZATION
[75.385s] -- Found PCL_VISUALIZATION: /usr/lib/x86_64-linux-gnu/libpcl_visualization.so  
[75.385s] -- looking for PCL_SURFACE
[75.386s] -- Found PCL_SURFACE: /usr/lib/x86_64-linux-gnu/libpcl_surface.so  
[75.386s] -- looking for PCL_REGISTRATION
[75.387s] -- Found PCL_REGISTRATION: /usr/lib/x86_64-linux-gnu/libpcl_registration.so  
[75.387s] -- looking for PCL_KEYPOINTS
[75.388s] -- Found PCL_KEYPOINTS: /usr/lib/x86_64-linux-gnu/libpcl_keypoints.so  
[75.389s] -- looking for PCL_TRACKING
[75.390s] -- Found PCL_TRACKING: /usr/lib/x86_64-linux-gnu/libpcl_tracking.so  
[75.390s] -- looking for PCL_RECOGNITION
[75.391s] -- Found PCL_RECOGNITION: /usr/lib/x86_64-linux-gnu/libpcl_recognition.so  
[75.391s] -- looking for PCL_STEREO
[75.392s] -- Found PCL_STEREO: /usr/lib/x86_64-linux-gnu/libpcl_stereo.so  
[75.393s] -- looking for PCL_APPS
[75.394s] -- Found PCL_APPS: /usr/lib/x86_64-linux-gnu/libpcl_apps.so  
[75.394s] -- looking for PCL_IN_HAND_SCANNER
[75.394s] -- Found PCL_IN_HAND_SCANNER: /usr/include/pcl-1.12  
[75.395s] -- looking for PCL_MODELER
[75.395s] -- Found PCL_MODELER: /usr/include/pcl-1.12  
[75.395s] -- looking for PCL_POINT_CLOUD_EDITOR
[75.396s] -- Found PCL_POINT_CLOUD_EDITOR: /usr/include/pcl-1.12  
[75.396s] -- looking for PCL_OUTOFCORE
[75.397s] -- Found PCL_OUTOFCORE: /usr/lib/x86_64-linux-gnu/libpcl_outofcore.so  
[75.397s] -- looking for PCL_PEOPLE
[75.399s] -- Found PCL_PEOPLE: /usr/lib/x86_64-linux-gnu/libpcl_people.so  
[75.401s] -- Found PCL: pcl_common;pcl_kdtree;pcl_octree;pcl_search;pcl_sample_consensus;pcl_filters;pcl_io;pcl_features;pcl_ml;pcl_segmentation;pcl_visualization;pcl_surface;pcl_registration;pcl_keypoints;pcl_tracking;pcl_recognition;pcl_stereo;pcl_apps;pcl_outofcore;pcl_people;Boost::system;Boost::filesystem;Boost::date_time;Boost::iostreams;Boost::serialization;/usr/lib/libOpenNI.so;libusb::libusb;/usr/lib/x86_64-linux-gnu/libOpenNI2.so;libusb::libusb;VTK::ChartsCore;VTK::CommonColor;VTK::CommonComputationalGeometry;VTK::CommonCore;VTK::CommonDataModel;VTK::CommonExecutionModel;VTK::CommonMath;VTK::CommonMisc;VTK::CommonTransforms;VTK::FiltersCore;VTK::FiltersExtraction;VTK::FiltersGeneral;VTK::FiltersGeometry;VTK::FiltersModeling;VTK::FiltersSources;VTK::ImagingCore;VTK::ImagingSources;VTK::InteractionImage;VTK::InteractionStyle;VTK::InteractionWidgets;VTK::IOCore;VTK::IOGeometry;VTK::IOImage;VTK::IOLegacy;VTK::IOPLY;VTK::RenderingAnnotation;VTK::RenderingCore;VTK::RenderingContext2D;VTK::RenderingLOD;VTK::RenderingFreeType;VTK::ViewsCore;VTK::ViewsContext2D;VTK::RenderingOpenGL2;VTK::GUISupportQt;FLANN::FLANN;QHULL::QHULL  
[75.403s] -- Found pcl_conversions: 2.4.0 (/opt/ros/humble/share/pcl_conversions/cmake)
[75.538s] -- Found pcl_ros: 2.4.0 (/opt/ros/humble/share/pcl_ros/cmake)
[75.753s] -- Found ament_lint_auto: 0.12.7 (/opt/ros/humble/share/ament_lint_auto/cmake)
[75.887s] -- Added test 'copyright' to check source files copyright and LICENSE
[75.906s] -- Added test 'cppcheck' to perform static code analysis on C / C++ code
[75.906s] -- Configured cppcheck include dirs: /home/freesix/far_planner_ws/src/autonomous_exploration_development_environment/src/vehicle_simulator/include
[75.907s] -- Configured cppcheck exclude dirs and/or files: 
[75.914s] -- Added test 'cpplint' to check C / C++ code against the Google style
[75.915s] -- Configured cpplint exclude dirs and/or files: 
[75.918s] -- Added test 'lint_cmake' to check CMake code style
[75.924s] -- Added test 'uncrustify' to check C / C++ code style
[75.924s] -- Configured uncrustify additional arguments: 
[75.926s] -- Added test 'xmllint' to check XML markup files
[75.930s] -- Configuring done (75.9s)
[76.054s] -- Generating done (0.1s)
[76.060s] -- Build files have been written to: /home/freesix/far_planner_ws/src/build/vehicle_simulator
