[0.063s] Invoking command in '/home/freesix/far_planner_ws/src/build/loam_interface': CMAKE_PREFIX_PATH=/opt/ros/humble /usr/local/bin/cmake /home/freesix/far_planner_ws/src/autonomous_exploration_development_environment/src/loam_interface -DCMAKE_BUILD_TYPE=Release -DAMENT_CMAKE_SYMLINK_INSTALL=1 -DCMAKE_INSTALL_PREFIX=/home/freesix/far_planner_ws/src/install/loam_interface
[0.267s] -- The C compiler identification is GNU 11.4.0
[0.559s] -- The CXX compiler identification is GNU 11.4.0
[0.727s] -- Detecting C compiler ABI info
[0.866s] -- Detecting C compiler ABI info - done
[0.879s] -- Check for working C compiler: /usr/bin/cc - skipped
[0.879s] -- Detecting C compile features
[0.879s] -- Detecting C compile features - done
[0.887s] -- Detecting CXX compiler ABI info
[1.058s] -- Detecting CXX compiler ABI info - done
[1.080s] -- Check for working CXX compiler: /usr/bin/c++ - skipped
[1.080s] -- Detecting CXX compile features
[1.081s] -- Detecting CXX compile features - done
[1.081s] -- Found ament_cmake: 1.3.5 (/opt/ros/humble/share/ament_cmake/cmake)
[2.751s] -- Found Python3: /usr/bin/python3.10 (found version "3.10.12") found components: Interpreter 
[2.861s] -- Override CMake install command with custom implementation using symlinks instead of copying resources
[2.891s] -- Found rclcpp: 16.0.5 (/opt/ros/humble/share/rclcpp/cmake)
[3.092s] -- Found rosidl_generator_c: 3.1.5 (/opt/ros/humble/share/rosidl_generator_c/cmake)
[3.098s] -- Found rosidl_adapter: 3.1.5 (/opt/ros/humble/share/rosidl_adapter/cmake)
[3.110s] -- Found rosidl_generator_cpp: 3.1.5 (/opt/ros/humble/share/rosidl_generator_cpp/cmake)
[3.131s] -- Using all available rosidl_typesupport_c: rosidl_typesupport_fastrtps_c;rosidl_typesupport_introspection_c
[3.161s] -- Using all available rosidl_typesupport_cpp: rosidl_typesupport_fastrtps_cpp;rosidl_typesupport_introspection_cpp
[3.258s] -- Found rmw_implementation_cmake: 6.1.1 (/opt/ros/humble/share/rmw_implementation_cmake/cmake)
[3.261s] -- Found rmw_fastrtps_cpp: 6.2.3 (/opt/ros/humble/share/rmw_fastrtps_cpp/cmake)
[4.138s] -- Found OpenSSL: /usr/lib/x86_64-linux-gnu/libcrypto.so (found version "3.0.2")  
[5.323s] -- Found FastRTPS: /opt/ros/humble/include  
[7.957s] -- Using RMW implementation 'rmw_fastrtps_cpp' as default
[7.968s] -- Performing Test CMAKE_HAVE_LIBC_PTHREAD
[8.100s] -- Performing Test CMAKE_HAVE_LIBC_PTHREAD - Success
[8.101s] -- Found Threads: TRUE  
[8.316s] -- Found nav_msgs: 4.2.3 (/opt/ros/humble/share/nav_msgs/cmake)
[8.480s] -- Found sensor_msgs: 4.2.3 (/opt/ros/humble/share/sensor_msgs/cmake)
[8.599s] -- Found tf2_ros: 0.25.3 (/opt/ros/humble/share/tf2_ros/cmake)
[9.113s] -- Found tf2_geometry_msgs: 0.25.3 (/opt/ros/humble/share/tf2_geometry_msgs/cmake)
[9.156s] -- Found eigen3_cmake_module: 0.1.1 (/opt/ros/humble/share/eigen3_cmake_module/cmake)
[9.158s] -- Found Eigen3: TRUE (found version "3.4.0") 
[9.159s] -- Ensuring Eigen3 include directory is part of orocos-kdl CMake target
[9.170s] -- Found pcl_conversions: 2.4.0 (/opt/ros/humble/share/pcl_conversions/cmake)
[9.378s] -- Found pcl_ros: 2.4.0 (/opt/ros/humble/share/pcl_ros/cmake)
[9.588s] -- Checking for module 'eigen3'
[9.602s] --   Found eigen3, version 3.4.0
[9.628s] -- Found Eigen: /usr/include/eigen3 (Required is at least version "3.1") 
[9.629s] -- Eigen found (include: /usr/include/eigen3, version: 3.4.0)
[10.306s] -- Checking for module 'flann'
[10.323s] --   Found flann, version 1.9.1
[10.647s] -- Found FLANN: /usr/lib/x86_64-linux-gnu/libflann_cpp.so  
[10.648s] -- FLANN found (include: /usr/include, lib: /usr/lib/x86_64-linux-gnu/libflann_cpp.so)
[15.161s] -- Checking for module 'libusb-1.0'
[15.172s] --   Found libusb-1.0, version 1.0.25
[15.250s] -- Found libusb: /usr/lib/x86_64-linux-gnu/libusb-1.0.so  
[15.252s] -- OpenNI found (version: 1.5.4.0, include: /usr/include/ni, lib: /usr/lib/libOpenNI.so;libusb::libusb)
[15.427s] -- OpenNI2 found (version: 2.2.0.33, include: /usr/include/openni2, lib: /usr/lib/x86_64-linux-gnu/libOpenNI2.so;libusb::libusb)
[17.215s] -- Eigen found (include: /usr/include/eigen3, version: 3.4.0)
[17.221s] -- OpenNI found (version: 1.5.4.0, include: /usr/include/ni, lib: /usr/lib/libOpenNI.so;libusb::libusb)
[17.232s] -- OpenNI2 found (version: 2.2.0.33, include: /usr/include/openni2, lib: /usr/lib/x86_64-linux-gnu/libOpenNI2.so;libusb::libusb)
[19.134s] -- Found Qhull version 8.0.2
[21.098s] -- OpenNI found (version: 1.5.4.0, include: /usr/include/ni, lib: /usr/lib/libOpenNI.so;libusb::libusb)
[22.978s] -- Found PCL_COMMON: /usr/lib/x86_64-linux-gnu/libpcl_common.so  
[22.982s] -- Found PCL_KDTREE: /usr/lib/x86_64-linux-gnu/libpcl_kdtree.so  
[22.987s] -- Found PCL_OCTREE: /usr/lib/x86_64-linux-gnu/libpcl_octree.so  
[22.992s] -- Found PCL_SEARCH: /usr/lib/x86_64-linux-gnu/libpcl_search.so  
[22.998s] -- Found PCL_SAMPLE_CONSENSUS: /usr/lib/x86_64-linux-gnu/libpcl_sample_consensus.so  
[23.001s] -- Found PCL_FILTERS: /usr/lib/x86_64-linux-gnu/libpcl_filters.so  
[23.002s] -- Found PCL_2D: /usr/include/pcl-1.12  
[23.004s] -- Found PCL_GEOMETRY: /usr/include/pcl-1.12  
[23.010s] -- Found PCL_IO: /usr/lib/x86_64-linux-gnu/libpcl_io.so  
[23.018s] -- Found PCL_FEATURES: /usr/lib/x86_64-linux-gnu/libpcl_features.so  
[23.023s] -- Found PCL_ML: /usr/lib/x86_64-linux-gnu/libpcl_ml.so  
[23.027s] -- Found PCL_SEGMENTATION: /usr/lib/x86_64-linux-gnu/libpcl_segmentation.so  
[23.033s] -- Found PCL_VISUALIZATION: /usr/lib/x86_64-linux-gnu/libpcl_visualization.so  
[23.038s] -- Found PCL_SURFACE: /usr/lib/x86_64-linux-gnu/libpcl_surface.so  
[23.043s] -- Found PCL_REGISTRATION: /usr/lib/x86_64-linux-gnu/libpcl_registration.so  
[23.050s] -- Found PCL_KEYPOINTS: /usr/lib/x86_64-linux-gnu/libpcl_keypoints.so  
[23.053s] -- Found PCL_TRACKING: /usr/lib/x86_64-linux-gnu/libpcl_tracking.so  
[23.055s] -- Found PCL_RECOGNITION: /usr/lib/x86_64-linux-gnu/libpcl_recognition.so  
[23.059s] -- Found PCL_STEREO: /usr/lib/x86_64-linux-gnu/libpcl_stereo.so  
[23.064s] -- Found PCL_APPS: /usr/lib/x86_64-linux-gnu/libpcl_apps.so  
[23.068s] -- Found PCL_IN_HAND_SCANNER: /usr/include/pcl-1.12  
[23.070s] -- Found PCL_MODELER: /usr/include/pcl-1.12  
[23.072s] -- Found PCL_POINT_CLOUD_EDITOR: /usr/include/pcl-1.12  
[23.077s] -- Found PCL_OUTOFCORE: /usr/lib/x86_64-linux-gnu/libpcl_outofcore.so  
[23.085s] -- Found PCL_PEOPLE: /usr/lib/x86_64-linux-gnu/libpcl_people.so  
[23.337s] -- Found ament_lint_auto: 0.12.7 (/opt/ros/humble/share/ament_lint_auto/cmake)
[23.523s] -- Added test 'copyright' to check source files copyright and LICENSE
[23.529s] -- Added test 'cppcheck' to perform static code analysis on C / C++ code
[23.530s] -- Configured cppcheck include dirs: 
[23.530s] -- Configured cppcheck exclude dirs and/or files: 
[23.534s] -- Added test 'cpplint' to check C / C++ code against the Google style
[23.534s] -- Configured cpplint exclude dirs and/or files: 
[23.548s] -- Added test 'lint_cmake' to check CMake code style
[23.548s] -- Added test 'uncrustify' to check C / C++ code style
[23.550s] -- Configured uncrustify additional arguments: 
[23.550s] -- Added test 'xmllint' to check XML markup files
[23.558s] -- Configuring done (23.5s)
[23.634s] -- Generating done (0.0s)
[23.641s] -- Build files have been written to: /home/freesix/far_planner_ws/src/build/loam_interface
[23.723s] Invoked command in '/home/freesix/far_planner_ws/src/build/loam_interface' returned '0': CMAKE_PREFIX_PATH=/opt/ros/humble /usr/local/bin/cmake /home/freesix/far_planner_ws/src/autonomous_exploration_development_environment/src/loam_interface -DCMAKE_BUILD_TYPE=Release -DAMENT_CMAKE_SYMLINK_INSTALL=1 -DCMAKE_INSTALL_PREFIX=/home/freesix/far_planner_ws/src/install/loam_interface
[23.723s] Invoking command in '/home/freesix/far_planner_ws/src/build/loam_interface': CMAKE_PREFIX_PATH=/opt/ros/humble /usr/local/bin/cmake --build /home/freesix/far_planner_ws/src/build/loam_interface -- -j16 -l16
[23.810s] [ 50%] [32mBuilding CXX object CMakeFiles/loamInterface.dir/src/loamInterface.cpp.o[0m
[73.774s] [01m[Kc++:[m[K [01;31m[Kfatal error: [m[KKilled signal terminated program cc1plus
[73.775s] compilation terminated.
[73.781s] gmake[2]: *** [CMakeFiles/loamInterface.dir/build.make:76: CMakeFiles/loamInterface.dir/src/loamInterface.cpp.o] Error 1
[73.794s] gmake[1]: *** [CMakeFiles/Makefile2:137: CMakeFiles/loamInterface.dir/all] Error 2
[73.803s] gmake: *** [Makefile:146: all] Error 2
