[0.047s] Invoking command in '/home/freesix/far_planner_ws/build/waypoint_example': CMAKE_PREFIX_PATH=/opt/ros/humble /usr/local/bin/cmake --build /home/freesix/far_planner_ws/build/waypoint_example -- -j16 -l16
[0.165s] [100%] Built target waypointExample
[0.181s] Invoked command in '/home/freesix/far_planner_ws/build/waypoint_example' returned '0': CMAKE_PREFIX_PATH=/opt/ros/humble /usr/local/bin/cmake --build /home/freesix/far_planner_ws/build/waypoint_example -- -j16 -l16
[0.244s] Invoking command in '/home/freesix/far_planner_ws/build/waypoint_example': CMAKE_PREFIX_PATH=/opt/ros/humble /usr/local/bin/cmake --install /home/freesix/far_planner_ws/build/waypoint_example
[0.271s] -- Install configuration: "Release"
[0.272s] -- Execute custom install script
[0.272s] -- Up-to-date symlink: /home/freesix/far_planner_ws/install/waypoint_example/lib/waypoint_example/waypointExample
[0.272s] -- Up-to-date symlink: /home/freesix/far_planner_ws/install/waypoint_example/share/waypoint_example/launch/waypoint_example_garage.launch
[0.272s] -- Up-to-date symlink: /home/freesix/far_planner_ws/install/waypoint_example/share/waypoint_example/data/boundary_garage.ply
[0.272s] -- Up-to-date symlink: /home/freesix/far_planner_ws/install/waypoint_example/share/waypoint_example/data/waypoints_garage.ply
[0.272s] -- Up-to-date symlink: /home/freesix/far_planner_ws/install/waypoint_example/share/ament_index/resource_index/package_run_dependencies/waypoint_example
[0.272s] -- Up-to-date symlink: /home/freesix/far_planner_ws/install/waypoint_example/share/ament_index/resource_index/parent_prefix_path/waypoint_example
[0.272s] -- Up-to-date symlink: /home/freesix/far_planner_ws/install/waypoint_example/share/waypoint_example/environment/ament_prefix_path.sh
[0.272s] -- Up-to-date symlink: /home/freesix/far_planner_ws/install/waypoint_example/share/waypoint_example/environment/ament_prefix_path.dsv
[0.273s] -- Up-to-date symlink: /home/freesix/far_planner_ws/install/waypoint_example/share/waypoint_example/environment/path.sh
[0.273s] -- Up-to-date symlink: /home/freesix/far_planner_ws/install/waypoint_example/share/waypoint_example/environment/path.dsv
[0.273s] -- Up-to-date symlink: /home/freesix/far_planner_ws/install/waypoint_example/share/waypoint_example/local_setup.bash
[0.273s] -- Up-to-date symlink: /home/freesix/far_planner_ws/install/waypoint_example/share/waypoint_example/local_setup.sh
[0.273s] -- Up-to-date symlink: /home/freesix/far_planner_ws/install/waypoint_example/share/waypoint_example/local_setup.zsh
[0.273s] -- Up-to-date symlink: /home/freesix/far_planner_ws/install/waypoint_example/share/waypoint_example/local_setup.dsv
[0.273s] -- Symlinking: /home/freesix/far_planner_ws/install/waypoint_example/share/waypoint_example/package.dsv
[0.273s] -- Up-to-date symlink: /home/freesix/far_planner_ws/install/waypoint_example/share/ament_index/resource_index/packages/waypoint_example
[0.273s] -- Up-to-date symlink: /home/freesix/far_planner_ws/install/waypoint_example/share/waypoint_example/cmake/waypoint_exampleConfig.cmake
[0.274s] -- Up-to-date symlink: /home/freesix/far_planner_ws/install/waypoint_example/share/waypoint_example/cmake/waypoint_exampleConfig-version.cmake
[0.274s] -- Up-to-date symlink: /home/freesix/far_planner_ws/install/waypoint_example/share/waypoint_example/package.xml
[0.356s] Invoked command in '/home/freesix/far_planner_ws/build/waypoint_example' returned '0': CMAKE_PREFIX_PATH=/opt/ros/humble /usr/local/bin/cmake --install /home/freesix/far_planner_ws/build/waypoint_example
