[0.036s] Invoking command in '/home/freesix/far_planner_ws/build/terrain_analysis': CMAKE_PREFIX_PATH=/opt/ros/humble /usr/local/bin/cmake /home/freesix/far_planner_ws/src/autonomous_exploration_development_environment/src/terrain_analysis -DCMAKE_BUILD_TYPE=Release -DAMENT_CMAKE_SYMLINK_INSTALL=1 -DCMAKE_INSTALL_PREFIX=/home/freesix/far_planner_ws/install/terrain_analysis
[0.196s] -- The C compiler identification is GNU 11.4.0
[0.395s] -- The CXX compiler identification is GNU 11.4.0
[0.540s] -- Detecting C compiler ABI info
[0.633s] -- Detecting C compiler ABI info - done
[0.643s] -- Check for working C compiler: /usr/bin/cc - skipped
[0.643s] -- Detecting C compile features
[0.644s] -- Detecting C compile features - done
[0.646s] -- Detecting CXX compiler ABI info
[0.746s] -- Detecting CXX compiler ABI info - done
[0.757s] -- Check for working CXX compiler: /usr/bin/c++ - skipped
[0.757s] -- Detecting CXX compile features
[0.757s] -- Detecting CXX compile features - done
[0.764s] -- Found ament_cmake: 1.3.5 (/opt/ros/humble/share/ament_cmake/cmake)
[1.922s] -- Found Python3: /usr/bin/python3.10 (found version "3.10.12") found components: Interpreter 
[1.996s] -- Override CMake install command with custom implementation using symlinks instead of copying resources
[2.021s] -- Found rclcpp: 16.0.5 (/opt/ros/humble/share/rclcpp/cmake)
[2.179s] -- Found rosidl_generator_c: 3.1.5 (/opt/ros/humble/share/rosidl_generator_c/cmake)
[2.186s] -- Found rosidl_adapter: 3.1.5 (/opt/ros/humble/share/rosidl_adapter/cmake)
[2.199s] -- Found rosidl_generator_cpp: 3.1.5 (/opt/ros/humble/share/rosidl_generator_cpp/cmake)
[2.221s] -- Using all available rosidl_typesupport_c: rosidl_typesupport_fastrtps_c;rosidl_typesupport_introspection_c
[2.247s] -- Using all available rosidl_typesupport_cpp: rosidl_typesupport_fastrtps_cpp;rosidl_typesupport_introspection_cpp
[2.339s] -- Found rmw_implementation_cmake: 6.1.1 (/opt/ros/humble/share/rmw_implementation_cmake/cmake)
[2.343s] -- Found rmw_fastrtps_cpp: 6.2.3 (/opt/ros/humble/share/rmw_fastrtps_cpp/cmake)
[2.869s] -- Found OpenSSL: /usr/lib/x86_64-linux-gnu/libcrypto.so (found version "3.0.2")  
[3.682s] -- Found FastRTPS: /opt/ros/humble/include  
[5.234s] -- Using RMW implementation 'rmw_fastrtps_cpp' as default
[5.245s] -- Performing Test CMAKE_HAVE_LIBC_PTHREAD
[5.350s] -- Performing Test CMAKE_HAVE_LIBC_PTHREAD - Success
[5.351s] -- Found Threads: TRUE  
[5.522s] -- Found nav_msgs: 4.2.3 (/opt/ros/humble/share/nav_msgs/cmake)
[5.650s] -- Found sensor_msgs: 4.2.3 (/opt/ros/humble/share/sensor_msgs/cmake)
[5.742s] -- Found tf2_ros: 0.25.3 (/opt/ros/humble/share/tf2_ros/cmake)
[6.140s] -- Found tf2_geometry_msgs: 0.25.3 (/opt/ros/humble/share/tf2_geometry_msgs/cmake)
[6.183s] -- Found eigen3_cmake_module: 0.1.1 (/opt/ros/humble/share/eigen3_cmake_module/cmake)
[6.184s] -- Found Eigen3: TRUE (found version "3.4.0") 
[6.184s] -- Ensuring Eigen3 include directory is part of orocos-kdl CMake target
[6.197s] -- Found pcl_conversions: 2.4.0 (/opt/ros/humble/share/pcl_conversions/cmake)
[6.912s] [31mCMake Error at CMakeLists.txt:29 (find_package):
[6.912s]   By not providing "Findpcl_ros.cmake" in CMAKE_MODULE_PATH this project has
[6.912s]   asked CMake to find a package configuration file provided by "pcl_ros", but
[6.912s]   CMake did not find one.
[6.912s] 
[6.912s]   Could not find a package configuration file provided by "pcl_ros" with any
[6.912s]   of the following names:
[6.912s] 
[6.912s]     pcl_rosConfig.cmake
[6.912s]     pcl_ros-config.cmake
[6.912s] 
[6.912s]   Add the installation prefix of "pcl_ros" to CMAKE_PREFIX_PATH or set
[6.912s]   "pcl_ros_DIR" to a directory containing one of the above files.  If
[6.912s]   "pcl_ros" provides a separate development package or SDK, be sure it has
[6.912s]   been installed.
[6.912s] 
[6.912s] [0m
[6.912s] -- Configuring incomplete, errors occurred!
