[0.058s] Invoking command in '/home/freesix/far_planner_ws/src/build/joy': CMAKE_PREFIX_PATH=/opt/ros/humble /usr/local/bin/cmake /home/freesix/far_planner_ws/src/autonomous_exploration_development_environment/src/joystick_drivers/joy -DCMAKE_BUILD_TYPE=Release -DAMENT_CMAKE_SYMLINK_INSTALL=1 -DCMAKE_INSTALL_PREFIX=/home/freesix/far_planner_ws/src/install/joy
[0.272s] -- The C compiler identification is GNU 11.4.0
[0.563s] -- The CXX compiler identification is GNU 11.4.0
[0.799s] -- Detecting C compiler ABI info
[0.934s] -- Detecting C compiler ABI info - done
[0.949s] -- Check for working C compiler: /usr/bin/cc - skipped
[0.949s] -- Detecting C compile features
[0.950s] -- Detecting C compile features - done
[0.956s] -- Detecting CXX compiler ABI info
[1.151s] -- Detecting CXX compiler ABI info - done
[1.163s] -- Check for working CXX compiler: /usr/bin/c++ - skipped
[1.163s] -- Detecting CXX compile features
[1.164s] -- Detecting CXX compile features - done
[1.167s] -- Found ament_cmake_ros: 0.10.0 (/opt/ros/humble/share/ament_cmake_ros/cmake)
[3.123s] -- Found Python3: /usr/bin/python3.10 (found version "3.10.12") found components: Interpreter 
[3.208s] -- Override CMake install command with custom implementation using symlinks instead of copying resources
[3.239s] -- Found rclcpp: 16.0.5 (/opt/ros/humble/share/rclcpp/cmake)
[3.440s] -- Found rosidl_generator_c: 3.1.5 (/opt/ros/humble/share/rosidl_generator_c/cmake)
[3.445s] -- Found rosidl_adapter: 3.1.5 (/opt/ros/humble/share/rosidl_adapter/cmake)
[3.458s] -- Found rosidl_generator_cpp: 3.1.5 (/opt/ros/humble/share/rosidl_generator_cpp/cmake)
[3.475s] -- Using all available rosidl_typesupport_c: rosidl_typesupport_fastrtps_c;rosidl_typesupport_introspection_c
[3.501s] -- Using all available rosidl_typesupport_cpp: rosidl_typesupport_fastrtps_cpp;rosidl_typesupport_introspection_cpp
[3.607s] -- Found rmw_implementation_cmake: 6.1.1 (/opt/ros/humble/share/rmw_implementation_cmake/cmake)
[3.608s] -- Found rmw_fastrtps_cpp: 6.2.3 (/opt/ros/humble/share/rmw_fastrtps_cpp/cmake)
[4.571s] -- Found OpenSSL: /usr/lib/x86_64-linux-gnu/libcrypto.so (found version "3.0.2")  
[5.572s] -- Found FastRTPS: /opt/ros/humble/include  
[8.599s] -- Using RMW implementation 'rmw_fastrtps_cpp' as default
[8.611s] -- Performing Test CMAKE_HAVE_LIBC_PTHREAD
[8.745s] -- Performing Test CMAKE_HAVE_LIBC_PTHREAD - Success
[8.746s] -- Found Threads: TRUE  
[9.007s] -- Found rclcpp_components: 16.0.5 (/opt/ros/humble/share/rclcpp_components/cmake)
[9.116s] -- Found sdl2_vendor: 3.1.0 (/opt/ros/humble/share/sdl2_vendor/cmake)
[9.123s] -- Found sensor_msgs: 4.2.3 (/opt/ros/humble/share/sensor_msgs/cmake)
[9.317s] -- Found ament_lint_auto: 0.12.7 (/opt/ros/humble/share/ament_lint_auto/cmake)
[9.443s] -- Added test 'cppcheck' to perform static code analysis on C / C++ code
[9.444s] -- Configured cppcheck include dirs: $<BUILD_INTERFACE:/home/freesix/far_planner_ws/src/autonomous_exploration_development_environment/src/joystick_drivers/joy/include>
[9.444s] -- Configured cppcheck exclude dirs and/or files: 
[9.447s] -- Added test 'cpplint' to check C / C++ code against the Google style
[9.447s] -- Configured cpplint exclude dirs and/or files: 
[9.448s] -- Added test 'flake8' to check Python code syntax and style conventions
[9.449s] -- Added test 'lint_cmake' to check CMake code style
[9.450s] -- Added test 'pep257' to check Python code against some of the docstring style conventions in PEP 257
[9.452s] -- Added test 'uncrustify' to check C / C++ code style
[9.452s] -- Configured uncrustify additional arguments: 
[9.454s] -- Added test 'xmllint' to check XML markup files
[9.457s] -- Configuring done (9.4s)
[9.482s] -- Generating done (0.0s)
[9.485s] -- Build files have been written to: /home/freesix/far_planner_ws/src/build/joy
[9.510s] Invoked command in '/home/freesix/far_planner_ws/src/build/joy' returned '0': CMAKE_PREFIX_PATH=/opt/ros/humble /usr/local/bin/cmake /home/freesix/far_planner_ws/src/autonomous_exploration_development_environment/src/joystick_drivers/joy -DCMAKE_BUILD_TYPE=Release -DAMENT_CMAKE_SYMLINK_INSTALL=1 -DCMAKE_INSTALL_PREFIX=/home/freesix/far_planner_ws/src/install/joy
[9.511s] Invoking command in '/home/freesix/far_planner_ws/src/build/joy': CMAKE_PREFIX_PATH=/opt/ros/humble /usr/local/bin/cmake --build /home/freesix/far_planner_ws/src/build/joy -- -j16 -l16
[19.419s] [ 16%] [32mBuilding CXX object CMakeFiles/joy_enumerate_devices.dir/src/joy_enumerate_devices.cpp.o[0m
[19.419s] [ 33%] [32mBuilding CXX object CMakeFiles/joy_node.dir/rclcpp_components/node_main_joy_node.cpp.o[0m
[19.419s] [ 50%] [32mBuilding CXX object CMakeFiles/joy.dir/src/joy.cpp.o[0m
[19.419s] [ 66%] [32m[1mLinking CXX executable joy_enumerate_devices[0m
[19.419s] [ 66%] Built target joy_enumerate_devices
[19.419s] [ 83%] [32m[1mLinking CXX executable joy_node[0m
[19.419s] [ 83%] Built target joy_node
[28.215s] [100%] [32m[1mLinking CXX shared library libjoy.so[0m
[28.594s] [100%] Built target joy
[28.627s] Invoked command in '/home/freesix/far_planner_ws/src/build/joy' returned '0': CMAKE_PREFIX_PATH=/opt/ros/humble /usr/local/bin/cmake --build /home/freesix/far_planner_ws/src/build/joy -- -j16 -l16
[28.657s] Invoking command in '/home/freesix/far_planner_ws/src/build/joy': CMAKE_PREFIX_PATH=/opt/ros/humble /usr/local/bin/cmake --install /home/freesix/far_planner_ws/src/build/joy
[65.835s] -- Install configuration: "Release"
[65.837s] -- Execute custom install script
[65.838s] -- Symlinking: /home/freesix/far_planner_ws/src/install/joy/lib/joy/joy_node
[65.838s] -- Symlinking: /home/freesix/far_planner_ws/src/install/joy/lib/joy/joy_enumerate_devices
[65.838s] -- Symlinking: /home/freesix/far_planner_ws/src/install/joy/include/joy/joy/joy.hpp
[65.838s] -- Symlinking: /home/freesix/far_planner_ws/src/install/joy/share/joy/config/joy-params.yaml
[65.838s] -- Symlinking: /home/freesix/far_planner_ws/src/install/joy/share/joy/launch/joy-composed-launch.py
[65.838s] -- Symlinking: /home/freesix/far_planner_ws/src/install/joy/share/joy/launch/joy-launch.py
[65.838s] -- Symlinking: /home/freesix/far_planner_ws/src/install/joy/share/ament_index/resource_index/package_run_dependencies/joy
[65.838s] -- Symlinking: /home/freesix/far_planner_ws/src/install/joy/share/ament_index/resource_index/parent_prefix_path/joy
[65.838s] -- Symlinking: /home/freesix/far_planner_ws/src/install/joy/share/joy/environment/ament_prefix_path.sh
[65.838s] -- Symlinking: /home/freesix/far_planner_ws/src/install/joy/share/joy/environment/ament_prefix_path.dsv
[65.838s] -- Symlinking: /home/freesix/far_planner_ws/src/install/joy/share/joy/environment/path.sh
[65.838s] -- Symlinking: /home/freesix/far_planner_ws/src/install/joy/share/joy/environment/path.dsv
[65.839s] -- Symlinking: /home/freesix/far_planner_ws/src/install/joy/share/joy/local_setup.bash
[65.839s] -- Symlinking: /home/freesix/far_planner_ws/src/install/joy/share/joy/local_setup.sh
[65.839s] -- Symlinking: /home/freesix/far_planner_ws/src/install/joy/share/joy/local_setup.zsh
[65.839s] -- Symlinking: /home/freesix/far_planner_ws/src/install/joy/share/joy/local_setup.dsv
[65.839s] -- Symlinking: /home/freesix/far_planner_ws/src/install/joy/share/joy/package.dsv
[65.839s] -- Symlinking: /home/freesix/far_planner_ws/src/install/joy/share/ament_index/resource_index/packages/joy
[65.839s] -- Symlinking: /home/freesix/far_planner_ws/src/install/joy/share/ament_index/resource_index/rclcpp_components/joy
[65.839s] -- Symlinking: /home/freesix/far_planner_ws/src/install/joy/share/joy/cmake/ament_cmake_export_targets-extras.cmake
[65.839s] -- Symlinking: /home/freesix/far_planner_ws/src/install/joy/share/joy/cmake/ament_cmake_export_dependencies-extras.cmake
[65.839s] -- Symlinking: /home/freesix/far_planner_ws/src/install/joy/share/joy/cmake/joyConfig.cmake
[65.840s] -- Symlinking: /home/freesix/far_planner_ws/src/install/joy/share/joy/cmake/joyConfig-version.cmake
[65.840s] -- Symlinking: /home/freesix/far_planner_ws/src/install/joy/share/joy/package.xml
[65.840s] -- Installing: /home/freesix/far_planner_ws/src/install/joy/lib/libjoy.so
[65.840s] -- Set runtime path of "/home/freesix/far_planner_ws/src/install/joy/lib/libjoy.so" to ""
[65.840s] -- Installing: /home/freesix/far_planner_ws/src/install/joy/share/joy/cmake/export_joyExport.cmake
[65.840s] -- Installing: /home/freesix/far_planner_ws/src/install/joy/share/joy/cmake/export_joyExport-release.cmake
