[0.045s] Invoking command in '/home/freesix/far_planner_ws/build/velodyne_description': CMAKE_PREFIX_PATH=/opt/ros/humble /usr/local/bin/cmake /home/freesix/far_planner_ws/src/autonomous_exploration_development_environment/src/velodyne_simulator/velodyne_description -DCMAKE_BUILD_TYPE=Release -DAMENT_CMAKE_SYMLINK_INSTALL=1 -DCMAKE_INSTALL_PREFIX=/home/freesix/far_planner_ws/install/velodyne_description
[0.218s] -- The C compiler identification is GNU 11.4.0
[0.461s] -- The CXX compiler identification is GNU 11.4.0
[0.608s] -- Detecting C compiler ABI info
[0.720s] -- Detecting C compiler ABI info - done
[0.727s] -- Check for working C compiler: /usr/bin/cc - skipped
[0.727s] -- Detecting C compile features
[0.727s] -- Detecting C compile features - done
[0.730s] -- Detecting CXX compiler ABI info
[0.834s] -- Detecting CXX compiler ABI info - done
[0.847s] -- Check for working CXX compiler: /usr/bin/c++ - skipped
[0.847s] -- Detecting CXX compile features
[0.847s] -- Detecting CXX compile features - done
[0.849s] -- Found ament_cmake: 1.3.5 (/opt/ros/humble/share/ament_cmake/cmake)
[2.168s] -- Found Python3: /usr/bin/python3.10 (found version "3.10.12") found components: Interpreter 
[2.234s] -- Override CMake install command with custom implementation using symlinks instead of copying resources
[2.316s] -- Configuring done (2.2s)
[2.319s] -- Generating done (0.0s)
[2.320s] -- Build files have been written to: /home/freesix/far_planner_ws/build/velodyne_description
[2.327s] Invoked command in '/home/freesix/far_planner_ws/build/velodyne_description' returned '0': CMAKE_PREFIX_PATH=/opt/ros/humble /usr/local/bin/cmake /home/freesix/far_planner_ws/src/autonomous_exploration_development_environment/src/velodyne_simulator/velodyne_description -DCMAKE_BUILD_TYPE=Release -DAMENT_CMAKE_SYMLINK_INSTALL=1 -DCMAKE_INSTALL_PREFIX=/home/freesix/far_planner_ws/install/velodyne_description
[2.328s] Invoking command in '/home/freesix/far_planner_ws/build/velodyne_description': CMAKE_PREFIX_PATH=/opt/ros/humble /usr/local/bin/cmake --build /home/freesix/far_planner_ws/build/velodyne_description -- -j16 -l16
[6.379s] Invoked command in '/home/freesix/far_planner_ws/build/velodyne_description' returned '0': CMAKE_PREFIX_PATH=/opt/ros/humble /usr/local/bin/cmake --build /home/freesix/far_planner_ws/build/velodyne_description -- -j16 -l16
