[0.246s] Invoking command in '/home/freesix/far_planner_ws/src/build/volumetric_map_base': CMAKE_PREFIX_PATH=/home/freesix/far_planner_ws/src/install/minkindr PKG_CONFIG_PATH=/home/freesix/far_planner_ws/src/install/minkindr/lib/x86_64-linux-gnu/pkgconfig:/home/freesix/far_planner_ws/src/install/minkindr/lib/pkgconfig ROS_PACKAGE_PATH=/home/freesix/far_planner_ws/src/install/minkindr/share /usr/local/bin/cmake /home/freesix/far_planner_ws/src/dsv_planner/src/volumetric_mapping/volumetric_map_base -DCMAKE_BUILD_TYPE=Release -DCATKIN_INSTALL_INTO_PREFIX_ROOT=0 -DCATKIN_SYMLINK_INSTALL=ON -DCMAKE_INSTALL_PREFIX=/home/freesix/far_planner_ws/src/install/volumetric_map_base
[1.748s] -- The C compiler identification is GNU 11.4.0
[1.749s] -- The CXX compiler identification is GNU 11.4.0
[1.753s] -- Detecting C compiler ABI info
[1.753s] -- Detecting C compiler ABI info - done
[1.754s] -- Check for working C compiler: /usr/bin/cc - skipped
[1.754s] -- Detecting C compile features
[1.754s] -- Detecting C compile features - done
[1.754s] -- Detecting CXX compiler ABI info
[1.946s] -- Detecting CXX compiler ABI info - done
[1.970s] -- Check for working CXX compiler: /usr/bin/c++ - skipped
[1.971s] -- Detecting CXX compile features
[1.972s] -- Detecting CXX compile features - done
[1.976s] -- Found ament_cmake_auto: 1.3.5 (/opt/ros/humble/share/ament_cmake_auto/cmake)
[4.430s] -- Found Python3: /usr/bin/python3.10 (found version "3.10.12") found components: Interpreter 
[5.024s] -- Performing Test CMAKE_HAVE_LIBC_PTHREAD
[5.199s] -- Performing Test CMAKE_HAVE_LIBC_PTHREAD - Success
[5.199s] -- Found Threads: TRUE  
[5.456s] -- Found CUDA: /usr/local/cuda (found suitable exact version "12.2") 
[5.607s] -- Found rosidl_generator_c: 3.1.5 (/opt/ros/humble/share/rosidl_generator_c/cmake)
[5.613s] -- Found rosidl_adapter: 3.1.5 (/opt/ros/humble/share/rosidl_adapter/cmake)
[5.626s] -- Found rosidl_generator_cpp: 3.1.5 (/opt/ros/humble/share/rosidl_generator_cpp/cmake)
[5.648s] -- Using all available rosidl_typesupport_c: rosidl_typesupport_fastrtps_c;rosidl_typesupport_introspection_c
[5.678s] -- Using all available rosidl_typesupport_cpp: rosidl_typesupport_fastrtps_cpp;rosidl_typesupport_introspection_cpp
[6.232s] -- Found rmw_implementation_cmake: 6.1.1 (/opt/ros/humble/share/rmw_implementation_cmake/cmake)
[6.235s] -- Found rmw_fastrtps_cpp: 6.2.3 (/opt/ros/humble/share/rmw_fastrtps_cpp/cmake)
[7.515s] -- Found OpenSSL: /usr/lib/x86_64-linux-gnu/libcrypto.so (found version "3.0.2")  
[8.847s] -- Found FastRTPS: /opt/ros/humble/include  
[10.867s] -- Using RMW implementation 'rmw_fastrtps_cpp' as default
[11.850s] -- Found eigen3_cmake_module: 0.1.1 (/opt/ros/humble/share/eigen3_cmake_module/cmake)
[11.853s] -- Found Eigen3: TRUE (found version "3.4.0") 
[11.853s] -- Ensuring Eigen3 include directory is part of orocos-kdl CMake target
[12.635s] -- Checking for module 'eigen3'
[12.635s] --   Found eigen3, version 3.4.0
[12.635s] -- Found Eigen: /usr/include/eigen3 (Required is at least version "3.1") 
[12.635s] -- Eigen found (include: /usr/include/eigen3, version: 3.4.0)
[13.574s] -- Checking for module 'flann'
[13.596s] --   Found flann, version 1.9.1
[13.946s] -- Found FLANN: /usr/lib/x86_64-linux-gnu/libflann_cpp.so  
[13.946s] -- FLANN found (include: /usr/include, lib: /usr/lib/x86_64-linux-gnu/libflann_cpp.so)
[21.368s] -- Checking for module 'libusb-1.0'
[21.383s] --   Found libusb-1.0, version 1.0.25
[21.441s] -- Found libusb: /usr/lib/x86_64-linux-gnu/libusb-1.0.so  
[21.442s] -- OpenNI found (version: 1.5.4.0, include: /usr/include/ni, lib: /usr/lib/libOpenNI.so;libusb::libusb)
[21.711s] -- OpenNI2 found (version: 2.2.0.33, include: /usr/include/openni2, lib: /usr/lib/x86_64-linux-gnu/libOpenNI2.so;libusb::libusb)
[42.141s] -- Eigen found (include: /usr/include/eigen3, version: 3.4.0)
[42.147s] -- OpenNI found (version: 1.5.4.0, include: /usr/include/ni, lib: /usr/lib/libOpenNI.so;libusb::libusb)
[42.153s] -- OpenNI2 found (version: 2.2.0.33, include: /usr/include/openni2, lib: /usr/lib/x86_64-linux-gnu/libOpenNI2.so;libusb::libusb)
[43.209s] -- Found Qhull version 8.0.2
[44.318s] -- OpenNI found (version: 1.5.4.0, include: /usr/include/ni, lib: /usr/lib/libOpenNI.so;libusb::libusb)
[45.431s] -- Found PCL_COMMON: /usr/lib/x86_64-linux-gnu/libpcl_common.so  
[45.435s] -- Found PCL_KDTREE: /usr/lib/x86_64-linux-gnu/libpcl_kdtree.so  
[45.438s] -- Found PCL_OCTREE: /usr/lib/x86_64-linux-gnu/libpcl_octree.so  
[45.443s] -- Found PCL_SEARCH: /usr/lib/x86_64-linux-gnu/libpcl_search.so  
[45.448s] -- Found PCL_SAMPLE_CONSENSUS: /usr/lib/x86_64-linux-gnu/libpcl_sample_consensus.so  
[45.814s] -- Found PCL_FILTERS: /usr/lib/x86_64-linux-gnu/libpcl_filters.so  
[46.806s] -- Found PCL_2D: /usr/include/pcl-1.12  
[46.809s] -- Found PCL_GEOMETRY: /usr/include/pcl-1.12  
[46.809s] -- Found PCL_IO: /usr/lib/x86_64-linux-gnu/libpcl_io.so  
[46.809s] -- Found PCL_FEATURES: /usr/lib/x86_64-linux-gnu/libpcl_features.so  
[46.809s] -- Found PCL_ML: /usr/lib/x86_64-linux-gnu/libpcl_ml.so  
[46.809s] -- Found PCL_SEGMENTATION: /usr/lib/x86_64-linux-gnu/libpcl_segmentation.so  
[50.161s] -- Found PCL_VISUALIZATION: /usr/lib/x86_64-linux-gnu/libpcl_visualization.so  
[50.168s] -- Found PCL_SURFACE: /usr/lib/x86_64-linux-gnu/libpcl_surface.so  
[50.170s] -- Found PCL_REGISTRATION: /usr/lib/x86_64-linux-gnu/libpcl_registration.so  
[50.172s] -- Found PCL_KEYPOINTS: /usr/lib/x86_64-linux-gnu/libpcl_keypoints.so  
[50.176s] -- Found PCL_TRACKING: /usr/lib/x86_64-linux-gnu/libpcl_tracking.so  
[50.178s] -- Found PCL_RECOGNITION: /usr/lib/x86_64-linux-gnu/libpcl_recognition.so  
[50.182s] -- Found PCL_STEREO: /usr/lib/x86_64-linux-gnu/libpcl_stereo.so  
[50.185s] -- Found PCL_APPS: /usr/lib/x86_64-linux-gnu/libpcl_apps.so  
[50.186s] -- Found PCL_IN_HAND_SCANNER: /usr/include/pcl-1.12  
[50.186s] -- Found PCL_MODELER: /usr/include/pcl-1.12  
[50.190s] -- Found PCL_POINT_CLOUD_EDITOR: /usr/include/pcl-1.12  
[50.193s] -- Found PCL_OUTOFCORE: /usr/lib/x86_64-linux-gnu/libpcl_outofcore.so  
[50.195s] -- Found PCL_PEOPLE: /usr/lib/x86_64-linux-gnu/libpcl_people.so  
[50.487s] -- Configuring done (50.2s)
[50.652s] -- Generating done (0.1s)
[50.656s] [33mCMake Warning:
[50.656s]   Manually-specified variables were not used by the project:
[50.656s] 
[50.656s]     CATKIN_INSTALL_INTO_PREFIX_ROOT
[50.656s]     CATKIN_SYMLINK_INSTALL
[50.656s] 
[50.657s] [0m
[50.660s] -- Build files have been written to: /home/freesix/far_planner_ws/src/build/volumetric_map_base
