[0.056s] Invoking command in '/home/freesix/far_planner_ws/src/build/terrain_analysis': CMAKE_PREFIX_PATH=/opt/ros/humble /usr/local/bin/cmake /home/freesix/far_planner_ws/src/autonomous_exploration_development_environment/src/terrain_analysis -DCMAKE_BUILD_TYPE=Release -DAMENT_CMAKE_SYMLINK_INSTALL=1 -DCMAKE_INSTALL_PREFIX=/home/freesix/far_planner_ws/src/install/terrain_analysis
[3.005s] -- The C compiler identification is GNU 11.4.0
[3.009s] -- The CXX compiler identification is GNU 11.4.0
[3.010s] -- Detecting C compiler ABI info
[3.010s] -- Detecting C compiler ABI info - done
[3.010s] -- Check for working C compiler: /usr/bin/cc - skipped
[3.010s] -- Detecting C compile features
[3.010s] -- Detecting C compile features - done
[3.010s] -- Detecting CXX compiler ABI info
[3.010s] -- Detecting CXX compiler ABI info - done
[3.010s] -- Check for working CXX compiler: /usr/bin/c++ - skipped
[3.010s] -- Detecting CXX compile features
[3.011s] -- Detecting CXX compile features - done
[3.011s] -- Found ament_cmake: 1.3.5 (/opt/ros/humble/share/ament_cmake/cmake)
[3.011s] -- Found Python3: /usr/bin/python3.10 (found version "3.10.12") found components: Interpreter 
[3.075s] -- Override CMake install command with custom implementation using symlinks instead of copying resources
[3.103s] -- Found rclcpp: 16.0.5 (/opt/ros/humble/share/rclcpp/cmake)
[3.295s] -- Found rosidl_generator_c: 3.1.5 (/opt/ros/humble/share/rosidl_generator_c/cmake)
[3.301s] -- Found rosidl_adapter: 3.1.5 (/opt/ros/humble/share/rosidl_adapter/cmake)
[3.313s] -- Found rosidl_generator_cpp: 3.1.5 (/opt/ros/humble/share/rosidl_generator_cpp/cmake)
[3.332s] -- Using all available rosidl_typesupport_c: rosidl_typesupport_fastrtps_c;rosidl_typesupport_introspection_c
[3.358s] -- Using all available rosidl_typesupport_cpp: rosidl_typesupport_fastrtps_cpp;rosidl_typesupport_introspection_cpp
[3.466s] -- Found rmw_implementation_cmake: 6.1.1 (/opt/ros/humble/share/rmw_implementation_cmake/cmake)
[3.469s] -- Found rmw_fastrtps_cpp: 6.2.3 (/opt/ros/humble/share/rmw_fastrtps_cpp/cmake)
[4.505s] -- Found OpenSSL: /usr/lib/x86_64-linux-gnu/libcrypto.so (found version "3.0.2")  
[5.519s] -- Found FastRTPS: /opt/ros/humble/include  
[8.593s] -- Using RMW implementation 'rmw_fastrtps_cpp' as default
[8.606s] -- Performing Test CMAKE_HAVE_LIBC_PTHREAD
[8.728s] -- Performing Test CMAKE_HAVE_LIBC_PTHREAD - Success
[8.729s] -- Found Threads: TRUE  
[8.982s] -- Found nav_msgs: 4.2.3 (/opt/ros/humble/share/nav_msgs/cmake)
[9.182s] -- Found sensor_msgs: 4.2.3 (/opt/ros/humble/share/sensor_msgs/cmake)
[9.316s] -- Found tf2_ros: 0.25.3 (/opt/ros/humble/share/tf2_ros/cmake)
[9.855s] -- Found tf2_geometry_msgs: 0.25.3 (/opt/ros/humble/share/tf2_geometry_msgs/cmake)
[9.918s] -- Found eigen3_cmake_module: 0.1.1 (/opt/ros/humble/share/eigen3_cmake_module/cmake)
[9.920s] -- Found Eigen3: TRUE (found version "3.4.0") 
[9.921s] -- Ensuring Eigen3 include directory is part of orocos-kdl CMake target
[9.935s] -- Found pcl_conversions: 2.4.0 (/opt/ros/humble/share/pcl_conversions/cmake)
[10.106s] -- Found pcl_ros: 2.4.0 (/opt/ros/humble/share/pcl_ros/cmake)
[10.272s] -- Checking for module 'eigen3'
[10.284s] --   Found eigen3, version 3.4.0
[10.312s] -- Found Eigen: /usr/include/eigen3 (Required is at least version "3.1") 
[10.312s] -- Eigen found (include: /usr/include/eigen3, version: 3.4.0)
[11.555s] -- Checking for module 'flann'
[11.566s] --   Found flann, version 1.9.1
[11.876s] -- Found FLANN: /usr/lib/x86_64-linux-gnu/libflann_cpp.so  
[11.876s] -- FLANN found (include: /usr/include, lib: /usr/lib/x86_64-linux-gnu/libflann_cpp.so)
[16.365s] -- Checking for module 'libusb-1.0'
[16.375s] --   Found libusb-1.0, version 1.0.25
[16.463s] -- Found libusb: /usr/lib/x86_64-linux-gnu/libusb-1.0.so  
[16.464s] -- OpenNI found (version: 1.5.4.0, include: /usr/include/ni, lib: /usr/lib/libOpenNI.so;libusb::libusb)
[16.604s] -- OpenNI2 found (version: 2.2.0.33, include: /usr/include/openni2, lib: /usr/lib/x86_64-linux-gnu/libOpenNI2.so;libusb::libusb)
[18.342s] -- Eigen found (include: /usr/include/eigen3, version: 3.4.0)
[18.348s] -- OpenNI found (version: 1.5.4.0, include: /usr/include/ni, lib: /usr/lib/libOpenNI.so;libusb::libusb)
[18.355s] -- OpenNI2 found (version: 2.2.0.33, include: /usr/include/openni2, lib: /usr/lib/x86_64-linux-gnu/libOpenNI2.so;libusb::libusb)
[20.098s] -- Found Qhull version 8.0.2
[21.946s] -- OpenNI found (version: 1.5.4.0, include: /usr/include/ni, lib: /usr/lib/libOpenNI.so;libusb::libusb)
[24.088s] -- Found PCL_COMMON: /usr/lib/x86_64-linux-gnu/libpcl_common.so  
[24.091s] -- Found PCL_KDTREE: /usr/lib/x86_64-linux-gnu/libpcl_kdtree.so  
[24.093s] -- Found PCL_OCTREE: /usr/lib/x86_64-linux-gnu/libpcl_octree.so  
[24.095s] -- Found PCL_SEARCH: /usr/lib/x86_64-linux-gnu/libpcl_search.so  
[24.098s] -- Found PCL_SAMPLE_CONSENSUS: /usr/lib/x86_64-linux-gnu/libpcl_sample_consensus.so  
[24.100s] -- Found PCL_FILTERS: /usr/lib/x86_64-linux-gnu/libpcl_filters.so  
[24.102s] -- Found PCL_2D: /usr/include/pcl-1.12  
[24.102s] -- Found PCL_GEOMETRY: /usr/include/pcl-1.12  
[24.104s] -- Found PCL_IO: /usr/lib/x86_64-linux-gnu/libpcl_io.so  
[24.105s] -- Found PCL_FEATURES: /usr/lib/x86_64-linux-gnu/libpcl_features.so  
[24.106s] -- Found PCL_ML: /usr/lib/x86_64-linux-gnu/libpcl_ml.so  
[24.109s] -- Found PCL_SEGMENTATION: /usr/lib/x86_64-linux-gnu/libpcl_segmentation.so  
[24.110s] -- Found PCL_VISUALIZATION: /usr/lib/x86_64-linux-gnu/libpcl_visualization.so  
[24.113s] -- Found PCL_SURFACE: /usr/lib/x86_64-linux-gnu/libpcl_surface.so  
[24.114s] -- Found PCL_REGISTRATION: /usr/lib/x86_64-linux-gnu/libpcl_registration.so  
[24.116s] -- Found PCL_KEYPOINTS: /usr/lib/x86_64-linux-gnu/libpcl_keypoints.so  
[24.118s] -- Found PCL_TRACKING: /usr/lib/x86_64-linux-gnu/libpcl_tracking.so  
[24.119s] -- Found PCL_RECOGNITION: /usr/lib/x86_64-linux-gnu/libpcl_recognition.so  
[24.121s] -- Found PCL_STEREO: /usr/lib/x86_64-linux-gnu/libpcl_stereo.so  
[24.122s] -- Found PCL_APPS: /usr/lib/x86_64-linux-gnu/libpcl_apps.so  
[24.124s] -- Found PCL_IN_HAND_SCANNER: /usr/include/pcl-1.12  
[24.125s] -- Found PCL_MODELER: /usr/include/pcl-1.12  
[24.125s] -- Found PCL_POINT_CLOUD_EDITOR: /usr/include/pcl-1.12  
[24.128s] -- Found PCL_OUTOFCORE: /usr/lib/x86_64-linux-gnu/libpcl_outofcore.so  
[24.131s] -- Found PCL_PEOPLE: /usr/lib/x86_64-linux-gnu/libpcl_people.so  
[24.241s] -- Found ament_lint_auto: 0.12.7 (/opt/ros/humble/share/ament_lint_auto/cmake)
[24.380s] -- Added test 'copyright' to check source files copyright and LICENSE
[24.383s] -- Added test 'cppcheck' to perform static code analysis on C / C++ code
[24.383s] -- Configured cppcheck include dirs: 
[24.383s] -- Configured cppcheck exclude dirs and/or files: 
[24.384s] -- Added test 'cpplint' to check C / C++ code against the Google style
[24.384s] -- Configured cpplint exclude dirs and/or files: 
[24.385s] -- Added test 'lint_cmake' to check CMake code style
[24.386s] -- Added test 'uncrustify' to check C / C++ code style
[24.386s] -- Configured uncrustify additional arguments: 
[24.387s] -- Added test 'xmllint' to check XML markup files
[24.390s] -- Configuring done (24.3s)
[24.457s] -- Generating done (0.0s)
[24.464s] -- Build files have been written to: /home/freesix/far_planner_ws/src/build/terrain_analysis
[24.535s] Invoked command in '/home/freesix/far_planner_ws/src/build/terrain_analysis' returned '0': CMAKE_PREFIX_PATH=/opt/ros/humble /usr/local/bin/cmake /home/freesix/far_planner_ws/src/autonomous_exploration_development_environment/src/terrain_analysis -DCMAKE_BUILD_TYPE=Release -DAMENT_CMAKE_SYMLINK_INSTALL=1 -DCMAKE_INSTALL_PREFIX=/home/freesix/far_planner_ws/src/install/terrain_analysis
[24.542s] Invoking command in '/home/freesix/far_planner_ws/src/build/terrain_analysis': CMAKE_PREFIX_PATH=/opt/ros/humble /usr/local/bin/cmake --build /home/freesix/far_planner_ws/src/build/terrain_analysis -- -j16 -l16
[38.133s] [ 50%] [32mBuilding CXX object CMakeFiles/terrainAnalysis.dir/src/terrainAnalysis.cpp.o[0m
[408.595s] [100%] [32m[1mLinking CXX executable terrainAnalysis[0m
[409.236s] [100%] Built target terrainAnalysis
