[0.037s] Invoking command in '/home/freesix/far_planner_ws/build/vehicle_simulator': CMAKE_PREFIX_PATH=/opt/ros/humble /usr/local/bin/cmake /home/freesix/far_planner_ws/src/autonomous_exploration_development_environment/src/vehicle_simulator -DCMAKE_BUILD_TYPE=Release -DAMENT_CMAKE_SYMLINK_INSTALL=1 -DCMAKE_INSTALL_PREFIX=/home/freesix/far_planner_ws/install/vehicle_simulator
[0.189s] -- The C compiler identification is GNU 11.4.0
[0.396s] -- The CXX compiler identification is GNU 11.4.0
[0.529s] -- Detecting C compiler ABI info
[0.628s] -- Detecting C compiler ABI info - done
[0.637s] -- Check for working C compiler: /usr/bin/cc - skipped
[0.638s] -- Detecting C compile features
[0.638s] -- Detecting C compile features - done
[0.641s] -- Detecting CXX compiler ABI info
[0.740s] -- Detecting CXX compiler ABI info - done
[0.750s] -- Check for working CXX compiler: /usr/bin/c++ - skipped
[0.750s] -- Detecting CXX compile features
[0.751s] -- Detecting CXX compile features - done
[0.758s] -- Found ament_cmake: 1.3.5 (/opt/ros/humble/share/ament_cmake/cmake)
[1.975s] -- Found Python3: /usr/bin/python3.10 (found version "3.10.12") found components: Interpreter 
[2.054s] -- Override CMake install command with custom implementation using symlinks instead of copying resources
[2.072s] -- Found rclcpp: 16.0.5 (/opt/ros/humble/share/rclcpp/cmake)
[2.213s] -- Found rosidl_generator_c: 3.1.5 (/opt/ros/humble/share/rosidl_generator_c/cmake)
[2.221s] -- Found rosidl_adapter: 3.1.5 (/opt/ros/humble/share/rosidl_adapter/cmake)
[2.237s] -- Found rosidl_generator_cpp: 3.1.5 (/opt/ros/humble/share/rosidl_generator_cpp/cmake)
[2.259s] -- Using all available rosidl_typesupport_c: rosidl_typesupport_fastrtps_c;rosidl_typesupport_introspection_c
[2.300s] -- Using all available rosidl_typesupport_cpp: rosidl_typesupport_fastrtps_cpp;rosidl_typesupport_introspection_cpp
[2.386s] -- Found rmw_implementation_cmake: 6.1.1 (/opt/ros/humble/share/rmw_implementation_cmake/cmake)
[2.390s] -- Found rmw_fastrtps_cpp: 6.2.3 (/opt/ros/humble/share/rmw_fastrtps_cpp/cmake)
[2.967s] -- Found OpenSSL: /usr/lib/x86_64-linux-gnu/libcrypto.so (found version "3.0.2")  
[3.970s] -- Found FastRTPS: /opt/ros/humble/include  
[5.303s] -- Using RMW implementation 'rmw_fastrtps_cpp' as default
[5.317s] -- Performing Test CMAKE_HAVE_LIBC_PTHREAD
[5.437s] -- Performing Test CMAKE_HAVE_LIBC_PTHREAD - Success
[5.438s] -- Found Threads: TRUE  
[5.597s] -- Found nav_msgs: 4.2.3 (/opt/ros/humble/share/nav_msgs/cmake)
[5.714s] -- Found sensor_msgs: 4.2.3 (/opt/ros/humble/share/sensor_msgs/cmake)
[5.784s] -- Found tf2_ros: 0.25.3 (/opt/ros/humble/share/tf2_ros/cmake)
[6.126s] -- Found tf2_geometry_msgs: 0.25.3 (/opt/ros/humble/share/tf2_geometry_msgs/cmake)
[6.170s] -- Found eigen3_cmake_module: 0.1.1 (/opt/ros/humble/share/eigen3_cmake_module/cmake)
[6.171s] -- Found Eigen3: TRUE (found version "3.4.0") 
[6.171s] -- Ensuring Eigen3 include directory is part of orocos-kdl CMake target
[6.180s] -- Found gazebo_msgs: 3.7.0 (/opt/ros/humble/share/gazebo_msgs/cmake)
[6.436s] -- Found gazebo_ros: 3.7.0 (/opt/ros/humble/share/gazebo_ros/cmake)
[6.446s] -- Found PkgConfig: /usr/bin/pkg-config (found version "0.29.2") 
[6.448s] -- Checking for module 'bullet>=2.82'
[6.456s] --   Found bullet, version 3.05
[6.548s] -- Found fcl: /usr/include (found suitable version "0.7.0", minimum required is "0.5.0") 
[6.579s] -- Found assimp: /usr/include (found version "5.2.0") 
[6.596s] -- Found DART: /usr/include (Required is at least version "6.6") found components: dart 
[6.619s] -- Found Boost: /usr/lib/x86_64-linux-gnu/cmake/Boost-1.74.0/BoostConfig.cmake (found suitable version "1.74.0", minimum required is "1.40.0") found components: thread system filesystem program_options regex iostreams date_time 
[6.922s] -- Found Protobuf: /usr/lib/x86_64-linux-gnu/libprotobuf.so (found version "3.12.4") 
[6.927s] -- Looking for ignition-math6 -- found version 6.12.0
[6.932s] -- Searching for dependencies of ignition-math6
[6.934s] -- Looking for OGRE...
[6.934s] -- OGRE_PREFIX_WATCH changed.
[6.938s] -- Checking for module 'OGRE'
[6.948s] --   Found OGRE, version 1.9.0
[6.965s] -- Found Ogre Ghadamon (1.9.0)
[7.258s] -- Found OGRE: optimized;/usr/lib/x86_64-linux-gnu/libOgreMain.so;debug;/usr/lib/x86_64-linux-gnu/libOgreMain.so
[7.266s] -- Looking for OGRE_Paging...
[7.528s] -- Found OGRE_Paging: optimized;/usr/lib/x86_64-linux-gnu/libOgrePaging.so;debug;/usr/lib/x86_64-linux-gnu/libOgrePaging.so
[7.528s] -- Looking for OGRE_Terrain...
[7.763s] -- Found OGRE_Terrain: optimized;/usr/lib/x86_64-linux-gnu/libOgreTerrain.so;debug;/usr/lib/x86_64-linux-gnu/libOgreTerrain.so
[7.763s] -- Looking for OGRE_Property...
[7.986s] -- Found OGRE_Property: optimized;/usr/lib/x86_64-linux-gnu/libOgreProperty.so;debug;/usr/lib/x86_64-linux-gnu/libOgreProperty.so
[7.986s] -- Looking for OGRE_RTShaderSystem...
[8.238s] -- Found OGRE_RTShaderSystem: optimized;/usr/lib/x86_64-linux-gnu/libOgreRTShaderSystem.so;debug;/usr/lib/x86_64-linux-gnu/libOgreRTShaderSystem.so
[8.238s] -- Looking for OGRE_Volume...
[8.486s] -- Found OGRE_Volume: optimized;/usr/lib/x86_64-linux-gnu/libOgreVolume.so;debug;/usr/lib/x86_64-linux-gnu/libOgreVolume.so
[8.486s] -- Looking for OGRE_Overlay...
[8.733s] -- Found OGRE_Overlay: optimized;/usr/lib/x86_64-linux-gnu/libOgreOverlay.so;debug;/usr/lib/x86_64-linux-gnu/libOgreOverlay.so
[19.238s] -- Looking for ignition-math6 -- found version 6.12.0
[19.239s] -- Looking for ignition-transport8 -- found version 8.2.1
[19.240s] -- Searching for dependencies of ignition-transport8
[19.780s] -- Found Protobuf: /usr/lib/x86_64-linux-gnu/libprotobuf.so (found suitable version "3.12.4", minimum required is "3") 
[20.318s] -- Config-file not installed for ZeroMQ -- checking for pkg-config
[20.322s] -- Checking for module 'libzmq >= 4'
[20.329s] --   Found libzmq , version 4.3.4
[20.346s] -- Found ZeroMQ: TRUE (Required is at least version "4") 
[20.372s] -- Checking for module 'uuid'
[20.378s] --   Found uuid, version 2.37.2
[20.395s] -- Found UUID: TRUE  
[20.397s] -- Looking for ignition-msgs5 -- found version 5.8.1
[20.397s] -- Searching for dependencies of ignition-msgs5
[20.961s] -- Looking for ignition-math6 -- found version 6.12.0
[20.965s] -- Checking for module 'tinyxml2'
[20.971s] --   Found tinyxml2, version 9.0.0
[20.989s] -- Looking for ignition-msgs5 -- found version 5.8.1
[20.991s] -- Looking for ignition-common3 -- found version 3.14.0
[20.991s] -- Searching for dependencies of ignition-common3
[21.013s] -- Looking for dlfcn.h - found
[21.035s] -- Looking for libdl - found
[21.037s] -- Found DL: TRUE  
[21.090s] -- Found tinyobjloader: /usr/lib/x86_64-linux-gnu/cmake/tinyobjloader/tinyobjloader-config.cmake (found version "2.0.0") 
[21.090s] -- Searching for <ignition-common3> component [graphics]
[21.093s] -- Looking for ignition-common3-graphics -- found version 3.14.0
[21.093s] -- Searching for dependencies of ignition-common3-graphics
[21.093s] -- Looking for ignition-math6 -- found version 6.12.0
[21.096s] -- Looking for ignition-fuel_tools4 -- found version 4.4.0
[21.096s] -- Searching for dependencies of ignition-fuel_tools4
[21.487s] -- Found CURL: /usr/lib/x86_64-linux-gnu/libcurl.so (found version "7.81.0")  
[21.493s] -- Checking for module 'jsoncpp'
[21.498s] --   Found jsoncpp, version 1.9.5
[21.513s] -- Found JSONCPP: TRUE  
[21.516s] -- Checking for module 'libzip'
[21.521s] --   Found libzip, version 1.7.3
[21.535s] -- Found ZIP: TRUE  
[21.535s] -- Looking for ignition-common3 -- found version 3.14.0
[21.536s] -- Looking for ignition-math6 -- found version 6.12.0
[21.536s] -- Looking for ignition-msgs5 -- found version 5.8.1
[21.539s] -- Gazebo version: 11.10
[21.539s] -- Checking for module 'tbb'
[21.544s] --   Found tbb, version 2021.5.0
[21.813s] -- Found CUDA: /usr/local/cuda (found suitable exact version "12.2") 
[21.845s] -- Found OpenCV: /usr/local (found version "4.8.0") 
[21.856s] -- Checking for module 'eigen3'
[21.861s] --   Found eigen3, version 3.4.0
[21.877s] -- Found Eigen: /usr/include/eigen3 (Required is at least version "3.1") 
[21.877s] -- Eigen found (include: /usr/include/eigen3, version: 3.4.0)
[21.884s] -- Found Boost: /usr/lib/x86_64-linux-gnu/cmake/Boost-1.74.0/BoostConfig.cmake (found suitable version "1.74.0", minimum required is "1.65.0") found components: system filesystem date_time iostreams serialization 
[22.455s] -- Checking for module 'flann'
[22.462s] --   Found flann, version 1.9.1
[22.647s] -- Found FLANN: /usr/lib/x86_64-linux-gnu/libflann_cpp.so  
[22.647s] -- FLANN found (include: /usr/include, lib: /usr/lib/x86_64-linux-gnu/libflann_cpp.so)
[22.680s] -- Found GLEW: /usr/lib/x86_64-linux-gnu/libGLEW.so  
[22.723s] -- Found OpenGL: /usr/lib/x86_64-linux-gnu/libOpenGL.so  found components: OpenGL GLX 
[22.860s] -- Found MPI_C: /usr/lib/x86_64-linux-gnu/libmpi.so (found version "3.1") 
[22.860s] -- Found MPI: TRUE (found version "3.1") found components: C 
[22.863s] -- Found JsonCpp: /usr/lib/x86_64-linux-gnu/libjsoncpp.so (found suitable version "1.9.5", minimum required is "0.7.0") 
[23.239s] -- Found ZLIB: /usr/lib/x86_64-linux-gnu/libz.so (found version "1.2.11")  
[23.574s] -- Found PNG: /usr/lib/x86_64-linux-gnu/libpng.so (found version "1.6.37") 
[23.584s] -- Found Eigen3: /usr/include/eigen3 (found version "3.4.0") 
[24.302s] -- Found X11: /usr/include   
[24.302s] -- Looking for XOpenDisplay in /usr/lib/x86_64-linux-gnu/libX11.so;/usr/lib/x86_64-linux-gnu/libXext.so
[24.384s] -- Looking for XOpenDisplay in /usr/lib/x86_64-linux-gnu/libX11.so;/usr/lib/x86_64-linux-gnu/libXext.so - found
[24.384s] -- Looking for gethostbyname
[24.459s] -- Looking for gethostbyname - found
[24.460s] -- Looking for connect
[24.537s] -- Looking for connect - found
[24.537s] -- Looking for remove
[24.615s] -- Looking for remove - found
[24.615s] -- Looking for shmat
[24.692s] -- Looking for shmat - found
[24.693s] -- Looking for IceConnectionNumber in ICE
[24.770s] -- Looking for IceConnectionNumber in ICE - found
[25.322s] -- Found EXPAT: /usr/lib/x86_64-linux-gnu/libexpat.so (found version "2.4.7") 
[25.324s] -- Found double-conversion: /usr/lib/x86_64-linux-gnu/libdouble-conversion.so  
[25.326s] -- Found LZ4: /usr/lib/x86_64-linux-gnu/liblz4.so (found version "1.9.3") 
[25.328s] -- Found LZMA: /usr/lib/x86_64-linux-gnu/liblzma.so (found version "5.2.5") 
[25.453s] -- Found JPEG: /usr/lib/x86_64-linux-gnu/libjpeg.so (found version "80") 
[25.541s] -- Found TIFF: /usr/lib/x86_64-linux-gnu/libtiff.so (found version "4.3.0")  
[25.544s] -- Found Freetype: /usr/lib/x86_64-linux-gnu/libfreetype.so (found version "2.11.1") 
[25.549s] -- Found utf8cpp: /usr/include/utf8cpp  
[25.597s] -- Checking for module 'libusb-1.0'
[25.604s] --   Found libusb-1.0, version 1.0.25
[25.661s] -- Found libusb: /usr/lib/x86_64-linux-gnu/libusb-1.0.so  
[25.663s] -- Found OpenNI: /usr/lib/libOpenNI.so;libusb::libusb (found version "1.5.4.0") 
[25.663s] -- OpenNI found (version: 1.5.4.0, include: /usr/include/ni, lib: /usr/lib/libOpenNI.so;libusb::libusb)
[25.773s] -- Found OpenNI2: /usr/lib/x86_64-linux-gnu/libOpenNI2.so;libusb::libusb (found version "2.2.0.33") 
[25.773s] -- OpenNI2 found (version: 2.2.0.33, include: /usr/include/openni2, lib: /usr/lib/x86_64-linux-gnu/libOpenNI2.so;libusb::libusb)
[25.773s] [0m** WARNING ** io features related to pcap will be disabled[0m
[26.811s] -- Eigen found (include: /usr/include/eigen3, version: 3.4.0)
[26.815s] -- OpenNI found (version: 1.5.4.0, include: /usr/include/ni, lib: /usr/lib/libOpenNI.so;libusb::libusb)
[26.818s] -- OpenNI2 found (version: 2.2.0.33, include: /usr/include/openni2, lib: /usr/lib/x86_64-linux-gnu/libOpenNI2.so;libusb::libusb)
[27.842s] -- Found Qhull version 8.0.2
[28.857s] -- OpenNI found (version: 1.5.4.0, include: /usr/include/ni, lib: /usr/lib/libOpenNI.so;libusb::libusb)
[29.927s] -- looking for PCL_COMMON
[29.928s] -- Found PCL_COMMON: /usr/lib/x86_64-linux-gnu/libpcl_common.so  
[29.928s] -- looking for PCL_KDTREE
[29.929s] -- Found PCL_KDTREE: /usr/lib/x86_64-linux-gnu/libpcl_kdtree.so  
[29.929s] -- looking for PCL_OCTREE
[29.929s] -- Found PCL_OCTREE: /usr/lib/x86_64-linux-gnu/libpcl_octree.so  
[29.929s] -- looking for PCL_SEARCH
[29.930s] -- Found PCL_SEARCH: /usr/lib/x86_64-linux-gnu/libpcl_search.so  
[29.930s] -- looking for PCL_SAMPLE_CONSENSUS
[29.931s] -- Found PCL_SAMPLE_CONSENSUS: /usr/lib/x86_64-linux-gnu/libpcl_sample_consensus.so  
[29.931s] -- looking for PCL_FILTERS
[29.931s] -- Found PCL_FILTERS: /usr/lib/x86_64-linux-gnu/libpcl_filters.so  
[29.931s] -- looking for PCL_2D
[29.932s] -- Found PCL_2D: /usr/include/pcl-1.12  
[29.932s] -- looking for PCL_GEOMETRY
[29.932s] -- Found PCL_GEOMETRY: /usr/include/pcl-1.12  
[29.932s] -- looking for PCL_IO
[29.933s] -- Found PCL_IO: /usr/lib/x86_64-linux-gnu/libpcl_io.so  
[29.933s] -- looking for PCL_FEATURES
[29.933s] -- Found PCL_FEATURES: /usr/lib/x86_64-linux-gnu/libpcl_features.so  
[29.934s] -- looking for PCL_ML
[29.934s] -- Found PCL_ML: /usr/lib/x86_64-linux-gnu/libpcl_ml.so  
[29.934s] -- looking for PCL_SEGMENTATION
[29.935s] -- Found PCL_SEGMENTATION: /usr/lib/x86_64-linux-gnu/libpcl_segmentation.so  
[29.935s] -- looking for PCL_VISUALIZATION
[29.936s] -- Found PCL_VISUALIZATION: /usr/lib/x86_64-linux-gnu/libpcl_visualization.so  
[29.936s] -- looking for PCL_SURFACE
[29.936s] -- Found PCL_SURFACE: /usr/lib/x86_64-linux-gnu/libpcl_surface.so  
[29.936s] -- looking for PCL_REGISTRATION
[29.937s] -- Found PCL_REGISTRATION: /usr/lib/x86_64-linux-gnu/libpcl_registration.so  
[29.937s] -- looking for PCL_KEYPOINTS
[29.938s] -- Found PCL_KEYPOINTS: /usr/lib/x86_64-linux-gnu/libpcl_keypoints.so  
[29.938s] -- looking for PCL_TRACKING
[29.938s] -- Found PCL_TRACKING: /usr/lib/x86_64-linux-gnu/libpcl_tracking.so  
[29.938s] -- looking for PCL_RECOGNITION
[29.939s] -- Found PCL_RECOGNITION: /usr/lib/x86_64-linux-gnu/libpcl_recognition.so  
[29.939s] -- looking for PCL_STEREO
[29.940s] -- Found PCL_STEREO: /usr/lib/x86_64-linux-gnu/libpcl_stereo.so  
[29.940s] -- looking for PCL_APPS
[29.940s] -- Found PCL_APPS: /usr/lib/x86_64-linux-gnu/libpcl_apps.so  
[29.941s] -- looking for PCL_IN_HAND_SCANNER
[29.941s] -- Found PCL_IN_HAND_SCANNER: /usr/include/pcl-1.12  
[29.941s] -- looking for PCL_MODELER
[29.941s] -- Found PCL_MODELER: /usr/include/pcl-1.12  
[29.941s] -- looking for PCL_POINT_CLOUD_EDITOR
[29.943s] -- Found PCL_POINT_CLOUD_EDITOR: /usr/include/pcl-1.12  
[29.943s] -- looking for PCL_OUTOFCORE
[29.944s] -- Found PCL_OUTOFCORE: /usr/lib/x86_64-linux-gnu/libpcl_outofcore.so  
[29.944s] -- looking for PCL_PEOPLE
[29.944s] -- Found PCL_PEOPLE: /usr/lib/x86_64-linux-gnu/libpcl_people.so  
[29.945s] -- Found PCL: pcl_common;pcl_kdtree;pcl_octree;pcl_search;pcl_sample_consensus;pcl_filters;pcl_io;pcl_features;pcl_ml;pcl_segmentation;pcl_visualization;pcl_surface;pcl_registration;pcl_keypoints;pcl_tracking;pcl_recognition;pcl_stereo;pcl_apps;pcl_outofcore;pcl_people;Boost::system;Boost::filesystem;Boost::date_time;Boost::iostreams;Boost::serialization;/usr/lib/libOpenNI.so;libusb::libusb;/usr/lib/x86_64-linux-gnu/libOpenNI2.so;libusb::libusb;VTK::ChartsCore;VTK::CommonColor;VTK::CommonComputationalGeometry;VTK::CommonCore;VTK::CommonDataModel;VTK::CommonExecutionModel;VTK::CommonMath;VTK::CommonMisc;VTK::CommonTransforms;VTK::FiltersCore;VTK::FiltersExtraction;VTK::FiltersGeneral;VTK::FiltersGeometry;VTK::FiltersModeling;VTK::FiltersSources;VTK::ImagingCore;VTK::ImagingSources;VTK::InteractionImage;VTK::InteractionStyle;VTK::InteractionWidgets;VTK::IOCore;VTK::IOGeometry;VTK::IOImage;VTK::IOLegacy;VTK::IOPLY;VTK::RenderingAnnotation;VTK::RenderingCore;VTK::RenderingContext2D;VTK::RenderingLOD;VTK::RenderingFreeType;VTK::ViewsCore;VTK::ViewsContext2D;VTK::RenderingOpenGL2;VTK::GUISupportQt;FLANN::FLANN;QHULL::QHULL  
[29.946s] -- Found pcl_conversions: 2.4.0 (/opt/ros/humble/share/pcl_conversions/cmake)
[30.527s] [31mCMake Error at CMakeLists.txt:42 (find_package):
[30.527s]   By not providing "Findpcl_ros.cmake" in CMAKE_MODULE_PATH this project has
[30.527s]   asked CMake to find a package configuration file provided by "pcl_ros", but
[30.527s]   CMake did not find one.
[30.527s] 
[30.527s]   Could not find a package configuration file provided by "pcl_ros" with any
[30.527s]   of the following names:
[30.527s] 
[30.527s]     pcl_rosConfig.cmake
[30.527s]     pcl_ros-config.cmake
[30.527s] 
[30.527s]   Add the installation prefix of "pcl_ros" to CMAKE_PREFIX_PATH or set
[30.527s]   "pcl_ros_DIR" to a directory containing one of the above files.  If
[30.527s]   "pcl_ros" provides a separate development package or SDK, be sure it has
[30.527s]   been installed.
[30.527s] 
[30.527s] [0m
[30.527s] -- Configuring incomplete, errors occurred!
