[  1%] Built target volumetric_msgs__cpp
[ 12%] Built target volumetric_msgs__rosidl_generator_c
[ 12%] Built target ament_cmake_python_symlink_volumetric_msgs
[ 34%] Built target volumetric_msgs__rosidl_typesupport_introspection_c
[ 34%] Built target volumetric_msgs__rosidl_typesupport_cpp
[ 45%] Built target volumetric_msgs__rosidl_typesupport_introspection_cpp
[ 61%] Built target volumetric_msgs__rosidl_typesupport_fastrtps_cpp
[ 67%] Built target volumetric_msgs__rosidl_typesupport_c
[ 78%] Built target volumetric_msgs__rosidl_typesupport_fastrtps_c
[ 78%] Built target volumetric_msgs
[ 80%] Built target volumetric_msgs__py
[ 89%] Built target volumetric_msgs__rosidl_generator_py
[ 92%] Built target volumetric_msgs__rosidl_typesupport_introspection_c__pyext
[ 96%] Built target volumetric_msgs__rosidl_typesupport_fastrtps_c__pyext
[100%] Built target volumetric_msgs__rosidl_typesupport_c__pyext
running egg_info
writing volumetric_msgs.egg-info/PKG-INFO
writing dependency_links to volumetric_msgs.egg-info/dependency_links.txt
writing top-level names to volumetric_msgs.egg-info/top_level.txt
reading manifest file 'volumetric_msgs.egg-info/SOURCES.txt'
writing manifest file 'volumetric_msgs.egg-info/SOURCES.txt'
[100%] Built target ament_cmake_python_build_volumetric_msgs_egg
-- Install configuration: "Release"
-- Execute custom install script
-- Up-to-date symlink: /home/freesix/far_planner_ws/install/volumetric_msgs/share/ament_index/resource_index/rosidl_interfaces/volumetric_msgs
-- Up-to-date symlink: /home/freesix/far_planner_ws/install/volumetric_msgs/include/volumetric_msgs/volumetric_msgs/msg/rosidl_generator_c__visibility_control.h
-- Up-to-date symlink: /home/freesix/far_planner_ws/install/volumetric_msgs/include/volumetric_msgs/volumetric_msgs/srv/detail/load_map__functions.h
-- Up-to-date symlink: /home/freesix/far_planner_ws/install/volumetric_msgs/include/volumetric_msgs/volumetric_msgs/srv/detail/load_map__struct.h
-- Up-to-date symlink: /home/freesix/far_planner_ws/install/volumetric_msgs/include/volumetric_msgs/volumetric_msgs/srv/detail/load_map__type_support.h
-- Up-to-date symlink: /home/freesix/far_planner_ws/install/volumetric_msgs/include/volumetric_msgs/volumetric_msgs/srv/detail/save_map__functions.h
-- Up-to-date symlink: /home/freesix/far_planner_ws/install/volumetric_msgs/include/volumetric_msgs/volumetric_msgs/srv/detail/save_map__struct.h
-- Up-to-date symlink: /home/freesix/far_planner_ws/install/volumetric_msgs/include/volumetric_msgs/volumetric_msgs/srv/detail/save_map__type_support.h
-- Up-to-date symlink: /home/freesix/far_planner_ws/install/volumetric_msgs/include/volumetric_msgs/volumetric_msgs/srv/detail/set_box_occupancy__functions.h
-- Up-to-date symlink: /home/freesix/far_planner_ws/install/volumetric_msgs/include/volumetric_msgs/volumetric_msgs/srv/detail/set_box_occupancy__struct.h
-- Up-to-date symlink: /home/freesix/far_planner_ws/install/volumetric_msgs/include/volumetric_msgs/volumetric_msgs/srv/detail/set_box_occupancy__type_support.h
-- Up-to-date symlink: /home/freesix/far_planner_ws/install/volumetric_msgs/include/volumetric_msgs/volumetric_msgs/srv/detail/set_display_bounds__functions.h
-- Up-to-date symlink: /home/freesix/far_planner_ws/install/volumetric_msgs/include/volumetric_msgs/volumetric_msgs/srv/detail/set_display_bounds__struct.h
-- Up-to-date symlink: /home/freesix/far_planner_ws/install/volumetric_msgs/include/volumetric_msgs/volumetric_msgs/srv/detail/set_display_bounds__type_support.h
-- Up-to-date symlink: /home/freesix/far_planner_ws/install/volumetric_msgs/include/volumetric_msgs/volumetric_msgs/srv/load_map.h
-- Up-to-date symlink: /home/freesix/far_planner_ws/install/volumetric_msgs/include/volumetric_msgs/volumetric_msgs/srv/save_map.h
-- Up-to-date symlink: /home/freesix/far_planner_ws/install/volumetric_msgs/include/volumetric_msgs/volumetric_msgs/srv/set_box_occupancy.h
-- Up-to-date symlink: /home/freesix/far_planner_ws/install/volumetric_msgs/include/volumetric_msgs/volumetric_msgs/srv/set_display_bounds.h
-- Up-to-date symlink: /home/freesix/far_planner_ws/install/volumetric_msgs/share/volumetric_msgs/environment/library_path.sh
-- Up-to-date symlink: /home/freesix/far_planner_ws/install/volumetric_msgs/share/volumetric_msgs/environment/library_path.dsv
-- Up-to-date symlink: /home/freesix/far_planner_ws/install/volumetric_msgs/include/volumetric_msgs/volumetric_msgs/msg/rosidl_typesupport_fastrtps_c__visibility_control.h
-- Up-to-date symlink: /home/freesix/far_planner_ws/install/volumetric_msgs/include/volumetric_msgs/volumetric_msgs/srv/detail/load_map__rosidl_typesupport_fastrtps_c.h
-- Up-to-date symlink: /home/freesix/far_planner_ws/install/volumetric_msgs/include/volumetric_msgs/volumetric_msgs/srv/detail/save_map__rosidl_typesupport_fastrtps_c.h
-- Up-to-date symlink: /home/freesix/far_planner_ws/install/volumetric_msgs/include/volumetric_msgs/volumetric_msgs/srv/detail/set_box_occupancy__rosidl_typesupport_fastrtps_c.h
-- Up-to-date symlink: /home/freesix/far_planner_ws/install/volumetric_msgs/include/volumetric_msgs/volumetric_msgs/srv/detail/set_display_bounds__rosidl_typesupport_fastrtps_c.h
-- Up-to-date symlink: /home/freesix/far_planner_ws/install/volumetric_msgs/include/volumetric_msgs/volumetric_msgs/srv/detail/load_map__builder.hpp
-- Up-to-date symlink: /home/freesix/far_planner_ws/install/volumetric_msgs/include/volumetric_msgs/volumetric_msgs/srv/detail/load_map__struct.hpp
-- Up-to-date symlink: /home/freesix/far_planner_ws/install/volumetric_msgs/include/volumetric_msgs/volumetric_msgs/srv/detail/load_map__traits.hpp
-- Up-to-date symlink: /home/freesix/far_planner_ws/install/volumetric_msgs/include/volumetric_msgs/volumetric_msgs/srv/detail/save_map__builder.hpp
-- Up-to-date symlink: /home/freesix/far_planner_ws/install/volumetric_msgs/include/volumetric_msgs/volumetric_msgs/srv/detail/save_map__struct.hpp
-- Up-to-date symlink: /home/freesix/far_planner_ws/install/volumetric_msgs/include/volumetric_msgs/volumetric_msgs/srv/detail/save_map__traits.hpp
-- Up-to-date symlink: /home/freesix/far_planner_ws/install/volumetric_msgs/include/volumetric_msgs/volumetric_msgs/srv/detail/set_box_occupancy__builder.hpp
-- Up-to-date symlink: /home/freesix/far_planner_ws/install/volumetric_msgs/include/volumetric_msgs/volumetric_msgs/srv/detail/set_box_occupancy__struct.hpp
-- Up-to-date symlink: /home/freesix/far_planner_ws/install/volumetric_msgs/include/volumetric_msgs/volumetric_msgs/srv/detail/set_box_occupancy__traits.hpp
-- Up-to-date symlink: /home/freesix/far_planner_ws/install/volumetric_msgs/include/volumetric_msgs/volumetric_msgs/srv/detail/set_display_bounds__builder.hpp
-- Up-to-date symlink: /home/freesix/far_planner_ws/install/volumetric_msgs/include/volumetric_msgs/volumetric_msgs/srv/detail/set_display_bounds__struct.hpp
-- Up-to-date symlink: /home/freesix/far_planner_ws/install/volumetric_msgs/include/volumetric_msgs/volumetric_msgs/srv/detail/set_display_bounds__traits.hpp
-- Up-to-date symlink: /home/freesix/far_planner_ws/install/volumetric_msgs/include/volumetric_msgs/volumetric_msgs/srv/load_map.hpp
-- Up-to-date symlink: /home/freesix/far_planner_ws/install/volumetric_msgs/include/volumetric_msgs/volumetric_msgs/srv/save_map.hpp
-- Up-to-date symlink: /home/freesix/far_planner_ws/install/volumetric_msgs/include/volumetric_msgs/volumetric_msgs/srv/set_box_occupancy.hpp
-- Up-to-date symlink: /home/freesix/far_planner_ws/install/volumetric_msgs/include/volumetric_msgs/volumetric_msgs/srv/set_display_bounds.hpp
-- Up-to-date symlink: /home/freesix/far_planner_ws/install/volumetric_msgs/include/volumetric_msgs/volumetric_msgs/msg/rosidl_typesupport_fastrtps_cpp__visibility_control.h
-- Up-to-date symlink: /home/freesix/far_planner_ws/install/volumetric_msgs/include/volumetric_msgs/volumetric_msgs/srv/detail/load_map__rosidl_typesupport_fastrtps_cpp.hpp
-- Up-to-date symlink: /home/freesix/far_planner_ws/install/volumetric_msgs/include/volumetric_msgs/volumetric_msgs/srv/detail/save_map__rosidl_typesupport_fastrtps_cpp.hpp
-- Up-to-date symlink: /home/freesix/far_planner_ws/install/volumetric_msgs/include/volumetric_msgs/volumetric_msgs/srv/detail/set_box_occupancy__rosidl_typesupport_fastrtps_cpp.hpp
-- Up-to-date symlink: /home/freesix/far_planner_ws/install/volumetric_msgs/include/volumetric_msgs/volumetric_msgs/srv/detail/set_display_bounds__rosidl_typesupport_fastrtps_cpp.hpp
-- Up-to-date symlink: /home/freesix/far_planner_ws/install/volumetric_msgs/include/volumetric_msgs/volumetric_msgs/msg/rosidl_typesupport_introspection_c__visibility_control.h
-- Up-to-date symlink: /home/freesix/far_planner_ws/install/volumetric_msgs/include/volumetric_msgs/volumetric_msgs/srv/detail/load_map__rosidl_typesupport_introspection_c.h
-- Up-to-date symlink: /home/freesix/far_planner_ws/install/volumetric_msgs/include/volumetric_msgs/volumetric_msgs/srv/detail/save_map__rosidl_typesupport_introspection_c.h
-- Up-to-date symlink: /home/freesix/far_planner_ws/install/volumetric_msgs/include/volumetric_msgs/volumetric_msgs/srv/detail/set_box_occupancy__rosidl_typesupport_introspection_c.h
-- Up-to-date symlink: /home/freesix/far_planner_ws/install/volumetric_msgs/include/volumetric_msgs/volumetric_msgs/srv/detail/set_display_bounds__rosidl_typesupport_introspection_c.h
-- Up-to-date symlink: /home/freesix/far_planner_ws/install/volumetric_msgs/include/volumetric_msgs/volumetric_msgs/srv/detail/load_map__rosidl_typesupport_introspection_cpp.hpp
-- Up-to-date symlink: /home/freesix/far_planner_ws/install/volumetric_msgs/include/volumetric_msgs/volumetric_msgs/srv/detail/save_map__rosidl_typesupport_introspection_cpp.hpp
-- Up-to-date symlink: /home/freesix/far_planner_ws/install/volumetric_msgs/include/volumetric_msgs/volumetric_msgs/srv/detail/set_box_occupancy__rosidl_typesupport_introspection_cpp.hpp
-- Up-to-date symlink: /home/freesix/far_planner_ws/install/volumetric_msgs/include/volumetric_msgs/volumetric_msgs/srv/detail/set_display_bounds__rosidl_typesupport_introspection_cpp.hpp
-- Up-to-date symlink: /home/freesix/far_planner_ws/install/volumetric_msgs/share/volumetric_msgs/environment/pythonpath.sh
-- Up-to-date symlink: /home/freesix/far_planner_ws/install/volumetric_msgs/share/volumetric_msgs/environment/pythonpath.dsv
-- Up-to-date symlink: /home/freesix/far_planner_ws/install/volumetric_msgs/local/lib/python3.10/dist-packages/volumetric_msgs-0.0.0-py3.10.egg-info/PKG-INFO
-- Up-to-date symlink: /home/freesix/far_planner_ws/install/volumetric_msgs/local/lib/python3.10/dist-packages/volumetric_msgs-0.0.0-py3.10.egg-info/SOURCES.txt
-- Up-to-date symlink: /home/freesix/far_planner_ws/install/volumetric_msgs/local/lib/python3.10/dist-packages/volumetric_msgs-0.0.0-py3.10.egg-info/dependency_links.txt
-- Up-to-date symlink: /home/freesix/far_planner_ws/install/volumetric_msgs/local/lib/python3.10/dist-packages/volumetric_msgs-0.0.0-py3.10.egg-info/top_level.txt
-- Up-to-date symlink: /home/freesix/far_planner_ws/install/volumetric_msgs/local/lib/python3.10/dist-packages/volumetric_msgs/__init__.py
-- Up-to-date symlink: /home/freesix/far_planner_ws/install/volumetric_msgs/local/lib/python3.10/dist-packages/volumetric_msgs/_volumetric_msgs_s.ep.rosidl_typesupport_c.c
-- Up-to-date symlink: /home/freesix/far_planner_ws/install/volumetric_msgs/local/lib/python3.10/dist-packages/volumetric_msgs/_volumetric_msgs_s.ep.rosidl_typesupport_fastrtps_c.c
-- Up-to-date symlink: /home/freesix/far_planner_ws/install/volumetric_msgs/local/lib/python3.10/dist-packages/volumetric_msgs/_volumetric_msgs_s.ep.rosidl_typesupport_introspection_c.c
-- Up-to-date symlink: /home/freesix/far_planner_ws/install/volumetric_msgs/local/lib/python3.10/dist-packages/volumetric_msgs/libvolumetric_msgs__rosidl_generator_py.so
-- Up-to-date symlink: /home/freesix/far_planner_ws/install/volumetric_msgs/local/lib/python3.10/dist-packages/volumetric_msgs/srv/__init__.py
-- Up-to-date symlink: /home/freesix/far_planner_ws/install/volumetric_msgs/local/lib/python3.10/dist-packages/volumetric_msgs/srv/_load_map.py
-- Up-to-date symlink: /home/freesix/far_planner_ws/install/volumetric_msgs/local/lib/python3.10/dist-packages/volumetric_msgs/srv/_load_map_s.c
-- Up-to-date symlink: /home/freesix/far_planner_ws/install/volumetric_msgs/local/lib/python3.10/dist-packages/volumetric_msgs/srv/_save_map.py
-- Up-to-date symlink: /home/freesix/far_planner_ws/install/volumetric_msgs/local/lib/python3.10/dist-packages/volumetric_msgs/srv/_save_map_s.c
-- Up-to-date symlink: /home/freesix/far_planner_ws/install/volumetric_msgs/local/lib/python3.10/dist-packages/volumetric_msgs/srv/_set_box_occupancy.py
-- Up-to-date symlink: /home/freesix/far_planner_ws/install/volumetric_msgs/local/lib/python3.10/dist-packages/volumetric_msgs/srv/_set_box_occupancy_s.c
-- Up-to-date symlink: /home/freesix/far_planner_ws/install/volumetric_msgs/local/lib/python3.10/dist-packages/volumetric_msgs/srv/_set_display_bounds.py
-- Up-to-date symlink: /home/freesix/far_planner_ws/install/volumetric_msgs/local/lib/python3.10/dist-packages/volumetric_msgs/srv/_set_display_bounds_s.c
-- Up-to-date symlink: /home/freesix/far_planner_ws/install/volumetric_msgs/local/lib/python3.10/dist-packages/volumetric_msgs/volumetric_msgs_s__rosidl_typesupport_c.cpython-310-x86_64-linux-gnu.so
-- Up-to-date symlink: /home/freesix/far_planner_ws/install/volumetric_msgs/local/lib/python3.10/dist-packages/volumetric_msgs/volumetric_msgs_s__rosidl_typesupport_fastrtps_c.cpython-310-x86_64-linux-gnu.so
-- Up-to-date symlink: /home/freesix/far_planner_ws/install/volumetric_msgs/local/lib/python3.10/dist-packages/volumetric_msgs/volumetric_msgs_s__rosidl_typesupport_introspection_c.cpython-310-x86_64-linux-gnu.so
-- Up-to-date symlink: /home/freesix/far_planner_ws/install/volumetric_msgs/local/lib/python3.10/dist-packages/volumetric_msgs/volumetric_msgs_s__rosidl_typesupport_fastrtps_c.cpython-310-x86_64-linux-gnu.so
-- Up-to-date symlink: /home/freesix/far_planner_ws/install/volumetric_msgs/local/lib/python3.10/dist-packages/volumetric_msgs/volumetric_msgs_s__rosidl_typesupport_introspection_c.cpython-310-x86_64-linux-gnu.so
-- Up-to-date symlink: /home/freesix/far_planner_ws/install/volumetric_msgs/local/lib/python3.10/dist-packages/volumetric_msgs/volumetric_msgs_s__rosidl_typesupport_c.cpython-310-x86_64-linux-gnu.so
-- Up-to-date symlink: /home/freesix/far_planner_ws/install/volumetric_msgs/share/volumetric_msgs/srv/LoadMap.idl
-- Up-to-date symlink: /home/freesix/far_planner_ws/install/volumetric_msgs/share/volumetric_msgs/srv/SaveMap.idl
-- Up-to-date symlink: /home/freesix/far_planner_ws/install/volumetric_msgs/share/volumetric_msgs/srv/SetBoxOccupancy.idl
-- Up-to-date symlink: /home/freesix/far_planner_ws/install/volumetric_msgs/share/volumetric_msgs/srv/SetDisplayBounds.idl
-- Up-to-date symlink: /home/freesix/far_planner_ws/install/volumetric_msgs/share/volumetric_msgs/srv/LoadMap.srv
-- Up-to-date symlink: /home/freesix/far_planner_ws/install/volumetric_msgs/share/volumetric_msgs/srv/LoadMap_Request.msg
-- Up-to-date symlink: /home/freesix/far_planner_ws/install/volumetric_msgs/share/volumetric_msgs/srv/LoadMap_Response.msg
-- Up-to-date symlink: /home/freesix/far_planner_ws/install/volumetric_msgs/share/volumetric_msgs/srv/SaveMap.srv
-- Up-to-date symlink: /home/freesix/far_planner_ws/install/volumetric_msgs/share/volumetric_msgs/srv/SaveMap_Request.msg
-- Up-to-date symlink: /home/freesix/far_planner_ws/install/volumetric_msgs/share/volumetric_msgs/srv/SaveMap_Response.msg
-- Up-to-date symlink: /home/freesix/far_planner_ws/install/volumetric_msgs/share/volumetric_msgs/srv/SetBoxOccupancy.srv
-- Up-to-date symlink: /home/freesix/far_planner_ws/install/volumetric_msgs/share/volumetric_msgs/srv/SetBoxOccupancy_Request.msg
-- Up-to-date symlink: /home/freesix/far_planner_ws/install/volumetric_msgs/share/volumetric_msgs/srv/SetBoxOccupancy_Response.msg
-- Up-to-date symlink: /home/freesix/far_planner_ws/install/volumetric_msgs/share/volumetric_msgs/srv/SetDisplayBounds.srv
-- Up-to-date symlink: /home/freesix/far_planner_ws/install/volumetric_msgs/share/volumetric_msgs/srv/SetDisplayBounds_Request.msg
-- Up-to-date symlink: /home/freesix/far_planner_ws/install/volumetric_msgs/share/volumetric_msgs/srv/SetDisplayBounds_Response.msg
-- Up-to-date symlink: /home/freesix/far_planner_ws/install/volumetric_msgs/share/ament_index/resource_index/package_run_dependencies/volumetric_msgs
-- Up-to-date symlink: /home/freesix/far_planner_ws/install/volumetric_msgs/share/ament_index/resource_index/parent_prefix_path/volumetric_msgs
-- Up-to-date symlink: /home/freesix/far_planner_ws/install/volumetric_msgs/share/volumetric_msgs/environment/ament_prefix_path.sh
-- Up-to-date symlink: /home/freesix/far_planner_ws/install/volumetric_msgs/share/volumetric_msgs/environment/ament_prefix_path.dsv
-- Up-to-date symlink: /home/freesix/far_planner_ws/install/volumetric_msgs/share/volumetric_msgs/environment/path.sh
-- Up-to-date symlink: /home/freesix/far_planner_ws/install/volumetric_msgs/share/volumetric_msgs/environment/path.dsv
-- Up-to-date symlink: /home/freesix/far_planner_ws/install/volumetric_msgs/share/volumetric_msgs/local_setup.bash
-- Up-to-date symlink: /home/freesix/far_planner_ws/install/volumetric_msgs/share/volumetric_msgs/local_setup.sh
-- Up-to-date symlink: /home/freesix/far_planner_ws/install/volumetric_msgs/share/volumetric_msgs/local_setup.zsh
-- Up-to-date symlink: /home/freesix/far_planner_ws/install/volumetric_msgs/share/volumetric_msgs/local_setup.dsv
-- Symlinking: /home/freesix/far_planner_ws/install/volumetric_msgs/share/volumetric_msgs/package.dsv
-- Up-to-date symlink: /home/freesix/far_planner_ws/install/volumetric_msgs/share/ament_index/resource_index/packages/volumetric_msgs
-- Up-to-date symlink: /home/freesix/far_planner_ws/install/volumetric_msgs/share/volumetric_msgs/cmake/rosidl_cmake-extras.cmake
-- Up-to-date symlink: /home/freesix/far_planner_ws/install/volumetric_msgs/share/volumetric_msgs/cmake/ament_cmake_export_dependencies-extras.cmake
-- Up-to-date symlink: /home/freesix/far_planner_ws/install/volumetric_msgs/share/volumetric_msgs/cmake/ament_cmake_export_include_directories-extras.cmake
-- Up-to-date symlink: /home/freesix/far_planner_ws/install/volumetric_msgs/share/volumetric_msgs/cmake/ament_cmake_export_libraries-extras.cmake
-- Up-to-date symlink: /home/freesix/far_planner_ws/install/volumetric_msgs/share/volumetric_msgs/cmake/ament_cmake_export_targets-extras.cmake
-- Up-to-date symlink: /home/freesix/far_planner_ws/install/volumetric_msgs/share/volumetric_msgs/cmake/rosidl_cmake_export_typesupport_targets-extras.cmake
-- Up-to-date symlink: /home/freesix/far_planner_ws/install/volumetric_msgs/share/volumetric_msgs/cmake/rosidl_cmake_export_typesupport_libraries-extras.cmake
-- Up-to-date symlink: /home/freesix/far_planner_ws/install/volumetric_msgs/share/volumetric_msgs/cmake/volumetric_msgsConfig.cmake
-- Up-to-date symlink: /home/freesix/far_planner_ws/install/volumetric_msgs/share/volumetric_msgs/cmake/volumetric_msgsConfig-version.cmake
-- Up-to-date symlink: /home/freesix/far_planner_ws/install/volumetric_msgs/share/volumetric_msgs/package.xml
-- Up-to-date: /home/freesix/far_planner_ws/install/volumetric_msgs/lib/libvolumetric_msgs__rosidl_generator_c.so
-- Up-to-date: /home/freesix/far_planner_ws/install/volumetric_msgs/lib/libvolumetric_msgs__rosidl_typesupport_fastrtps_c.so
-- Up-to-date: /home/freesix/far_planner_ws/install/volumetric_msgs/lib/libvolumetric_msgs__rosidl_typesupport_fastrtps_cpp.so
-- Up-to-date: /home/freesix/far_planner_ws/install/volumetric_msgs/lib/libvolumetric_msgs__rosidl_typesupport_introspection_c.so
-- Up-to-date: /home/freesix/far_planner_ws/install/volumetric_msgs/lib/libvolumetric_msgs__rosidl_typesupport_c.so
-- Up-to-date: /home/freesix/far_planner_ws/install/volumetric_msgs/lib/libvolumetric_msgs__rosidl_typesupport_introspection_cpp.so
-- Up-to-date: /home/freesix/far_planner_ws/install/volumetric_msgs/lib/libvolumetric_msgs__rosidl_typesupport_cpp.so
Listing '/home/freesix/far_planner_ws/install/volumetric_msgs/local/lib/python3.10/dist-packages/volumetric_msgs'...
Listing '/home/freesix/far_planner_ws/install/volumetric_msgs/local/lib/python3.10/dist-packages/volumetric_msgs/srv'...
-- Up-to-date: /home/freesix/far_planner_ws/install/volumetric_msgs/lib/libvolumetric_msgs__rosidl_generator_py.so
-- Up-to-date: /home/freesix/far_planner_ws/install/volumetric_msgs/share/volumetric_msgs/cmake/export_volumetric_msgs__rosidl_generator_cExport.cmake
-- Up-to-date: /home/freesix/far_planner_ws/install/volumetric_msgs/share/volumetric_msgs/cmake/export_volumetric_msgs__rosidl_generator_cExport-release.cmake
-- Up-to-date: /home/freesix/far_planner_ws/install/volumetric_msgs/share/volumetric_msgs/cmake/export_volumetric_msgs__rosidl_typesupport_fastrtps_cExport.cmake
-- Up-to-date: /home/freesix/far_planner_ws/install/volumetric_msgs/share/volumetric_msgs/cmake/export_volumetric_msgs__rosidl_typesupport_fastrtps_cExport-release.cmake
-- Up-to-date: /home/freesix/far_planner_ws/install/volumetric_msgs/share/volumetric_msgs/cmake/export_volumetric_msgs__rosidl_generator_cppExport.cmake
-- Up-to-date: /home/freesix/far_planner_ws/install/volumetric_msgs/share/volumetric_msgs/cmake/export_volumetric_msgs__rosidl_typesupport_fastrtps_cppExport.cmake
-- Up-to-date: /home/freesix/far_planner_ws/install/volumetric_msgs/share/volumetric_msgs/cmake/export_volumetric_msgs__rosidl_typesupport_fastrtps_cppExport-release.cmake
-- Up-to-date: /home/freesix/far_planner_ws/install/volumetric_msgs/share/volumetric_msgs/cmake/volumetric_msgs__rosidl_typesupport_introspection_cExport.cmake
-- Up-to-date: /home/freesix/far_planner_ws/install/volumetric_msgs/share/volumetric_msgs/cmake/volumetric_msgs__rosidl_typesupport_introspection_cExport-release.cmake
-- Up-to-date: /home/freesix/far_planner_ws/install/volumetric_msgs/share/volumetric_msgs/cmake/volumetric_msgs__rosidl_typesupport_cExport.cmake
-- Up-to-date: /home/freesix/far_planner_ws/install/volumetric_msgs/share/volumetric_msgs/cmake/volumetric_msgs__rosidl_typesupport_cExport-release.cmake
-- Up-to-date: /home/freesix/far_planner_ws/install/volumetric_msgs/share/volumetric_msgs/cmake/volumetric_msgs__rosidl_typesupport_introspection_cppExport.cmake
-- Up-to-date: /home/freesix/far_planner_ws/install/volumetric_msgs/share/volumetric_msgs/cmake/volumetric_msgs__rosidl_typesupport_introspection_cppExport-release.cmake
-- Up-to-date: /home/freesix/far_planner_ws/install/volumetric_msgs/share/volumetric_msgs/cmake/volumetric_msgs__rosidl_typesupport_cppExport.cmake
-- Up-to-date: /home/freesix/far_planner_ws/install/volumetric_msgs/share/volumetric_msgs/cmake/volumetric_msgs__rosidl_typesupport_cppExport-release.cmake
-- Up-to-date: /home/freesix/far_planner_ws/install/volumetric_msgs/share/volumetric_msgs/cmake/export_volumetric_msgs__rosidl_generator_pyExport.cmake
-- Up-to-date: /home/freesix/far_planner_ws/install/volumetric_msgs/share/volumetric_msgs/cmake/export_volumetric_msgs__rosidl_generator_pyExport-release.cmake
