[0.678s] Invoking command in '/home/freesix/far_planner_ws/build/dsvp_launch': CMAKE_PREFIX_PATH=/home/freesix/far_planner_ws/install/dsvplanner:/home/freesix/far_planner_ws/install/octomap_world:/home/freesix/far_planner_ws/install/graph_planner:/opt/ros/humble:/home/freesix/far_planner_ws/install/volumetric_map_base:/home/freesix/far_planner_ws/install/minkindr_conversions:/home/freesix/far_planner_ws/install/graph_utils:/home/freesix/far_planner_ws/install/volumetric_msgs:/home/freesix/far_planner_ws/install/misc_utils:/home/freesix/far_planner_ws/install/minkindr:/home/freesix/far_planner_ws/install/kdtree:/home/freesix/far_planner_ws/install/waypoint_rviz_plugin:/home/freesix/far_planner_ws/install/waypoint_example:/home/freesix/far_planner_ws/install/visualization_tools:/home/freesix/far_planner_ws/install/velodyne_simulator:/home/freesix/far_planner_ws/install/velodyne_gazebo_plugins:/home/freesix/far_planner_ws/install/velodyne_description:/home/freesix/far_planner_ws/install/vehicle_simulator:/home/freesix/far_planner_ws/install/terrain_analysis_ext:/home/freesix/far_planner_ws/install/terrain_analysis:/home/freesix/far_planner_ws/install/sensor_scan_generation:/home/freesix/far_planner_ws/install/local_planner:/home/freesix/far_planner_ws/install/loam_interface:/home/freesix/far_planner_ws/install/joy:/home/freesix/far_planner_ws/install/dsvp_launch LD_LIBRARY_PATH=/home/freesix/far_planner_ws/install/dsvplanner/lib:/home/freesix/far_planner_ws/install/octomap_world/lib:/home/freesix/far_planner_ws/install/graph_planner/lib:/home/freesix/far_planner_ws/install/volumetric_map_base/lib:/home/freesix/far_planner_ws/install/minkindr_conversions/lib:/home/freesix/far_planner_ws/install/graph_utils/lib:/home/freesix/far_planner_ws/install/volumetric_msgs/lib:/home/freesix/far_planner_ws/install/misc_utils/lib:/home/freesix/far_planner_ws/install/kdtree/lib:/home/freesix/far_planner_ws/install/velodyne_gazebo_plugins/lib:/home/freesix/far_planner_ws/install/joy/lib:/usr/lib/x86_64-linux-gnu/gazebo-11/plugins:/opt/ros/humble/opt/rviz_ogre_vendor/lib:/opt/ros/humble/lib/x86_64-linux-gnu:/opt/ros/humble/lib /usr/local/bin/cmake --build /home/freesix/far_planner_ws/build/dsvp_launch -- -j16 -l16
[0.706s] [ 50%] Built target navigationBoundary
[0.707s] [ 75%] [32mBuilding CXX object CMakeFiles/exploration.dir/src/exploration.cpp.o[0m
[17.917s] [100%] [32m[1mLinking CXX executable exploration[0m
[18.132s] [100%] Built target exploration
[18.138s] Invoked command in '/home/freesix/far_planner_ws/build/dsvp_launch' returned '0': CMAKE_PREFIX_PATH=/home/freesix/far_planner_ws/install/dsvplanner:/home/freesix/far_planner_ws/install/octomap_world:/home/freesix/far_planner_ws/install/graph_planner:/opt/ros/humble:/home/freesix/far_planner_ws/install/volumetric_map_base:/home/freesix/far_planner_ws/install/minkindr_conversions:/home/freesix/far_planner_ws/install/graph_utils:/home/freesix/far_planner_ws/install/volumetric_msgs:/home/freesix/far_planner_ws/install/misc_utils:/home/freesix/far_planner_ws/install/minkindr:/home/freesix/far_planner_ws/install/kdtree:/home/freesix/far_planner_ws/install/waypoint_rviz_plugin:/home/freesix/far_planner_ws/install/waypoint_example:/home/freesix/far_planner_ws/install/visualization_tools:/home/freesix/far_planner_ws/install/velodyne_simulator:/home/freesix/far_planner_ws/install/velodyne_gazebo_plugins:/home/freesix/far_planner_ws/install/velodyne_description:/home/freesix/far_planner_ws/install/vehicle_simulator:/home/freesix/far_planner_ws/install/terrain_analysis_ext:/home/freesix/far_planner_ws/install/terrain_analysis:/home/freesix/far_planner_ws/install/sensor_scan_generation:/home/freesix/far_planner_ws/install/local_planner:/home/freesix/far_planner_ws/install/loam_interface:/home/freesix/far_planner_ws/install/joy:/home/freesix/far_planner_ws/install/dsvp_launch LD_LIBRARY_PATH=/home/freesix/far_planner_ws/install/dsvplanner/lib:/home/freesix/far_planner_ws/install/octomap_world/lib:/home/freesix/far_planner_ws/install/graph_planner/lib:/home/freesix/far_planner_ws/install/volumetric_map_base/lib:/home/freesix/far_planner_ws/install/minkindr_conversions/lib:/home/freesix/far_planner_ws/install/graph_utils/lib:/home/freesix/far_planner_ws/install/volumetric_msgs/lib:/home/freesix/far_planner_ws/install/misc_utils/lib:/home/freesix/far_planner_ws/install/kdtree/lib:/home/freesix/far_planner_ws/install/velodyne_gazebo_plugins/lib:/home/freesix/far_planner_ws/install/joy/lib:/usr/lib/x86_64-linux-gnu/gazebo-11/plugins:/opt/ros/humble/opt/rviz_ogre_vendor/lib:/opt/ros/humble/lib/x86_64-linux-gnu:/opt/ros/humble/lib /usr/local/bin/cmake --build /home/freesix/far_planner_ws/build/dsvp_launch -- -j16 -l16
[18.158s] Invoking command in '/home/freesix/far_planner_ws/build/dsvp_launch': CMAKE_PREFIX_PATH=/home/freesix/far_planner_ws/install/dsvplanner:/home/freesix/far_planner_ws/install/octomap_world:/home/freesix/far_planner_ws/install/graph_planner:/opt/ros/humble:/home/freesix/far_planner_ws/install/volumetric_map_base:/home/freesix/far_planner_ws/install/minkindr_conversions:/home/freesix/far_planner_ws/install/graph_utils:/home/freesix/far_planner_ws/install/volumetric_msgs:/home/freesix/far_planner_ws/install/misc_utils:/home/freesix/far_planner_ws/install/minkindr:/home/freesix/far_planner_ws/install/kdtree:/home/freesix/far_planner_ws/install/waypoint_rviz_plugin:/home/freesix/far_planner_ws/install/waypoint_example:/home/freesix/far_planner_ws/install/visualization_tools:/home/freesix/far_planner_ws/install/velodyne_simulator:/home/freesix/far_planner_ws/install/velodyne_gazebo_plugins:/home/freesix/far_planner_ws/install/velodyne_description:/home/freesix/far_planner_ws/install/vehicle_simulator:/home/freesix/far_planner_ws/install/terrain_analysis_ext:/home/freesix/far_planner_ws/install/terrain_analysis:/home/freesix/far_planner_ws/install/sensor_scan_generation:/home/freesix/far_planner_ws/install/local_planner:/home/freesix/far_planner_ws/install/loam_interface:/home/freesix/far_planner_ws/install/joy:/home/freesix/far_planner_ws/install/dsvp_launch LD_LIBRARY_PATH=/home/freesix/far_planner_ws/install/dsvplanner/lib:/home/freesix/far_planner_ws/install/octomap_world/lib:/home/freesix/far_planner_ws/install/graph_planner/lib:/home/freesix/far_planner_ws/install/volumetric_map_base/lib:/home/freesix/far_planner_ws/install/minkindr_conversions/lib:/home/freesix/far_planner_ws/install/graph_utils/lib:/home/freesix/far_planner_ws/install/volumetric_msgs/lib:/home/freesix/far_planner_ws/install/misc_utils/lib:/home/freesix/far_planner_ws/install/kdtree/lib:/home/freesix/far_planner_ws/install/velodyne_gazebo_plugins/lib:/home/freesix/far_planner_ws/install/joy/lib:/usr/lib/x86_64-linux-gnu/gazebo-11/plugins:/opt/ros/humble/opt/rviz_ogre_vendor/lib:/opt/ros/humble/lib/x86_64-linux-gnu:/opt/ros/humble/lib /usr/local/bin/cmake --install /home/freesix/far_planner_ws/build/dsvp_launch
[18.160s] -- Install configuration: "Release"
[18.160s] -- Execute custom install script
[18.161s] -- Up-to-date symlink: /home/freesix/far_planner_ws/install/dsvp_launch/lib/dsvp_launch/exploration
[18.161s] -- Up-to-date symlink: /home/freesix/far_planner_ws/install/dsvp_launch/lib/dsvp_launch/navigationBoundary
[18.161s] -- Up-to-date symlink: /home/freesix/far_planner_ws/install/dsvp_launch/share/dsvp_launch/launch/dsvp.launch
[18.161s] -- Up-to-date symlink: /home/freesix/far_planner_ws/install/dsvp_launch/share/dsvp_launch/launch/explore_campus.launch
[18.161s] -- Up-to-date symlink: /home/freesix/far_planner_ws/install/dsvp_launch/share/dsvp_launch/launch/explore_forest.launch
[18.161s] -- Up-to-date symlink: /home/freesix/far_planner_ws/install/dsvp_launch/share/dsvp_launch/launch/explore_garage.launch
[18.161s] -- Up-to-date symlink: /home/freesix/far_planner_ws/install/dsvp_launch/share/dsvp_launch/launch/explore_indoor.launch
[18.162s] -- Up-to-date symlink: /home/freesix/far_planner_ws/install/dsvp_launch/share/dsvp_launch/launch/explore_matterport.launch
[18.162s] -- Up-to-date symlink: /home/freesix/far_planner_ws/install/dsvp_launch/share/dsvp_launch/launch/explore_tunnel.launch
[18.162s] -- Up-to-date symlink: /home/freesix/far_planner_ws/install/dsvp_launch/share/dsvp_launch/launch/rosbag_record.launch
[18.162s] -- Up-to-date symlink: /home/freesix/far_planner_ws/install/dsvp_launch/share/dsvp_launch/config/default.rviz
[18.162s] -- Up-to-date symlink: /home/freesix/far_planner_ws/install/dsvp_launch/share/dsvp_launch/config/exploration.yaml
[18.162s] -- Up-to-date symlink: /home/freesix/far_planner_ws/install/dsvp_launch/share/dsvp_launch/config/exploration_campus.yaml
[18.162s] -- Up-to-date symlink: /home/freesix/far_planner_ws/install/dsvp_launch/share/dsvp_launch/config/exploration_forest.yaml
[18.162s] -- Up-to-date symlink: /home/freesix/far_planner_ws/install/dsvp_launch/share/dsvp_launch/config/exploration_garage.yaml
[18.162s] -- Up-to-date symlink: /home/freesix/far_planner_ws/install/dsvp_launch/share/dsvp_launch/config/exploration_indoor.yaml
[18.162s] -- Up-to-date symlink: /home/freesix/far_planner_ws/install/dsvp_launch/share/dsvp_launch/config/exploration_matterport.yaml
[18.163s] -- Up-to-date symlink: /home/freesix/far_planner_ws/install/dsvp_launch/share/dsvp_launch/config/exploration_tunnel.yaml
[18.163s] -- Up-to-date symlink: /home/freesix/far_planner_ws/install/dsvp_launch/share/dsvp_launch/config/octomap.yaml
[18.163s] -- Up-to-date symlink: /home/freesix/far_planner_ws/install/dsvp_launch/share/dsvp_launch/config/octomap_campus.yaml
[18.163s] -- Up-to-date symlink: /home/freesix/far_planner_ws/install/dsvp_launch/share/dsvp_launch/config/octomap_forest.yaml
[18.163s] -- Up-to-date symlink: /home/freesix/far_planner_ws/install/dsvp_launch/share/dsvp_launch/config/octomap_garage.yaml
[18.163s] -- Up-to-date symlink: /home/freesix/far_planner_ws/install/dsvp_launch/share/dsvp_launch/config/octomap_indoor.yaml
[18.163s] -- Up-to-date symlink: /home/freesix/far_planner_ws/install/dsvp_launch/share/dsvp_launch/config/octomap_matterport.yaml
[18.163s] -- Up-to-date symlink: /home/freesix/far_planner_ws/install/dsvp_launch/share/dsvp_launch/config/octomap_tunnel.yaml
[18.164s] -- Up-to-date symlink: /home/freesix/far_planner_ws/install/dsvp_launch/share/ament_index/resource_index/package_run_dependencies/dsvp_launch
[18.164s] -- Up-to-date symlink: /home/freesix/far_planner_ws/install/dsvp_launch/share/ament_index/resource_index/parent_prefix_path/dsvp_launch
[18.164s] -- Up-to-date symlink: /home/freesix/far_planner_ws/install/dsvp_launch/share/dsvp_launch/environment/ament_prefix_path.sh
[18.164s] -- Up-to-date symlink: /home/freesix/far_planner_ws/install/dsvp_launch/share/dsvp_launch/environment/ament_prefix_path.dsv
[18.164s] -- Up-to-date symlink: /home/freesix/far_planner_ws/install/dsvp_launch/share/dsvp_launch/environment/path.sh
[18.164s] -- Up-to-date symlink: /home/freesix/far_planner_ws/install/dsvp_launch/share/dsvp_launch/environment/path.dsv
[18.164s] -- Up-to-date symlink: /home/freesix/far_planner_ws/install/dsvp_launch/share/dsvp_launch/local_setup.bash
[18.164s] -- Up-to-date symlink: /home/freesix/far_planner_ws/install/dsvp_launch/share/dsvp_launch/local_setup.sh
[18.165s] -- Up-to-date symlink: /home/freesix/far_planner_ws/install/dsvp_launch/share/dsvp_launch/local_setup.zsh
[18.165s] -- Up-to-date symlink: /home/freesix/far_planner_ws/install/dsvp_launch/share/dsvp_launch/local_setup.dsv
[18.165s] -- Symlinking: /home/freesix/far_planner_ws/install/dsvp_launch/share/dsvp_launch/package.dsv
[18.167s] -- Up-to-date symlink: /home/freesix/far_planner_ws/install/dsvp_launch/share/ament_index/resource_index/packages/dsvp_launch
[18.167s] -- Up-to-date symlink: /home/freesix/far_planner_ws/install/dsvp_launch/share/dsvp_launch/cmake/dsvp_launchConfig.cmake
[18.167s] -- Up-to-date symlink: /home/freesix/far_planner_ws/install/dsvp_launch/share/dsvp_launch/cmake/dsvp_launchConfig-version.cmake
[18.167s] -- Up-to-date symlink: /home/freesix/far_planner_ws/install/dsvp_launch/share/dsvp_launch/package.xml
[18.170s] Invoked command in '/home/freesix/far_planner_ws/build/dsvp_launch' returned '0': CMAKE_PREFIX_PATH=/home/freesix/far_planner_ws/install/dsvplanner:/home/freesix/far_planner_ws/install/octomap_world:/home/freesix/far_planner_ws/install/graph_planner:/opt/ros/humble:/home/freesix/far_planner_ws/install/volumetric_map_base:/home/freesix/far_planner_ws/install/minkindr_conversions:/home/freesix/far_planner_ws/install/graph_utils:/home/freesix/far_planner_ws/install/volumetric_msgs:/home/freesix/far_planner_ws/install/misc_utils:/home/freesix/far_planner_ws/install/minkindr:/home/freesix/far_planner_ws/install/kdtree:/home/freesix/far_planner_ws/install/waypoint_rviz_plugin:/home/freesix/far_planner_ws/install/waypoint_example:/home/freesix/far_planner_ws/install/visualization_tools:/home/freesix/far_planner_ws/install/velodyne_simulator:/home/freesix/far_planner_ws/install/velodyne_gazebo_plugins:/home/freesix/far_planner_ws/install/velodyne_description:/home/freesix/far_planner_ws/install/vehicle_simulator:/home/freesix/far_planner_ws/install/terrain_analysis_ext:/home/freesix/far_planner_ws/install/terrain_analysis:/home/freesix/far_planner_ws/install/sensor_scan_generation:/home/freesix/far_planner_ws/install/local_planner:/home/freesix/far_planner_ws/install/loam_interface:/home/freesix/far_planner_ws/install/joy:/home/freesix/far_planner_ws/install/dsvp_launch LD_LIBRARY_PATH=/home/freesix/far_planner_ws/install/dsvplanner/lib:/home/freesix/far_planner_ws/install/octomap_world/lib:/home/freesix/far_planner_ws/install/graph_planner/lib:/home/freesix/far_planner_ws/install/volumetric_map_base/lib:/home/freesix/far_planner_ws/install/minkindr_conversions/lib:/home/freesix/far_planner_ws/install/graph_utils/lib:/home/freesix/far_planner_ws/install/volumetric_msgs/lib:/home/freesix/far_planner_ws/install/misc_utils/lib:/home/freesix/far_planner_ws/install/kdtree/lib:/home/freesix/far_planner_ws/install/velodyne_gazebo_plugins/lib:/home/freesix/far_planner_ws/install/joy/lib:/usr/lib/x86_64-linux-gnu/gazebo-11/plugins:/opt/ros/humble/opt/rviz_ogre_vendor/lib:/opt/ros/humble/lib/x86_64-linux-gnu:/opt/ros/humble/lib /usr/local/bin/cmake --install /home/freesix/far_planner_ws/build/dsvp_launch
