[0.045s] Invoking command in '/home/freesix/far_planner_ws/build/loam_interface': CMAKE_PREFIX_PATH=/opt/ros/humble /usr/local/bin/cmake --build /home/freesix/far_planner_ws/build/loam_interface -- -j16 -l16
[0.086s] [100%] Built target loamInterface
[0.092s] Invoked command in '/home/freesix/far_planner_ws/build/loam_interface' returned '0': CMAKE_PREFIX_PATH=/opt/ros/humble /usr/local/bin/cmake --build /home/freesix/far_planner_ws/build/loam_interface -- -j16 -l16
[0.121s] Invoking command in '/home/freesix/far_planner_ws/build/loam_interface': CMAKE_PREFIX_PATH=/opt/ros/humble /usr/local/bin/cmake --install /home/freesix/far_planner_ws/build/loam_interface
[0.133s] -- Install configuration: "Release"
[0.133s] -- Execute custom install script
[0.134s] -- Up-to-date symlink: /home/freesix/far_planner_ws/install/loam_interface/lib/loam_interface/loamInterface
[0.134s] -- Up-to-date symlink: /home/freesix/far_planner_ws/install/loam_interface/share/loam_interface/launch/loam_interface.launch
[0.134s] -- Up-to-date symlink: /home/freesix/far_planner_ws/install/loam_interface/share/ament_index/resource_index/package_run_dependencies/loam_interface
[0.134s] -- Up-to-date symlink: /home/freesix/far_planner_ws/install/loam_interface/share/ament_index/resource_index/parent_prefix_path/loam_interface
[0.135s] -- Up-to-date symlink: /home/freesix/far_planner_ws/install/loam_interface/share/loam_interface/environment/ament_prefix_path.sh
[0.135s] -- Up-to-date symlink: /home/freesix/far_planner_ws/install/loam_interface/share/loam_interface/environment/ament_prefix_path.dsv
[0.135s] -- Up-to-date symlink: /home/freesix/far_planner_ws/install/loam_interface/share/loam_interface/environment/path.sh
[0.135s] -- Up-to-date symlink: /home/freesix/far_planner_ws/install/loam_interface/share/loam_interface/environment/path.dsv
[0.135s] -- Up-to-date symlink: /home/freesix/far_planner_ws/install/loam_interface/share/loam_interface/local_setup.bash
[0.135s] -- Up-to-date symlink: /home/freesix/far_planner_ws/install/loam_interface/share/loam_interface/local_setup.sh
[0.136s] -- Up-to-date symlink: /home/freesix/far_planner_ws/install/loam_interface/share/loam_interface/local_setup.zsh
[0.136s] -- Up-to-date symlink: /home/freesix/far_planner_ws/install/loam_interface/share/loam_interface/local_setup.dsv
[0.136s] -- Symlinking: /home/freesix/far_planner_ws/install/loam_interface/share/loam_interface/package.dsv
[0.136s] -- Up-to-date symlink: /home/freesix/far_planner_ws/install/loam_interface/share/ament_index/resource_index/packages/loam_interface
[0.136s] -- Up-to-date symlink: /home/freesix/far_planner_ws/install/loam_interface/share/loam_interface/cmake/loam_interfaceConfig.cmake
[0.136s] -- Up-to-date symlink: /home/freesix/far_planner_ws/install/loam_interface/share/loam_interface/cmake/loam_interfaceConfig-version.cmake
[0.137s] -- Up-to-date symlink: /home/freesix/far_planner_ws/install/loam_interface/share/loam_interface/package.xml
[0.159s] Invoked command in '/home/freesix/far_planner_ws/build/loam_interface' returned '0': CMAKE_PREFIX_PATH=/opt/ros/humble /usr/local/bin/cmake --install /home/freesix/far_planner_ws/build/loam_interface
