[100%] Built target vehicleSimulator
-- Install configuration: "Release"
-- Execute custom install script
-- Up-to-date symlink: /home/freesix/far_planner_ws/install/vehicle_simulator/lib/vehicle_simulator/vehicleSimulator
-- Up-to-date symlink: /home/freesix/far_planner_ws/install/vehicle_simulator/share/vehicle_simulator/launch/system_campus.launch
-- Up-to-date symlink: /home/freesix/far_planner_ws/install/vehicle_simulator/share/vehicle_simulator/launch/system_forest.launch
-- Up-to-date symlink: /home/freesix/far_planner_ws/install/vehicle_simulator/share/vehicle_simulator/launch/system_garage.launch
-- Up-to-date symlink: /home/freesix/far_planner_ws/install/vehicle_simulator/share/vehicle_simulator/launch/system_indoor.launch
-- Up-to-date symlink: /home/freesix/far_planner_ws/install/vehicle_simulator/share/vehicle_simulator/launch/system_real_robot.launch
-- Up-to-date symlink: /home/freesix/far_planner_ws/install/vehicle_simulator/share/vehicle_simulator/launch/system_tunnel.launch
-- Up-to-date symlink: /home/freesix/far_planner_ws/install/vehicle_simulator/share/vehicle_simulator/launch/vehicle_simulator.launch
-- Up-to-date symlink: /home/freesix/far_planner_ws/install/vehicle_simulator/share/vehicle_simulator/log/readme.txt
-- Symlinking: /home/freesix/far_planner_ws/install/vehicle_simulator/share/vehicle_simulator/mesh/campus/meshes/bark1.jpg
-- Symlinking: /home/freesix/far_planner_ws/install/vehicle_simulator/share/vehicle_simulator/mesh/campus/meshes/campus.dae
-- Symlinking: /home/freesix/far_planner_ws/install/vehicle_simulator/share/vehicle_simulator/mesh/campus/meshes/leaf3.png.002.png
-- Symlinking: /home/freesix/far_planner_ws/install/vehicle_simulator/share/vehicle_simulator/mesh/campus/meshes/photo_2020-11-01_11-54-02.jpg
-- Symlinking: /home/freesix/far_planner_ws/install/vehicle_simulator/share/vehicle_simulator/mesh/campus/meshes/photo_2020-11-01_11-56-17.jpg
-- Symlinking: /home/freesix/far_planner_ws/install/vehicle_simulator/share/vehicle_simulator/mesh/campus/meshes/texture_1001.png.001.png
-- Symlinking: /home/freesix/far_planner_ws/install/vehicle_simulator/share/vehicle_simulator/mesh/campus/meshes/texture_1002.png.001.png
-- Symlinking: /home/freesix/far_planner_ws/install/vehicle_simulator/share/vehicle_simulator/mesh/campus/meshes/texture_1003.png.001.png
-- Symlinking: /home/freesix/far_planner_ws/install/vehicle_simulator/share/vehicle_simulator/mesh/campus/meshes/texture_1004.png.001.png
-- Symlinking: /home/freesix/far_planner_ws/install/vehicle_simulator/share/vehicle_simulator/mesh/campus/meshes/texture_1005.png.001.png
-- Symlinking: /home/freesix/far_planner_ws/install/vehicle_simulator/share/vehicle_simulator/mesh/campus/model.config
-- Symlinking: /home/freesix/far_planner_ws/install/vehicle_simulator/share/vehicle_simulator/mesh/campus/model.sdf
-- Symlinking: /home/freesix/far_planner_ws/install/vehicle_simulator/share/vehicle_simulator/mesh/campus/preview/overview.png
-- Symlinking: /home/freesix/far_planner_ws/install/vehicle_simulator/share/vehicle_simulator/mesh/campus/preview/pointcloud.ply
-- Up-to-date symlink: /home/freesix/far_planner_ws/install/vehicle_simulator/share/vehicle_simulator/mesh/download_environments.sh
-- Symlinking: /home/freesix/far_planner_ws/install/vehicle_simulator/share/vehicle_simulator/mesh/forest/grey_wall/materials/scripts/grey_wall.material
-- Symlinking: /home/freesix/far_planner_ws/install/vehicle_simulator/share/vehicle_simulator/mesh/forest/grey_wall/materials/textures/grey_wall.png
-- Symlinking: /home/freesix/far_planner_ws/install/vehicle_simulator/share/vehicle_simulator/mesh/forest/grey_wall/model-1_3.sdf
-- Symlinking: /home/freesix/far_planner_ws/install/vehicle_simulator/share/vehicle_simulator/mesh/forest/grey_wall/model-1_4.sdf
-- Symlinking: /home/freesix/far_planner_ws/install/vehicle_simulator/share/vehicle_simulator/mesh/forest/grey_wall/model.config
-- Symlinking: /home/freesix/far_planner_ws/install/vehicle_simulator/share/vehicle_simulator/mesh/forest/grey_wall/model.sdf
-- Symlinking: /home/freesix/far_planner_ws/install/vehicle_simulator/share/vehicle_simulator/mesh/forest/house_1/materials/scripts/house_1.material
-- Symlinking: /home/freesix/far_planner_ws/install/vehicle_simulator/share/vehicle_simulator/mesh/forest/house_1/materials/textures/House_1_Diffuse.png
-- Symlinking: /home/freesix/far_planner_ws/install/vehicle_simulator/share/vehicle_simulator/mesh/forest/house_1/materials/textures/House_1_Normal.png
-- Symlinking: /home/freesix/far_planner_ws/install/vehicle_simulator/share/vehicle_simulator/mesh/forest/house_1/materials/textures/House_1_Spec.png
-- Symlinking: /home/freesix/far_planner_ws/install/vehicle_simulator/share/vehicle_simulator/mesh/forest/house_1/meshes/house_1.dae
-- Symlinking: /home/freesix/far_planner_ws/install/vehicle_simulator/share/vehicle_simulator/mesh/forest/house_1/model-1_3.sdf
-- Symlinking: /home/freesix/far_planner_ws/install/vehicle_simulator/share/vehicle_simulator/mesh/forest/house_1/model-1_4.sdf
-- Symlinking: /home/freesix/far_planner_ws/install/vehicle_simulator/share/vehicle_simulator/mesh/forest/house_1/model.config
-- Symlinking: /home/freesix/far_planner_ws/install/vehicle_simulator/share/vehicle_simulator/mesh/forest/house_1/model.sdf
-- Symlinking: /home/freesix/far_planner_ws/install/vehicle_simulator/share/vehicle_simulator/mesh/forest/house_2/materials/scripts/house_2.material
-- Symlinking: /home/freesix/far_planner_ws/install/vehicle_simulator/share/vehicle_simulator/mesh/forest/house_2/materials/textures/House_2_Diffuse.png
-- Symlinking: /home/freesix/far_planner_ws/install/vehicle_simulator/share/vehicle_simulator/mesh/forest/house_2/meshes/house_2.dae
-- Symlinking: /home/freesix/far_planner_ws/install/vehicle_simulator/share/vehicle_simulator/mesh/forest/house_2/model-1_3.sdf
-- Symlinking: /home/freesix/far_planner_ws/install/vehicle_simulator/share/vehicle_simulator/mesh/forest/house_2/model-1_4.sdf
-- Symlinking: /home/freesix/far_planner_ws/install/vehicle_simulator/share/vehicle_simulator/mesh/forest/house_2/model.config
-- Symlinking: /home/freesix/far_planner_ws/install/vehicle_simulator/share/vehicle_simulator/mesh/forest/house_2/model.sdf
-- Symlinking: /home/freesix/far_planner_ws/install/vehicle_simulator/share/vehicle_simulator/mesh/forest/oak_tree/materials/scripts/caster_fp.glsl
-- Symlinking: /home/freesix/far_planner_ws/install/vehicle_simulator/share/vehicle_simulator/mesh/forest/oak_tree/materials/scripts/caster_vp.glsl
-- Symlinking: /home/freesix/far_planner_ws/install/vehicle_simulator/share/vehicle_simulator/mesh/forest/oak_tree/materials/scripts/oak_tree.material
-- Symlinking: /home/freesix/far_planner_ws/install/vehicle_simulator/share/vehicle_simulator/mesh/forest/oak_tree/materials/textures/bark_diffuse.png
-- Symlinking: /home/freesix/far_planner_ws/install/vehicle_simulator/share/vehicle_simulator/mesh/forest/oak_tree/materials/textures/branch_diffuse.png
-- Symlinking: /home/freesix/far_planner_ws/install/vehicle_simulator/share/vehicle_simulator/mesh/forest/oak_tree/meshes/oak_tree.dae
-- Symlinking: /home/freesix/far_planner_ws/install/vehicle_simulator/share/vehicle_simulator/mesh/forest/oak_tree/model.config
-- Symlinking: /home/freesix/far_planner_ws/install/vehicle_simulator/share/vehicle_simulator/mesh/forest/oak_tree/model.sdf
-- Symlinking: /home/freesix/far_planner_ws/install/vehicle_simulator/share/vehicle_simulator/mesh/forest/pine_tree/materials/scripts/pine_tree.material
-- Symlinking: /home/freesix/far_planner_ws/install/vehicle_simulator/share/vehicle_simulator/mesh/forest/pine_tree/materials/textures/bark_diffuse.png
-- Symlinking: /home/freesix/far_planner_ws/install/vehicle_simulator/share/vehicle_simulator/mesh/forest/pine_tree/materials/textures/branch_2_diffuse.png
-- Symlinking: /home/freesix/far_planner_ws/install/vehicle_simulator/share/vehicle_simulator/mesh/forest/pine_tree/meshes/pine_tree.dae
-- Symlinking: /home/freesix/far_planner_ws/install/vehicle_simulator/share/vehicle_simulator/mesh/forest/pine_tree/model.config
-- Symlinking: /home/freesix/far_planner_ws/install/vehicle_simulator/share/vehicle_simulator/mesh/forest/pine_tree/model.sdf
-- Symlinking: /home/freesix/far_planner_ws/install/vehicle_simulator/share/vehicle_simulator/mesh/forest/preview/overview.png
-- Symlinking: /home/freesix/far_planner_ws/install/vehicle_simulator/share/vehicle_simulator/mesh/forest/preview/pointcloud.ply
-- Symlinking: /home/freesix/far_planner_ws/install/vehicle_simulator/share/vehicle_simulator/mesh/forest/vrc_driving_terrain/materials/scripts/grass.material
-- Symlinking: /home/freesix/far_planner_ws/install/vehicle_simulator/share/vehicle_simulator/mesh/forest/vrc_driving_terrain/materials/textures/grass_dry.png
-- Symlinking: /home/freesix/far_planner_ws/install/vehicle_simulator/share/vehicle_simulator/mesh/forest/vrc_driving_terrain/materials/textures/heightmap.png
-- Symlinking: /home/freesix/far_planner_ws/install/vehicle_simulator/share/vehicle_simulator/mesh/forest/vrc_driving_terrain/model.config
-- Symlinking: /home/freesix/far_planner_ws/install/vehicle_simulator/share/vehicle_simulator/mesh/forest/vrc_driving_terrain/model.sdf
-- Symlinking: /home/freesix/far_planner_ws/install/vehicle_simulator/share/vehicle_simulator/mesh/garage/meshes/blue-concrete-texture-3.jpg
-- Symlinking: /home/freesix/far_planner_ws/install/vehicle_simulator/share/vehicle_simulator/mesh/garage/meshes/garage.dae
-- Symlinking: /home/freesix/far_planner_ws/install/vehicle_simulator/share/vehicle_simulator/mesh/garage/meshes/imgonline-com-ua-tile-RySXiqZBriXUB4J.jpg
-- Symlinking: /home/freesix/far_planner_ws/install/vehicle_simulator/share/vehicle_simulator/mesh/garage/meshes/imgonline-com-ua-tile-pLFAF53NCY1Spr.jpg
-- Symlinking: /home/freesix/far_planner_ws/install/vehicle_simulator/share/vehicle_simulator/mesh/garage/meshes/imgonline-com-ua-tile-turvdQ7ZY0r.jpg
-- Symlinking: /home/freesix/far_planner_ws/install/vehicle_simulator/share/vehicle_simulator/mesh/garage/model.config
-- Symlinking: /home/freesix/far_planner_ws/install/vehicle_simulator/share/vehicle_simulator/mesh/garage/model.sdf
-- Symlinking: /home/freesix/far_planner_ws/install/vehicle_simulator/share/vehicle_simulator/mesh/garage/preview/overview.png
-- Symlinking: /home/freesix/far_planner_ws/install/vehicle_simulator/share/vehicle_simulator/mesh/garage/preview/pointcloud.ply
-- Symlinking: /home/freesix/far_planner_ws/install/vehicle_simulator/share/vehicle_simulator/mesh/indoor/meshes/imgonline-com-ua-tile-K49qRoCnvbl.jpg
-- Symlinking: /home/freesix/far_planner_ws/install/vehicle_simulator/share/vehicle_simulator/mesh/indoor/meshes/imgonline-com-ua-tile-PQCma89EHs3BX1.jpg
-- Symlinking: /home/freesix/far_planner_ws/install/vehicle_simulator/share/vehicle_simulator/mesh/indoor/meshes/imgonline-com-ua-tile-RySXiqZBriXUB4J.jpg
-- Symlinking: /home/freesix/far_planner_ws/install/vehicle_simulator/share/vehicle_simulator/mesh/indoor/meshes/indoor.dae
-- Symlinking: /home/freesix/far_planner_ws/install/vehicle_simulator/share/vehicle_simulator/mesh/indoor/model.config
-- Symlinking: /home/freesix/far_planner_ws/install/vehicle_simulator/share/vehicle_simulator/mesh/indoor/model.sdf
-- Symlinking: /home/freesix/far_planner_ws/install/vehicle_simulator/share/vehicle_simulator/mesh/indoor/preview/overview.png
-- Symlinking: /home/freesix/far_planner_ws/install/vehicle_simulator/share/vehicle_simulator/mesh/indoor/preview/pointcloud.ply
-- Symlinking: /home/freesix/far_planner_ws/install/vehicle_simulator/share/vehicle_simulator/mesh/tunnel/meshes/tunnel.dae
-- Symlinking: /home/freesix/far_planner_ws/install/vehicle_simulator/share/vehicle_simulator/mesh/tunnel/meshes/wall_texture.jpg
-- Symlinking: /home/freesix/far_planner_ws/install/vehicle_simulator/share/vehicle_simulator/mesh/tunnel/model.config
-- Symlinking: /home/freesix/far_planner_ws/install/vehicle_simulator/share/vehicle_simulator/mesh/tunnel/model.sdf
-- Symlinking: /home/freesix/far_planner_ws/install/vehicle_simulator/share/vehicle_simulator/mesh/tunnel/preview/overview.png
-- Symlinking: /home/freesix/far_planner_ws/install/vehicle_simulator/share/vehicle_simulator/mesh/tunnel/preview/pointcloud.ply
-- Up-to-date symlink: /home/freesix/far_planner_ws/install/vehicle_simulator/share/vehicle_simulator/rviz/vehicle_simulator.rviz
-- Up-to-date symlink: /home/freesix/far_planner_ws/install/vehicle_simulator/share/vehicle_simulator/urdf/camera.urdf.xacro
-- Up-to-date symlink: /home/freesix/far_planner_ws/install/vehicle_simulator/share/vehicle_simulator/urdf/lidar.urdf.xacro
-- Up-to-date symlink: /home/freesix/far_planner_ws/install/vehicle_simulator/share/vehicle_simulator/urdf/robot.sdf
-- Up-to-date symlink: /home/freesix/far_planner_ws/install/vehicle_simulator/share/vehicle_simulator/world/campus.world
-- Up-to-date symlink: /home/freesix/far_planner_ws/install/vehicle_simulator/share/vehicle_simulator/world/forest.world
-- Up-to-date symlink: /home/freesix/far_planner_ws/install/vehicle_simulator/share/vehicle_simulator/world/garage.world
-- Up-to-date symlink: /home/freesix/far_planner_ws/install/vehicle_simulator/share/vehicle_simulator/world/indoor.world
-- Up-to-date symlink: /home/freesix/far_planner_ws/install/vehicle_simulator/share/vehicle_simulator/world/tunnel.world
-- Up-to-date symlink: /home/freesix/far_planner_ws/install/vehicle_simulator/share/ament_index/resource_index/package_run_dependencies/vehicle_simulator
-- Up-to-date symlink: /home/freesix/far_planner_ws/install/vehicle_simulator/share/ament_index/resource_index/parent_prefix_path/vehicle_simulator
-- Up-to-date symlink: /home/freesix/far_planner_ws/install/vehicle_simulator/share/vehicle_simulator/environment/ament_prefix_path.sh
-- Up-to-date symlink: /home/freesix/far_planner_ws/install/vehicle_simulator/share/vehicle_simulator/environment/ament_prefix_path.dsv
-- Up-to-date symlink: /home/freesix/far_planner_ws/install/vehicle_simulator/share/vehicle_simulator/environment/path.sh
-- Up-to-date symlink: /home/freesix/far_planner_ws/install/vehicle_simulator/share/vehicle_simulator/environment/path.dsv
-- Up-to-date symlink: /home/freesix/far_planner_ws/install/vehicle_simulator/share/vehicle_simulator/local_setup.bash
-- Up-to-date symlink: /home/freesix/far_planner_ws/install/vehicle_simulator/share/vehicle_simulator/local_setup.sh
-- Up-to-date symlink: /home/freesix/far_planner_ws/install/vehicle_simulator/share/vehicle_simulator/local_setup.zsh
-- Up-to-date symlink: /home/freesix/far_planner_ws/install/vehicle_simulator/share/vehicle_simulator/local_setup.dsv
-- Symlinking: /home/freesix/far_planner_ws/install/vehicle_simulator/share/vehicle_simulator/package.dsv
-- Up-to-date symlink: /home/freesix/far_planner_ws/install/vehicle_simulator/share/ament_index/resource_index/packages/vehicle_simulator
-- Up-to-date symlink: /home/freesix/far_planner_ws/install/vehicle_simulator/share/vehicle_simulator/cmake/vehicle_simulatorConfig.cmake
-- Up-to-date symlink: /home/freesix/far_planner_ws/install/vehicle_simulator/share/vehicle_simulator/cmake/vehicle_simulatorConfig-version.cmake
-- Up-to-date symlink: /home/freesix/far_planner_ws/install/vehicle_simulator/share/vehicle_simulator/package.xml
