[0.075s] Invoking command in '/home/freesix/far_planner_ws/build/local_planner': CMAKE_PREFIX_PATH=/home/freesix/far_planner_ws/install/waypoint_rviz_plugin:/home/freesix/far_planner_ws/install/waypoint_example:/home/freesix/far_planner_ws/install/dsvplanner:/home/freesix/far_planner_ws/install/octomap_world:/home/freesix/far_planner_ws/install/volumetric_msgs:/opt/ros/humble:/home/freesix/far_planner_ws/install/volumetric_map_base:/home/freesix/far_planner_ws/install/visualization_tools:/home/freesix/far_planner_ws/install/velodyne_simulator:/home/freesix/far_planner_ws/install/velodyne_gazebo_plugins:/home/freesix/far_planner_ws/install/velodyne_description:/home/freesix/far_planner_ws/install/vehicle_simulator:/home/freesix/far_planner_ws/install/terrain_analysis_ext:/home/freesix/far_planner_ws/install/terrain_analysis:/home/freesix/far_planner_ws/install/sensor_scan_generation:/home/freesix/far_planner_ws/install/graph_planner:/home/freesix/far_planner_ws/install/graph_utils:/home/freesix/far_planner_ws/install/misc_utils:/home/freesix/far_planner_ws/install/minkindr_conversions:/home/freesix/far_planner_ws/install/minkindr:/home/freesix/far_planner_ws/install/local_planner:/home/freesix/far_planner_ws/install/loam_interface:/home/freesix/far_planner_ws/install/kdtree:/home/freesix/far_planner_ws/install/joy:/home/freesix/far_planner_ws/install/dsvp_launch /usr/local/bin/cmake --build /home/freesix/far_planner_ws/build/local_planner -- -j16 -l16
[0.137s] [ 50%] Built target localPlanner
[0.137s] [100%] Built target pathFollower
[0.164s] Invoked command in '/home/freesix/far_planner_ws/build/local_planner' returned '0': CMAKE_PREFIX_PATH=/home/freesix/far_planner_ws/install/waypoint_rviz_plugin:/home/freesix/far_planner_ws/install/waypoint_example:/home/freesix/far_planner_ws/install/dsvplanner:/home/freesix/far_planner_ws/install/octomap_world:/home/freesix/far_planner_ws/install/volumetric_msgs:/opt/ros/humble:/home/freesix/far_planner_ws/install/volumetric_map_base:/home/freesix/far_planner_ws/install/visualization_tools:/home/freesix/far_planner_ws/install/velodyne_simulator:/home/freesix/far_planner_ws/install/velodyne_gazebo_plugins:/home/freesix/far_planner_ws/install/velodyne_description:/home/freesix/far_planner_ws/install/vehicle_simulator:/home/freesix/far_planner_ws/install/terrain_analysis_ext:/home/freesix/far_planner_ws/install/terrain_analysis:/home/freesix/far_planner_ws/install/sensor_scan_generation:/home/freesix/far_planner_ws/install/graph_planner:/home/freesix/far_planner_ws/install/graph_utils:/home/freesix/far_planner_ws/install/misc_utils:/home/freesix/far_planner_ws/install/minkindr_conversions:/home/freesix/far_planner_ws/install/minkindr:/home/freesix/far_planner_ws/install/local_planner:/home/freesix/far_planner_ws/install/loam_interface:/home/freesix/far_planner_ws/install/kdtree:/home/freesix/far_planner_ws/install/joy:/home/freesix/far_planner_ws/install/dsvp_launch /usr/local/bin/cmake --build /home/freesix/far_planner_ws/build/local_planner -- -j16 -l16
[0.225s] Invoking command in '/home/freesix/far_planner_ws/build/local_planner': CMAKE_PREFIX_PATH=/home/freesix/far_planner_ws/install/waypoint_rviz_plugin:/home/freesix/far_planner_ws/install/waypoint_example:/home/freesix/far_planner_ws/install/dsvplanner:/home/freesix/far_planner_ws/install/octomap_world:/home/freesix/far_planner_ws/install/volumetric_msgs:/opt/ros/humble:/home/freesix/far_planner_ws/install/volumetric_map_base:/home/freesix/far_planner_ws/install/visualization_tools:/home/freesix/far_planner_ws/install/velodyne_simulator:/home/freesix/far_planner_ws/install/velodyne_gazebo_plugins:/home/freesix/far_planner_ws/install/velodyne_description:/home/freesix/far_planner_ws/install/vehicle_simulator:/home/freesix/far_planner_ws/install/terrain_analysis_ext:/home/freesix/far_planner_ws/install/terrain_analysis:/home/freesix/far_planner_ws/install/sensor_scan_generation:/home/freesix/far_planner_ws/install/graph_planner:/home/freesix/far_planner_ws/install/graph_utils:/home/freesix/far_planner_ws/install/misc_utils:/home/freesix/far_planner_ws/install/minkindr_conversions:/home/freesix/far_planner_ws/install/minkindr:/home/freesix/far_planner_ws/install/local_planner:/home/freesix/far_planner_ws/install/loam_interface:/home/freesix/far_planner_ws/install/kdtree:/home/freesix/far_planner_ws/install/joy:/home/freesix/far_planner_ws/install/dsvp_launch /usr/local/bin/cmake --install /home/freesix/far_planner_ws/build/local_planner
[0.238s] -- Install configuration: "Release"
[0.240s] -- Execute custom install script
[0.240s] -- Up-to-date symlink: /home/freesix/far_planner_ws/install/local_planner/lib/local_planner/localPlanner
[0.240s] -- Up-to-date symlink: /home/freesix/far_planner_ws/install/local_planner/lib/local_planner/pathFollower
[0.240s] -- Up-to-date symlink: /home/freesix/far_planner_ws/install/local_planner/share/local_planner/launch/local_planner.launch
[0.240s] -- Up-to-date symlink: /home/freesix/far_planner_ws/install/local_planner/share/local_planner/paths/correspondences.txt
[0.240s] -- Up-to-date symlink: /home/freesix/far_planner_ws/install/local_planner/share/local_planner/paths/pathList.ply
[0.240s] -- Up-to-date symlink: /home/freesix/far_planner_ws/install/local_planner/share/local_planner/paths/path_generator.m
[0.240s] -- Up-to-date symlink: /home/freesix/far_planner_ws/install/local_planner/share/local_planner/paths/paths.ply
[0.241s] -- Up-to-date symlink: /home/freesix/far_planner_ws/install/local_planner/share/local_planner/paths/startPaths.ply
[0.241s] -- Up-to-date symlink: /home/freesix/far_planner_ws/install/local_planner/share/ament_index/resource_index/package_run_dependencies/local_planner
[0.241s] -- Up-to-date symlink: /home/freesix/far_planner_ws/install/local_planner/share/ament_index/resource_index/parent_prefix_path/local_planner
[0.241s] -- Up-to-date symlink: /home/freesix/far_planner_ws/install/local_planner/share/local_planner/environment/ament_prefix_path.sh
[0.242s] -- Up-to-date symlink: /home/freesix/far_planner_ws/install/local_planner/share/local_planner/environment/ament_prefix_path.dsv
[0.243s] -- Up-to-date symlink: /home/freesix/far_planner_ws/install/local_planner/share/local_planner/environment/path.sh
[0.243s] -- Up-to-date symlink: /home/freesix/far_planner_ws/install/local_planner/share/local_planner/environment/path.dsv
[0.243s] -- Up-to-date symlink: /home/freesix/far_planner_ws/install/local_planner/share/local_planner/local_setup.bash
[0.243s] -- Up-to-date symlink: /home/freesix/far_planner_ws/install/local_planner/share/local_planner/local_setup.sh
[0.243s] -- Up-to-date symlink: /home/freesix/far_planner_ws/install/local_planner/share/local_planner/local_setup.zsh
[0.243s] -- Up-to-date symlink: /home/freesix/far_planner_ws/install/local_planner/share/local_planner/local_setup.dsv
[0.243s] -- Symlinking: /home/freesix/far_planner_ws/install/local_planner/share/local_planner/package.dsv
[0.243s] -- Up-to-date symlink: /home/freesix/far_planner_ws/install/local_planner/share/ament_index/resource_index/packages/local_planner
[0.243s] -- Up-to-date symlink: /home/freesix/far_planner_ws/install/local_planner/share/local_planner/cmake/local_plannerConfig.cmake
[0.244s] -- Up-to-date symlink: /home/freesix/far_planner_ws/install/local_planner/share/local_planner/cmake/local_plannerConfig-version.cmake
[0.244s] -- Up-to-date symlink: /home/freesix/far_planner_ws/install/local_planner/share/local_planner/package.xml
[0.308s] Invoked command in '/home/freesix/far_planner_ws/build/local_planner' returned '0': CMAKE_PREFIX_PATH=/home/freesix/far_planner_ws/install/waypoint_rviz_plugin:/home/freesix/far_planner_ws/install/waypoint_example:/home/freesix/far_planner_ws/install/dsvplanner:/home/freesix/far_planner_ws/install/octomap_world:/home/freesix/far_planner_ws/install/volumetric_msgs:/opt/ros/humble:/home/freesix/far_planner_ws/install/volumetric_map_base:/home/freesix/far_planner_ws/install/visualization_tools:/home/freesix/far_planner_ws/install/velodyne_simulator:/home/freesix/far_planner_ws/install/velodyne_gazebo_plugins:/home/freesix/far_planner_ws/install/velodyne_description:/home/freesix/far_planner_ws/install/vehicle_simulator:/home/freesix/far_planner_ws/install/terrain_analysis_ext:/home/freesix/far_planner_ws/install/terrain_analysis:/home/freesix/far_planner_ws/install/sensor_scan_generation:/home/freesix/far_planner_ws/install/graph_planner:/home/freesix/far_planner_ws/install/graph_utils:/home/freesix/far_planner_ws/install/misc_utils:/home/freesix/far_planner_ws/install/minkindr_conversions:/home/freesix/far_planner_ws/install/minkindr:/home/freesix/far_planner_ws/install/local_planner:/home/freesix/far_planner_ws/install/loam_interface:/home/freesix/far_planner_ws/install/kdtree:/home/freesix/far_planner_ws/install/joy:/home/freesix/far_planner_ws/install/dsvp_launch /usr/local/bin/cmake --install /home/freesix/far_planner_ws/build/local_planner
