[0.035s] Invoking command in '/home/freesix/far_planner_ws/build/vehicle_simulator': CMAKE_PREFIX_PATH=/opt/ros/humble /usr/local/bin/cmake /home/freesix/far_planner_ws/src/autonomous_exploration_development_environment/src/vehicle_simulator -DCMAKE_BUILD_TYPE=Release -DAMENT_CMAKE_SYMLINK_INSTALL=1 -DCMAKE_INSTALL_PREFIX=/home/freesix/far_planner_ws/install/vehicle_simulator
[0.054s] -- Found ament_cmake: 1.3.5 (/opt/ros/humble/share/ament_cmake/cmake)
[0.149s] -- Override CMake install command with custom implementation using symlinks instead of copying resources
[0.154s] -- Found rclcpp: 16.0.5 (/opt/ros/humble/share/rclcpp/cmake)
[0.272s] -- Found rosidl_generator_c: 3.1.5 (/opt/ros/humble/share/rosidl_generator_c/cmake)
[0.275s] -- Found rosidl_adapter: 3.1.5 (/opt/ros/humble/share/rosidl_adapter/cmake)
[0.281s] -- Found rosidl_generator_cpp: 3.1.5 (/opt/ros/humble/share/rosidl_generator_cpp/cmake)
[0.295s] -- Using all available rosidl_typesupport_c: rosidl_typesupport_fastrtps_c;rosidl_typesupport_introspection_c
[0.316s] -- Using all available rosidl_typesupport_cpp: rosidl_typesupport_fastrtps_cpp;rosidl_typesupport_introspection_cpp
[0.379s] -- Found rmw_implementation_cmake: 6.1.1 (/opt/ros/humble/share/rmw_implementation_cmake/cmake)
[0.380s] -- Found rmw_fastrtps_cpp: 6.2.3 (/opt/ros/humble/share/rmw_fastrtps_cpp/cmake)
[3.776s] -- Using RMW implementation 'rmw_fastrtps_cpp' as default
[3.951s] -- Found nav_msgs: 4.2.3 (/opt/ros/humble/share/nav_msgs/cmake)
[4.103s] -- Found sensor_msgs: 4.2.3 (/opt/ros/humble/share/sensor_msgs/cmake)
[4.203s] -- Found tf2_ros: 0.25.3 (/opt/ros/humble/share/tf2_ros/cmake)
[4.563s] -- Found tf2_geometry_msgs: 0.25.3 (/opt/ros/humble/share/tf2_geometry_msgs/cmake)
[4.567s] -- Found eigen3_cmake_module: 0.1.1 (/opt/ros/humble/share/eigen3_cmake_module/cmake)
[4.568s] -- Found Eigen3: TRUE (found version "3.4.0") 
[4.568s] -- Ensuring Eigen3 include directory is part of orocos-kdl CMake target
[4.577s] -- Found gazebo_msgs: 3.7.0 (/opt/ros/humble/share/gazebo_msgs/cmake)
[4.786s] -- Found gazebo_ros: 3.7.0 (/opt/ros/humble/share/gazebo_ros/cmake)
[4.818s] -- Found DART: /usr/include (Required is at least version "6.6") found components: dart 
[4.836s] -- Found Boost: /usr/lib/x86_64-linux-gnu/cmake/Boost-1.74.0/BoostConfig.cmake (found suitable version "1.74.0", minimum required is "1.40.0") found components: thread system filesystem program_options regex iostreams date_time 
[4.846s] -- Found Protobuf: /usr/lib/x86_64-linux-gnu/libprotobuf.so (found version "3.12.4") 
[4.847s] -- Looking for ignition-math6 -- found version 6.12.0
[4.852s] -- Searching for dependencies of ignition-math6
[4.853s] -- Looking for OGRE...
[4.858s] -- Found Ogre Ghadamon (1.9.0)
[4.858s] -- Found OGRE: optimized;/usr/lib/x86_64-linux-gnu/libOgreMain.so;debug;/usr/lib/x86_64-linux-gnu/libOgreMain.so
[4.868s] -- Looking for OGRE_Paging...
[4.868s] -- Found OGRE_Paging: optimized;/usr/lib/x86_64-linux-gnu/libOgrePaging.so;debug;/usr/lib/x86_64-linux-gnu/libOgrePaging.so
[4.868s] -- Looking for OGRE_Terrain...
[4.868s] -- Found OGRE_Terrain: optimized;/usr/lib/x86_64-linux-gnu/libOgreTerrain.so;debug;/usr/lib/x86_64-linux-gnu/libOgreTerrain.so
[4.869s] -- Looking for OGRE_Property...
[4.869s] -- Found OGRE_Property: optimized;/usr/lib/x86_64-linux-gnu/libOgreProperty.so;debug;/usr/lib/x86_64-linux-gnu/libOgreProperty.so
[4.869s] -- Looking for OGRE_RTShaderSystem...
[4.869s] -- Found OGRE_RTShaderSystem: optimized;/usr/lib/x86_64-linux-gnu/libOgreRTShaderSystem.so;debug;/usr/lib/x86_64-linux-gnu/libOgreRTShaderSystem.so
[4.869s] -- Looking for OGRE_Volume...
[4.869s] -- Found OGRE_Volume: optimized;/usr/lib/x86_64-linux-gnu/libOgreVolume.so;debug;/usr/lib/x86_64-linux-gnu/libOgreVolume.so
[4.869s] -- Looking for OGRE_Overlay...
[4.869s] -- Found OGRE_Overlay: optimized;/usr/lib/x86_64-linux-gnu/libOgreOverlay.so;debug;/usr/lib/x86_64-linux-gnu/libOgreOverlay.so
[17.975s] -- Looking for ignition-math6 -- found version 6.12.0
[17.975s] -- Looking for ignition-transport8 -- found version 8.2.1
[17.976s] -- Searching for dependencies of ignition-transport8
[18.727s] -- Found Protobuf: /usr/lib/x86_64-linux-gnu/libprotobuf.so (found suitable version "3.12.4", minimum required is "3") 
[19.480s] -- Config-file not installed for ZeroMQ -- checking for pkg-config
[19.486s] -- Checking for module 'libzmq >= 4'
[19.494s] --   Found libzmq , version 4.3.4
[19.521s] -- Checking for module 'uuid'
[19.529s] --   Found uuid, version 2.37.2
[19.551s] -- Looking for ignition-msgs5 -- found version 5.8.1
[19.551s] -- Searching for dependencies of ignition-msgs5
[20.297s] -- Looking for ignition-math6 -- found version 6.12.0
[20.305s] -- Checking for module 'tinyxml2'
[20.317s] --   Found tinyxml2, version 9.0.0
[20.338s] -- Looking for ignition-msgs5 -- found version 5.8.1
[20.339s] -- Looking for ignition-common3 -- found version 3.14.0
[20.339s] -- Searching for dependencies of ignition-common3
[20.340s] -- Looking for dlfcn.h - found
[20.340s] -- Looking for libdl - found
[20.413s] -- Searching for <ignition-common3> component [graphics]
[20.414s] -- Looking for ignition-common3-graphics -- found version 3.14.0
[20.414s] -- Searching for dependencies of ignition-common3-graphics
[20.414s] -- Looking for ignition-math6 -- found version 6.12.0
[20.417s] -- Looking for ignition-fuel_tools4 -- found version 4.4.0
[20.417s] -- Searching for dependencies of ignition-fuel_tools4
[21.428s] -- Checking for module 'jsoncpp'
[21.437s] --   Found jsoncpp, version 1.9.5
[21.464s] -- Checking for module 'libzip'
[21.472s] --   Found libzip, version 1.7.3
[21.490s] -- Looking for ignition-common3 -- found version 3.14.0
[21.490s] -- Looking for ignition-math6 -- found version 6.12.0
[21.491s] -- Looking for ignition-msgs5 -- found version 5.8.1
[21.504s] -- Gazebo version: 11.10
[21.656s] -- Eigen found (include: /usr/include/eigen3, version: 3.4.0)
[21.672s] -- Found Boost: /usr/lib/x86_64-linux-gnu/cmake/Boost-1.74.0/BoostConfig.cmake (found suitable version "1.74.0", minimum required is "1.65.0") found components: system filesystem date_time iostreams serialization 
[22.730s] -- FLANN found (include: /usr/include, lib: /usr/lib/x86_64-linux-gnu/libflann_cpp.so)
[24.049s] -- Found Eigen3: /usr/include/eigen3 (found version "3.4.0") 
[26.268s] -- OpenNI found (version: 1.5.4.0, include: /usr/include/ni, lib: /usr/lib/libOpenNI.so;libusb::libusb)
[26.274s] -- OpenNI2 found (version: 2.2.0.33, include: /usr/include/openni2, lib: /usr/lib/x86_64-linux-gnu/libOpenNI2.so;libusb::libusb)
[26.276s] [0m** WARNING ** io features related to pcap will be disabled[0m
[28.315s] -- Eigen found (include: /usr/include/eigen3, version: 3.4.0)
[28.317s] -- OpenNI found (version: 1.5.4.0, include: /usr/include/ni, lib: /usr/lib/libOpenNI.so;libusb::libusb)
[28.323s] -- OpenNI2 found (version: 2.2.0.33, include: /usr/include/openni2, lib: /usr/lib/x86_64-linux-gnu/libOpenNI2.so;libusb::libusb)
[61.252s] -- Found Qhull version 8.0.2
[62.845s] -- OpenNI found (version: 1.5.4.0, include: /usr/include/ni, lib: /usr/lib/libOpenNI.so;libusb::libusb)
[64.446s] -- looking for PCL_COMMON
[64.458s] -- looking for PCL_KDTREE
[64.459s] -- looking for PCL_OCTREE
[64.459s] -- looking for PCL_SEARCH
[64.460s] -- looking for PCL_SAMPLE_CONSENSUS
[64.460s] -- looking for PCL_FILTERS
[64.460s] -- looking for PCL_2D
[64.461s] -- looking for PCL_GEOMETRY
[64.461s] -- looking for PCL_IO
[64.461s] -- looking for PCL_FEATURES
[64.462s] -- looking for PCL_ML
[64.462s] -- looking for PCL_SEGMENTATION
[64.463s] -- looking for PCL_VISUALIZATION
[64.464s] -- looking for PCL_SURFACE
[64.464s] -- looking for PCL_REGISTRATION
[64.465s] -- looking for PCL_KEYPOINTS
[64.465s] -- looking for PCL_TRACKING
[64.466s] -- looking for PCL_RECOGNITION
[64.466s] -- looking for PCL_STEREO
[64.467s] -- looking for PCL_APPS
[64.467s] -- looking for PCL_IN_HAND_SCANNER
[64.468s] -- looking for PCL_MODELER
[64.468s] -- looking for PCL_POINT_CLOUD_EDITOR
[64.468s] -- looking for PCL_OUTOFCORE
[64.469s] -- looking for PCL_PEOPLE
[64.474s] -- Found pcl_conversions: 2.4.0 (/opt/ros/humble/share/pcl_conversions/cmake)
[64.652s] -- Found pcl_ros: 2.4.0 (/opt/ros/humble/share/pcl_ros/cmake)
[64.841s] -- Found ament_lint_auto: 0.12.7 (/opt/ros/humble/share/ament_lint_auto/cmake)
[65.032s] -- Added test 'copyright' to check source files copyright and LICENSE
[65.035s] -- Added test 'cppcheck' to perform static code analysis on C / C++ code
[65.036s] -- Configured cppcheck include dirs: /home/freesix/far_planner_ws/src/autonomous_exploration_development_environment/src/vehicle_simulator/include
[65.036s] -- Configured cppcheck exclude dirs and/or files: 
[65.037s] -- Added test 'cpplint' to check C / C++ code against the Google style
[65.037s] -- Configured cpplint exclude dirs and/or files: 
[65.038s] -- Added test 'lint_cmake' to check CMake code style
[65.040s] -- Added test 'uncrustify' to check C / C++ code style
[65.040s] -- Configured uncrustify additional arguments: 
[65.041s] -- Added test 'xmllint' to check XML markup files
[65.044s] -- Configuring done (65.0s)
[65.268s] -- Generating done (0.1s)
[65.272s] -- Build files have been written to: /home/freesix/far_planner_ws/build/vehicle_simulator
[65.370s] Invoked command in '/home/freesix/far_planner_ws/build/vehicle_simulator' returned '0': CMAKE_PREFIX_PATH=/opt/ros/humble /usr/local/bin/cmake /home/freesix/far_planner_ws/src/autonomous_exploration_development_environment/src/vehicle_simulator -DCMAKE_BUILD_TYPE=Release -DAMENT_CMAKE_SYMLINK_INSTALL=1 -DCMAKE_INSTALL_PREFIX=/home/freesix/far_planner_ws/install/vehicle_simulator
[65.375s] Invoking command in '/home/freesix/far_planner_ws/build/vehicle_simulator': CMAKE_PREFIX_PATH=/opt/ros/humble /usr/local/bin/cmake --build /home/freesix/far_planner_ws/build/vehicle_simulator -- -j16 -l16
[65.419s] [ 50%] [32mBuilding CXX object CMakeFiles/vehicleSimulator.dir/src/vehicleSimulator.cpp.o[0m
[83.409s] [100%] [32m[1mLinking CXX executable vehicleSimulator[0m
[84.272s] [100%] Built target vehicleSimulator
[84.276s] Invoked command in '/home/freesix/far_planner_ws/build/vehicle_simulator' returned '0': CMAKE_PREFIX_PATH=/opt/ros/humble /usr/local/bin/cmake --build /home/freesix/far_planner_ws/build/vehicle_simulator -- -j16 -l16
[84.291s] Invoking command in '/home/freesix/far_planner_ws/build/vehicle_simulator': CMAKE_PREFIX_PATH=/opt/ros/humble /usr/local/bin/cmake --install /home/freesix/far_planner_ws/build/vehicle_simulator
[84.292s] -- Install configuration: "Release"
[84.293s] -- Execute custom install script
[84.294s] -- Symlinking: /home/freesix/far_planner_ws/install/vehicle_simulator/lib/vehicle_simulator/vehicleSimulator
[84.297s] -- Symlinking: /home/freesix/far_planner_ws/install/vehicle_simulator/share/vehicle_simulator/launch/system_campus.launch
[84.299s] -- Symlinking: /home/freesix/far_planner_ws/install/vehicle_simulator/share/vehicle_simulator/launch/system_forest.launch
[84.301s] -- Symlinking: /home/freesix/far_planner_ws/install/vehicle_simulator/share/vehicle_simulator/launch/system_garage.launch
[84.302s] -- Symlinking: /home/freesix/far_planner_ws/install/vehicle_simulator/share/vehicle_simulator/launch/system_indoor.launch
[84.304s] -- Symlinking: /home/freesix/far_planner_ws/install/vehicle_simulator/share/vehicle_simulator/launch/system_real_robot.launch
[84.306s] -- Symlinking: /home/freesix/far_planner_ws/install/vehicle_simulator/share/vehicle_simulator/launch/system_tunnel.launch
[84.308s] -- Symlinking: /home/freesix/far_planner_ws/install/vehicle_simulator/share/vehicle_simulator/launch/vehicle_simulator.launch
[84.310s] -- Symlinking: /home/freesix/far_planner_ws/install/vehicle_simulator/share/vehicle_simulator/log/readme.txt
[84.312s] -- Symlinking: /home/freesix/far_planner_ws/install/vehicle_simulator/share/vehicle_simulator/mesh/download_environments.sh
[84.314s] -- Symlinking: /home/freesix/far_planner_ws/install/vehicle_simulator/share/vehicle_simulator/rviz/vehicle_simulator.rviz
[84.316s] -- Symlinking: /home/freesix/far_planner_ws/install/vehicle_simulator/share/vehicle_simulator/urdf/camera.urdf.xacro
[84.318s] -- Symlinking: /home/freesix/far_planner_ws/install/vehicle_simulator/share/vehicle_simulator/urdf/lidar.urdf.xacro
[84.320s] -- Symlinking: /home/freesix/far_planner_ws/install/vehicle_simulator/share/vehicle_simulator/urdf/robot.sdf
[84.323s] -- Symlinking: /home/freesix/far_planner_ws/install/vehicle_simulator/share/vehicle_simulator/world/campus.world
[84.325s] -- Symlinking: /home/freesix/far_planner_ws/install/vehicle_simulator/share/vehicle_simulator/world/forest.world
[84.327s] -- Symlinking: /home/freesix/far_planner_ws/install/vehicle_simulator/share/vehicle_simulator/world/garage.world
[84.329s] -- Symlinking: /home/freesix/far_planner_ws/install/vehicle_simulator/share/vehicle_simulator/world/indoor.world
[84.331s] -- Symlinking: /home/freesix/far_planner_ws/install/vehicle_simulator/share/vehicle_simulator/world/tunnel.world
[84.333s] -- Symlinking: /home/freesix/far_planner_ws/install/vehicle_simulator/share/ament_index/resource_index/package_run_dependencies/vehicle_simulator
[84.335s] -- Symlinking: /home/freesix/far_planner_ws/install/vehicle_simulator/share/ament_index/resource_index/parent_prefix_path/vehicle_simulator
[84.336s] -- Symlinking: /home/freesix/far_planner_ws/install/vehicle_simulator/share/vehicle_simulator/environment/ament_prefix_path.sh
[84.338s] -- Symlinking: /home/freesix/far_planner_ws/install/vehicle_simulator/share/vehicle_simulator/environment/ament_prefix_path.dsv
[84.340s] -- Symlinking: /home/freesix/far_planner_ws/install/vehicle_simulator/share/vehicle_simulator/environment/path.sh
[84.342s] -- Symlinking: /home/freesix/far_planner_ws/install/vehicle_simulator/share/vehicle_simulator/environment/path.dsv
[84.344s] -- Symlinking: /home/freesix/far_planner_ws/install/vehicle_simulator/share/vehicle_simulator/local_setup.bash
[84.346s] -- Symlinking: /home/freesix/far_planner_ws/install/vehicle_simulator/share/vehicle_simulator/local_setup.sh
[84.348s] -- Symlinking: /home/freesix/far_planner_ws/install/vehicle_simulator/share/vehicle_simulator/local_setup.zsh
[84.350s] -- Symlinking: /home/freesix/far_planner_ws/install/vehicle_simulator/share/vehicle_simulator/local_setup.dsv
[84.352s] -- Symlinking: /home/freesix/far_planner_ws/install/vehicle_simulator/share/vehicle_simulator/package.dsv
[84.354s] -- Symlinking: /home/freesix/far_planner_ws/install/vehicle_simulator/share/ament_index/resource_index/packages/vehicle_simulator
[84.355s] -- Symlinking: /home/freesix/far_planner_ws/install/vehicle_simulator/share/vehicle_simulator/cmake/vehicle_simulatorConfig.cmake
[84.357s] -- Symlinking: /home/freesix/far_planner_ws/install/vehicle_simulator/share/vehicle_simulator/cmake/vehicle_simulatorConfig-version.cmake
[84.359s] -- Symlinking: /home/freesix/far_planner_ws/install/vehicle_simulator/share/vehicle_simulator/package.xml
[84.363s] Invoked command in '/home/freesix/far_planner_ws/build/vehicle_simulator' returned '0': CMAKE_PREFIX_PATH=/opt/ros/humble /usr/local/bin/cmake --install /home/freesix/far_planner_ws/build/vehicle_simulator
