[0.000000] (-) TimerEvent: {}
[0.000125] (-) JobUnselected: {'identifier': 'dsvp_launch'}
[0.000146] (-) JobUnselected: {'identifier': 'dsvplanner'}
[0.000157] (-) JobUnselected: {'identifier': 'graph_planner'}
[0.000167] (-) JobUnselected: {'identifier': 'graph_utils'}
[0.000176] (-) JobUnselected: {'identifier': 'joy'}
[0.000190] (-) JobUnselected: {'identifier': 'kdtree'}
[0.000203] (-) JobUnselected: {'identifier': 'loam_interface'}
[0.000215] (-) JobUnselected: {'identifier': 'local_planner'}
[0.000249] (-) JobUnselected: {'identifier': 'minkindr'}
[0.000271] (-) JobUnselected: {'identifier': 'minkindr_conversions'}
[0.000282] (-) JobUnselected: {'identifier': 'misc_utils'}
[0.000291] (-) JobUnselected: {'identifier': 'octomap_world'}
[0.000299] (-) JobUnselected: {'identifier': 'sensor_scan_generation'}
[0.000309] (-) JobUnselected: {'identifier': 'terrain_analysis'}
[0.000318] (-) JobUnselected: {'identifier': 'terrain_analysis_ext'}
[0.000327] (-) JobUnselected: {'identifier': 'vehicle_simulator'}
[0.000354] (-) JobUnselected: {'identifier': 'velodyne_description'}
[0.000363] (-) JobUnselected: {'identifier': 'velodyne_gazebo_plugins'}
[0.000373] (-) JobUnselected: {'identifier': 'velodyne_simulator'}
[0.000382] (-) JobUnselected: {'identifier': 'visualization_tools'}
[0.000398] (-) JobUnselected: {'identifier': 'volumetric_map_base'}
[0.000408] (-) JobUnselected: {'identifier': 'volumetric_msgs'}
[0.000417] (-) JobUnselected: {'identifier': 'waypoint_example'}
[0.000433] (-) JobUnselected: {'identifier': 'waypoint_rviz_plugin'}
[0.000442] (-) EventReactorShutdown: {}
