[0.041s] Invoking command in '/home/freesix/far_planner_ws/build/visualization_tools': CMAKE_PREFIX_PATH=/opt/ros/humble /usr/local/bin/cmake --build /home/freesix/far_planner_ws/build/visualization_tools -- -j16 -l16
[0.076s] [  0%] Built target ament_cmake_python_symlink_visualization_tools
[0.100s] [100%] Built target visualizationTools
[0.234s] running egg_info
[0.234s] writing visualization_tools.egg-info/PKG-INFO
[0.234s] writing dependency_links to visualization_tools.egg-info/dependency_links.txt
[0.234s] writing top-level names to visualization_tools.egg-info/top_level.txt
[0.236s] reading manifest file 'visualization_tools.egg-info/SOURCES.txt'
[0.236s] writing manifest file 'visualization_tools.egg-info/SOURCES.txt'
[0.251s] [100%] Built target ament_cmake_python_build_visualization_tools_egg
[0.293s] Invoked command in '/home/freesix/far_planner_ws/build/visualization_tools' returned '0': CMAKE_PREFIX_PATH=/opt/ros/humble /usr/local/bin/cmake --build /home/freesix/far_planner_ws/build/visualization_tools -- -j16 -l16
[0.326s] Invoking command in '/home/freesix/far_planner_ws/build/visualization_tools': CMAKE_PREFIX_PATH=/opt/ros/humble /usr/local/bin/cmake --install /home/freesix/far_planner_ws/build/visualization_tools
[0.329s] -- Install configuration: "Release"
[0.329s] -- Execute custom install script
[0.329s] -- Up-to-date symlink: /home/freesix/far_planner_ws/install/visualization_tools/lib/visualization_tools/visualizationTools
[0.330s] -- Up-to-date symlink: /home/freesix/far_planner_ws/install/visualization_tools/share/visualization_tools/launch/visualization_tools.launch
[0.330s] -- Up-to-date symlink: /home/freesix/far_planner_ws/install/visualization_tools/share/visualization_tools/environment/pythonpath.sh
[0.331s] -- Up-to-date symlink: /home/freesix/far_planner_ws/install/visualization_tools/share/visualization_tools/environment/pythonpath.dsv
[0.331s] -- Up-to-date symlink: /home/freesix/far_planner_ws/install/visualization_tools/local/lib/python3.10/dist-packages/visualization_tools-0.0.1-py3.10.egg-info/PKG-INFO
[0.331s] -- Up-to-date symlink: /home/freesix/far_planner_ws/install/visualization_tools/local/lib/python3.10/dist-packages/visualization_tools-0.0.1-py3.10.egg-info/SOURCES.txt
[0.334s] -- Up-to-date symlink: /home/freesix/far_planner_ws/install/visualization_tools/local/lib/python3.10/dist-packages/visualization_tools-0.0.1-py3.10.egg-info/dependency_links.txt
[0.334s] -- Up-to-date symlink: /home/freesix/far_planner_ws/install/visualization_tools/local/lib/python3.10/dist-packages/visualization_tools-0.0.1-py3.10.egg-info/top_level.txt
[0.334s] -- Up-to-date symlink: /home/freesix/far_planner_ws/install/visualization_tools/local/lib/python3.10/dist-packages/visualization_tools/__init__.py
[0.334s] -- Up-to-date symlink: /home/freesix/far_planner_ws/install/visualization_tools/lib/visualization_tools/realTimePlot.py
[0.335s] -- Up-to-date symlink: /home/freesix/far_planner_ws/install/visualization_tools/share/ament_index/resource_index/package_run_dependencies/visualization_tools
[0.335s] -- Up-to-date symlink: /home/freesix/far_planner_ws/install/visualization_tools/share/ament_index/resource_index/parent_prefix_path/visualization_tools
[0.335s] -- Up-to-date symlink: /home/freesix/far_planner_ws/install/visualization_tools/share/visualization_tools/environment/ament_prefix_path.sh
[0.335s] -- Up-to-date symlink: /home/freesix/far_planner_ws/install/visualization_tools/share/visualization_tools/environment/ament_prefix_path.dsv
[0.335s] -- Up-to-date symlink: /home/freesix/far_planner_ws/install/visualization_tools/share/visualization_tools/environment/path.sh
[0.335s] -- Up-to-date symlink: /home/freesix/far_planner_ws/install/visualization_tools/share/visualization_tools/environment/path.dsv
[0.335s] -- Up-to-date symlink: /home/freesix/far_planner_ws/install/visualization_tools/share/visualization_tools/local_setup.bash
[0.335s] -- Up-to-date symlink: /home/freesix/far_planner_ws/install/visualization_tools/share/visualization_tools/local_setup.sh
[0.335s] -- Up-to-date symlink: /home/freesix/far_planner_ws/install/visualization_tools/share/visualization_tools/local_setup.zsh
[0.335s] -- Up-to-date symlink: /home/freesix/far_planner_ws/install/visualization_tools/share/visualization_tools/local_setup.dsv
[0.336s] -- Symlinking: /home/freesix/far_planner_ws/install/visualization_tools/share/visualization_tools/package.dsv
[0.336s] -- Up-to-date symlink: /home/freesix/far_planner_ws/install/visualization_tools/share/ament_index/resource_index/packages/visualization_tools
[0.336s] -- Up-to-date symlink: /home/freesix/far_planner_ws/install/visualization_tools/share/visualization_tools/cmake/visualization_toolsConfig.cmake
[0.336s] -- Up-to-date symlink: /home/freesix/far_planner_ws/install/visualization_tools/share/visualization_tools/cmake/visualization_toolsConfig-version.cmake
[0.336s] -- Up-to-date symlink: /home/freesix/far_planner_ws/install/visualization_tools/share/visualization_tools/package.xml
[0.353s] Listing '/home/freesix/far_planner_ws/install/visualization_tools/local/lib/python3.10/dist-packages/visualization_tools'...
[0.358s] Invoked command in '/home/freesix/far_planner_ws/build/visualization_tools' returned '0': CMAKE_PREFIX_PATH=/opt/ros/humble /usr/local/bin/cmake --install /home/freesix/far_planner_ws/build/visualization_tools
