[0.081s] Invoking command in '/home/freesix/far_planner_ws/build/visualization_tools': CMAKE_PREFIX_PATH=/home/freesix/far_planner_ws/install/waypoint_rviz_plugin:/home/freesix/far_planner_ws/install/waypoint_example:/home/freesix/far_planner_ws/install/dsvplanner:/home/freesix/far_planner_ws/install/octomap_world:/home/freesix/far_planner_ws/install/volumetric_msgs:/opt/ros/humble:/home/freesix/far_planner_ws/install/volumetric_map_base:/home/freesix/far_planner_ws/install/visualization_tools:/home/freesix/far_planner_ws/install/velodyne_simulator:/home/freesix/far_planner_ws/install/velodyne_gazebo_plugins:/home/freesix/far_planner_ws/install/velodyne_description:/home/freesix/far_planner_ws/install/vehicle_simulator:/home/freesix/far_planner_ws/install/terrain_analysis_ext:/home/freesix/far_planner_ws/install/terrain_analysis:/home/freesix/far_planner_ws/install/sensor_scan_generation:/home/freesix/far_planner_ws/install/graph_planner:/home/freesix/far_planner_ws/install/graph_utils:/home/freesix/far_planner_ws/install/misc_utils:/home/freesix/far_planner_ws/install/minkindr_conversions:/home/freesix/far_planner_ws/install/minkindr:/home/freesix/far_planner_ws/install/local_planner:/home/freesix/far_planner_ws/install/loam_interface:/home/freesix/far_planner_ws/install/kdtree:/home/freesix/far_planner_ws/install/joy:/home/freesix/far_planner_ws/install/dsvp_launch /usr/local/bin/cmake --build /home/freesix/far_planner_ws/build/visualization_tools -- -j16 -l16
[0.117s] [  0%] Built target ament_cmake_python_symlink_visualization_tools
[0.128s] [100%] Built target visualizationTools
[0.291s] running egg_info
[0.292s] writing visualization_tools.egg-info/PKG-INFO
[0.292s] writing dependency_links to visualization_tools.egg-info/dependency_links.txt
[0.292s] writing top-level names to visualization_tools.egg-info/top_level.txt
[0.293s] reading manifest file 'visualization_tools.egg-info/SOURCES.txt'
[0.296s] writing manifest file 'visualization_tools.egg-info/SOURCES.txt'
[0.311s] [100%] Built target ament_cmake_python_build_visualization_tools_egg
[0.400s] Invoked command in '/home/freesix/far_planner_ws/build/visualization_tools' returned '0': CMAKE_PREFIX_PATH=/home/freesix/far_planner_ws/install/waypoint_rviz_plugin:/home/freesix/far_planner_ws/install/waypoint_example:/home/freesix/far_planner_ws/install/dsvplanner:/home/freesix/far_planner_ws/install/octomap_world:/home/freesix/far_planner_ws/install/volumetric_msgs:/opt/ros/humble:/home/freesix/far_planner_ws/install/volumetric_map_base:/home/freesix/far_planner_ws/install/visualization_tools:/home/freesix/far_planner_ws/install/velodyne_simulator:/home/freesix/far_planner_ws/install/velodyne_gazebo_plugins:/home/freesix/far_planner_ws/install/velodyne_description:/home/freesix/far_planner_ws/install/vehicle_simulator:/home/freesix/far_planner_ws/install/terrain_analysis_ext:/home/freesix/far_planner_ws/install/terrain_analysis:/home/freesix/far_planner_ws/install/sensor_scan_generation:/home/freesix/far_planner_ws/install/graph_planner:/home/freesix/far_planner_ws/install/graph_utils:/home/freesix/far_planner_ws/install/misc_utils:/home/freesix/far_planner_ws/install/minkindr_conversions:/home/freesix/far_planner_ws/install/minkindr:/home/freesix/far_planner_ws/install/local_planner:/home/freesix/far_planner_ws/install/loam_interface:/home/freesix/far_planner_ws/install/kdtree:/home/freesix/far_planner_ws/install/joy:/home/freesix/far_planner_ws/install/dsvp_launch /usr/local/bin/cmake --build /home/freesix/far_planner_ws/build/visualization_tools -- -j16 -l16
[0.587s] Invoking command in '/home/freesix/far_planner_ws/build/visualization_tools': CMAKE_PREFIX_PATH=/home/freesix/far_planner_ws/install/waypoint_rviz_plugin:/home/freesix/far_planner_ws/install/waypoint_example:/home/freesix/far_planner_ws/install/dsvplanner:/home/freesix/far_planner_ws/install/octomap_world:/home/freesix/far_planner_ws/install/volumetric_msgs:/opt/ros/humble:/home/freesix/far_planner_ws/install/volumetric_map_base:/home/freesix/far_planner_ws/install/visualization_tools:/home/freesix/far_planner_ws/install/velodyne_simulator:/home/freesix/far_planner_ws/install/velodyne_gazebo_plugins:/home/freesix/far_planner_ws/install/velodyne_description:/home/freesix/far_planner_ws/install/vehicle_simulator:/home/freesix/far_planner_ws/install/terrain_analysis_ext:/home/freesix/far_planner_ws/install/terrain_analysis:/home/freesix/far_planner_ws/install/sensor_scan_generation:/home/freesix/far_planner_ws/install/graph_planner:/home/freesix/far_planner_ws/install/graph_utils:/home/freesix/far_planner_ws/install/misc_utils:/home/freesix/far_planner_ws/install/minkindr_conversions:/home/freesix/far_planner_ws/install/minkindr:/home/freesix/far_planner_ws/install/local_planner:/home/freesix/far_planner_ws/install/loam_interface:/home/freesix/far_planner_ws/install/kdtree:/home/freesix/far_planner_ws/install/joy:/home/freesix/far_planner_ws/install/dsvp_launch /usr/local/bin/cmake --install /home/freesix/far_planner_ws/build/visualization_tools
[0.590s] -- Install configuration: "Release"
[0.590s] -- Execute custom install script
[0.590s] -- Up-to-date symlink: /home/freesix/far_planner_ws/install/visualization_tools/lib/visualization_tools/visualizationTools
[0.591s] -- Up-to-date symlink: /home/freesix/far_planner_ws/install/visualization_tools/share/visualization_tools/launch/visualization_tools.launch
[0.591s] -- Up-to-date symlink: /home/freesix/far_planner_ws/install/visualization_tools/share/visualization_tools/environment/pythonpath.sh
[0.591s] -- Up-to-date symlink: /home/freesix/far_planner_ws/install/visualization_tools/share/visualization_tools/environment/pythonpath.dsv
[0.591s] -- Up-to-date symlink: /home/freesix/far_planner_ws/install/visualization_tools/local/lib/python3.10/dist-packages/visualization_tools-0.0.1-py3.10.egg-info/PKG-INFO
[0.592s] -- Up-to-date symlink: /home/freesix/far_planner_ws/install/visualization_tools/local/lib/python3.10/dist-packages/visualization_tools-0.0.1-py3.10.egg-info/SOURCES.txt
[0.592s] -- Up-to-date symlink: /home/freesix/far_planner_ws/install/visualization_tools/local/lib/python3.10/dist-packages/visualization_tools-0.0.1-py3.10.egg-info/dependency_links.txt
[0.592s] -- Up-to-date symlink: /home/freesix/far_planner_ws/install/visualization_tools/local/lib/python3.10/dist-packages/visualization_tools-0.0.1-py3.10.egg-info/top_level.txt
[0.592s] -- Up-to-date symlink: /home/freesix/far_planner_ws/install/visualization_tools/local/lib/python3.10/dist-packages/visualization_tools/__init__.py
[0.592s] -- Up-to-date symlink: /home/freesix/far_planner_ws/install/visualization_tools/lib/visualization_tools/realTimePlot.py
[0.593s] -- Up-to-date symlink: /home/freesix/far_planner_ws/install/visualization_tools/share/ament_index/resource_index/package_run_dependencies/visualization_tools
[0.593s] -- Up-to-date symlink: /home/freesix/far_planner_ws/install/visualization_tools/share/ament_index/resource_index/parent_prefix_path/visualization_tools
[0.593s] -- Up-to-date symlink: /home/freesix/far_planner_ws/install/visualization_tools/share/visualization_tools/environment/ament_prefix_path.sh
[0.593s] -- Up-to-date symlink: /home/freesix/far_planner_ws/install/visualization_tools/share/visualization_tools/environment/ament_prefix_path.dsv
[0.593s] -- Up-to-date symlink: /home/freesix/far_planner_ws/install/visualization_tools/share/visualization_tools/environment/path.sh
[0.593s] -- Up-to-date symlink: /home/freesix/far_planner_ws/install/visualization_tools/share/visualization_tools/environment/path.dsv
[0.593s] -- Up-to-date symlink: /home/freesix/far_planner_ws/install/visualization_tools/share/visualization_tools/local_setup.bash
[0.593s] -- Up-to-date symlink: /home/freesix/far_planner_ws/install/visualization_tools/share/visualization_tools/local_setup.sh
[0.593s] -- Up-to-date symlink: /home/freesix/far_planner_ws/install/visualization_tools/share/visualization_tools/local_setup.zsh
[0.594s] -- Up-to-date symlink: /home/freesix/far_planner_ws/install/visualization_tools/share/visualization_tools/local_setup.dsv
[0.594s] -- Symlinking: /home/freesix/far_planner_ws/install/visualization_tools/share/visualization_tools/package.dsv
[0.601s] -- Up-to-date symlink: /home/freesix/far_planner_ws/install/visualization_tools/share/ament_index/resource_index/packages/visualization_tools
[0.602s] -- Up-to-date symlink: /home/freesix/far_planner_ws/install/visualization_tools/share/visualization_tools/cmake/visualization_toolsConfig.cmake
[0.602s] -- Up-to-date symlink: /home/freesix/far_planner_ws/install/visualization_tools/share/visualization_tools/cmake/visualization_toolsConfig-version.cmake
[0.602s] -- Up-to-date symlink: /home/freesix/far_planner_ws/install/visualization_tools/share/visualization_tools/package.xml
[0.633s] Listing '/home/freesix/far_planner_ws/install/visualization_tools/local/lib/python3.10/dist-packages/visualization_tools'...
[0.656s] Invoked command in '/home/freesix/far_planner_ws/build/visualization_tools' returned '0': CMAKE_PREFIX_PATH=/home/freesix/far_planner_ws/install/waypoint_rviz_plugin:/home/freesix/far_planner_ws/install/waypoint_example:/home/freesix/far_planner_ws/install/dsvplanner:/home/freesix/far_planner_ws/install/octomap_world:/home/freesix/far_planner_ws/install/volumetric_msgs:/opt/ros/humble:/home/freesix/far_planner_ws/install/volumetric_map_base:/home/freesix/far_planner_ws/install/visualization_tools:/home/freesix/far_planner_ws/install/velodyne_simulator:/home/freesix/far_planner_ws/install/velodyne_gazebo_plugins:/home/freesix/far_planner_ws/install/velodyne_description:/home/freesix/far_planner_ws/install/vehicle_simulator:/home/freesix/far_planner_ws/install/terrain_analysis_ext:/home/freesix/far_planner_ws/install/terrain_analysis:/home/freesix/far_planner_ws/install/sensor_scan_generation:/home/freesix/far_planner_ws/install/graph_planner:/home/freesix/far_planner_ws/install/graph_utils:/home/freesix/far_planner_ws/install/misc_utils:/home/freesix/far_planner_ws/install/minkindr_conversions:/home/freesix/far_planner_ws/install/minkindr:/home/freesix/far_planner_ws/install/local_planner:/home/freesix/far_planner_ws/install/loam_interface:/home/freesix/far_planner_ws/install/kdtree:/home/freesix/far_planner_ws/install/joy:/home/freesix/far_planner_ws/install/dsvp_launch /usr/local/bin/cmake --install /home/freesix/far_planner_ws/build/visualization_tools
