[0.073s] Invoking command in '/home/freesix/far_planner_ws/build/joy': CMAKE_PREFIX_PATH=/home/freesix/far_planner_ws/install/waypoint_rviz_plugin:/home/freesix/far_planner_ws/install/waypoint_example:/home/freesix/far_planner_ws/install/dsvplanner:/home/freesix/far_planner_ws/install/octomap_world:/home/freesix/far_planner_ws/install/volumetric_msgs:/opt/ros/humble:/home/freesix/far_planner_ws/install/volumetric_map_base:/home/freesix/far_planner_ws/install/visualization_tools:/home/freesix/far_planner_ws/install/velodyne_simulator:/home/freesix/far_planner_ws/install/velodyne_gazebo_plugins:/home/freesix/far_planner_ws/install/velodyne_description:/home/freesix/far_planner_ws/install/vehicle_simulator:/home/freesix/far_planner_ws/install/terrain_analysis_ext:/home/freesix/far_planner_ws/install/terrain_analysis:/home/freesix/far_planner_ws/install/sensor_scan_generation:/home/freesix/far_planner_ws/install/graph_planner:/home/freesix/far_planner_ws/install/graph_utils:/home/freesix/far_planner_ws/install/misc_utils:/home/freesix/far_planner_ws/install/minkindr_conversions:/home/freesix/far_planner_ws/install/minkindr:/home/freesix/far_planner_ws/install/local_planner:/home/freesix/far_planner_ws/install/loam_interface:/home/freesix/far_planner_ws/install/kdtree:/home/freesix/far_planner_ws/install/joy:/home/freesix/far_planner_ws/install/dsvp_launch /usr/local/bin/cmake --build /home/freesix/far_planner_ws/build/joy -- -j16 -l16
[0.143s] [ 33%] Built target joy_enumerate_devices
[0.144s] [ 66%] Built target joy_node
[0.144s] [100%] Built target joy
[0.169s] Invoked command in '/home/freesix/far_planner_ws/build/joy' returned '0': CMAKE_PREFIX_PATH=/home/freesix/far_planner_ws/install/waypoint_rviz_plugin:/home/freesix/far_planner_ws/install/waypoint_example:/home/freesix/far_planner_ws/install/dsvplanner:/home/freesix/far_planner_ws/install/octomap_world:/home/freesix/far_planner_ws/install/volumetric_msgs:/opt/ros/humble:/home/freesix/far_planner_ws/install/volumetric_map_base:/home/freesix/far_planner_ws/install/visualization_tools:/home/freesix/far_planner_ws/install/velodyne_simulator:/home/freesix/far_planner_ws/install/velodyne_gazebo_plugins:/home/freesix/far_planner_ws/install/velodyne_description:/home/freesix/far_planner_ws/install/vehicle_simulator:/home/freesix/far_planner_ws/install/terrain_analysis_ext:/home/freesix/far_planner_ws/install/terrain_analysis:/home/freesix/far_planner_ws/install/sensor_scan_generation:/home/freesix/far_planner_ws/install/graph_planner:/home/freesix/far_planner_ws/install/graph_utils:/home/freesix/far_planner_ws/install/misc_utils:/home/freesix/far_planner_ws/install/minkindr_conversions:/home/freesix/far_planner_ws/install/minkindr:/home/freesix/far_planner_ws/install/local_planner:/home/freesix/far_planner_ws/install/loam_interface:/home/freesix/far_planner_ws/install/kdtree:/home/freesix/far_planner_ws/install/joy:/home/freesix/far_planner_ws/install/dsvp_launch /usr/local/bin/cmake --build /home/freesix/far_planner_ws/build/joy -- -j16 -l16
[0.242s] Invoking command in '/home/freesix/far_planner_ws/build/joy': CMAKE_PREFIX_PATH=/home/freesix/far_planner_ws/install/waypoint_rviz_plugin:/home/freesix/far_planner_ws/install/waypoint_example:/home/freesix/far_planner_ws/install/dsvplanner:/home/freesix/far_planner_ws/install/octomap_world:/home/freesix/far_planner_ws/install/volumetric_msgs:/opt/ros/humble:/home/freesix/far_planner_ws/install/volumetric_map_base:/home/freesix/far_planner_ws/install/visualization_tools:/home/freesix/far_planner_ws/install/velodyne_simulator:/home/freesix/far_planner_ws/install/velodyne_gazebo_plugins:/home/freesix/far_planner_ws/install/velodyne_description:/home/freesix/far_planner_ws/install/vehicle_simulator:/home/freesix/far_planner_ws/install/terrain_analysis_ext:/home/freesix/far_planner_ws/install/terrain_analysis:/home/freesix/far_planner_ws/install/sensor_scan_generation:/home/freesix/far_planner_ws/install/graph_planner:/home/freesix/far_planner_ws/install/graph_utils:/home/freesix/far_planner_ws/install/misc_utils:/home/freesix/far_planner_ws/install/minkindr_conversions:/home/freesix/far_planner_ws/install/minkindr:/home/freesix/far_planner_ws/install/local_planner:/home/freesix/far_planner_ws/install/loam_interface:/home/freesix/far_planner_ws/install/kdtree:/home/freesix/far_planner_ws/install/joy:/home/freesix/far_planner_ws/install/dsvp_launch /usr/local/bin/cmake --install /home/freesix/far_planner_ws/build/joy
[0.254s] -- Install configuration: "Release"
[0.254s] -- Execute custom install script
[0.254s] -- Up-to-date symlink: /home/freesix/far_planner_ws/install/joy/lib/joy/joy_node
[0.254s] -- Up-to-date symlink: /home/freesix/far_planner_ws/install/joy/lib/joy/joy_enumerate_devices
[0.254s] -- Up-to-date symlink: /home/freesix/far_planner_ws/install/joy/include/joy/joy/joy.hpp
[0.254s] -- Up-to-date symlink: /home/freesix/far_planner_ws/install/joy/share/joy/config/joy-params.yaml
[0.255s] -- Up-to-date symlink: /home/freesix/far_planner_ws/install/joy/share/joy/launch/joy-composed-launch.py
[0.255s] -- Up-to-date symlink: /home/freesix/far_planner_ws/install/joy/share/joy/launch/joy-launch.py
[0.255s] -- Up-to-date symlink: /home/freesix/far_planner_ws/install/joy/share/ament_index/resource_index/package_run_dependencies/joy
[0.255s] -- Up-to-date symlink: /home/freesix/far_planner_ws/install/joy/share/ament_index/resource_index/parent_prefix_path/joy
[0.255s] -- Up-to-date symlink: /home/freesix/far_planner_ws/install/joy/share/joy/environment/ament_prefix_path.sh
[0.255s] -- Up-to-date symlink: /home/freesix/far_planner_ws/install/joy/share/joy/environment/ament_prefix_path.dsv
[0.256s] -- Up-to-date symlink: /home/freesix/far_planner_ws/install/joy/share/joy/environment/path.sh
[0.256s] -- Up-to-date symlink: /home/freesix/far_planner_ws/install/joy/share/joy/environment/path.dsv
[0.256s] -- Up-to-date symlink: /home/freesix/far_planner_ws/install/joy/share/joy/local_setup.bash
[0.256s] -- Up-to-date symlink: /home/freesix/far_planner_ws/install/joy/share/joy/local_setup.sh
[0.256s] -- Up-to-date symlink: /home/freesix/far_planner_ws/install/joy/share/joy/local_setup.zsh
[0.256s] -- Up-to-date symlink: /home/freesix/far_planner_ws/install/joy/share/joy/local_setup.dsv
[0.256s] -- Symlinking: /home/freesix/far_planner_ws/install/joy/share/joy/package.dsv
[0.256s] -- Up-to-date symlink: /home/freesix/far_planner_ws/install/joy/share/ament_index/resource_index/packages/joy
[0.256s] -- Up-to-date symlink: /home/freesix/far_planner_ws/install/joy/share/ament_index/resource_index/rclcpp_components/joy
[0.257s] -- Up-to-date symlink: /home/freesix/far_planner_ws/install/joy/share/joy/cmake/ament_cmake_export_targets-extras.cmake
[0.257s] -- Up-to-date symlink: /home/freesix/far_planner_ws/install/joy/share/joy/cmake/ament_cmake_export_dependencies-extras.cmake
[0.257s] -- Up-to-date symlink: /home/freesix/far_planner_ws/install/joy/share/joy/cmake/joyConfig.cmake
[0.259s] -- Up-to-date symlink: /home/freesix/far_planner_ws/install/joy/share/joy/cmake/joyConfig-version.cmake
[0.259s] -- Up-to-date symlink: /home/freesix/far_planner_ws/install/joy/share/joy/package.xml
[0.259s] -- Up-to-date: /home/freesix/far_planner_ws/install/joy/lib/libjoy.so
[0.259s] -- Up-to-date: /home/freesix/far_planner_ws/install/joy/share/joy/cmake/export_joyExport.cmake
[0.259s] -- Up-to-date: /home/freesix/far_planner_ws/install/joy/share/joy/cmake/export_joyExport-release.cmake
[0.362s] Invoked command in '/home/freesix/far_planner_ws/build/joy' returned '0': CMAKE_PREFIX_PATH=/home/freesix/far_planner_ws/install/waypoint_rviz_plugin:/home/freesix/far_planner_ws/install/waypoint_example:/home/freesix/far_planner_ws/install/dsvplanner:/home/freesix/far_planner_ws/install/octomap_world:/home/freesix/far_planner_ws/install/volumetric_msgs:/opt/ros/humble:/home/freesix/far_planner_ws/install/volumetric_map_base:/home/freesix/far_planner_ws/install/visualization_tools:/home/freesix/far_planner_ws/install/velodyne_simulator:/home/freesix/far_planner_ws/install/velodyne_gazebo_plugins:/home/freesix/far_planner_ws/install/velodyne_description:/home/freesix/far_planner_ws/install/vehicle_simulator:/home/freesix/far_planner_ws/install/terrain_analysis_ext:/home/freesix/far_planner_ws/install/terrain_analysis:/home/freesix/far_planner_ws/install/sensor_scan_generation:/home/freesix/far_planner_ws/install/graph_planner:/home/freesix/far_planner_ws/install/graph_utils:/home/freesix/far_planner_ws/install/misc_utils:/home/freesix/far_planner_ws/install/minkindr_conversions:/home/freesix/far_planner_ws/install/minkindr:/home/freesix/far_planner_ws/install/local_planner:/home/freesix/far_planner_ws/install/loam_interface:/home/freesix/far_planner_ws/install/kdtree:/home/freesix/far_planner_ws/install/joy:/home/freesix/far_planner_ws/install/dsvp_launch /usr/local/bin/cmake --install /home/freesix/far_planner_ws/build/joy
