[0.257s] Invoking command in '/home/freesix/far_planner_ws/src/build/minkindr_conversions': CMAKE_PREFIX_PATH=/opt/ros/humble:/home/freesix/far_planner_ws/src/install/minkindr PKG_CONFIG_PATH=/home/freesix/far_planner_ws/src/install/minkindr/lib/x86_64-linux-gnu/pkgconfig:/home/freesix/far_planner_ws/src/install/minkindr/lib/pkgconfig ROS_PACKAGE_PATH=/home/freesix/far_planner_ws/src/install/minkindr/share /usr/local/bin/cmake /home/freesix/far_planner_ws/src/dsv_planner/src/minkindr_ros/minkindr_conversions -DCMAKE_BUILD_TYPE=Release -DAMENT_CMAKE_SYMLINK_INSTALL=1 -DCMAKE_INSTALL_PREFIX=/home/freesix/far_planner_ws/src/install/minkindr_conversions
[5.075s] -- The C compiler identification is GNU 11.4.0
[5.076s] -- The CXX compiler identification is GNU 11.4.0
[5.076s] -- Detecting C compiler ABI info
[5.076s] -- Detecting C compiler ABI info - done
[5.076s] -- Check for working C compiler: /usr/bin/cc - skipped
[5.076s] -- Detecting C compile features
[5.076s] -- Detecting C compile features - done
[5.076s] -- Detecting CXX compiler ABI info
[5.077s] -- Detecting CXX compiler ABI info - done
[5.077s] -- Check for working CXX compiler: /usr/bin/c++ - skipped
[5.077s] -- Detecting CXX compile features
[5.077s] -- Detecting CXX compile features - done
[5.077s] -- Found ament_cmake: 1.3.5 (/opt/ros/humble/share/ament_cmake/cmake)
[5.077s] -- Found Python3: /usr/bin/python3.10 (found version "3.10.12") found components: Interpreter 
[5.078s] -- Override CMake install command with custom implementation using symlinks instead of copying resources
[5.092s] -- Found geometry_msgs: 4.2.3 (/opt/ros/humble/share/geometry_msgs/cmake)
[5.295s] -- Found rosidl_generator_c: 3.1.5 (/opt/ros/humble/share/rosidl_generator_c/cmake)
[5.302s] -- Found rosidl_adapter: 3.1.5 (/opt/ros/humble/share/rosidl_adapter/cmake)
[5.315s] -- Found rosidl_generator_cpp: 3.1.5 (/opt/ros/humble/share/rosidl_generator_cpp/cmake)
[5.339s] -- Using all available rosidl_typesupport_c: rosidl_typesupport_fastrtps_c;rosidl_typesupport_introspection_c
[5.370s] -- Using all available rosidl_typesupport_cpp: rosidl_typesupport_fastrtps_cpp;rosidl_typesupport_introspection_cpp
[5.559s] -- Found minkindr: 0.0.1 (/home/freesix/far_planner_ws/src/install/minkindr/share/minkindr/cmake)
[5.562s] -- Found tf2: 0.25.3 (/opt/ros/humble/share/tf2/cmake)
[5.586s] -- Found tf2_eigen: 0.25.3 (/opt/ros/humble/share/tf2_eigen/cmake)
[5.780s] -- Found rmw_implementation_cmake: 6.1.1 (/opt/ros/humble/share/rmw_implementation_cmake/cmake)
[5.784s] -- Found rmw_fastrtps_cpp: 6.2.3 (/opt/ros/humble/share/rmw_fastrtps_cpp/cmake)
[7.329s] -- Found OpenSSL: /usr/lib/x86_64-linux-gnu/libcrypto.so (found version "3.0.2")  
[8.758s] -- Found FastRTPS: /opt/ros/humble/include  
[10.819s] -- Using RMW implementation 'rmw_fastrtps_cpp' as default
[10.851s] -- Performing Test CMAKE_HAVE_LIBC_PTHREAD
[11.194s] -- Performing Test CMAKE_HAVE_LIBC_PTHREAD - Success
[11.194s] -- Found Threads: TRUE  
[12.165s] -- Configuring done (11.9s)
[12.256s] -- Generating done (0.0s)
[12.260s] -- Build files have been written to: /home/freesix/far_planner_ws/src/build/minkindr_conversions
[12.552s] Invoked command in '/home/freesix/far_planner_ws/src/build/minkindr_conversions' returned '0': CMAKE_PREFIX_PATH=/opt/ros/humble:/home/freesix/far_planner_ws/src/install/minkindr PKG_CONFIG_PATH=/home/freesix/far_planner_ws/src/install/minkindr/lib/x86_64-linux-gnu/pkgconfig:/home/freesix/far_planner_ws/src/install/minkindr/lib/pkgconfig ROS_PACKAGE_PATH=/home/freesix/far_planner_ws/src/install/minkindr/share /usr/local/bin/cmake /home/freesix/far_planner_ws/src/dsv_planner/src/minkindr_ros/minkindr_conversions -DCMAKE_BUILD_TYPE=Release -DAMENT_CMAKE_SYMLINK_INSTALL=1 -DCMAKE_INSTALL_PREFIX=/home/freesix/far_planner_ws/src/install/minkindr_conversions
[12.642s] Invoking command in '/home/freesix/far_planner_ws/src/build/minkindr_conversions': CMAKE_PREFIX_PATH=/opt/ros/humble:/home/freesix/far_planner_ws/src/install/minkindr PKG_CONFIG_PATH=/home/freesix/far_planner_ws/src/install/minkindr/lib/x86_64-linux-gnu/pkgconfig:/home/freesix/far_planner_ws/src/install/minkindr/lib/pkgconfig ROS_PACKAGE_PATH=/home/freesix/far_planner_ws/src/install/minkindr/share /usr/local/bin/cmake --build /home/freesix/far_planner_ws/src/build/minkindr_conversions -- -j16 -l16
[42.291s] [ 33%] [32mBuilding CXX object CMakeFiles/minkindr_conversions.dir/src/kindr_msg.cc.o[0m
[42.292s] [ 66%] [32mBuilding CXX object CMakeFiles/minkindr_conversions.dir/src/kindr_tf.cc.o[0m
[50.429s] [100%] [32m[1mLinking CXX shared library libminkindr_conversions.so[0m
[50.667s] [100%] Built target minkindr_conversions
