[0.289s] Invoking command in '/home/freesix/far_planner_ws/build/octomap_world': AMENT_PREFIX_PATH=/home/freesix/far_planner_ws/install/minkindr_conversions:/home/freesix/far_planner_ws/install/volumetric_msgs:${AMENT_PREFIX_PATH} CMAKE_PREFIX_PATH=/opt/ros/humble:/home/freesix/far_planner_ws/install/volumetric_map_base:/home/freesix/far_planner_ws/install/minkindr_conversions:/home/freesix/far_planner_ws/install/volumetric_msgs:/home/freesix/far_planner_ws/install/minkindr LD_LIBRARY_PATH=/home/freesix/far_planner_ws/install/volumetric_map_base/lib:/home/freesix/far_planner_ws/install/minkindr_conversions/lib:/home/freesix/far_planner_ws/install/volumetric_msgs/lib:${LD_LIBRARY_PATH} PKG_CONFIG_PATH=/home/freesix/far_planner_ws/install/volumetric_map_base/lib/x86_64-linux-gnu/pkgconfig:/home/freesix/far_planner_ws/install/volumetric_map_base/lib/pkgconfig:/home/freesix/far_planner_ws/install/minkindr/lib/x86_64-linux-gnu/pkgconfig:/home/freesix/far_planner_ws/install/minkindr/lib/pkgconfig PYTHONPATH=/home/freesix/far_planner_ws/install/volumetric_msgs/local/lib/python3.10/dist-packages:${PYTHONPATH} ROS_PACKAGE_PATH=/home/freesix/far_planner_ws/install/volumetric_map_base/share:/home/freesix/far_planner_ws/install/minkindr/share /usr/local/bin/cmake --build /home/freesix/far_planner_ws/build/octomap_world -- -j16 -l16
[0.340s] [100%] Built target octomap_world
[0.343s] Invoked command in '/home/freesix/far_planner_ws/build/octomap_world' returned '0': AMENT_PREFIX_PATH=/home/freesix/far_planner_ws/install/minkindr_conversions:/home/freesix/far_planner_ws/install/volumetric_msgs:${AMENT_PREFIX_PATH} CMAKE_PREFIX_PATH=/opt/ros/humble:/home/freesix/far_planner_ws/install/volumetric_map_base:/home/freesix/far_planner_ws/install/minkindr_conversions:/home/freesix/far_planner_ws/install/volumetric_msgs:/home/freesix/far_planner_ws/install/minkindr LD_LIBRARY_PATH=/home/freesix/far_planner_ws/install/volumetric_map_base/lib:/home/freesix/far_planner_ws/install/minkindr_conversions/lib:/home/freesix/far_planner_ws/install/volumetric_msgs/lib:${LD_LIBRARY_PATH} PKG_CONFIG_PATH=/home/freesix/far_planner_ws/install/volumetric_map_base/lib/x86_64-linux-gnu/pkgconfig:/home/freesix/far_planner_ws/install/volumetric_map_base/lib/pkgconfig:/home/freesix/far_planner_ws/install/minkindr/lib/x86_64-linux-gnu/pkgconfig:/home/freesix/far_planner_ws/install/minkindr/lib/pkgconfig PYTHONPATH=/home/freesix/far_planner_ws/install/volumetric_msgs/local/lib/python3.10/dist-packages:${PYTHONPATH} ROS_PACKAGE_PATH=/home/freesix/far_planner_ws/install/volumetric_map_base/share:/home/freesix/far_planner_ws/install/minkindr/share /usr/local/bin/cmake --build /home/freesix/far_planner_ws/build/octomap_world -- -j16 -l16
[0.358s] Invoking command in '/home/freesix/far_planner_ws/build/octomap_world': AMENT_PREFIX_PATH=/home/freesix/far_planner_ws/install/minkindr_conversions:/home/freesix/far_planner_ws/install/volumetric_msgs:${AMENT_PREFIX_PATH} CMAKE_PREFIX_PATH=/opt/ros/humble:/home/freesix/far_planner_ws/install/volumetric_map_base:/home/freesix/far_planner_ws/install/minkindr_conversions:/home/freesix/far_planner_ws/install/volumetric_msgs:/home/freesix/far_planner_ws/install/minkindr LD_LIBRARY_PATH=/home/freesix/far_planner_ws/install/volumetric_map_base/lib:/home/freesix/far_planner_ws/install/minkindr_conversions/lib:/home/freesix/far_planner_ws/install/volumetric_msgs/lib:${LD_LIBRARY_PATH} PKG_CONFIG_PATH=/home/freesix/far_planner_ws/install/volumetric_map_base/lib/x86_64-linux-gnu/pkgconfig:/home/freesix/far_planner_ws/install/volumetric_map_base/lib/pkgconfig:/home/freesix/far_planner_ws/install/minkindr/lib/x86_64-linux-gnu/pkgconfig:/home/freesix/far_planner_ws/install/minkindr/lib/pkgconfig PYTHONPATH=/home/freesix/far_planner_ws/install/volumetric_msgs/local/lib/python3.10/dist-packages:${PYTHONPATH} ROS_PACKAGE_PATH=/home/freesix/far_planner_ws/install/volumetric_map_base/share:/home/freesix/far_planner_ws/install/minkindr/share /usr/local/bin/cmake --install /home/freesix/far_planner_ws/build/octomap_world
[0.359s] -- Install configuration: "Release"
[0.360s] -- Execute custom install script
[0.360s] -- Up-to-date symlink: /home/freesix/far_planner_ws/install/octomap_world/share/octomap_world/environment/library_path.sh
[0.360s] -- Up-to-date symlink: /home/freesix/far_planner_ws/install/octomap_world/share/octomap_world/environment/library_path.dsv
[0.360s] -- Up-to-date symlink: /home/freesix/far_planner_ws/install/octomap_world/include/octomap_world/octomap_manager.h
[0.361s] -- Up-to-date symlink: /home/freesix/far_planner_ws/install/octomap_world/include/octomap_world/octomap_world.h
[0.361s] -- Up-to-date symlink: /home/freesix/far_planner_ws/install/octomap_world/share/ament_index/resource_index/package_run_dependencies/octomap_world
[0.362s] -- Up-to-date symlink: /home/freesix/far_planner_ws/install/octomap_world/share/ament_index/resource_index/parent_prefix_path/octomap_world
[0.362s] -- Up-to-date symlink: /home/freesix/far_planner_ws/install/octomap_world/share/octomap_world/environment/ament_prefix_path.sh
[0.362s] -- Up-to-date symlink: /home/freesix/far_planner_ws/install/octomap_world/share/octomap_world/environment/ament_prefix_path.dsv
[0.362s] -- Up-to-date symlink: /home/freesix/far_planner_ws/install/octomap_world/share/octomap_world/environment/path.sh
[0.363s] -- Up-to-date symlink: /home/freesix/far_planner_ws/install/octomap_world/share/octomap_world/environment/path.dsv
[0.363s] -- Up-to-date symlink: /home/freesix/far_planner_ws/install/octomap_world/share/octomap_world/local_setup.bash
[0.363s] -- Up-to-date symlink: /home/freesix/far_planner_ws/install/octomap_world/share/octomap_world/local_setup.sh
[0.363s] -- Up-to-date symlink: /home/freesix/far_planner_ws/install/octomap_world/share/octomap_world/local_setup.zsh
[0.363s] -- Up-to-date symlink: /home/freesix/far_planner_ws/install/octomap_world/share/octomap_world/local_setup.dsv
[0.364s] -- Symlinking: /home/freesix/far_planner_ws/install/octomap_world/share/octomap_world/package.dsv
[0.366s] -- Up-to-date symlink: /home/freesix/far_planner_ws/install/octomap_world/share/ament_index/resource_index/packages/octomap_world
[0.366s] -- Up-to-date symlink: /home/freesix/far_planner_ws/install/octomap_world/share/octomap_world/cmake/ament_cmake_export_targets-extras.cmake
[0.366s] -- Up-to-date symlink: /home/freesix/far_planner_ws/install/octomap_world/share/octomap_world/cmake/ament_cmake_export_dependencies-extras.cmake
[0.366s] -- Up-to-date symlink: /home/freesix/far_planner_ws/install/octomap_world/share/octomap_world/cmake/octomap_worldConfig.cmake
[0.366s] -- Up-to-date symlink: /home/freesix/far_planner_ws/install/octomap_world/share/octomap_world/cmake/octomap_worldConfig-version.cmake
[0.367s] -- Up-to-date symlink: /home/freesix/far_planner_ws/install/octomap_world/share/octomap_world/package.xml
[0.367s] -- Up-to-date: /home/freesix/far_planner_ws/install/octomap_world/lib/liboctomap_world.so
[0.368s] -- Up-to-date: /home/freesix/far_planner_ws/install/octomap_world/share/octomap_world/cmake/octomap_worldExport.cmake
[0.368s] -- Up-to-date: /home/freesix/far_planner_ws/install/octomap_world/share/octomap_world/cmake/octomap_worldExport-release.cmake
[0.371s] Invoked command in '/home/freesix/far_planner_ws/build/octomap_world' returned '0': AMENT_PREFIX_PATH=/home/freesix/far_planner_ws/install/minkindr_conversions:/home/freesix/far_planner_ws/install/volumetric_msgs:${AMENT_PREFIX_PATH} CMAKE_PREFIX_PATH=/opt/ros/humble:/home/freesix/far_planner_ws/install/volumetric_map_base:/home/freesix/far_planner_ws/install/minkindr_conversions:/home/freesix/far_planner_ws/install/volumetric_msgs:/home/freesix/far_planner_ws/install/minkindr LD_LIBRARY_PATH=/home/freesix/far_planner_ws/install/volumetric_map_base/lib:/home/freesix/far_planner_ws/install/minkindr_conversions/lib:/home/freesix/far_planner_ws/install/volumetric_msgs/lib:${LD_LIBRARY_PATH} PKG_CONFIG_PATH=/home/freesix/far_planner_ws/install/volumetric_map_base/lib/x86_64-linux-gnu/pkgconfig:/home/freesix/far_planner_ws/install/volumetric_map_base/lib/pkgconfig:/home/freesix/far_planner_ws/install/minkindr/lib/x86_64-linux-gnu/pkgconfig:/home/freesix/far_planner_ws/install/minkindr/lib/pkgconfig PYTHONPATH=/home/freesix/far_planner_ws/install/volumetric_msgs/local/lib/python3.10/dist-packages:${PYTHONPATH} ROS_PACKAGE_PATH=/home/freesix/far_planner_ws/install/volumetric_map_base/share:/home/freesix/far_planner_ws/install/minkindr/share /usr/local/bin/cmake --install /home/freesix/far_planner_ws/build/octomap_world
