[100%] Built target misc_utils
-- Install configuration: "Release"
-- Execute custom install script
-- Up-to-date symlink: /home/freesix/far_planner_ws/install/misc_utils/share/misc_utils/environment/library_path.sh
-- Up-to-date symlink: /home/freesix/far_planner_ws/install/misc_utils/share/misc_utils/environment/library_path.dsv
-- Up-to-date symlink: /home/freesix/far_planner_ws/install/misc_utils/include/misc_utils/misc_utils.h
-- Up-to-date symlink: /home/freesix/far_planner_ws/install/misc_utils/share/ament_index/resource_index/package_run_dependencies/misc_utils
-- Up-to-date symlink: /home/freesix/far_planner_ws/install/misc_utils/share/ament_index/resource_index/parent_prefix_path/misc_utils
-- Up-to-date symlink: /home/freesix/far_planner_ws/install/misc_utils/share/misc_utils/environment/ament_prefix_path.sh
-- Up-to-date symlink: /home/freesix/far_planner_ws/install/misc_utils/share/misc_utils/environment/ament_prefix_path.dsv
-- Up-to-date symlink: /home/freesix/far_planner_ws/install/misc_utils/share/misc_utils/environment/path.sh
-- Up-to-date symlink: /home/freesix/far_planner_ws/install/misc_utils/share/misc_utils/environment/path.dsv
-- Up-to-date symlink: /home/freesix/far_planner_ws/install/misc_utils/share/misc_utils/local_setup.bash
-- Up-to-date symlink: /home/freesix/far_planner_ws/install/misc_utils/share/misc_utils/local_setup.sh
-- Up-to-date symlink: /home/freesix/far_planner_ws/install/misc_utils/share/misc_utils/local_setup.zsh
-- Up-to-date symlink: /home/freesix/far_planner_ws/install/misc_utils/share/misc_utils/local_setup.dsv
-- Symlinking: /home/freesix/far_planner_ws/install/misc_utils/share/misc_utils/package.dsv
-- Up-to-date symlink: /home/freesix/far_planner_ws/install/misc_utils/share/ament_index/resource_index/packages/misc_utils
-- Up-to-date symlink: /home/freesix/far_planner_ws/install/misc_utils/share/misc_utils/cmake/ament_cmake_export_targets-extras.cmake
-- Up-to-date symlink: /home/freesix/far_planner_ws/install/misc_utils/share/misc_utils/cmake/ament_cmake_export_dependencies-extras.cmake
-- Up-to-date symlink: /home/freesix/far_planner_ws/install/misc_utils/share/misc_utils/cmake/misc_utilsConfig.cmake
-- Up-to-date symlink: /home/freesix/far_planner_ws/install/misc_utils/share/misc_utils/cmake/misc_utilsConfig-version.cmake
-- Up-to-date symlink: /home/freesix/far_planner_ws/install/misc_utils/share/misc_utils/package.xml
-- Up-to-date: /home/freesix/far_planner_ws/install/misc_utils/lib/libmisc_utils.so
-- Up-to-date: /home/freesix/far_planner_ws/install/misc_utils/share/misc_utils/cmake/misc_utilsExport.cmake
-- Up-to-date: /home/freesix/far_planner_ws/install/misc_utils/share/misc_utils/cmake/misc_utilsExport-release.cmake
