[0.033s] Invoking command in '/home/freesix/far_planner_ws/build/terrain_analysis_ext': CMAKE_PREFIX_PATH=/opt/ros/humble /usr/local/bin/cmake /home/freesix/far_planner_ws/src/autonomous_exploration_development_environment/src/terrain_analysis_ext -DCMAKE_BUILD_TYPE=Release -DAMENT_CMAKE_SYMLINK_INSTALL=1 -DCMAKE_INSTALL_PREFIX=/home/freesix/far_planner_ws/install/terrain_analysis_ext
[0.190s] -- The C compiler identification is GNU 11.4.0
[0.399s] -- The CXX compiler identification is GNU 11.4.0
[0.539s] -- Detecting C compiler ABI info
[0.629s] -- Detecting C compiler ABI info - done
[0.641s] -- Check for working C compiler: /usr/bin/cc - skipped
[0.641s] -- Detecting C compile features
[0.641s] -- Detecting C compile features - done
[0.644s] -- Detecting CXX compiler ABI info
[0.751s] -- Detecting CXX compiler ABI info - done
[0.760s] -- Check for working CXX compiler: /usr/bin/c++ - skipped
[0.760s] -- Detecting CXX compile features
[0.760s] -- Detecting CXX compile features - done
[0.762s] -- Found ament_cmake: 1.3.5 (/opt/ros/humble/share/ament_cmake/cmake)
[1.880s] -- Found Python3: /usr/bin/python3.10 (found version "3.10.12") found components: Interpreter 
[1.978s] -- Override CMake install command with custom implementation using symlinks instead of copying resources
[2.017s] -- Found rclcpp: 16.0.5 (/opt/ros/humble/share/rclcpp/cmake)
[2.175s] -- Found rosidl_generator_c: 3.1.5 (/opt/ros/humble/share/rosidl_generator_c/cmake)
[2.182s] -- Found rosidl_adapter: 3.1.5 (/opt/ros/humble/share/rosidl_adapter/cmake)
[2.195s] -- Found rosidl_generator_cpp: 3.1.5 (/opt/ros/humble/share/rosidl_generator_cpp/cmake)
[2.217s] -- Using all available rosidl_typesupport_c: rosidl_typesupport_fastrtps_c;rosidl_typesupport_introspection_c
[2.244s] -- Using all available rosidl_typesupport_cpp: rosidl_typesupport_fastrtps_cpp;rosidl_typesupport_introspection_cpp
[2.335s] -- Found rmw_implementation_cmake: 6.1.1 (/opt/ros/humble/share/rmw_implementation_cmake/cmake)
[2.338s] -- Found rmw_fastrtps_cpp: 6.2.3 (/opt/ros/humble/share/rmw_fastrtps_cpp/cmake)
[2.867s] -- Found OpenSSL: /usr/lib/x86_64-linux-gnu/libcrypto.so (found version "3.0.2")  
[3.628s] -- Found FastRTPS: /opt/ros/humble/include  
[4.830s] -- Using RMW implementation 'rmw_fastrtps_cpp' as default
[4.843s] -- Performing Test CMAKE_HAVE_LIBC_PTHREAD
[4.955s] -- Performing Test CMAKE_HAVE_LIBC_PTHREAD - Success
[4.955s] -- Found Threads: TRUE  
[5.145s] -- Found nav_msgs: 4.2.3 (/opt/ros/humble/share/nav_msgs/cmake)
[5.284s] -- Found sensor_msgs: 4.2.3 (/opt/ros/humble/share/sensor_msgs/cmake)
[5.372s] -- Found tf2_ros: 0.25.3 (/opt/ros/humble/share/tf2_ros/cmake)
[5.762s] -- Found tf2_geometry_msgs: 0.25.3 (/opt/ros/humble/share/tf2_geometry_msgs/cmake)
[5.797s] -- Found eigen3_cmake_module: 0.1.1 (/opt/ros/humble/share/eigen3_cmake_module/cmake)
[5.799s] -- Found Eigen3: TRUE (found version "3.4.0") 
[5.799s] -- Ensuring Eigen3 include directory is part of orocos-kdl CMake target
[5.812s] -- Found pcl_conversions: 2.4.0 (/opt/ros/humble/share/pcl_conversions/cmake)
[6.333s] [31mCMake Error at CMakeLists.txt:29 (find_package):
[6.333s]   By not providing "Findpcl_ros.cmake" in CMAKE_MODULE_PATH this project has
[6.333s]   asked CMake to find a package configuration file provided by "pcl_ros", but
[6.333s]   CMake did not find one.
[6.333s] 
[6.333s]   Could not find a package configuration file provided by "pcl_ros" with any
[6.333s]   of the following names:
[6.333s] 
[6.334s]     pcl_rosConfig.cmake
[6.334s]     pcl_ros-config.cmake
[6.334s] 
[6.334s]   Add the installation prefix of "pcl_ros" to CMAKE_PREFIX_PATH or set
[6.334s]   "pcl_ros_DIR" to a directory containing one of the above files.  If
[6.334s]   "pcl_ros" provides a separate development package or SDK, be sure it has
[6.334s]   been installed.
[6.334s] 
[6.334s] [0m
[6.334s] -- Configuring incomplete, errors occurred!
[6.354s] Invoked command in '/home/freesix/far_planner_ws/build/terrain_analysis_ext' returned '1': CMAKE_PREFIX_PATH=/opt/ros/humble /usr/local/bin/cmake /home/freesix/far_planner_ws/src/autonomous_exploration_development_environment/src/terrain_analysis_ext -DCMAKE_BUILD_TYPE=Release -DAMENT_CMAKE_SYMLINK_INSTALL=1 -DCMAKE_INSTALL_PREFIX=/home/freesix/far_planner_ws/install/terrain_analysis_ext
