[0.045s] Invoking command in '/home/freesix/far_planner_ws/build/terrain_analysis': CMAKE_PREFIX_PATH=/opt/ros/humble /usr/local/bin/cmake --build /home/freesix/far_planner_ws/build/terrain_analysis -- -j16 -l16
[0.172s] [100%] Built target terrainAnalysis
[0.194s] Invoked command in '/home/freesix/far_planner_ws/build/terrain_analysis' returned '0': CMAKE_PREFIX_PATH=/opt/ros/humble /usr/local/bin/cmake --build /home/freesix/far_planner_ws/build/terrain_analysis -- -j16 -l16
[0.248s] Invoking command in '/home/freesix/far_planner_ws/build/terrain_analysis': CMAKE_PREFIX_PATH=/opt/ros/humble /usr/local/bin/cmake --install /home/freesix/far_planner_ws/build/terrain_analysis
[0.275s] -- Install configuration: "Release"
[0.275s] -- Execute custom install script
[0.276s] -- Up-to-date symlink: /home/freesix/far_planner_ws/install/terrain_analysis/lib/terrain_analysis/terrainAnalysis
[0.276s] -- Up-to-date symlink: /home/freesix/far_planner_ws/install/terrain_analysis/share/terrain_analysis/launch/terrain_analysis.launch
[0.276s] -- Up-to-date symlink: /home/freesix/far_planner_ws/install/terrain_analysis/share/ament_index/resource_index/package_run_dependencies/terrain_analysis
[0.276s] -- Up-to-date symlink: /home/freesix/far_planner_ws/install/terrain_analysis/share/ament_index/resource_index/parent_prefix_path/terrain_analysis
[0.277s] -- Up-to-date symlink: /home/freesix/far_planner_ws/install/terrain_analysis/share/terrain_analysis/environment/ament_prefix_path.sh
[0.277s] -- Up-to-date symlink: /home/freesix/far_planner_ws/install/terrain_analysis/share/terrain_analysis/environment/ament_prefix_path.dsv
[0.277s] -- Up-to-date symlink: /home/freesix/far_planner_ws/install/terrain_analysis/share/terrain_analysis/environment/path.sh
[0.277s] -- Up-to-date symlink: /home/freesix/far_planner_ws/install/terrain_analysis/share/terrain_analysis/environment/path.dsv
[0.277s] -- Up-to-date symlink: /home/freesix/far_planner_ws/install/terrain_analysis/share/terrain_analysis/local_setup.bash
[0.277s] -- Up-to-date symlink: /home/freesix/far_planner_ws/install/terrain_analysis/share/terrain_analysis/local_setup.sh
[0.278s] -- Up-to-date symlink: /home/freesix/far_planner_ws/install/terrain_analysis/share/terrain_analysis/local_setup.zsh
[0.278s] -- Up-to-date symlink: /home/freesix/far_planner_ws/install/terrain_analysis/share/terrain_analysis/local_setup.dsv
[0.278s] -- Symlinking: /home/freesix/far_planner_ws/install/terrain_analysis/share/terrain_analysis/package.dsv
[0.278s] -- Up-to-date symlink: /home/freesix/far_planner_ws/install/terrain_analysis/share/ament_index/resource_index/packages/terrain_analysis
[0.278s] -- Up-to-date symlink: /home/freesix/far_planner_ws/install/terrain_analysis/share/terrain_analysis/cmake/terrain_analysisConfig.cmake
[0.279s] -- Up-to-date symlink: /home/freesix/far_planner_ws/install/terrain_analysis/share/terrain_analysis/cmake/terrain_analysisConfig-version.cmake
[0.279s] -- Up-to-date symlink: /home/freesix/far_planner_ws/install/terrain_analysis/share/terrain_analysis/package.xml
[0.339s] Invoked command in '/home/freesix/far_planner_ws/build/terrain_analysis' returned '0': CMAKE_PREFIX_PATH=/opt/ros/humble /usr/local/bin/cmake --install /home/freesix/far_planner_ws/build/terrain_analysis
