[0.058s] Invoking command in '/home/freesix/far_planner_ws/build/misc_utils': CMAKE_PREFIX_PATH=/opt/ros/humble /usr/local/bin/cmake --build /home/freesix/far_planner_ws/build/misc_utils -- -j16 -l16
[0.122s] [100%] Built target misc_utils
[0.148s] Invoked command in '/home/freesix/far_planner_ws/build/misc_utils' returned '0': CMAKE_PREFIX_PATH=/opt/ros/humble /usr/local/bin/cmake --build /home/freesix/far_planner_ws/build/misc_utils -- -j16 -l16
[0.179s] Invoking command in '/home/freesix/far_planner_ws/build/misc_utils': CMAKE_PREFIX_PATH=/opt/ros/humble /usr/local/bin/cmake --install /home/freesix/far_planner_ws/build/misc_utils
[0.192s] -- Install configuration: "Release"
[0.193s] -- Execute custom install script
[0.193s] -- Up-to-date symlink: /home/freesix/far_planner_ws/install/misc_utils/share/misc_utils/environment/library_path.sh
[0.193s] -- Up-to-date symlink: /home/freesix/far_planner_ws/install/misc_utils/share/misc_utils/environment/library_path.dsv
[0.193s] -- Up-to-date symlink: /home/freesix/far_planner_ws/install/misc_utils/include/misc_utils/misc_utils.h
[0.194s] -- Up-to-date symlink: /home/freesix/far_planner_ws/install/misc_utils/share/ament_index/resource_index/package_run_dependencies/misc_utils
[0.195s] -- Up-to-date symlink: /home/freesix/far_planner_ws/install/misc_utils/share/ament_index/resource_index/parent_prefix_path/misc_utils
[0.195s] -- Up-to-date symlink: /home/freesix/far_planner_ws/install/misc_utils/share/misc_utils/environment/ament_prefix_path.sh
[0.196s] -- Up-to-date symlink: /home/freesix/far_planner_ws/install/misc_utils/share/misc_utils/environment/ament_prefix_path.dsv
[0.196s] -- Up-to-date symlink: /home/freesix/far_planner_ws/install/misc_utils/share/misc_utils/environment/path.sh
[0.196s] -- Up-to-date symlink: /home/freesix/far_planner_ws/install/misc_utils/share/misc_utils/environment/path.dsv
[0.196s] -- Up-to-date symlink: /home/freesix/far_planner_ws/install/misc_utils/share/misc_utils/local_setup.bash
[0.196s] -- Up-to-date symlink: /home/freesix/far_planner_ws/install/misc_utils/share/misc_utils/local_setup.sh
[0.196s] -- Up-to-date symlink: /home/freesix/far_planner_ws/install/misc_utils/share/misc_utils/local_setup.zsh
[0.196s] -- Up-to-date symlink: /home/freesix/far_planner_ws/install/misc_utils/share/misc_utils/local_setup.dsv
[0.196s] -- Symlinking: /home/freesix/far_planner_ws/install/misc_utils/share/misc_utils/package.dsv
[0.197s] -- Up-to-date symlink: /home/freesix/far_planner_ws/install/misc_utils/share/ament_index/resource_index/packages/misc_utils
[0.197s] -- Up-to-date symlink: /home/freesix/far_planner_ws/install/misc_utils/share/misc_utils/cmake/ament_cmake_export_targets-extras.cmake
[0.197s] -- Up-to-date symlink: /home/freesix/far_planner_ws/install/misc_utils/share/misc_utils/cmake/ament_cmake_export_dependencies-extras.cmake
[0.197s] -- Up-to-date symlink: /home/freesix/far_planner_ws/install/misc_utils/share/misc_utils/cmake/misc_utilsConfig.cmake
[0.197s] -- Up-to-date symlink: /home/freesix/far_planner_ws/install/misc_utils/share/misc_utils/cmake/misc_utilsConfig-version.cmake
[0.197s] -- Up-to-date symlink: /home/freesix/far_planner_ws/install/misc_utils/share/misc_utils/package.xml
[0.198s] -- Up-to-date: /home/freesix/far_planner_ws/install/misc_utils/lib/libmisc_utils.so
[0.198s] -- Up-to-date: /home/freesix/far_planner_ws/install/misc_utils/share/misc_utils/cmake/misc_utilsExport.cmake
[0.198s] -- Up-to-date: /home/freesix/far_planner_ws/install/misc_utils/share/misc_utils/cmake/misc_utilsExport-release.cmake
[0.227s] Invoked command in '/home/freesix/far_planner_ws/build/misc_utils' returned '0': CMAKE_PREFIX_PATH=/opt/ros/humble /usr/local/bin/cmake --install /home/freesix/far_planner_ws/build/misc_utils
