[100%] Built target octomap_world
-- Install configuration: "Release"
-- Execute custom install script
-- Up-to-date symlink: /home/freesix/far_planner_ws/install/octomap_world/share/octomap_world/environment/library_path.sh
-- Up-to-date symlink: /home/freesix/far_planner_ws/install/octomap_world/share/octomap_world/environment/library_path.dsv
-- Up-to-date symlink: /home/freesix/far_planner_ws/install/octomap_world/include/octomap_world/octomap_manager.h
-- Up-to-date symlink: /home/freesix/far_planner_ws/install/octomap_world/include/octomap_world/octomap_world.h
-- Up-to-date symlink: /home/freesix/far_planner_ws/install/octomap_world/share/ament_index/resource_index/package_run_dependencies/octomap_world
-- Up-to-date symlink: /home/freesix/far_planner_ws/install/octomap_world/share/ament_index/resource_index/parent_prefix_path/octomap_world
-- Up-to-date symlink: /home/freesix/far_planner_ws/install/octomap_world/share/octomap_world/environment/ament_prefix_path.sh
-- Up-to-date symlink: /home/freesix/far_planner_ws/install/octomap_world/share/octomap_world/environment/ament_prefix_path.dsv
-- Up-to-date symlink: /home/freesix/far_planner_ws/install/octomap_world/share/octomap_world/environment/path.sh
-- Up-to-date symlink: /home/freesix/far_planner_ws/install/octomap_world/share/octomap_world/environment/path.dsv
-- Up-to-date symlink: /home/freesix/far_planner_ws/install/octomap_world/share/octomap_world/local_setup.bash
-- Up-to-date symlink: /home/freesix/far_planner_ws/install/octomap_world/share/octomap_world/local_setup.sh
-- Up-to-date symlink: /home/freesix/far_planner_ws/install/octomap_world/share/octomap_world/local_setup.zsh
-- Up-to-date symlink: /home/freesix/far_planner_ws/install/octomap_world/share/octomap_world/local_setup.dsv
-- Symlinking: /home/freesix/far_planner_ws/install/octomap_world/share/octomap_world/package.dsv
-- Up-to-date symlink: /home/freesix/far_planner_ws/install/octomap_world/share/ament_index/resource_index/packages/octomap_world
-- Up-to-date symlink: /home/freesix/far_planner_ws/install/octomap_world/share/octomap_world/cmake/ament_cmake_export_targets-extras.cmake
-- Up-to-date symlink: /home/freesix/far_planner_ws/install/octomap_world/share/octomap_world/cmake/ament_cmake_export_dependencies-extras.cmake
-- Up-to-date symlink: /home/freesix/far_planner_ws/install/octomap_world/share/octomap_world/cmake/octomap_worldConfig.cmake
-- Up-to-date symlink: /home/freesix/far_planner_ws/install/octomap_world/share/octomap_world/cmake/octomap_worldConfig-version.cmake
-- Up-to-date symlink: /home/freesix/far_planner_ws/install/octomap_world/share/octomap_world/package.xml
-- Up-to-date: /home/freesix/far_planner_ws/install/octomap_world/lib/liboctomap_world.so
-- Up-to-date: /home/freesix/far_planner_ws/install/octomap_world/share/octomap_world/cmake/octomap_worldExport.cmake
-- Up-to-date: /home/freesix/far_planner_ws/install/octomap_world/share/octomap_world/cmake/octomap_worldExport-release.cmake
