[0.033s] Invoking command in '/home/freesix/far_planner_ws/build/waypoint_rviz_plugin': CMAKE_PREFIX_PATH=/opt/ros/humble /usr/local/bin/cmake /home/freesix/far_planner_ws/src/autonomous_exploration_development_environment/src/waypoint_rviz_plugin -DCMAKE_BUILD_TYPE=Release -DAMENT_CMAKE_SYMLINK_INSTALL=1 -DCMAKE_INSTALL_PREFIX=/home/freesix/far_planner_ws/install/waypoint_rviz_plugin
[6.225s] -- The C compiler identification is GNU 11.4.0
[6.225s] -- The CXX compiler identification is GNU 11.4.0
[6.226s] -- Detecting C compiler ABI info
[6.226s] -- Detecting C compiler ABI info - done
[6.226s] -- Check for working C compiler: /usr/bin/cc - skipped
[6.226s] -- Detecting C compile features
[6.226s] -- Detecting C compile features - done
[6.226s] -- Detecting CXX compiler ABI info
[6.226s] -- Detecting CXX compiler ABI info - done
[6.226s] -- Check for working CXX compiler: /usr/bin/c++ - skipped
[6.227s] -- Detecting CXX compile features
[6.227s] -- Detecting CXX compile features - done
[6.227s] -- Found ament_cmake: 1.3.5 (/opt/ros/humble/share/ament_cmake/cmake)
[6.227s] -- Found Python3: /usr/bin/python3.10 (found version "3.10.12") found components: Interpreter 
[6.228s] -- Override CMake install command with custom implementation using symlinks instead of copying resources
[6.228s] -- Found pluginlib: 5.1.0 (/opt/ros/humble/share/pluginlib/cmake)
[6.228s] -- Found rclcpp: 16.0.5 (/opt/ros/humble/share/rclcpp/cmake)
[6.228s] -- Found rosidl_generator_c: 3.1.5 (/opt/ros/humble/share/rosidl_generator_c/cmake)
[6.228s] -- Found rosidl_adapter: 3.1.5 (/opt/ros/humble/share/rosidl_adapter/cmake)
[6.228s] -- Found rosidl_generator_cpp: 3.1.5 (/opt/ros/humble/share/rosidl_generator_cpp/cmake)
[6.228s] -- Using all available rosidl_typesupport_c: rosidl_typesupport_fastrtps_c;rosidl_typesupport_introspection_c
[6.228s] -- Using all available rosidl_typesupport_cpp: rosidl_typesupport_fastrtps_cpp;rosidl_typesupport_introspection_cpp
[6.229s] -- Found rmw_implementation_cmake: 6.1.1 (/opt/ros/humble/share/rmw_implementation_cmake/cmake)
[6.230s] -- Found rmw_fastrtps_cpp: 6.2.3 (/opt/ros/humble/share/rmw_fastrtps_cpp/cmake)
[6.230s] -- Found OpenSSL: /usr/lib/x86_64-linux-gnu/libcrypto.so (found version "3.0.2")  
[6.230s] -- Found FastRTPS: /opt/ros/humble/include  
[6.382s] -- Using RMW implementation 'rmw_fastrtps_cpp' as default
[6.391s] -- Performing Test CMAKE_HAVE_LIBC_PTHREAD
[6.500s] -- Performing Test CMAKE_HAVE_LIBC_PTHREAD - Success
[6.502s] -- Found Threads: TRUE  
[6.771s] -- Found rviz2: 11.2.6 (/opt/ros/humble/share/rviz2/cmake)
[6.773s] -- Found rviz_common: 11.2.6 (/opt/ros/humble/share/rviz_common/cmake)
[6.827s] -- Setting OGRE_DIR to: '/opt/ros/humble/share/rviz_ogre_vendor/cmake/../../../opt/rviz_ogre_vendor/lib/OGRE/cmake'
[6.835s] -- Found OGRE
[6.835s] --   static     : OFF
[6.835s] --   components : HLMS;MeshLodGenerator;Overlay;Paging;Property;RTShaderSystem;Terrain;Volume
[6.835s] --   plugins    : Plugin_BSPSceneManager;Plugin_OctreeSceneManager;Plugin_PCZSceneManager;Plugin_ParticleFX;RenderSystem_GL;RenderSystem_GL3Plus;Codec_STBI
[6.835s] --   media      : /opt/ros/humble/opt/rviz_ogre_vendor/share/OGRE/Media
[6.835s] -- OGRE_LIBRARIES: OgreHLMS;OgreMeshLodGenerator;OgreOverlay;OgrePaging;OgreProperty;OgreRTShaderSystem;OgreTerrain;OgreVolume;OgreMain
[6.835s] -- OGRE_LIBRARY_DIRS: /opt/ros/humble/opt/rviz_ogre_vendor/lib
[6.835s] -- OGRE_PLUGINS: Plugin_BSPSceneManager;Plugin_OctreeSceneManager;Plugin_PCZSceneManager;Plugin_ParticleFX;RenderSystem_GL;RenderSystem_GL3Plus;Codec_STBI
[6.835s] -- OGRE_PLUGIN_DIR: /opt/ros/humble/opt/rviz_ogre_vendor/lib/OGRE
[6.835s] -- rviz_ogre_vendor::OgreOverlay for IMPORTED_LOCATION_RELEASE: /opt/ros/humble/opt/rviz_ogre_vendor/lib/libOgreOverlay.so
[6.835s] -- rviz_ogre_vendor::OgreOverlay for IMPORTED_LOCATION_DEBUG: /opt/ros/humble/opt/rviz_ogre_vendor/lib/libOgreOverlay.so
[6.836s] -- rviz_ogre_vendor::OgreMain for IMPORTED_LOCATION_RELEASE: /opt/ros/humble/opt/rviz_ogre_vendor/lib/libOgreMain.so
[6.836s] -- rviz_ogre_vendor::OgreMain for IMPORTED_LOCATION_DEBUG: /opt/ros/humble/opt/rviz_ogre_vendor/lib/libOgreMain.so
[8.101s] -- Found ZLIB: /usr/lib/x86_64-linux-gnu/libz.so (found version "1.2.11")  
[8.374s] -- Found OpenGL: /usr/lib/x86_64-linux-gnu/libOpenGL.so   
[10.390s] -- Found X11: /usr/include   
[10.391s] -- Looking for XOpenDisplay in /usr/lib/x86_64-linux-gnu/libX11.so;/usr/lib/x86_64-linux-gnu/libXext.so
[10.483s] -- Looking for XOpenDisplay in /usr/lib/x86_64-linux-gnu/libX11.so;/usr/lib/x86_64-linux-gnu/libXext.so - found
[10.483s] -- Looking for gethostbyname
[10.562s] -- Looking for gethostbyname - found
[10.563s] -- Looking for connect
[10.656s] -- Looking for connect - found
[10.657s] -- Looking for remove
[10.747s] -- Looking for remove - found
[10.748s] -- Looking for shmat
[10.832s] -- Looking for shmat - found
[10.832s] -- Looking for IceConnectionNumber in ICE
[10.910s] -- Looking for IceConnectionNumber in ICE - found
[10.945s] -- rviz_ogre_vendor::RenderSystem_GL for IMPORTED_LOCATION_RELEASE: _render_system_gl_static_library_abs-NOTFOUND
[10.945s] -- rviz_ogre_vendor::RenderSystem_GL for IMPORTED_LOCATION_DEBUG: _render_system_gl_static_library_abs-NOTFOUND
[11.689s] -- library: /usr/lib/x86_64-linux-gnu/libcurl.so
[11.921s] -- Found Eigen3: TRUE (found version "3.4.0") 
[11.921s] -- Ensuring Eigen3 include directory is part of orocos-kdl CMake target
[12.387s] -- Found rviz_default_plugins: 11.2.6 (/opt/ros/humble/share/rviz_default_plugins/cmake)
[13.049s] -- Found ament_lint_auto: 0.12.7 (/opt/ros/humble/share/ament_lint_auto/cmake)
[13.115s] -- Added test 'copyright' to check source files copyright and LICENSE
[13.116s] -- Added test 'cppcheck' to perform static code analysis on C / C++ code
[13.117s] -- Configured cppcheck include dirs: /home/freesix/far_planner_ws/src/autonomous_exploration_development_environment/src/waypoint_rviz_plugin/include
[13.117s] -- Configured cppcheck exclude dirs and/or files: 
[13.118s] -- Added test 'cpplint' to check C / C++ code against the Google style
[13.118s] -- Configured cpplint exclude dirs and/or files: 
[13.118s] -- Added test 'lint_cmake' to check CMake code style
[13.119s] -- Added test 'uncrustify' to check C / C++ code style
[13.120s] -- Configured uncrustify additional arguments: 
[13.120s] -- Added test 'xmllint' to check XML markup files
[13.123s] -- Configuring done (13.1s)
[13.174s] -- Generating done (0.0s)
[13.176s] -- Build files have been written to: /home/freesix/far_planner_ws/build/waypoint_rviz_plugin
