[0.435s] DEBUG:colcon:Command line arguments: ['/usr/bin/colcon', 'build', '--symlink-install', '--cmake-args', '-DCMAKE_BUILD_TYPE=Release', '--packages-select', 'local_planner']
[0.435s] DEBUG:colcon:Parsed command line arguments: Namespace(log_base=None, log_level=None, verb_name='build', build_base='build', install_base='install', merge_install=False, symlink_install=True, test_result_base=None, continue_on_error=False, executor='parallel', parallel_workers=16, event_handlers=None, ignore_user_meta=False, metas=['./colcon.meta'], base_paths=['.'], packages_ignore=None, packages_ignore_regex=None, paths=None, packages_up_to=None, packages_up_to_regex=None, packages_above=None, packages_above_and_dependencies=None, packages_above_depth=None, packages_select_by_dep=None, packages_skip_by_dep=None, packages_skip_up_to=None, packages_select_build_failed=False, packages_skip_build_finished=False, packages_select_test_failures=False, packages_skip_test_passed=False, packages_select=['local_planner'], packages_skip=None, packages_select_regex=None, packages_skip_regex=None, packages_start=None, packages_end=None, allow_overriding=[], cmake_args=['-DCMAKE_BUILD_TYPE=Release'], cmake_target=None, cmake_target_skip_unavailable=False, cmake_clean_cache=False, cmake_clean_first=False, cmake_force_configure=False, ament_cmake_args=None, catkin_cmake_args=None, catkin_skip_building_tests=False, verb_parser=<colcon_defaults.argument_parser.defaults.DefaultArgumentsDecorator object at 0x7f8dadfb5ff0>, verb_extension=<colcon_core.verb.build.BuildVerb object at 0x7f8dae9465c0>, main=<bound method BuildVerb.main of <colcon_core.verb.build.BuildVerb object at 0x7f8dae9465c0>>)
[0.475s] Level 1:colcon.colcon_core.package_discovery:discover_packages(colcon_meta) check parameters
[0.475s] Level 1:colcon.colcon_core.package_discovery:discover_packages(recursive) check parameters
[0.475s] Level 1:colcon.colcon_core.package_discovery:discover_packages(ignore) check parameters
[0.475s] Level 1:colcon.colcon_core.package_discovery:discover_packages(path) check parameters
[0.475s] Level 1:colcon.colcon_core.package_discovery:discover_packages(colcon_meta) discover
[0.475s] Level 1:colcon.colcon_core.package_discovery:discover_packages(recursive) discover
[0.475s] INFO:colcon.colcon_core.package_discovery:Crawling recursively for packages in '/home/freesix/far_planner_ws'
[0.475s] Level 1:colcon.colcon_core.package_identification:_identify(.) by extensions ['ignore', 'ignore_ament_install']
[0.475s] Level 1:colcon.colcon_core.package_identification:_identify(.) by extension 'ignore'
[0.475s] Level 1:colcon.colcon_core.package_identification:_identify(.) by extension 'ignore_ament_install'
[0.475s] Level 1:colcon.colcon_core.package_identification:_identify(.) by extensions ['colcon_pkg']
[0.475s] Level 1:colcon.colcon_core.package_identification:_identify(.) by extension 'colcon_pkg'
[0.475s] Level 1:colcon.colcon_core.package_identification:_identify(.) by extensions ['colcon_meta']
[0.475s] Level 1:colcon.colcon_core.package_identification:_identify(.) by extension 'colcon_meta'
[0.475s] Level 1:colcon.colcon_core.package_identification:_identify(.) by extensions ['ros']
[0.475s] Level 1:colcon.colcon_core.package_identification:_identify(.) by extension 'ros'
[0.486s] Level 1:colcon.colcon_core.package_identification:_identify(.) by extensions ['cmake', 'python']
[0.486s] Level 1:colcon.colcon_core.package_identification:_identify(.) by extension 'cmake'
[0.486s] Level 1:colcon.colcon_core.package_identification:_identify(.) by extension 'python'
[0.486s] Level 1:colcon.colcon_core.package_identification:_identify(.) by extensions ['python_setup_py']
[0.486s] Level 1:colcon.colcon_core.package_identification:_identify(.) by extension 'python_setup_py'
[0.486s] Level 1:colcon.colcon_core.package_identification:_identify(build) by extensions ['ignore', 'ignore_ament_install']
[0.486s] Level 1:colcon.colcon_core.package_identification:_identify(build) by extension 'ignore'
[0.486s] Level 1:colcon.colcon_core.package_identification:_identify(build) ignored
[0.486s] Level 1:colcon.colcon_core.package_identification:_identify(install) by extensions ['ignore', 'ignore_ament_install']
[0.486s] Level 1:colcon.colcon_core.package_identification:_identify(install) by extension 'ignore'
[0.486s] Level 1:colcon.colcon_core.package_identification:_identify(install) ignored
[0.486s] Level 1:colcon.colcon_core.package_identification:_identify(log) by extensions ['ignore', 'ignore_ament_install']
[0.486s] Level 1:colcon.colcon_core.package_identification:_identify(log) by extension 'ignore'
[0.486s] Level 1:colcon.colcon_core.package_identification:_identify(log) ignored
[0.487s] Level 1:colcon.colcon_core.package_identification:_identify(src) by extensions ['ignore', 'ignore_ament_install']
[0.487s] Level 1:colcon.colcon_core.package_identification:_identify(src) by extension 'ignore'
[0.487s] Level 1:colcon.colcon_core.package_identification:_identify(src) by extension 'ignore_ament_install'
[0.487s] Level 1:colcon.colcon_core.package_identification:_identify(src) by extensions ['colcon_pkg']
[0.487s] Level 1:colcon.colcon_core.package_identification:_identify(src) by extension 'colcon_pkg'
[0.487s] Level 1:colcon.colcon_core.package_identification:_identify(src) by extensions ['colcon_meta']
[0.487s] Level 1:colcon.colcon_core.package_identification:_identify(src) by extension 'colcon_meta'
[0.487s] Level 1:colcon.colcon_core.package_identification:_identify(src) by extensions ['ros']
[0.487s] Level 1:colcon.colcon_core.package_identification:_identify(src) by extension 'ros'
[0.487s] Level 1:colcon.colcon_core.package_identification:_identify(src) by extensions ['cmake', 'python']
[0.487s] Level 1:colcon.colcon_core.package_identification:_identify(src) by extension 'cmake'
[0.487s] Level 1:colcon.colcon_core.package_identification:_identify(src) by extension 'python'
[0.487s] Level 1:colcon.colcon_core.package_identification:_identify(src) by extensions ['python_setup_py']
[0.487s] Level 1:colcon.colcon_core.package_identification:_identify(src) by extension 'python_setup_py'
[0.487s] Level 1:colcon.colcon_core.package_identification:_identify(src/autonomous_exploration_development_environment) by extensions ['ignore', 'ignore_ament_install']
[0.487s] Level 1:colcon.colcon_core.package_identification:_identify(src/autonomous_exploration_development_environment) by extension 'ignore'
[0.487s] Level 1:colcon.colcon_core.package_identification:_identify(src/autonomous_exploration_development_environment) by extension 'ignore_ament_install'
[0.487s] Level 1:colcon.colcon_core.package_identification:_identify(src/autonomous_exploration_development_environment) by extensions ['colcon_pkg']
[0.487s] Level 1:colcon.colcon_core.package_identification:_identify(src/autonomous_exploration_development_environment) by extension 'colcon_pkg'
[0.487s] Level 1:colcon.colcon_core.package_identification:_identify(src/autonomous_exploration_development_environment) by extensions ['colcon_meta']
[0.487s] Level 1:colcon.colcon_core.package_identification:_identify(src/autonomous_exploration_development_environment) by extension 'colcon_meta'
[0.488s] Level 1:colcon.colcon_core.package_identification:_identify(src/autonomous_exploration_development_environment) by extensions ['ros']
[0.488s] Level 1:colcon.colcon_core.package_identification:_identify(src/autonomous_exploration_development_environment) by extension 'ros'
[0.488s] Level 1:colcon.colcon_core.package_identification:_identify(src/autonomous_exploration_development_environment) by extensions ['cmake', 'python']
[0.488s] Level 1:colcon.colcon_core.package_identification:_identify(src/autonomous_exploration_development_environment) by extension 'cmake'
[0.488s] Level 1:colcon.colcon_core.package_identification:_identify(src/autonomous_exploration_development_environment) by extension 'python'
[0.488s] Level 1:colcon.colcon_core.package_identification:_identify(src/autonomous_exploration_development_environment) by extensions ['python_setup_py']
[0.488s] Level 1:colcon.colcon_core.package_identification:_identify(src/autonomous_exploration_development_environment) by extension 'python_setup_py'
[0.488s] Level 1:colcon.colcon_core.package_identification:_identify(src/autonomous_exploration_development_environment/img) by extensions ['ignore', 'ignore_ament_install']
[0.488s] Level 1:colcon.colcon_core.package_identification:_identify(src/autonomous_exploration_development_environment/img) by extension 'ignore'
[0.488s] Level 1:colcon.colcon_core.package_identification:_identify(src/autonomous_exploration_development_environment/img) by extension 'ignore_ament_install'
[0.488s] Level 1:colcon.colcon_core.package_identification:_identify(src/autonomous_exploration_development_environment/img) by extensions ['colcon_pkg']
[0.488s] Level 1:colcon.colcon_core.package_identification:_identify(src/autonomous_exploration_development_environment/img) by extension 'colcon_pkg'
[0.488s] Level 1:colcon.colcon_core.package_identification:_identify(src/autonomous_exploration_development_environment/img) by extensions ['colcon_meta']
[0.488s] Level 1:colcon.colcon_core.package_identification:_identify(src/autonomous_exploration_development_environment/img) by extension 'colcon_meta'
[0.488s] Level 1:colcon.colcon_core.package_identification:_identify(src/autonomous_exploration_development_environment/img) by extensions ['ros']
[0.488s] Level 1:colcon.colcon_core.package_identification:_identify(src/autonomous_exploration_development_environment/img) by extension 'ros'
[0.488s] Level 1:colcon.colcon_core.package_identification:_identify(src/autonomous_exploration_development_environment/img) by extensions ['cmake', 'python']
[0.488s] Level 1:colcon.colcon_core.package_identification:_identify(src/autonomous_exploration_development_environment/img) by extension 'cmake'
[0.488s] Level 1:colcon.colcon_core.package_identification:_identify(src/autonomous_exploration_development_environment/img) by extension 'python'
[0.488s] Level 1:colcon.colcon_core.package_identification:_identify(src/autonomous_exploration_development_environment/img) by extensions ['python_setup_py']
[0.488s] Level 1:colcon.colcon_core.package_identification:_identify(src/autonomous_exploration_development_environment/img) by extension 'python_setup_py'
[0.489s] Level 1:colcon.colcon_core.package_identification:_identify(src/autonomous_exploration_development_environment/src) by extensions ['ignore', 'ignore_ament_install']
[0.489s] Level 1:colcon.colcon_core.package_identification:_identify(src/autonomous_exploration_development_environment/src) by extension 'ignore'
[0.489s] Level 1:colcon.colcon_core.package_identification:_identify(src/autonomous_exploration_development_environment/src) by extension 'ignore_ament_install'
[0.489s] Level 1:colcon.colcon_core.package_identification:_identify(src/autonomous_exploration_development_environment/src) by extensions ['colcon_pkg']
[0.489s] Level 1:colcon.colcon_core.package_identification:_identify(src/autonomous_exploration_development_environment/src) by extension 'colcon_pkg'
[0.489s] Level 1:colcon.colcon_core.package_identification:_identify(src/autonomous_exploration_development_environment/src) by extensions ['colcon_meta']
[0.489s] Level 1:colcon.colcon_core.package_identification:_identify(src/autonomous_exploration_development_environment/src) by extension 'colcon_meta'
[0.489s] Level 1:colcon.colcon_core.package_identification:_identify(src/autonomous_exploration_development_environment/src) by extensions ['ros']
[0.489s] Level 1:colcon.colcon_core.package_identification:_identify(src/autonomous_exploration_development_environment/src) by extension 'ros'
[0.489s] Level 1:colcon.colcon_core.package_identification:_identify(src/autonomous_exploration_development_environment/src) by extensions ['cmake', 'python']
[0.489s] Level 1:colcon.colcon_core.package_identification:_identify(src/autonomous_exploration_development_environment/src) by extension 'cmake'
[0.489s] Level 1:colcon.colcon_core.package_identification:_identify(src/autonomous_exploration_development_environment/src) by extension 'python'
[0.489s] Level 1:colcon.colcon_core.package_identification:_identify(src/autonomous_exploration_development_environment/src) by extensions ['python_setup_py']
[0.489s] Level 1:colcon.colcon_core.package_identification:_identify(src/autonomous_exploration_development_environment/src) by extension 'python_setup_py'
[0.489s] Level 1:colcon.colcon_core.package_identification:_identify(src/autonomous_exploration_development_environment/src/joystick_drivers) by extensions ['ignore', 'ignore_ament_install']
[0.489s] Level 1:colcon.colcon_core.package_identification:_identify(src/autonomous_exploration_development_environment/src/joystick_drivers) by extension 'ignore'
[0.489s] Level 1:colcon.colcon_core.package_identification:_identify(src/autonomous_exploration_development_environment/src/joystick_drivers) by extension 'ignore_ament_install'
[0.489s] Level 1:colcon.colcon_core.package_identification:_identify(src/autonomous_exploration_development_environment/src/joystick_drivers) by extensions ['colcon_pkg']
[0.490s] Level 1:colcon.colcon_core.package_identification:_identify(src/autonomous_exploration_development_environment/src/joystick_drivers) by extension 'colcon_pkg'
[0.490s] Level 1:colcon.colcon_core.package_identification:_identify(src/autonomous_exploration_development_environment/src/joystick_drivers) by extensions ['colcon_meta']
[0.490s] Level 1:colcon.colcon_core.package_identification:_identify(src/autonomous_exploration_development_environment/src/joystick_drivers) by extension 'colcon_meta'
[0.490s] Level 1:colcon.colcon_core.package_identification:_identify(src/autonomous_exploration_development_environment/src/joystick_drivers) by extensions ['ros']
[0.490s] Level 1:colcon.colcon_core.package_identification:_identify(src/autonomous_exploration_development_environment/src/joystick_drivers) by extension 'ros'
[0.490s] Level 1:colcon.colcon_core.package_identification:_identify(src/autonomous_exploration_development_environment/src/joystick_drivers) by extensions ['cmake', 'python']
[0.490s] Level 1:colcon.colcon_core.package_identification:_identify(src/autonomous_exploration_development_environment/src/joystick_drivers) by extension 'cmake'
[0.490s] Level 1:colcon.colcon_core.package_identification:_identify(src/autonomous_exploration_development_environment/src/joystick_drivers) by extension 'python'
[0.490s] Level 1:colcon.colcon_core.package_identification:_identify(src/autonomous_exploration_development_environment/src/joystick_drivers) by extensions ['python_setup_py']
[0.490s] Level 1:colcon.colcon_core.package_identification:_identify(src/autonomous_exploration_development_environment/src/joystick_drivers) by extension 'python_setup_py'
[0.490s] Level 1:colcon.colcon_core.package_identification:_identify(src/autonomous_exploration_development_environment/src/joystick_drivers/joy) by extensions ['ignore', 'ignore_ament_install']
[0.490s] Level 1:colcon.colcon_core.package_identification:_identify(src/autonomous_exploration_development_environment/src/joystick_drivers/joy) by extension 'ignore'
[0.490s] Level 1:colcon.colcon_core.package_identification:_identify(src/autonomous_exploration_development_environment/src/joystick_drivers/joy) by extension 'ignore_ament_install'
[0.490s] Level 1:colcon.colcon_core.package_identification:_identify(src/autonomous_exploration_development_environment/src/joystick_drivers/joy) by extensions ['colcon_pkg']
[0.490s] Level 1:colcon.colcon_core.package_identification:_identify(src/autonomous_exploration_development_environment/src/joystick_drivers/joy) by extension 'colcon_pkg'
[0.490s] Level 1:colcon.colcon_core.package_identification:_identify(src/autonomous_exploration_development_environment/src/joystick_drivers/joy) by extensions ['colcon_meta']
[0.490s] Level 1:colcon.colcon_core.package_identification:_identify(src/autonomous_exploration_development_environment/src/joystick_drivers/joy) by extension 'colcon_meta'
[0.490s] Level 1:colcon.colcon_core.package_identification:_identify(src/autonomous_exploration_development_environment/src/joystick_drivers/joy) by extensions ['ros']
[0.490s] Level 1:colcon.colcon_core.package_identification:_identify(src/autonomous_exploration_development_environment/src/joystick_drivers/joy) by extension 'ros'
[0.493s] DEBUG:colcon.colcon_core.package_identification:Package 'src/autonomous_exploration_development_environment/src/joystick_drivers/joy' with type 'ros.ament_cmake' and name 'joy'
[0.493s] Level 1:colcon.colcon_core.package_identification:_identify(src/autonomous_exploration_development_environment/src/joystick_drivers/joystick_drivers) by extensions ['ignore', 'ignore_ament_install']
[0.493s] Level 1:colcon.colcon_core.package_identification:_identify(src/autonomous_exploration_development_environment/src/joystick_drivers/joystick_drivers) by extension 'ignore'
[0.493s] Level 1:colcon.colcon_core.package_identification:_identify(src/autonomous_exploration_development_environment/src/joystick_drivers/joystick_drivers) by extension 'ignore_ament_install'
[0.493s] Level 1:colcon.colcon_core.package_identification:_identify(src/autonomous_exploration_development_environment/src/joystick_drivers/joystick_drivers) by extensions ['colcon_pkg']
[0.493s] Level 1:colcon.colcon_core.package_identification:_identify(src/autonomous_exploration_development_environment/src/joystick_drivers/joystick_drivers) by extension 'colcon_pkg'
[0.493s] Level 1:colcon.colcon_core.package_identification:_identify(src/autonomous_exploration_development_environment/src/joystick_drivers/joystick_drivers) by extensions ['colcon_meta']
[0.493s] Level 1:colcon.colcon_core.package_identification:_identify(src/autonomous_exploration_development_environment/src/joystick_drivers/joystick_drivers) by extension 'colcon_meta'
[0.493s] Level 1:colcon.colcon_core.package_identification:_identify(src/autonomous_exploration_development_environment/src/joystick_drivers/joystick_drivers) by extensions ['ros']
[0.493s] Level 1:colcon.colcon_core.package_identification:_identify(src/autonomous_exploration_development_environment/src/joystick_drivers/joystick_drivers) by extension 'ros'
[0.493s] Level 1:colcon.colcon_core.package_identification:_identify(src/autonomous_exploration_development_environment/src/joystick_drivers/joystick_drivers) ignored
[0.493s] Level 1:colcon.colcon_core.package_identification:_identify(src/autonomous_exploration_development_environment/src/loam_interface) by extensions ['ignore', 'ignore_ament_install']
[0.493s] Level 1:colcon.colcon_core.package_identification:_identify(src/autonomous_exploration_development_environment/src/loam_interface) by extension 'ignore'
[0.493s] Level 1:colcon.colcon_core.package_identification:_identify(src/autonomous_exploration_development_environment/src/loam_interface) by extension 'ignore_ament_install'
[0.493s] Level 1:colcon.colcon_core.package_identification:_identify(src/autonomous_exploration_development_environment/src/loam_interface) by extensions ['colcon_pkg']
[0.493s] Level 1:colcon.colcon_core.package_identification:_identify(src/autonomous_exploration_development_environment/src/loam_interface) by extension 'colcon_pkg'
[0.493s] Level 1:colcon.colcon_core.package_identification:_identify(src/autonomous_exploration_development_environment/src/loam_interface) by extensions ['colcon_meta']
[0.494s] Level 1:colcon.colcon_core.package_identification:_identify(src/autonomous_exploration_development_environment/src/loam_interface) by extension 'colcon_meta'
[0.494s] Level 1:colcon.colcon_core.package_identification:_identify(src/autonomous_exploration_development_environment/src/loam_interface) by extensions ['ros']
[0.494s] Level 1:colcon.colcon_core.package_identification:_identify(src/autonomous_exploration_development_environment/src/loam_interface) by extension 'ros'
[0.495s] DEBUG:colcon.colcon_core.package_identification:Package 'src/autonomous_exploration_development_environment/src/loam_interface' with type 'ros.ament_cmake' and name 'loam_interface'
[0.495s] Level 1:colcon.colcon_core.package_identification:_identify(src/autonomous_exploration_development_environment/src/local_planner) by extensions ['ignore', 'ignore_ament_install']
[0.495s] Level 1:colcon.colcon_core.package_identification:_identify(src/autonomous_exploration_development_environment/src/local_planner) by extension 'ignore'
[0.495s] Level 1:colcon.colcon_core.package_identification:_identify(src/autonomous_exploration_development_environment/src/local_planner) by extension 'ignore_ament_install'
[0.495s] Level 1:colcon.colcon_core.package_identification:_identify(src/autonomous_exploration_development_environment/src/local_planner) by extensions ['colcon_pkg']
[0.495s] Level 1:colcon.colcon_core.package_identification:_identify(src/autonomous_exploration_development_environment/src/local_planner) by extension 'colcon_pkg'
[0.495s] Level 1:colcon.colcon_core.package_identification:_identify(src/autonomous_exploration_development_environment/src/local_planner) by extensions ['colcon_meta']
[0.495s] Level 1:colcon.colcon_core.package_identification:_identify(src/autonomous_exploration_development_environment/src/local_planner) by extension 'colcon_meta'
[0.495s] Level 1:colcon.colcon_core.package_identification:_identify(src/autonomous_exploration_development_environment/src/local_planner) by extensions ['ros']
[0.495s] Level 1:colcon.colcon_core.package_identification:_identify(src/autonomous_exploration_development_environment/src/local_planner) by extension 'ros'
[0.496s] DEBUG:colcon.colcon_core.package_identification:Package 'src/autonomous_exploration_development_environment/src/local_planner' with type 'ros.ament_cmake' and name 'local_planner'
[0.496s] Level 1:colcon.colcon_core.package_identification:_identify(src/autonomous_exploration_development_environment/src/sensor_scan_generation) by extensions ['ignore', 'ignore_ament_install']
[0.496s] Level 1:colcon.colcon_core.package_identification:_identify(src/autonomous_exploration_development_environment/src/sensor_scan_generation) by extension 'ignore'
[0.496s] Level 1:colcon.colcon_core.package_identification:_identify(src/autonomous_exploration_development_environment/src/sensor_scan_generation) by extension 'ignore_ament_install'
[0.496s] Level 1:colcon.colcon_core.package_identification:_identify(src/autonomous_exploration_development_environment/src/sensor_scan_generation) by extensions ['colcon_pkg']
[0.496s] Level 1:colcon.colcon_core.package_identification:_identify(src/autonomous_exploration_development_environment/src/sensor_scan_generation) by extension 'colcon_pkg'
[0.496s] Level 1:colcon.colcon_core.package_identification:_identify(src/autonomous_exploration_development_environment/src/sensor_scan_generation) by extensions ['colcon_meta']
[0.496s] Level 1:colcon.colcon_core.package_identification:_identify(src/autonomous_exploration_development_environment/src/sensor_scan_generation) by extension 'colcon_meta'
[0.496s] Level 1:colcon.colcon_core.package_identification:_identify(src/autonomous_exploration_development_environment/src/sensor_scan_generation) by extensions ['ros']
[0.496s] Level 1:colcon.colcon_core.package_identification:_identify(src/autonomous_exploration_development_environment/src/sensor_scan_generation) by extension 'ros'
[0.497s] DEBUG:colcon.colcon_core.package_identification:Package 'src/autonomous_exploration_development_environment/src/sensor_scan_generation' with type 'ros.ament_cmake' and name 'sensor_scan_generation'
[0.497s] Level 1:colcon.colcon_core.package_identification:_identify(src/autonomous_exploration_development_environment/src/terrain_analysis) by extensions ['ignore', 'ignore_ament_install']
[0.497s] Level 1:colcon.colcon_core.package_identification:_identify(src/autonomous_exploration_development_environment/src/terrain_analysis) by extension 'ignore'
[0.497s] Level 1:colcon.colcon_core.package_identification:_identify(src/autonomous_exploration_development_environment/src/terrain_analysis) by extension 'ignore_ament_install'
[0.497s] Level 1:colcon.colcon_core.package_identification:_identify(src/autonomous_exploration_development_environment/src/terrain_analysis) by extensions ['colcon_pkg']
[0.497s] Level 1:colcon.colcon_core.package_identification:_identify(src/autonomous_exploration_development_environment/src/terrain_analysis) by extension 'colcon_pkg'
[0.497s] Level 1:colcon.colcon_core.package_identification:_identify(src/autonomous_exploration_development_environment/src/terrain_analysis) by extensions ['colcon_meta']
[0.498s] Level 1:colcon.colcon_core.package_identification:_identify(src/autonomous_exploration_development_environment/src/terrain_analysis) by extension 'colcon_meta'
[0.498s] Level 1:colcon.colcon_core.package_identification:_identify(src/autonomous_exploration_development_environment/src/terrain_analysis) by extensions ['ros']
[0.498s] Level 1:colcon.colcon_core.package_identification:_identify(src/autonomous_exploration_development_environment/src/terrain_analysis) by extension 'ros'
[0.498s] DEBUG:colcon.colcon_core.package_identification:Package 'src/autonomous_exploration_development_environment/src/terrain_analysis' with type 'ros.ament_cmake' and name 'terrain_analysis'
[0.499s] Level 1:colcon.colcon_core.package_identification:_identify(src/autonomous_exploration_development_environment/src/terrain_analysis_ext) by extensions ['ignore', 'ignore_ament_install']
[0.499s] Level 1:colcon.colcon_core.package_identification:_identify(src/autonomous_exploration_development_environment/src/terrain_analysis_ext) by extension 'ignore'
[0.499s] Level 1:colcon.colcon_core.package_identification:_identify(src/autonomous_exploration_development_environment/src/terrain_analysis_ext) by extension 'ignore_ament_install'
[0.499s] Level 1:colcon.colcon_core.package_identification:_identify(src/autonomous_exploration_development_environment/src/terrain_analysis_ext) by extensions ['colcon_pkg']
[0.499s] Level 1:colcon.colcon_core.package_identification:_identify(src/autonomous_exploration_development_environment/src/terrain_analysis_ext) by extension 'colcon_pkg'
[0.499s] Level 1:colcon.colcon_core.package_identification:_identify(src/autonomous_exploration_development_environment/src/terrain_analysis_ext) by extensions ['colcon_meta']
[0.499s] Level 1:colcon.colcon_core.package_identification:_identify(src/autonomous_exploration_development_environment/src/terrain_analysis_ext) by extension 'colcon_meta'
[0.499s] Level 1:colcon.colcon_core.package_identification:_identify(src/autonomous_exploration_development_environment/src/terrain_analysis_ext) by extensions ['ros']
[0.499s] Level 1:colcon.colcon_core.package_identification:_identify(src/autonomous_exploration_development_environment/src/terrain_analysis_ext) by extension 'ros'
[0.500s] DEBUG:colcon.colcon_core.package_identification:Package 'src/autonomous_exploration_development_environment/src/terrain_analysis_ext' with type 'ros.ament_cmake' and name 'terrain_analysis_ext'
[0.500s] Level 1:colcon.colcon_core.package_identification:_identify(src/autonomous_exploration_development_environment/src/vehicle_simulator) by extensions ['ignore', 'ignore_ament_install']
[0.500s] Level 1:colcon.colcon_core.package_identification:_identify(src/autonomous_exploration_development_environment/src/vehicle_simulator) by extension 'ignore'
[0.500s] Level 1:colcon.colcon_core.package_identification:_identify(src/autonomous_exploration_development_environment/src/vehicle_simulator) by extension 'ignore_ament_install'
[0.500s] Level 1:colcon.colcon_core.package_identification:_identify(src/autonomous_exploration_development_environment/src/vehicle_simulator) by extensions ['colcon_pkg']
[0.500s] Level 1:colcon.colcon_core.package_identification:_identify(src/autonomous_exploration_development_environment/src/vehicle_simulator) by extension 'colcon_pkg'
[0.500s] Level 1:colcon.colcon_core.package_identification:_identify(src/autonomous_exploration_development_environment/src/vehicle_simulator) by extensions ['colcon_meta']
[0.500s] Level 1:colcon.colcon_core.package_identification:_identify(src/autonomous_exploration_development_environment/src/vehicle_simulator) by extension 'colcon_meta'
[0.500s] Level 1:colcon.colcon_core.package_identification:_identify(src/autonomous_exploration_development_environment/src/vehicle_simulator) by extensions ['ros']
[0.500s] Level 1:colcon.colcon_core.package_identification:_identify(src/autonomous_exploration_development_environment/src/vehicle_simulator) by extension 'ros'
[0.501s] DEBUG:colcon.colcon_core.package_identification:Package 'src/autonomous_exploration_development_environment/src/vehicle_simulator' with type 'ros.ament_cmake' and name 'vehicle_simulator'
[0.501s] Level 1:colcon.colcon_core.package_identification:_identify(src/autonomous_exploration_development_environment/src/velodyne_simulator) by extensions ['ignore', 'ignore_ament_install']
[0.501s] Level 1:colcon.colcon_core.package_identification:_identify(src/autonomous_exploration_development_environment/src/velodyne_simulator) by extension 'ignore'
[0.501s] Level 1:colcon.colcon_core.package_identification:_identify(src/autonomous_exploration_development_environment/src/velodyne_simulator) by extension 'ignore_ament_install'
[0.501s] Level 1:colcon.colcon_core.package_identification:_identify(src/autonomous_exploration_development_environment/src/velodyne_simulator) by extensions ['colcon_pkg']
[0.501s] Level 1:colcon.colcon_core.package_identification:_identify(src/autonomous_exploration_development_environment/src/velodyne_simulator) by extension 'colcon_pkg'
[0.501s] Level 1:colcon.colcon_core.package_identification:_identify(src/autonomous_exploration_development_environment/src/velodyne_simulator) by extensions ['colcon_meta']
[0.501s] Level 1:colcon.colcon_core.package_identification:_identify(src/autonomous_exploration_development_environment/src/velodyne_simulator) by extension 'colcon_meta'
[0.501s] Level 1:colcon.colcon_core.package_identification:_identify(src/autonomous_exploration_development_environment/src/velodyne_simulator) by extensions ['ros']
[0.502s] Level 1:colcon.colcon_core.package_identification:_identify(src/autonomous_exploration_development_environment/src/velodyne_simulator) by extension 'ros'
[0.502s] Level 1:colcon.colcon_core.package_identification:_identify(src/autonomous_exploration_development_environment/src/velodyne_simulator) by extensions ['cmake', 'python']
[0.502s] Level 1:colcon.colcon_core.package_identification:_identify(src/autonomous_exploration_development_environment/src/velodyne_simulator) by extension 'cmake'
[0.502s] Level 1:colcon.colcon_core.package_identification:_identify(src/autonomous_exploration_development_environment/src/velodyne_simulator) by extension 'python'
[0.502s] Level 1:colcon.colcon_core.package_identification:_identify(src/autonomous_exploration_development_environment/src/velodyne_simulator) by extensions ['python_setup_py']
[0.502s] Level 1:colcon.colcon_core.package_identification:_identify(src/autonomous_exploration_development_environment/src/velodyne_simulator) by extension 'python_setup_py'
[0.502s] Level 1:colcon.colcon_core.package_identification:_identify(src/autonomous_exploration_development_environment/src/velodyne_simulator/velodyne_description) by extensions ['ignore', 'ignore_ament_install']
[0.502s] Level 1:colcon.colcon_core.package_identification:_identify(src/autonomous_exploration_development_environment/src/velodyne_simulator/velodyne_description) by extension 'ignore'
[0.502s] Level 1:colcon.colcon_core.package_identification:_identify(src/autonomous_exploration_development_environment/src/velodyne_simulator/velodyne_description) by extension 'ignore_ament_install'
[0.502s] Level 1:colcon.colcon_core.package_identification:_identify(src/autonomous_exploration_development_environment/src/velodyne_simulator/velodyne_description) by extensions ['colcon_pkg']
[0.502s] Level 1:colcon.colcon_core.package_identification:_identify(src/autonomous_exploration_development_environment/src/velodyne_simulator/velodyne_description) by extension 'colcon_pkg'
[0.502s] Level 1:colcon.colcon_core.package_identification:_identify(src/autonomous_exploration_development_environment/src/velodyne_simulator/velodyne_description) by extensions ['colcon_meta']
[0.502s] Level 1:colcon.colcon_core.package_identification:_identify(src/autonomous_exploration_development_environment/src/velodyne_simulator/velodyne_description) by extension 'colcon_meta'
[0.502s] Level 1:colcon.colcon_core.package_identification:_identify(src/autonomous_exploration_development_environment/src/velodyne_simulator/velodyne_description) by extensions ['ros']
[0.502s] Level 1:colcon.colcon_core.package_identification:_identify(src/autonomous_exploration_development_environment/src/velodyne_simulator/velodyne_description) by extension 'ros'
[0.503s] DEBUG:colcon.colcon_core.package_identification:Package 'src/autonomous_exploration_development_environment/src/velodyne_simulator/velodyne_description' with type 'ros.ament_cmake' and name 'velodyne_description'
[0.503s] Level 1:colcon.colcon_core.package_identification:_identify(src/autonomous_exploration_development_environment/src/velodyne_simulator/velodyne_gazebo_plugins) by extensions ['ignore', 'ignore_ament_install']
[0.503s] Level 1:colcon.colcon_core.package_identification:_identify(src/autonomous_exploration_development_environment/src/velodyne_simulator/velodyne_gazebo_plugins) by extension 'ignore'
[0.503s] Level 1:colcon.colcon_core.package_identification:_identify(src/autonomous_exploration_development_environment/src/velodyne_simulator/velodyne_gazebo_plugins) by extension 'ignore_ament_install'
[0.503s] Level 1:colcon.colcon_core.package_identification:_identify(src/autonomous_exploration_development_environment/src/velodyne_simulator/velodyne_gazebo_plugins) by extensions ['colcon_pkg']
[0.503s] Level 1:colcon.colcon_core.package_identification:_identify(src/autonomous_exploration_development_environment/src/velodyne_simulator/velodyne_gazebo_plugins) by extension 'colcon_pkg'
[0.503s] Level 1:colcon.colcon_core.package_identification:_identify(src/autonomous_exploration_development_environment/src/velodyne_simulator/velodyne_gazebo_plugins) by extensions ['colcon_meta']
[0.503s] Level 1:colcon.colcon_core.package_identification:_identify(src/autonomous_exploration_development_environment/src/velodyne_simulator/velodyne_gazebo_plugins) by extension 'colcon_meta'
[0.503s] Level 1:colcon.colcon_core.package_identification:_identify(src/autonomous_exploration_development_environment/src/velodyne_simulator/velodyne_gazebo_plugins) by extensions ['ros']
[0.503s] Level 1:colcon.colcon_core.package_identification:_identify(src/autonomous_exploration_development_environment/src/velodyne_simulator/velodyne_gazebo_plugins) by extension 'ros'
[0.504s] DEBUG:colcon.colcon_core.package_identification:Package 'src/autonomous_exploration_development_environment/src/velodyne_simulator/velodyne_gazebo_plugins' with type 'ros.ament_cmake' and name 'velodyne_gazebo_plugins'
[0.504s] Level 1:colcon.colcon_core.package_identification:_identify(src/autonomous_exploration_development_environment/src/velodyne_simulator/velodyne_simulator) by extensions ['ignore', 'ignore_ament_install']
[0.504s] Level 1:colcon.colcon_core.package_identification:_identify(src/autonomous_exploration_development_environment/src/velodyne_simulator/velodyne_simulator) by extension 'ignore'
[0.504s] Level 1:colcon.colcon_core.package_identification:_identify(src/autonomous_exploration_development_environment/src/velodyne_simulator/velodyne_simulator) by extension 'ignore_ament_install'
[0.504s] Level 1:colcon.colcon_core.package_identification:_identify(src/autonomous_exploration_development_environment/src/velodyne_simulator/velodyne_simulator) by extensions ['colcon_pkg']
[0.504s] Level 1:colcon.colcon_core.package_identification:_identify(src/autonomous_exploration_development_environment/src/velodyne_simulator/velodyne_simulator) by extension 'colcon_pkg'
[0.504s] Level 1:colcon.colcon_core.package_identification:_identify(src/autonomous_exploration_development_environment/src/velodyne_simulator/velodyne_simulator) by extensions ['colcon_meta']
[0.504s] Level 1:colcon.colcon_core.package_identification:_identify(src/autonomous_exploration_development_environment/src/velodyne_simulator/velodyne_simulator) by extension 'colcon_meta'
[0.504s] Level 1:colcon.colcon_core.package_identification:_identify(src/autonomous_exploration_development_environment/src/velodyne_simulator/velodyne_simulator) by extensions ['ros']
[0.504s] Level 1:colcon.colcon_core.package_identification:_identify(src/autonomous_exploration_development_environment/src/velodyne_simulator/velodyne_simulator) by extension 'ros'
[0.505s] DEBUG:colcon.colcon_core.package_identification:Package 'src/autonomous_exploration_development_environment/src/velodyne_simulator/velodyne_simulator' with type 'ros.ament_cmake' and name 'velodyne_simulator'
[0.505s] Level 1:colcon.colcon_core.package_identification:_identify(src/autonomous_exploration_development_environment/src/visualization_tools) by extensions ['ignore', 'ignore_ament_install']
[0.505s] Level 1:colcon.colcon_core.package_identification:_identify(src/autonomous_exploration_development_environment/src/visualization_tools) by extension 'ignore'
[0.505s] Level 1:colcon.colcon_core.package_identification:_identify(src/autonomous_exploration_development_environment/src/visualization_tools) by extension 'ignore_ament_install'
[0.505s] Level 1:colcon.colcon_core.package_identification:_identify(src/autonomous_exploration_development_environment/src/visualization_tools) by extensions ['colcon_pkg']
[0.505s] Level 1:colcon.colcon_core.package_identification:_identify(src/autonomous_exploration_development_environment/src/visualization_tools) by extension 'colcon_pkg'
[0.505s] Level 1:colcon.colcon_core.package_identification:_identify(src/autonomous_exploration_development_environment/src/visualization_tools) by extensions ['colcon_meta']
[0.505s] Level 1:colcon.colcon_core.package_identification:_identify(src/autonomous_exploration_development_environment/src/visualization_tools) by extension 'colcon_meta'
[0.505s] Level 1:colcon.colcon_core.package_identification:_identify(src/autonomous_exploration_development_environment/src/visualization_tools) by extensions ['ros']
[0.505s] Level 1:colcon.colcon_core.package_identification:_identify(src/autonomous_exploration_development_environment/src/visualization_tools) by extension 'ros'
[0.506s] DEBUG:colcon.colcon_core.package_identification:Package 'src/autonomous_exploration_development_environment/src/visualization_tools' with type 'ros.ament_cmake' and name 'visualization_tools'
[0.506s] Level 1:colcon.colcon_core.package_identification:_identify(src/autonomous_exploration_development_environment/src/waypoint_example) by extensions ['ignore', 'ignore_ament_install']
[0.506s] Level 1:colcon.colcon_core.package_identification:_identify(src/autonomous_exploration_development_environment/src/waypoint_example) by extension 'ignore'
[0.506s] Level 1:colcon.colcon_core.package_identification:_identify(src/autonomous_exploration_development_environment/src/waypoint_example) by extension 'ignore_ament_install'
[0.506s] Level 1:colcon.colcon_core.package_identification:_identify(src/autonomous_exploration_development_environment/src/waypoint_example) by extensions ['colcon_pkg']
[0.506s] Level 1:colcon.colcon_core.package_identification:_identify(src/autonomous_exploration_development_environment/src/waypoint_example) by extension 'colcon_pkg'
[0.506s] Level 1:colcon.colcon_core.package_identification:_identify(src/autonomous_exploration_development_environment/src/waypoint_example) by extensions ['colcon_meta']
[0.506s] Level 1:colcon.colcon_core.package_identification:_identify(src/autonomous_exploration_development_environment/src/waypoint_example) by extension 'colcon_meta'
[0.506s] Level 1:colcon.colcon_core.package_identification:_identify(src/autonomous_exploration_development_environment/src/waypoint_example) by extensions ['ros']
[0.506s] Level 1:colcon.colcon_core.package_identification:_identify(src/autonomous_exploration_development_environment/src/waypoint_example) by extension 'ros'
[0.507s] DEBUG:colcon.colcon_core.package_identification:Package 'src/autonomous_exploration_development_environment/src/waypoint_example' with type 'ros.ament_cmake' and name 'waypoint_example'
[0.508s] Level 1:colcon.colcon_core.package_identification:_identify(src/autonomous_exploration_development_environment/src/waypoint_rviz_plugin) by extensions ['ignore', 'ignore_ament_install']
[0.508s] Level 1:colcon.colcon_core.package_identification:_identify(src/autonomous_exploration_development_environment/src/waypoint_rviz_plugin) by extension 'ignore'
[0.508s] Level 1:colcon.colcon_core.package_identification:_identify(src/autonomous_exploration_development_environment/src/waypoint_rviz_plugin) by extension 'ignore_ament_install'
[0.508s] Level 1:colcon.colcon_core.package_identification:_identify(src/autonomous_exploration_development_environment/src/waypoint_rviz_plugin) by extensions ['colcon_pkg']
[0.508s] Level 1:colcon.colcon_core.package_identification:_identify(src/autonomous_exploration_development_environment/src/waypoint_rviz_plugin) by extension 'colcon_pkg'
[0.508s] Level 1:colcon.colcon_core.package_identification:_identify(src/autonomous_exploration_development_environment/src/waypoint_rviz_plugin) by extensions ['colcon_meta']
[0.508s] Level 1:colcon.colcon_core.package_identification:_identify(src/autonomous_exploration_development_environment/src/waypoint_rviz_plugin) by extension 'colcon_meta'
[0.508s] Level 1:colcon.colcon_core.package_identification:_identify(src/autonomous_exploration_development_environment/src/waypoint_rviz_plugin) by extensions ['ros']
[0.508s] Level 1:colcon.colcon_core.package_identification:_identify(src/autonomous_exploration_development_environment/src/waypoint_rviz_plugin) by extension 'ros'
[0.509s] DEBUG:colcon.colcon_core.package_identification:Package 'src/autonomous_exploration_development_environment/src/waypoint_rviz_plugin' with type 'ros.ament_cmake' and name 'waypoint_rviz_plugin'
[0.509s] Level 1:colcon.colcon_core.package_discovery:discover_packages(recursive) using defaults
[0.509s] Level 1:colcon.colcon_core.package_discovery:discover_packages(ignore) discover
[0.509s] Level 1:colcon.colcon_core.package_discovery:discover_packages(ignore) using defaults
[0.509s] Level 1:colcon.colcon_core.package_discovery:discover_packages(path) discover
[0.509s] Level 1:colcon.colcon_core.package_discovery:discover_packages(path) using defaults
[0.532s] INFO:colcon.colcon_core.package_selection:Skipping not selected package 'joy' in 'src/autonomous_exploration_development_environment/src/joystick_drivers/joy'
[0.532s] INFO:colcon.colcon_core.package_selection:Skipping not selected package 'loam_interface' in 'src/autonomous_exploration_development_environment/src/loam_interface'
[0.532s] INFO:colcon.colcon_core.package_selection:Skipping not selected package 'sensor_scan_generation' in 'src/autonomous_exploration_development_environment/src/sensor_scan_generation'
[0.532s] INFO:colcon.colcon_core.package_selection:Skipping not selected package 'terrain_analysis' in 'src/autonomous_exploration_development_environment/src/terrain_analysis'
[0.532s] INFO:colcon.colcon_core.package_selection:Skipping not selected package 'terrain_analysis_ext' in 'src/autonomous_exploration_development_environment/src/terrain_analysis_ext'
[0.532s] INFO:colcon.colcon_core.package_selection:Skipping not selected package 'vehicle_simulator' in 'src/autonomous_exploration_development_environment/src/vehicle_simulator'
[0.532s] INFO:colcon.colcon_core.package_selection:Skipping not selected package 'velodyne_description' in 'src/autonomous_exploration_development_environment/src/velodyne_simulator/velodyne_description'
[0.532s] INFO:colcon.colcon_core.package_selection:Skipping not selected package 'velodyne_gazebo_plugins' in 'src/autonomous_exploration_development_environment/src/velodyne_simulator/velodyne_gazebo_plugins'
[0.532s] INFO:colcon.colcon_core.package_selection:Skipping not selected package 'visualization_tools' in 'src/autonomous_exploration_development_environment/src/visualization_tools'
[0.532s] INFO:colcon.colcon_core.package_selection:Skipping not selected package 'waypoint_example' in 'src/autonomous_exploration_development_environment/src/waypoint_example'
[0.532s] INFO:colcon.colcon_core.package_selection:Skipping not selected package 'waypoint_rviz_plugin' in 'src/autonomous_exploration_development_environment/src/waypoint_rviz_plugin'
[0.532s] INFO:colcon.colcon_core.package_selection:Skipping not selected package 'velodyne_simulator' in 'src/autonomous_exploration_development_environment/src/velodyne_simulator/velodyne_simulator'
[0.533s] Level 1:colcon.colcon_core.package_discovery:discover_packages(prefix_path) check parameters
[0.533s] Level 1:colcon.colcon_core.package_discovery:discover_packages(prefix_path) discover
[0.537s] DEBUG:colcon.colcon_installed_package_information.package_discovery:Found 278 installed packages in /opt/ros/humble
[0.538s] Level 1:colcon.colcon_core.package_discovery:discover_packages(prefix_path) using defaults
[0.612s] Level 5:colcon.colcon_core.verb:set package 'local_planner' build argument 'cmake_args' from command line to '['-DCMAKE_BUILD_TYPE=Release']'
[0.612s] Level 5:colcon.colcon_core.verb:set package 'local_planner' build argument 'cmake_target' from command line to 'None'
[0.612s] Level 5:colcon.colcon_core.verb:set package 'local_planner' build argument 'cmake_target_skip_unavailable' from command line to 'False'
[0.612s] Level 5:colcon.colcon_core.verb:set package 'local_planner' build argument 'cmake_clean_cache' from command line to 'False'
[0.612s] Level 5:colcon.colcon_core.verb:set package 'local_planner' build argument 'cmake_clean_first' from command line to 'False'
[0.612s] Level 5:colcon.colcon_core.verb:set package 'local_planner' build argument 'cmake_force_configure' from command line to 'False'
[0.612s] Level 5:colcon.colcon_core.verb:set package 'local_planner' build argument 'ament_cmake_args' from command line to 'None'
[0.612s] Level 5:colcon.colcon_core.verb:set package 'local_planner' build argument 'catkin_cmake_args' from command line to 'None'
[0.612s] Level 5:colcon.colcon_core.verb:set package 'local_planner' build argument 'catkin_skip_building_tests' from command line to 'False'
[0.612s] DEBUG:colcon.colcon_core.verb:Building package 'local_planner' with the following arguments: {'ament_cmake_args': None, 'build_base': '/home/freesix/far_planner_ws/build/local_planner', 'catkin_cmake_args': None, 'catkin_skip_building_tests': False, 'cmake_args': ['-DCMAKE_BUILD_TYPE=Release'], 'cmake_clean_cache': False, 'cmake_clean_first': False, 'cmake_force_configure': False, 'cmake_target': None, 'cmake_target_skip_unavailable': False, 'install_base': '/home/freesix/far_planner_ws/install/local_planner', 'merge_install': False, 'path': '/home/freesix/far_planner_ws/src/autonomous_exploration_development_environment/src/local_planner', 'symlink_install': True, 'test_result_base': None}
[0.613s] INFO:colcon.colcon_core.executor:Executing jobs using 'parallel' executor
[0.615s] DEBUG:colcon.colcon_parallel_executor.executor.parallel:run_until_complete
[0.615s] INFO:colcon.colcon_ros.task.ament_cmake.build:Building ROS package in '/home/freesix/far_planner_ws/src/autonomous_exploration_development_environment/src/local_planner' with build type 'ament_cmake'
[0.615s] INFO:colcon.colcon_cmake.task.cmake.build:Building CMake package in '/home/freesix/far_planner_ws/src/autonomous_exploration_development_environment/src/local_planner'
[0.621s] INFO:colcon.colcon_core.plugin_system:Skipping extension 'colcon_core.shell.bat': Not used on non-Windows systems
[0.621s] INFO:colcon.colcon_core.shell:Skip shell extension 'powershell' for command environment: Not usable outside of PowerShell
[0.621s] DEBUG:colcon.colcon_core.shell:Skip shell extension 'dsv' for command environment
[0.628s] DEBUG:colcon.colcon_core.event_handler.log_command:Invoking command in '/home/freesix/far_planner_ws/build/local_planner': CMAKE_PREFIX_PATH=/opt/ros/humble /usr/local/bin/cmake --build /home/freesix/far_planner_ws/build/local_planner -- -j16 -l16
[19.159s] DEBUG:colcon.colcon_core.event_handler.log_command:Invoked command in '/home/freesix/far_planner_ws/build/local_planner' returned '0': CMAKE_PREFIX_PATH=/opt/ros/humble /usr/local/bin/cmake --build /home/freesix/far_planner_ws/build/local_planner -- -j16 -l16
[19.176s] DEBUG:colcon.colcon_core.event_handler.log_command:Invoking command in '/home/freesix/far_planner_ws/build/local_planner': CMAKE_PREFIX_PATH=/opt/ros/humble /usr/local/bin/cmake --install /home/freesix/far_planner_ws/build/local_planner
[19.221s] Level 1:colcon.colcon_core.environment:create_environment_scripts_only(local_planner)
[19.222s] DEBUG:colcon.colcon_core.event_handler.log_command:Invoked command in '/home/freesix/far_planner_ws/build/local_planner' returned '0': CMAKE_PREFIX_PATH=/opt/ros/humble /usr/local/bin/cmake --install /home/freesix/far_planner_ws/build/local_planner
[19.230s] Level 1:colcon.colcon_core.environment:checking '/home/freesix/far_planner_ws/install/local_planner' for CMake module files
[19.230s] Level 1:colcon.colcon_core.environment:checking '/home/freesix/far_planner_ws/install/local_planner' for CMake config files
[19.230s] Level 1:colcon.colcon_core.shell:create_environment_hook('local_planner', 'cmake_prefix_path')
[19.231s] INFO:colcon.colcon_core.shell:Creating environment hook '/home/freesix/far_planner_ws/install/local_planner/share/local_planner/hook/cmake_prefix_path.ps1'
[19.232s] INFO:colcon.colcon_core.shell:Creating environment descriptor '/home/freesix/far_planner_ws/install/local_planner/share/local_planner/hook/cmake_prefix_path.dsv'
[19.232s] INFO:colcon.colcon_core.shell:Creating environment hook '/home/freesix/far_planner_ws/install/local_planner/share/local_planner/hook/cmake_prefix_path.sh'
[19.233s] Level 1:colcon.colcon_core.environment:checking '/home/freesix/far_planner_ws/install/local_planner/lib'
[19.233s] Level 1:colcon.colcon_core.environment:checking '/home/freesix/far_planner_ws/install/local_planner/bin'
[19.233s] Level 1:colcon.colcon_core.environment:checking '/home/freesix/far_planner_ws/install/local_planner/lib/pkgconfig/local_planner.pc'
[19.233s] Level 1:colcon.colcon_core.environment:checking '/home/freesix/far_planner_ws/install/local_planner/lib/python3.10/site-packages'
[19.233s] Level 1:colcon.colcon_core.environment:checking '/home/freesix/far_planner_ws/install/local_planner/bin'
[19.234s] INFO:colcon.colcon_core.shell:Creating package script '/home/freesix/far_planner_ws/install/local_planner/share/local_planner/package.ps1'
[19.235s] INFO:colcon.colcon_core.shell:Creating package descriptor '/home/freesix/far_planner_ws/install/local_planner/share/local_planner/package.dsv'
[19.235s] INFO:colcon.colcon_core.shell:Creating package script '/home/freesix/far_planner_ws/install/local_planner/share/local_planner/package.sh'
[19.235s] INFO:colcon.colcon_core.shell:Creating package script '/home/freesix/far_planner_ws/install/local_planner/share/local_planner/package.bash'
[19.236s] INFO:colcon.colcon_core.shell:Creating package script '/home/freesix/far_planner_ws/install/local_planner/share/local_planner/package.zsh'
[19.236s] Level 1:colcon.colcon_core.environment:create_file_with_runtime_dependencies(/home/freesix/far_planner_ws/install/local_planner/share/colcon-core/packages/local_planner)
[19.252s] Level 1:colcon.colcon_core.environment:create_environment_scripts_only(local_planner)
[19.254s] Level 1:colcon.colcon_core.environment:checking '/home/freesix/far_planner_ws/install/local_planner' for CMake module files
[19.254s] Level 1:colcon.colcon_core.environment:checking '/home/freesix/far_planner_ws/install/local_planner' for CMake config files
[19.254s] Level 1:colcon.colcon_core.shell:create_environment_hook('local_planner', 'cmake_prefix_path')
[19.255s] INFO:colcon.colcon_core.shell:Creating environment hook '/home/freesix/far_planner_ws/install/local_planner/share/local_planner/hook/cmake_prefix_path.ps1'
[19.255s] INFO:colcon.colcon_core.shell:Creating environment descriptor '/home/freesix/far_planner_ws/install/local_planner/share/local_planner/hook/cmake_prefix_path.dsv'
[19.255s] INFO:colcon.colcon_core.shell:Creating environment hook '/home/freesix/far_planner_ws/install/local_planner/share/local_planner/hook/cmake_prefix_path.sh'
[19.255s] Level 1:colcon.colcon_core.environment:checking '/home/freesix/far_planner_ws/install/local_planner/lib'
[19.256s] Level 1:colcon.colcon_core.environment:checking '/home/freesix/far_planner_ws/install/local_planner/bin'
[19.256s] Level 1:colcon.colcon_core.environment:checking '/home/freesix/far_planner_ws/install/local_planner/lib/pkgconfig/local_planner.pc'
[19.256s] Level 1:colcon.colcon_core.environment:checking '/home/freesix/far_planner_ws/install/local_planner/lib/python3.10/site-packages'
[19.256s] Level 1:colcon.colcon_core.environment:checking '/home/freesix/far_planner_ws/install/local_planner/bin'
[19.257s] INFO:colcon.colcon_core.shell:Creating package script '/home/freesix/far_planner_ws/install/local_planner/share/local_planner/package.ps1'
[19.257s] INFO:colcon.colcon_core.shell:Creating package descriptor '/home/freesix/far_planner_ws/install/local_planner/share/local_planner/package.dsv'
[19.257s] INFO:colcon.colcon_core.shell:Creating package script '/home/freesix/far_planner_ws/install/local_planner/share/local_planner/package.sh'
[19.257s] INFO:colcon.colcon_core.shell:Creating package script '/home/freesix/far_planner_ws/install/local_planner/share/local_planner/package.bash'
[19.258s] INFO:colcon.colcon_core.shell:Creating package script '/home/freesix/far_planner_ws/install/local_planner/share/local_planner/package.zsh'
[19.258s] Level 1:colcon.colcon_core.environment:create_file_with_runtime_dependencies(/home/freesix/far_planner_ws/install/local_planner/share/colcon-core/packages/local_planner)
[19.258s] DEBUG:colcon.colcon_parallel_executor.executor.parallel:closing loop
[19.258s] DEBUG:colcon.colcon_parallel_executor.executor.parallel:loop closed
[19.258s] DEBUG:colcon.colcon_parallel_executor.executor.parallel:run_until_complete finished with '0'
[19.258s] DEBUG:colcon.colcon_core.event_reactor:joining thread
[19.284s] INFO:colcon.colcon_core.plugin_system:Skipping extension 'colcon_notification.desktop_notification.notify_send': Could not find 'notify-send'
[19.284s] INFO:colcon.colcon_core.plugin_system:Skipping extension 'colcon_notification.desktop_notification.terminal_notifier': Not used on non-Darwin systems
[19.284s] INFO:colcon.colcon_core.plugin_system:Skipping extension 'colcon_notification.desktop_notification.win32': Not used on non-Windows systems
[19.284s] INFO:colcon.colcon_notification.desktop_notification:Sending desktop notification using 'notify2'
[19.285s] DEBUG:colcon.colcon_notification.desktop_notification.notify2:Failed to initialize notify2: org.freedesktop.DBus.Error.FileNotFound: Failed to connect to socket /run/user/1000/bus: No such file or directory
[19.285s] DEBUG:colcon.colcon_core.event_reactor:joined thread
[19.286s] INFO:colcon.colcon_core.shell:Creating prefix script '/home/freesix/far_planner_ws/install/local_setup.ps1'
[19.286s] INFO:colcon.colcon_core.shell:Creating prefix util module '/home/freesix/far_planner_ws/install/_local_setup_util_ps1.py'
[19.287s] INFO:colcon.colcon_core.shell:Creating prefix chain script '/home/freesix/far_planner_ws/install/setup.ps1'
[19.288s] INFO:colcon.colcon_core.shell:Creating prefix script '/home/freesix/far_planner_ws/install/local_setup.sh'
[19.288s] INFO:colcon.colcon_core.shell:Creating prefix util module '/home/freesix/far_planner_ws/install/_local_setup_util_sh.py'
[19.288s] INFO:colcon.colcon_core.shell:Creating prefix chain script '/home/freesix/far_planner_ws/install/setup.sh'
[19.289s] INFO:colcon.colcon_core.shell:Creating prefix script '/home/freesix/far_planner_ws/install/local_setup.bash'
[19.290s] INFO:colcon.colcon_core.shell:Creating prefix chain script '/home/freesix/far_planner_ws/install/setup.bash'
[19.290s] INFO:colcon.colcon_core.shell:Creating prefix script '/home/freesix/far_planner_ws/install/local_setup.zsh'
[19.291s] INFO:colcon.colcon_core.shell:Creating prefix chain script '/home/freesix/far_planner_ws/install/setup.zsh'
