-- Install configuration: "Release"
-- Execute custom install script
-- Symlinking: /home/freesix/far_planner_ws/install/velodyne_description/share/velodyne_description/launch/example.launch.py
-- Symlinking: /home/freesix/far_planner_ws/install/velodyne_description/share/velodyne_description/meshes/HDL32E_base.dae
-- Symlinking: /home/freesix/far_planner_ws/install/velodyne_description/share/velodyne_description/meshes/HDL32E_base.stl
-- Symlinking: /home/freesix/far_planner_ws/install/velodyne_description/share/velodyne_description/meshes/HDL32E_scan.dae
-- Symlinking: /home/freesix/far_planner_ws/install/velodyne_description/share/velodyne_description/meshes/HDL32E_scan.stl
-- Symlinking: /home/freesix/far_planner_ws/install/velodyne_description/share/velodyne_description/meshes/VLP16_base_1.dae
-- Symlinking: /home/freesix/far_planner_ws/install/velodyne_description/share/velodyne_description/meshes/VLP16_base_1.stl
-- Symlinking: /home/freesix/far_planner_ws/install/velodyne_description/share/velodyne_description/meshes/VLP16_base_2.dae
-- Symlinking: /home/freesix/far_planner_ws/install/velodyne_description/share/velodyne_description/meshes/VLP16_base_2.stl
-- Symlinking: /home/freesix/far_planner_ws/install/velodyne_description/share/velodyne_description/meshes/VLP16_scan.dae
-- Symlinking: /home/freesix/far_planner_ws/install/velodyne_description/share/velodyne_description/meshes/VLP16_scan.stl
-- Symlinking: /home/freesix/far_planner_ws/install/velodyne_description/share/velodyne_description/rviz/example.rviz
-- Symlinking: /home/freesix/far_planner_ws/install/velodyne_description/share/velodyne_description/urdf/HDL-32E.urdf.xacro
-- Symlinking: /home/freesix/far_planner_ws/install/velodyne_description/share/velodyne_description/urdf/VLP-16.urdf.xacro
-- Symlinking: /home/freesix/far_planner_ws/install/velodyne_description/share/velodyne_description/urdf/example.urdf.xacro
-- Symlinking: /home/freesix/far_planner_ws/install/velodyne_description/share/velodyne_description/world/example.world
-- Symlinking: /home/freesix/far_planner_ws/install/velodyne_description/share/velodyne_description/environment/velodyne_description.dsv
-- Symlinking: /home/freesix/far_planner_ws/install/velodyne_description/share/ament_index/resource_index/package_run_dependencies/velodyne_description
-- Symlinking: /home/freesix/far_planner_ws/install/velodyne_description/share/ament_index/resource_index/parent_prefix_path/velodyne_description
-- Symlinking: /home/freesix/far_planner_ws/install/velodyne_description/share/velodyne_description/environment/ament_prefix_path.sh
-- Symlinking: /home/freesix/far_planner_ws/install/velodyne_description/share/velodyne_description/environment/ament_prefix_path.dsv
-- Symlinking: /home/freesix/far_planner_ws/install/velodyne_description/share/velodyne_description/environment/path.sh
-- Symlinking: /home/freesix/far_planner_ws/install/velodyne_description/share/velodyne_description/environment/path.dsv
-- Symlinking: /home/freesix/far_planner_ws/install/velodyne_description/share/velodyne_description/local_setup.bash
-- Symlinking: /home/freesix/far_planner_ws/install/velodyne_description/share/velodyne_description/local_setup.sh
-- Symlinking: /home/freesix/far_planner_ws/install/velodyne_description/share/velodyne_description/local_setup.zsh
-- Symlinking: /home/freesix/far_planner_ws/install/velodyne_description/share/velodyne_description/local_setup.dsv
-- Symlinking: /home/freesix/far_planner_ws/install/velodyne_description/share/velodyne_description/package.dsv
-- Symlinking: /home/freesix/far_planner_ws/install/velodyne_description/share/ament_index/resource_index/packages/velodyne_description
-- Symlinking: /home/freesix/far_planner_ws/install/velodyne_description/share/velodyne_description/cmake/velodyne_descriptionConfig.cmake
-- Symlinking: /home/freesix/far_planner_ws/install/velodyne_description/share/velodyne_description/cmake/velodyne_descriptionConfig-version.cmake
-- Symlinking: /home/freesix/far_planner_ws/install/velodyne_description/share/velodyne_description/package.xml
