[0.040s] Invoking command in '/home/freesix/far_planner_ws/build/velodyne_gazebo_plugins': CMAKE_PREFIX_PATH=/opt/ros/humble /usr/local/bin/cmake /home/freesix/far_planner_ws/src/autonomous_exploration_development_environment/src/velodyne_simulator/velodyne_gazebo_plugins -DCMAKE_BUILD_TYPE=Release -DAMENT_CMAKE_SYMLINK_INSTALL=1 -DCMAKE_INSTALL_PREFIX=/home/freesix/far_planner_ws/install/velodyne_gazebo_plugins
[0.209s] -- The C compiler identification is GNU 11.4.0
[0.413s] -- The CXX compiler identification is GNU 11.4.0
[0.561s] -- Detecting C compiler ABI info
[0.675s] -- Detecting C compiler ABI info - done
[0.686s] -- Check for working C compiler: /usr/bin/cc - skipped
[0.687s] -- Detecting C compile features
[0.687s] -- Detecting C compile features - done
[0.690s] -- Detecting CXX compiler ABI info
[0.801s] -- Detecting CXX compiler ABI info - done
[0.813s] -- Check for working CXX compiler: /usr/bin/c++ - skipped
[0.813s] -- Detecting CXX compile features
[0.813s] -- Detecting CXX compile features - done
[0.816s] -- Found ament_cmake: 1.3.5 (/opt/ros/humble/share/ament_cmake/cmake)
[2.098s] -- Found Python3: /usr/bin/python3.10 (found version "3.10.12") found components: Interpreter 
[2.168s] -- Override CMake install command with custom implementation using symlinks instead of copying resources
[2.188s] -- Found gazebo_dev: 3.7.0 (/opt/ros/humble/share/gazebo_dev/cmake)
[2.199s] -- Found PkgConfig: /usr/bin/pkg-config (found version "0.29.2") 
[2.202s] -- Checking for module 'bullet>=2.82'
[2.213s] --   Found bullet, version 3.05
[2.319s] -- Found fcl: /usr/include (found suitable version "0.7.0", minimum required is "0.5.0") 
[2.348s] -- Found assimp: /usr/include (found version "5.2.0") 
[2.375s] -- Found DART: /usr/include (Required is at least version "6.6") found components: dart 
[2.523s] -- Found Boost: /usr/lib/x86_64-linux-gnu/cmake/Boost-1.74.0/BoostConfig.cmake (found suitable version "1.74.0", minimum required is "1.40.0") found components: thread system filesystem program_options regex iostreams date_time 
[2.909s] -- Found Protobuf: /usr/lib/x86_64-linux-gnu/libprotobuf.so (found version "3.12.4") 
[2.916s] -- Looking for ignition-math6 -- found version 6.12.0
[2.925s] -- Searching for dependencies of ignition-math6
[2.928s] -- Looking for OGRE...
[2.929s] -- OGRE_PREFIX_WATCH changed.
[2.933s] -- Checking for module 'OGRE'
[2.940s] --   Found OGRE, version 1.9.0
[2.960s] -- Found Ogre Ghadamon (1.9.0)
[3.329s] -- Found OGRE: optimized;/usr/lib/x86_64-linux-gnu/libOgreMain.so;debug;/usr/lib/x86_64-linux-gnu/libOgreMain.so
[3.339s] -- Looking for OGRE_Paging...
[3.615s] -- Found OGRE_Paging: optimized;/usr/lib/x86_64-linux-gnu/libOgrePaging.so;debug;/usr/lib/x86_64-linux-gnu/libOgrePaging.so
[3.615s] -- Looking for OGRE_Terrain...
[3.903s] -- Found OGRE_Terrain: optimized;/usr/lib/x86_64-linux-gnu/libOgreTerrain.so;debug;/usr/lib/x86_64-linux-gnu/libOgreTerrain.so
[3.903s] -- Looking for OGRE_Property...
[4.137s] -- Found OGRE_Property: optimized;/usr/lib/x86_64-linux-gnu/libOgreProperty.so;debug;/usr/lib/x86_64-linux-gnu/libOgreProperty.so
[4.138s] -- Looking for OGRE_RTShaderSystem...
[4.503s] -- Found OGRE_RTShaderSystem: optimized;/usr/lib/x86_64-linux-gnu/libOgreRTShaderSystem.so;debug;/usr/lib/x86_64-linux-gnu/libOgreRTShaderSystem.so
[4.503s] -- Looking for OGRE_Volume...
[4.830s] -- Found OGRE_Volume: optimized;/usr/lib/x86_64-linux-gnu/libOgreVolume.so;debug;/usr/lib/x86_64-linux-gnu/libOgreVolume.so
[4.830s] -- Looking for OGRE_Overlay...
[5.144s] -- Found OGRE_Overlay: optimized;/usr/lib/x86_64-linux-gnu/libOgreOverlay.so;debug;/usr/lib/x86_64-linux-gnu/libOgreOverlay.so
[16.322s] -- Looking for ignition-math6 -- found version 6.12.0
[16.326s] -- Looking for ignition-transport8 -- found version 8.2.1
[16.326s] -- Searching for dependencies of ignition-transport8
[16.951s] -- Found Protobuf: /usr/lib/x86_64-linux-gnu/libprotobuf.so (found suitable version "3.12.4", minimum required is "3") 
[17.562s] -- Config-file not installed for ZeroMQ -- checking for pkg-config
[17.565s] -- Checking for module 'libzmq >= 4'
[17.573s] --   Found libzmq , version 4.3.4
[17.588s] -- Found ZeroMQ: TRUE (Required is at least version "4") 
[17.615s] -- Checking for module 'uuid'
[17.620s] --   Found uuid, version 2.37.2
[17.635s] -- Found UUID: TRUE  
[17.639s] -- Looking for ignition-msgs5 -- found version 5.8.1
[17.639s] -- Searching for dependencies of ignition-msgs5
[18.215s] -- Looking for ignition-math6 -- found version 6.12.0
[18.219s] -- Checking for module 'tinyxml2'
[18.225s] --   Found tinyxml2, version 9.0.0
[18.241s] -- Looking for ignition-msgs5 -- found version 5.8.1
[18.244s] -- Looking for ignition-common3 -- found version 3.14.0
[18.244s] -- Searching for dependencies of ignition-common3
[18.268s] -- Looking for dlfcn.h - found
[18.292s] -- Looking for libdl - found
[18.293s] -- Found DL: TRUE  
[18.365s] -- Found tinyobjloader: /usr/lib/x86_64-linux-gnu/cmake/tinyobjloader/tinyobjloader-config.cmake (found version "2.0.0") 
[18.366s] -- Searching for <ignition-common3> component [graphics]
[18.368s] -- Looking for ignition-common3-graphics -- found version 3.14.0
[18.369s] -- Searching for dependencies of ignition-common3-graphics
[18.369s] -- Looking for ignition-math6 -- found version 6.12.0
[18.373s] -- Looking for ignition-fuel_tools4 -- found version 4.4.0
[18.373s] -- Searching for dependencies of ignition-fuel_tools4
[19.093s] -- Found CURL: /usr/lib/x86_64-linux-gnu/libcurl.so (found version "7.81.0")  
[19.102s] -- Checking for module 'jsoncpp'
[19.109s] --   Found jsoncpp, version 1.9.5
[19.123s] -- Found JSONCPP: TRUE  
[19.127s] -- Checking for module 'libzip'
[19.133s] --   Found libzip, version 1.7.3
[19.147s] -- Found ZIP: TRUE  
[19.148s] -- Looking for ignition-common3 -- found version 3.14.0
[19.148s] -- Looking for ignition-math6 -- found version 6.12.0
[19.149s] -- Looking for ignition-msgs5 -- found version 5.8.1
[19.154s] -- Gazebo version: 11.10
[19.154s] -- Checking for module 'tbb'
[19.160s] --   Found tbb, version 2021.5.0
[19.174s] -- Found gazebo_ros: 3.7.0 (/opt/ros/humble/share/gazebo_ros/cmake)
[19.222s] -- Found rosidl_generator_c: 3.1.5 (/opt/ros/humble/share/rosidl_generator_c/cmake)
[19.225s] -- Found rosidl_adapter: 3.1.5 (/opt/ros/humble/share/rosidl_adapter/cmake)
[19.230s] -- Found rosidl_generator_cpp: 3.1.5 (/opt/ros/humble/share/rosidl_generator_cpp/cmake)
[19.239s] -- Using all available rosidl_typesupport_c: rosidl_typesupport_fastrtps_c;rosidl_typesupport_introspection_c
[19.251s] -- Using all available rosidl_typesupport_cpp: rosidl_typesupport_fastrtps_cpp;rosidl_typesupport_introspection_cpp
[19.296s] -- Found rmw_implementation_cmake: 6.1.1 (/opt/ros/humble/share/rmw_implementation_cmake/cmake)
[19.298s] -- Found rmw_fastrtps_cpp: 6.2.3 (/opt/ros/humble/share/rmw_fastrtps_cpp/cmake)
[19.896s] -- Found OpenSSL: /usr/lib/x86_64-linux-gnu/libcrypto.so (found version "3.0.2")  
[20.562s] -- Found FastRTPS: /opt/ros/humble/include  
[21.492s] -- Using RMW implementation 'rmw_fastrtps_cpp' as default
[21.500s] -- Found Threads: TRUE  
[21.614s] -- Found gazebo_msgs: 3.7.0 (/opt/ros/humble/share/gazebo_msgs/cmake)
[21.781s] -- Found sensor_msgs: 4.2.3 (/opt/ros/humble/share/sensor_msgs/cmake)
[21.898s] -- Configuring done (21.8s)
[21.938s] -- Generating done (0.0s)
[21.939s] -- Build files have been written to: /home/freesix/far_planner_ws/build/velodyne_gazebo_plugins
