-- The C compiler identification is GNU 11.4.0
-- The CXX compiler identification is GNU 11.4.0
-- Detecting C compiler ABI info
-- Detecting C compiler ABI info - done
-- Check for working C compiler: /usr/bin/cc - skipped
-- Detecting C compile features
-- Detecting C compile features - done
-- Detecting CXX compiler ABI info
-- Detecting CXX compiler ABI info - done
-- Check for working CXX compiler: /usr/bin/c++ - skipped
-- Detecting CXX compile features
-- Detecting CXX compile features - done
-- Found ament_cmake: 1.3.5 (/opt/ros/humble/share/ament_cmake/cmake)
-- Found Python3: /usr/bin/python3.10 (found version "3.10.12") found components: Interpreter 
-- Override CMake install command with custom implementation using symlinks instead of copying resources
-- Found geometry_msgs: 4.2.3 (/opt/ros/humble/share/geometry_msgs/cmake)
-- Found rosidl_generator_c: 3.1.5 (/opt/ros/humble/share/rosidl_generator_c/cmake)
-- Found rosidl_adapter: 3.1.5 (/opt/ros/humble/share/rosidl_adapter/cmake)
-- Found rosidl_generator_cpp: 3.1.5 (/opt/ros/humble/share/rosidl_generator_cpp/cmake)
-- Using all available rosidl_typesupport_c: rosidl_typesupport_fastrtps_c;rosidl_typesupport_introspection_c
-- Using all available rosidl_typesupport_cpp: rosidl_typesupport_fastrtps_cpp;rosidl_typesupport_introspection_cpp
-- Found minkindr: 0.0.1 (/home/freesix/far_planner_ws/install/minkindr/share/minkindr/cmake)
-- Found tf2: 0.25.3 (/opt/ros/humble/share/tf2/cmake)
-- Found tf2_eigen: 0.25.3 (/opt/ros/humble/share/tf2_eigen/cmake)
-- Found rmw_implementation_cmake: 6.1.1 (/opt/ros/humble/share/rmw_implementation_cmake/cmake)
-- Found rmw_fastrtps_cpp: 6.2.3 (/opt/ros/humble/share/rmw_fastrtps_cpp/cmake)
-- Found OpenSSL: /usr/lib/x86_64-linux-gnu/libcrypto.so (found version "3.0.2")  
-- Found FastRTPS: /opt/ros/humble/include  
-- Using RMW implementation 'rmw_fastrtps_cpp' as default
-- Performing Test CMAKE_HAVE_LIBC_PTHREAD
-- Performing Test CMAKE_HAVE_LIBC_PTHREAD - Success
-- Found Threads: TRUE  
-- Configuring done (6.2s)
-- Generating done (0.0s)
-- Build files have been written to: /home/freesix/far_planner_ws/build/minkindr_conversions
[ 33%] [32mBuilding CXX object CMakeFiles/minkindr_conversions.dir/src/kindr_msg.cc.o[0m
[ 66%] [32mBuilding CXX object CMakeFiles/minkindr_conversions.dir/src/kindr_tf.cc.o[0m
[100%] [32m[1mLinking CXX shared library libminkindr_conversions.so[0m
[100%] Built target minkindr_conversions
-- Install configuration: "Release"
-- Execute custom install script
-- Symlinking: /home/freesix/far_planner_ws/install/minkindr_conversions/share/minkindr_conversions/environment/library_path.sh
-- Symlinking: /home/freesix/far_planner_ws/install/minkindr_conversions/share/minkindr_conversions/environment/library_path.dsv
-- Symlinking: /home/freesix/far_planner_ws/install/minkindr_conversions/include/minkindr_conversions/kindr_msg.h
-- Symlinking: /home/freesix/far_planner_ws/install/minkindr_conversions/include/minkindr_conversions/kindr_tf.h
-- Symlinking: /home/freesix/far_planner_ws/install/minkindr_conversions/include/minkindr_conversions/kindr_xml.h
-- Symlinking: /home/freesix/far_planner_ws/install/minkindr_conversions/share/ament_index/resource_index/package_run_dependencies/minkindr_conversions
-- Symlinking: /home/freesix/far_planner_ws/install/minkindr_conversions/share/ament_index/resource_index/parent_prefix_path/minkindr_conversions
-- Symlinking: /home/freesix/far_planner_ws/install/minkindr_conversions/share/minkindr_conversions/environment/ament_prefix_path.sh
-- Symlinking: /home/freesix/far_planner_ws/install/minkindr_conversions/share/minkindr_conversions/environment/ament_prefix_path.dsv
-- Symlinking: /home/freesix/far_planner_ws/install/minkindr_conversions/share/minkindr_conversions/environment/path.sh
-- Symlinking: /home/freesix/far_planner_ws/install/minkindr_conversions/share/minkindr_conversions/environment/path.dsv
-- Symlinking: /home/freesix/far_planner_ws/install/minkindr_conversions/share/minkindr_conversions/local_setup.bash
-- Symlinking: /home/freesix/far_planner_ws/install/minkindr_conversions/share/minkindr_conversions/local_setup.sh
-- Symlinking: /home/freesix/far_planner_ws/install/minkindr_conversions/share/minkindr_conversions/local_setup.zsh
-- Symlinking: /home/freesix/far_planner_ws/install/minkindr_conversions/share/minkindr_conversions/local_setup.dsv
-- Symlinking: /home/freesix/far_planner_ws/install/minkindr_conversions/share/minkindr_conversions/package.dsv
-- Symlinking: /home/freesix/far_planner_ws/install/minkindr_conversions/share/ament_index/resource_index/packages/minkindr_conversions
-- Symlinking: /home/freesix/far_planner_ws/install/minkindr_conversions/share/minkindr_conversions/cmake/ament_cmake_export_targets-extras.cmake
-- Symlinking: /home/freesix/far_planner_ws/install/minkindr_conversions/share/minkindr_conversions/cmake/ament_cmake_export_dependencies-extras.cmake
-- Symlinking: /home/freesix/far_planner_ws/install/minkindr_conversions/share/minkindr_conversions/cmake/minkindr_conversionsConfig.cmake
-- Symlinking: /home/freesix/far_planner_ws/install/minkindr_conversions/share/minkindr_conversions/cmake/minkindr_conversionsConfig-version.cmake
-- Symlinking: /home/freesix/far_planner_ws/install/minkindr_conversions/share/minkindr_conversions/package.xml
-- Installing: /home/freesix/far_planner_ws/install/minkindr_conversions/lib/libminkindr_conversions.so
-- Set runtime path of "/home/freesix/far_planner_ws/install/minkindr_conversions/lib/libminkindr_conversions.so" to ""
-- Installing: /home/freesix/far_planner_ws/install/minkindr_conversions/share/minkindr_conversions/cmake/minkindr_conversionsExport.cmake
-- Installing: /home/freesix/far_planner_ws/install/minkindr_conversions/share/minkindr_conversions/cmake/minkindr_conversionsExport-release.cmake
