[0.088s] Invoking command in '/home/freesix/far_planner_ws/build/minkindr_conversions': CMAKE_PREFIX_PATH=/opt/ros/humble:/home/freesix/far_planner_ws/install/minkindr PKG_CONFIG_PATH=/home/freesix/far_planner_ws/install/minkindr/lib/x86_64-linux-gnu/pkgconfig:/home/freesix/far_planner_ws/install/minkindr/lib/pkgconfig ROS_PACKAGE_PATH=/home/freesix/far_planner_ws/install/minkindr/share /usr/local/bin/cmake /home/freesix/far_planner_ws/src/dsv_planner/src/minkindr_ros/minkindr_conversions -DCMAKE_BUILD_TYPE=Release -DAMENT_CMAKE_SYMLINK_INSTALL=1 -DCMAKE_INSTALL_PREFIX=/home/freesix/far_planner_ws/install/minkindr_conversions
[0.150s] -- The C compiler identification is GNU 11.4.0
[0.416s] -- The CXX compiler identification is GNU 11.4.0
[0.603s] -- Detecting C compiler ABI info
[0.699s] -- Detecting C compiler ABI info - done
[0.710s] -- Check for working C compiler: /usr/bin/cc - skipped
[0.710s] -- Detecting C compile features
[0.711s] -- Detecting C compile features - done
[0.715s] -- Detecting CXX compiler ABI info
[0.811s] -- Detecting CXX compiler ABI info - done
[0.818s] -- Check for working CXX compiler: /usr/bin/c++ - skipped
[0.818s] -- Detecting CXX compile features
[0.818s] -- Detecting CXX compile features - done
[0.819s] -- Found ament_cmake: 1.3.5 (/opt/ros/humble/share/ament_cmake/cmake)
[1.892s] -- Found Python3: /usr/bin/python3.10 (found version "3.10.12") found components: Interpreter 
[1.977s] -- Override CMake install command with custom implementation using symlinks instead of copying resources
[1.996s] -- Found geometry_msgs: 4.2.3 (/opt/ros/humble/share/geometry_msgs/cmake)
[2.200s] -- Found rosidl_generator_c: 3.1.5 (/opt/ros/humble/share/rosidl_generator_c/cmake)
[2.207s] -- Found rosidl_adapter: 3.1.5 (/opt/ros/humble/share/rosidl_adapter/cmake)
[2.222s] -- Found rosidl_generator_cpp: 3.1.5 (/opt/ros/humble/share/rosidl_generator_cpp/cmake)
[2.255s] -- Using all available rosidl_typesupport_c: rosidl_typesupport_fastrtps_c;rosidl_typesupport_introspection_c
[2.287s] -- Using all available rosidl_typesupport_cpp: rosidl_typesupport_fastrtps_cpp;rosidl_typesupport_introspection_cpp
[2.482s] -- Found minkindr: 0.0.1 (/home/freesix/far_planner_ws/install/minkindr/share/minkindr/cmake)
[2.486s] -- Found tf2: 0.25.3 (/opt/ros/humble/share/tf2/cmake)
[2.512s] -- Found tf2_eigen: 0.25.3 (/opt/ros/humble/share/tf2_eigen/cmake)
[2.685s] -- Found rmw_implementation_cmake: 6.1.1 (/opt/ros/humble/share/rmw_implementation_cmake/cmake)
[2.688s] -- Found rmw_fastrtps_cpp: 6.2.3 (/opt/ros/humble/share/rmw_fastrtps_cpp/cmake)
[3.434s] -- Found OpenSSL: /usr/lib/x86_64-linux-gnu/libcrypto.so (found version "3.0.2")  
[4.307s] -- Found FastRTPS: /opt/ros/humble/include  
[5.802s] -- Using RMW implementation 'rmw_fastrtps_cpp' as default
[5.809s] -- Performing Test CMAKE_HAVE_LIBC_PTHREAD
[5.901s] -- Performing Test CMAKE_HAVE_LIBC_PTHREAD - Success
[5.902s] -- Found Threads: TRUE  
[6.259s] -- Configuring done (6.2s)
[6.268s] -- Generating done (0.0s)
[6.270s] -- Build files have been written to: /home/freesix/far_planner_ws/build/minkindr_conversions
[6.279s] Invoked command in '/home/freesix/far_planner_ws/build/minkindr_conversions' returned '0': CMAKE_PREFIX_PATH=/opt/ros/humble:/home/freesix/far_planner_ws/install/minkindr PKG_CONFIG_PATH=/home/freesix/far_planner_ws/install/minkindr/lib/x86_64-linux-gnu/pkgconfig:/home/freesix/far_planner_ws/install/minkindr/lib/pkgconfig ROS_PACKAGE_PATH=/home/freesix/far_planner_ws/install/minkindr/share /usr/local/bin/cmake /home/freesix/far_planner_ws/src/dsv_planner/src/minkindr_ros/minkindr_conversions -DCMAKE_BUILD_TYPE=Release -DAMENT_CMAKE_SYMLINK_INSTALL=1 -DCMAKE_INSTALL_PREFIX=/home/freesix/far_planner_ws/install/minkindr_conversions
[6.280s] Invoking command in '/home/freesix/far_planner_ws/build/minkindr_conversions': CMAKE_PREFIX_PATH=/opt/ros/humble:/home/freesix/far_planner_ws/install/minkindr PKG_CONFIG_PATH=/home/freesix/far_planner_ws/install/minkindr/lib/x86_64-linux-gnu/pkgconfig:/home/freesix/far_planner_ws/install/minkindr/lib/pkgconfig ROS_PACKAGE_PATH=/home/freesix/far_planner_ws/install/minkindr/share /usr/local/bin/cmake --build /home/freesix/far_planner_ws/build/minkindr_conversions -- -j16 -l16
[6.296s] [ 33%] [32mBuilding CXX object CMakeFiles/minkindr_conversions.dir/src/kindr_msg.cc.o[0m
[6.296s] [ 66%] [32mBuilding CXX object CMakeFiles/minkindr_conversions.dir/src/kindr_tf.cc.o[0m
[10.348s] [100%] [32m[1mLinking CXX shared library libminkindr_conversions.so[0m
[10.489s] [100%] Built target minkindr_conversions
[10.492s] Invoked command in '/home/freesix/far_planner_ws/build/minkindr_conversions' returned '0': CMAKE_PREFIX_PATH=/opt/ros/humble:/home/freesix/far_planner_ws/install/minkindr PKG_CONFIG_PATH=/home/freesix/far_planner_ws/install/minkindr/lib/x86_64-linux-gnu/pkgconfig:/home/freesix/far_planner_ws/install/minkindr/lib/pkgconfig ROS_PACKAGE_PATH=/home/freesix/far_planner_ws/install/minkindr/share /usr/local/bin/cmake --build /home/freesix/far_planner_ws/build/minkindr_conversions -- -j16 -l16
[10.507s] Invoking command in '/home/freesix/far_planner_ws/build/minkindr_conversions': CMAKE_PREFIX_PATH=/opt/ros/humble:/home/freesix/far_planner_ws/install/minkindr PKG_CONFIG_PATH=/home/freesix/far_planner_ws/install/minkindr/lib/x86_64-linux-gnu/pkgconfig:/home/freesix/far_planner_ws/install/minkindr/lib/pkgconfig ROS_PACKAGE_PATH=/home/freesix/far_planner_ws/install/minkindr/share /usr/local/bin/cmake --install /home/freesix/far_planner_ws/build/minkindr_conversions
[10.509s] -- Install configuration: "Release"
[10.509s] -- Execute custom install script
[10.510s] -- Symlinking: /home/freesix/far_planner_ws/install/minkindr_conversions/share/minkindr_conversions/environment/library_path.sh
[10.512s] -- Symlinking: /home/freesix/far_planner_ws/install/minkindr_conversions/share/minkindr_conversions/environment/library_path.dsv
[10.514s] -- Symlinking: /home/freesix/far_planner_ws/install/minkindr_conversions/include/minkindr_conversions/kindr_msg.h
[10.516s] -- Symlinking: /home/freesix/far_planner_ws/install/minkindr_conversions/include/minkindr_conversions/kindr_tf.h
[10.518s] -- Symlinking: /home/freesix/far_planner_ws/install/minkindr_conversions/include/minkindr_conversions/kindr_xml.h
[10.520s] -- Symlinking: /home/freesix/far_planner_ws/install/minkindr_conversions/share/ament_index/resource_index/package_run_dependencies/minkindr_conversions
[10.523s] -- Symlinking: /home/freesix/far_planner_ws/install/minkindr_conversions/share/ament_index/resource_index/parent_prefix_path/minkindr_conversions
[10.525s] -- Symlinking: /home/freesix/far_planner_ws/install/minkindr_conversions/share/minkindr_conversions/environment/ament_prefix_path.sh
[10.527s] -- Symlinking: /home/freesix/far_planner_ws/install/minkindr_conversions/share/minkindr_conversions/environment/ament_prefix_path.dsv
[10.529s] -- Symlinking: /home/freesix/far_planner_ws/install/minkindr_conversions/share/minkindr_conversions/environment/path.sh
[10.531s] -- Symlinking: /home/freesix/far_planner_ws/install/minkindr_conversions/share/minkindr_conversions/environment/path.dsv
[10.533s] -- Symlinking: /home/freesix/far_planner_ws/install/minkindr_conversions/share/minkindr_conversions/local_setup.bash
[10.535s] -- Symlinking: /home/freesix/far_planner_ws/install/minkindr_conversions/share/minkindr_conversions/local_setup.sh
[10.537s] -- Symlinking: /home/freesix/far_planner_ws/install/minkindr_conversions/share/minkindr_conversions/local_setup.zsh
[10.539s] -- Symlinking: /home/freesix/far_planner_ws/install/minkindr_conversions/share/minkindr_conversions/local_setup.dsv
[10.541s] -- Symlinking: /home/freesix/far_planner_ws/install/minkindr_conversions/share/minkindr_conversions/package.dsv
[10.543s] -- Symlinking: /home/freesix/far_planner_ws/install/minkindr_conversions/share/ament_index/resource_index/packages/minkindr_conversions
[10.545s] -- Symlinking: /home/freesix/far_planner_ws/install/minkindr_conversions/share/minkindr_conversions/cmake/ament_cmake_export_targets-extras.cmake
[10.547s] -- Symlinking: /home/freesix/far_planner_ws/install/minkindr_conversions/share/minkindr_conversions/cmake/ament_cmake_export_dependencies-extras.cmake
[10.548s] -- Symlinking: /home/freesix/far_planner_ws/install/minkindr_conversions/share/minkindr_conversions/cmake/minkindr_conversionsConfig.cmake
[10.550s] -- Symlinking: /home/freesix/far_planner_ws/install/minkindr_conversions/share/minkindr_conversions/cmake/minkindr_conversionsConfig-version.cmake
[10.553s] -- Symlinking: /home/freesix/far_planner_ws/install/minkindr_conversions/share/minkindr_conversions/package.xml
[10.554s] -- Installing: /home/freesix/far_planner_ws/install/minkindr_conversions/lib/libminkindr_conversions.so
[10.555s] -- Set runtime path of "/home/freesix/far_planner_ws/install/minkindr_conversions/lib/libminkindr_conversions.so" to ""
[10.555s] -- Installing: /home/freesix/far_planner_ws/install/minkindr_conversions/share/minkindr_conversions/cmake/minkindr_conversionsExport.cmake
[10.555s] -- Installing: /home/freesix/far_planner_ws/install/minkindr_conversions/share/minkindr_conversions/cmake/minkindr_conversionsExport-release.cmake
[10.556s] Invoked command in '/home/freesix/far_planner_ws/build/minkindr_conversions' returned '0': CMAKE_PREFIX_PATH=/opt/ros/humble:/home/freesix/far_planner_ws/install/minkindr PKG_CONFIG_PATH=/home/freesix/far_planner_ws/install/minkindr/lib/x86_64-linux-gnu/pkgconfig:/home/freesix/far_planner_ws/install/minkindr/lib/pkgconfig ROS_PACKAGE_PATH=/home/freesix/far_planner_ws/install/minkindr/share /usr/local/bin/cmake --install /home/freesix/far_planner_ws/build/minkindr_conversions
