-- The C compiler identification is GNU 11.4.0
-- The CXX compiler identification is GNU 11.4.0
-- Detecting C compiler ABI info
-- Detecting C compiler ABI info - done
-- Check for working C compiler: /usr/bin/cc - skipped
-- Detecting C compile features
-- Detecting C compile features - done
-- Detecting CXX compiler ABI info
-- Detecting CXX compiler ABI info - done
-- Check for working CXX compiler: /usr/bin/c++ - skipped
-- Detecting CXX compile features
-- Detecting CXX compile features - done
-- Found ament_cmake: 1.3.5 (/opt/ros/humble/share/ament_cmake/cmake)
-- Found Python3: /usr/bin/python3.10 (found version "3.10.12") found components: Interpreter 
-- Override CMake install command with custom implementation using symlinks instead of copying resources
-- Found rclcpp: 16.0.5 (/opt/ros/humble/share/rclcpp/cmake)
-- Found rosidl_generator_c: 3.1.5 (/opt/ros/humble/share/rosidl_generator_c/cmake)
-- Found rosidl_adapter: 3.1.5 (/opt/ros/humble/share/rosidl_adapter/cmake)
-- Found rosidl_generator_cpp: 3.1.5 (/opt/ros/humble/share/rosidl_generator_cpp/cmake)
-- Using all available rosidl_typesupport_c: rosidl_typesupport_fastrtps_c;rosidl_typesupport_introspection_c
-- Using all available rosidl_typesupport_cpp: rosidl_typesupport_fastrtps_cpp;rosidl_typesupport_introspection_cpp
-- Found rmw_implementation_cmake: 6.1.1 (/opt/ros/humble/share/rmw_implementation_cmake/cmake)
-- Found rmw_fastrtps_cpp: 6.2.3 (/opt/ros/humble/share/rmw_fastrtps_cpp/cmake)
-- Found OpenSSL: /usr/lib/x86_64-linux-gnu/libcrypto.so (found version "3.0.2")  
-- Found FastRTPS: /opt/ros/humble/include  
-- Using RMW implementation 'rmw_fastrtps_cpp' as default
-- Performing Test CMAKE_HAVE_LIBC_PTHREAD
-- Performing Test CMAKE_HAVE_LIBC_PTHREAD - Success
-- Found Threads: TRUE  
-- Found geometry_msgs: 4.2.3 (/opt/ros/humble/share/geometry_msgs/cmake)
-- Found nav_msgs: 4.2.3 (/opt/ros/humble/share/nav_msgs/cmake)
-- Found sensor_msgs: 4.2.3 (/opt/ros/humble/share/sensor_msgs/cmake)
-- Found misc_utils: 0.0.1 (/home/freesix/far_planner_ws/install/misc_utils/share/misc_utils/cmake)
-- Found graph_utils: 0.0.1 (/home/freesix/far_planner_ws/install/graph_utils/share/graph_utils/cmake)
-- Found visualization_msgs: 4.2.3 (/opt/ros/humble/share/visualization_msgs/cmake)
-- Found octomap_world: 0.0.0 (/home/freesix/far_planner_ws/install/octomap_world/share/octomap_world/cmake)
-- Found eigen3_cmake_module: 0.1.1 (/opt/ros/humble/share/eigen3_cmake_module/cmake)
-- Found Eigen3: TRUE (found version "3.4.0") 
-- Ensuring Eigen3 include directory is part of orocos-kdl CMake target
-- Checking for module 'eigen3'
--   Found eigen3, version 3.4.0
-- Found Eigen: /usr/include/eigen3 (Required is at least version "3.1") 
-- Eigen found (include: /usr/include/eigen3, version: 3.4.0)
-- Checking for module 'flann'
--   Found flann, version 1.9.1
-- Found FLANN: /usr/lib/x86_64-linux-gnu/libflann_cpp.so  
-- FLANN found (include: /usr/include, lib: /usr/lib/x86_64-linux-gnu/libflann_cpp.so)
-- Checking for module 'libusb-1.0'
--   Found libusb-1.0, version 1.0.25
-- Found libusb: /usr/lib/x86_64-linux-gnu/libusb-1.0.so  
-- OpenNI found (version: 1.5.4.0, include: /usr/include/ni, lib: /usr/lib/libOpenNI.so;libusb::libusb)
-- OpenNI2 found (version: 2.2.0.33, include: /usr/include/openni2, lib: /usr/lib/x86_64-linux-gnu/libOpenNI2.so;libusb::libusb)
-- Eigen found (include: /usr/include/eigen3, version: 3.4.0)
-- OpenNI found (version: 1.5.4.0, include: /usr/include/ni, lib: /usr/lib/libOpenNI.so;libusb::libusb)
-- OpenNI2 found (version: 2.2.0.33, include: /usr/include/openni2, lib: /usr/lib/x86_64-linux-gnu/libOpenNI2.so;libusb::libusb)
-- Found Qhull version 8.0.2
-- OpenNI found (version: 1.5.4.0, include: /usr/include/ni, lib: /usr/lib/libOpenNI.so;libusb::libusb)
-- Found PCL_COMMON: /usr/lib/x86_64-linux-gnu/libpcl_common.so  
-- Found PCL_KDTREE: /usr/lib/x86_64-linux-gnu/libpcl_kdtree.so  
-- Found PCL_OCTREE: /usr/lib/x86_64-linux-gnu/libpcl_octree.so  
-- Found PCL_SEARCH: /usr/lib/x86_64-linux-gnu/libpcl_search.so  
-- Found PCL_SAMPLE_CONSENSUS: /usr/lib/x86_64-linux-gnu/libpcl_sample_consensus.so  
-- Found PCL_FILTERS: /usr/lib/x86_64-linux-gnu/libpcl_filters.so  
-- Found PCL_2D: /usr/include/pcl-1.12  
-- Found PCL_GEOMETRY: /usr/include/pcl-1.12  
-- Found PCL_IO: /usr/lib/x86_64-linux-gnu/libpcl_io.so  
-- Found PCL_FEATURES: /usr/lib/x86_64-linux-gnu/libpcl_features.so  
-- Found PCL_ML: /usr/lib/x86_64-linux-gnu/libpcl_ml.so  
-- Found PCL_SEGMENTATION: /usr/lib/x86_64-linux-gnu/libpcl_segmentation.so  
-- Found PCL_VISUALIZATION: /usr/lib/x86_64-linux-gnu/libpcl_visualization.so  
-- Found PCL_SURFACE: /usr/lib/x86_64-linux-gnu/libpcl_surface.so  
-- Found PCL_REGISTRATION: /usr/lib/x86_64-linux-gnu/libpcl_registration.so  
-- Found PCL_KEYPOINTS: /usr/lib/x86_64-linux-gnu/libpcl_keypoints.so  
-- Found PCL_TRACKING: /usr/lib/x86_64-linux-gnu/libpcl_tracking.so  
-- Found PCL_RECOGNITION: /usr/lib/x86_64-linux-gnu/libpcl_recognition.so  
-- Found PCL_STEREO: /usr/lib/x86_64-linux-gnu/libpcl_stereo.so  
-- Found PCL_APPS: /usr/lib/x86_64-linux-gnu/libpcl_apps.so  
-- Found PCL_IN_HAND_SCANNER: /usr/include/pcl-1.12  
-- Found PCL_MODELER: /usr/include/pcl-1.12  
-- Found PCL_POINT_CLOUD_EDITOR: /usr/include/pcl-1.12  
-- Found PCL_OUTOFCORE: /usr/lib/x86_64-linux-gnu/libpcl_outofcore.so  
-- Found PCL_PEOPLE: /usr/lib/x86_64-linux-gnu/libpcl_people.so  
-- Found CUDA: /usr/local/cuda (found suitable exact version "12.2") 
-- Found kdtree: 0.0.0 (/home/freesix/far_planner_ws/install/kdtree/share/kdtree/cmake)
-- Found graph_planner: 0.0.1 (/home/freesix/far_planner_ws/install/graph_planner/share/graph_planner/cmake)
-- Found rosidl_default_generators: 1.2.0 (/opt/ros/humble/share/rosidl_default_generators/cmake)
-- Found ament_cmake_ros: 0.10.0 (/opt/ros/humble/share/ament_cmake_ros/cmake)
-- Using all available rosidl_typesupport_c: rosidl_typesupport_fastrtps_c;rosidl_typesupport_introspection_c
-- Using all available rosidl_typesupport_cpp: rosidl_typesupport_fastrtps_cpp;rosidl_typesupport_introspection_cpp
-- Found PythonInterp: /usr/bin/python3 (found suitable version "3.10.12", minimum required is "3.6") 
-- Found python_cmake_module: 0.10.0 (/opt/ros/humble/share/python_cmake_module/cmake)
-- Found PythonLibs: /usr/lib/x86_64-linux-gnu/libpython3.10.so (found suitable version "3.10.12", minimum required is "3.5") 
-- Using PYTHON_EXECUTABLE: /usr/bin/python3
-- Using PYTHON_INCLUDE_DIRS: /usr/include/python3.10
-- Using PYTHON_LIBRARIES: /usr/lib/x86_64-linux-gnu/libpython3.10.so
-- Found PythonExtra: .so  
-- Configuring done (16.4s)
-- Generating done (0.1s)
-- Build files have been written to: /home/freesix/far_planner_ws/build/dsvplanner
[  1%] [34m[1mGenerating C code for ROS interfaces[0m
[  3%] [34m[1mGenerating C++ code for ROS interfaces[0m
[  3%] Built target ament_cmake_python_symlink_dsvplanner
running egg_info
creating dsvplanner.egg-info
writing dsvplanner.egg-info/PKG-INFO
writing dependency_links to dsvplanner.egg-info/dependency_links.txt
writing top-level names to dsvplanner.egg-info/top_level.txt
writing manifest file 'dsvplanner.egg-info/SOURCES.txt'
reading manifest file 'dsvplanner.egg-info/SOURCES.txt'
writing manifest file 'dsvplanner.egg-info/SOURCES.txt'
[  3%] Built target ament_cmake_python_build_dsvplanner_egg
[  5%] [32mBuilding C object CMakeFiles/dsvplanner__rosidl_generator_c.dir/rosidl_generator_c/dsvplanner/srv/detail/dsvplanner__functions.c.o[0m
[  7%] [32mBuilding C object CMakeFiles/dsvplanner__rosidl_generator_c.dir/rosidl_generator_c/dsvplanner/srv/detail/clean_frontier__functions.c.o[0m
[  7%] Built target dsvplanner__cpp
[  9%] [34m[1mGenerating C++ type support dispatch for ROS interfaces[0m
[ 11%] [34m[1mGenerating C++ type support for eProsima Fast-RTPS[0m
[ 13%] [34m[1mGenerating C++ introspection for ROS interfaces[0m
[ 15%] [32m[1mLinking C shared library libdsvplanner__rosidl_generator_c.so[0m
[ 15%] Built target dsvplanner__rosidl_generator_c
[ 17%] [34m[1mGenerating C type support for eProsima Fast-RTPS[0m
[ 19%] [34m[1mGenerating C introspection for ROS interfaces[0m
[ 21%] [34m[1mGenerating C type support dispatch for ROS interfaces[0m
[ 23%] [32mBuilding CXX object CMakeFiles/dsvplanner__rosidl_typesupport_cpp.dir/rosidl_typesupport_cpp/dsvplanner/srv/dsvplanner__type_support.cpp.o[0m
[ 25%] [32mBuilding CXX object CMakeFiles/dsvplanner__rosidl_typesupport_cpp.dir/rosidl_typesupport_cpp/dsvplanner/srv/clean_frontier__type_support.cpp.o[0m
[ 26%] [32mBuilding CXX object CMakeFiles/dsvplanner__rosidl_typesupport_introspection_cpp.dir/rosidl_typesupport_introspection_cpp/dsvplanner/srv/detail/dsvplanner__type_support.cpp.o[0m
[ 28%] [32mBuilding CXX object CMakeFiles/dsvplanner__rosidl_typesupport_introspection_cpp.dir/rosidl_typesupport_introspection_cpp/dsvplanner/srv/detail/clean_frontier__type_support.cpp.o[0m
[ 30%] [32mBuilding CXX object CMakeFiles/dsvplanner__rosidl_typesupport_fastrtps_cpp.dir/rosidl_typesupport_fastrtps_cpp/dsvplanner/srv/detail/dds_fastrtps/dsvplanner__type_support.cpp.o[0m
[ 32%] [32mBuilding CXX object CMakeFiles/dsvplanner__rosidl_typesupport_fastrtps_cpp.dir/rosidl_typesupport_fastrtps_cpp/dsvplanner/srv/detail/dds_fastrtps/clean_frontier__type_support.cpp.o[0m
[ 34%] [32mBuilding CXX object CMakeFiles/dsvplanner__rosidl_typesupport_c.dir/rosidl_typesupport_c/dsvplanner/srv/dsvplanner__type_support.cpp.o[0m
[ 36%] [32mBuilding CXX object CMakeFiles/dsvplanner__rosidl_typesupport_c.dir/rosidl_typesupport_c/dsvplanner/srv/clean_frontier__type_support.cpp.o[0m
[ 38%] [32m[1mLinking CXX shared library libdsvplanner__rosidl_typesupport_c.so[0m
[ 40%] [32mBuilding C object CMakeFiles/dsvplanner__rosidl_typesupport_introspection_c.dir/rosidl_typesupport_introspection_c/dsvplanner/srv/detail/dsvplanner__type_support.c.o[0m
[ 42%] [32mBuilding C object CMakeFiles/dsvplanner__rosidl_typesupport_introspection_c.dir/rosidl_typesupport_introspection_c/dsvplanner/srv/detail/clean_frontier__type_support.c.o[0m
[ 46%] [32mBuilding CXX object CMakeFiles/dsvplanner__rosidl_typesupport_fastrtps_c.dir/rosidl_typesupport_fastrtps_c/dsvplanner/srv/detail/dsvplanner__type_support_c.cpp.o[0m
[ 46%] [32mBuilding CXX object CMakeFiles/dsvplanner__rosidl_typesupport_fastrtps_c.dir/rosidl_typesupport_fastrtps_c/dsvplanner/srv/detail/clean_frontier__type_support_c.cpp.o[0m
[ 48%] [32m[1mLinking CXX shared library libdsvplanner__rosidl_typesupport_cpp.so[0m
[ 50%] [32m[1mLinking C shared library libdsvplanner__rosidl_typesupport_introspection_c.so[0m
[ 50%] Built target dsvplanner__rosidl_typesupport_c
[ 50%] Built target dsvplanner__rosidl_typesupport_introspection_c
[ 50%] Built target dsvplanner__rosidl_typesupport_cpp
[ 51%] [32mBuilding CXX object CMakeFiles/dsvPlannerLib.dir/src/drrtp.cpp.o[0m
[ 53%] [32mBuilding CXX object CMakeFiles/dsvPlannerLib.dir/src/drrt.cpp.o[0m
[ 55%] [32mBuilding CXX object CMakeFiles/dsvPlannerLib.dir/src/dual_state_frontier.cpp.o[0m
[ 59%] [32mBuilding CXX object CMakeFiles/dsvPlannerLib.dir/src/dual_state_graph.cpp.o[0m
[ 59%] [32mBuilding CXX object CMakeFiles/dsvplanner_exe.dir/src/drrtp.cpp.o[0m
[ 61%] [32mBuilding CXX object CMakeFiles/dsvPlannerLib.dir/src/grid.cpp.o[0m
[ 63%] [32mBuilding CXX object CMakeFiles/dsvplanner_exe.dir/src/drrt.cpp.o[0m
[ 67%] [32mBuilding CXX object CMakeFiles/dsvplanner_exe.dir/src/dual_state_graph.cpp.o[0m
[ 67%] [32mBuilding CXX object CMakeFiles/dsvplanner_exe.dir/src/dual_state_frontier.cpp.o[0m
[ 69%] [32mBuilding CXX object CMakeFiles/dsvplanner_exe.dir/src/grid.cpp.o[0m
[ 71%] [32mBuilding CXX object CMakeFiles/dsvplanner_exe.dir/src/drrtp_node.cpp.o[0m
[ 73%] [32m[1mLinking CXX shared library libdsvplanner__rosidl_typesupport_introspection_cpp.so[0m
[ 75%] [32m[1mLinking CXX shared library libdsvplanner__rosidl_typesupport_fastrtps_cpp.so[0m
[ 75%] Built target dsvplanner__rosidl_typesupport_introspection_cpp
[ 76%] [32m[1mLinking CXX shared library libdsvplanner__rosidl_typesupport_fastrtps_c.so[0m
[ 76%] Built target dsvplanner__rosidl_typesupport_fastrtps_cpp
[ 76%] Built target dsvplanner__rosidl_typesupport_fastrtps_c
[ 76%] Built target dsvplanner
[ 78%] [34m[1mGenerating Python code for ROS interfaces[0m
[ 78%] Built target dsvplanner__py
[ 80%] [32mBuilding C object CMakeFiles/dsvplanner__rosidl_generator_py.dir/rosidl_generator_py/dsvplanner/srv/_dsvplanner_s.c.o[0m
[ 82%] [32mBuilding C object CMakeFiles/dsvplanner__rosidl_generator_py.dir/rosidl_generator_py/dsvplanner/srv/_clean_frontier_s.c.o[0m
[ 84%] [32m[1mLinking C shared library rosidl_generator_py/dsvplanner/libdsvplanner__rosidl_generator_py.so[0m
[ 84%] Built target dsvplanner__rosidl_generator_py
[ 86%] [32mBuilding C object CMakeFiles/dsvplanner__rosidl_typesupport_introspection_c__pyext.dir/rosidl_generator_py/dsvplanner/_dsvplanner_s.ep.rosidl_typesupport_introspection_c.c.o[0m
[ 88%] [32mBuilding C object CMakeFiles/dsvplanner__rosidl_typesupport_fastrtps_c__pyext.dir/rosidl_generator_py/dsvplanner/_dsvplanner_s.ep.rosidl_typesupport_fastrtps_c.c.o[0m
[ 90%] [32mBuilding C object CMakeFiles/dsvplanner__rosidl_typesupport_c__pyext.dir/rosidl_generator_py/dsvplanner/_dsvplanner_s.ep.rosidl_typesupport_c.c.o[0m
[ 92%] [32m[1mLinking C shared library rosidl_generator_py/dsvplanner/dsvplanner_s__rosidl_typesupport_introspection_c.cpython-310-x86_64-linux-gnu.so[0m
[ 94%] [32m[1mLinking C shared library rosidl_generator_py/dsvplanner/dsvplanner_s__rosidl_typesupport_c.cpython-310-x86_64-linux-gnu.so[0m
[ 96%] [32m[1mLinking C shared library rosidl_generator_py/dsvplanner/dsvplanner_s__rosidl_typesupport_fastrtps_c.cpython-310-x86_64-linux-gnu.so[0m
[ 96%] Built target dsvplanner__rosidl_typesupport_introspection_c__pyext
[ 96%] Built target dsvplanner__rosidl_typesupport_c__pyext
[ 96%] Built target dsvplanner__rosidl_typesupport_fastrtps_c__pyext
