[0.658s] Invoking command in '/home/freesix/far_planner_ws/build/dsvplanner': AMENT_PREFIX_PATH=/home/freesix/far_planner_ws/install/octomap_world:/home/freesix/far_planner_ws/install/graph_planner:/home/freesix/far_planner_ws/install/minkindr_conversions:/home/freesix/far_planner_ws/install/graph_utils:/home/freesix/far_planner_ws/install/volumetric_msgs:/home/freesix/far_planner_ws/install/misc_utils:${AMENT_PREFIX_PATH} CMAKE_PREFIX_PATH=/home/freesix/far_planner_ws/install/octomap_world:/home/freesix/far_planner_ws/install/graph_planner:/opt/ros/humble:/home/freesix/far_planner_ws/install/volumetric_map_base:/home/freesix/far_planner_ws/install/minkindr_conversions:/home/freesix/far_planner_ws/install/graph_utils:/home/freesix/far_planner_ws/install/volumetric_msgs:/home/freesix/far_planner_ws/install/misc_utils:/home/freesix/far_planner_ws/install/minkindr:/home/freesix/far_planner_ws/install/kdtree LD_LIBRARY_PATH=/home/freesix/far_planner_ws/install/octomap_world/lib:/home/freesix/far_planner_ws/install/graph_planner/lib:/home/freesix/far_planner_ws/install/volumetric_map_base/lib:/home/freesix/far_planner_ws/install/minkindr_conversions/lib:/home/freesix/far_planner_ws/install/graph_utils/lib:/home/freesix/far_planner_ws/install/volumetric_msgs/lib:/home/freesix/far_planner_ws/install/misc_utils/lib:/home/freesix/far_planner_ws/install/kdtree/lib:${LD_LIBRARY_PATH} PKG_CONFIG_PATH=/home/freesix/far_planner_ws/install/volumetric_map_base/lib/x86_64-linux-gnu/pkgconfig:/home/freesix/far_planner_ws/install/volumetric_map_base/lib/pkgconfig:/home/freesix/far_planner_ws/install/minkindr/lib/x86_64-linux-gnu/pkgconfig:/home/freesix/far_planner_ws/install/minkindr/lib/pkgconfig:/home/freesix/far_planner_ws/install/kdtree/lib/x86_64-linux-gnu/pkgconfig:/home/freesix/far_planner_ws/install/kdtree/lib/pkgconfig PYTHONPATH=/home/freesix/far_planner_ws/install/graph_planner/local/lib/python3.10/dist-packages:/home/freesix/far_planner_ws/install/graph_utils/local/lib/python3.10/dist-packages:/home/freesix/far_planner_ws/install/volumetric_msgs/local/lib/python3.10/dist-packages:${PYTHONPATH} ROS_PACKAGE_PATH=/home/freesix/far_planner_ws/install/volumetric_map_base/share:/home/freesix/far_planner_ws/install/minkindr/share:/home/freesix/far_planner_ws/install/kdtree/share /usr/local/bin/cmake --build /home/freesix/far_planner_ws/build/dsvplanner -- -j16 -l16
[0.758s] [  1%] Built target dsvplanner__cpp
[0.758s] [  1%] Built target ament_cmake_python_symlink_dsvplanner
[0.770s] [  9%] Built target dsvplanner__rosidl_generator_c
[0.775s] [ 25%] Built target dsvplanner__rosidl_typesupport_cpp
[0.775s] [ 25%] Built target dsvplanner__rosidl_typesupport_introspection_cpp
[0.777s] [ 32%] Built target dsvplanner__rosidl_typesupport_fastrtps_cpp
[0.781s] [ 40%] Built target dsvplanner__rosidl_typesupport_c
[0.781s] [ 48%] Built target dsvplanner__rosidl_typesupport_introspection_c
[0.783s] [ 55%] Built target dsvplanner__rosidl_typesupport_fastrtps_c
[0.790s] [ 55%] Built target dsvplanner
[0.799s] [ 57%] Built target dsvplanner__py
[0.811s] [ 59%] [32mBuilding CXX object CMakeFiles/dsvplanner_exe.dir/src/drrtp.cpp.o[0m
[0.814s] [ 65%] Built target dsvplanner__rosidl_generator_py
[0.824s] [ 69%] Built target dsvplanner__rosidl_typesupport_introspection_c__pyext
[0.824s] [ 73%] Built target dsvplanner__rosidl_typesupport_c__pyext
[0.824s] [ 76%] Built target dsvplanner__rosidl_typesupport_fastrtps_c__pyext
[0.879s] [ 78%] [32mBuilding CXX object CMakeFiles/dsvPlannerLib.dir/src/dual_state_graph.cpp.o[0m
[0.880s] [ 80%] [32mBuilding CXX object CMakeFiles/dsvplanner_exe.dir/src/grid.cpp.o[0m
[0.912s] running egg_info
[0.913s] writing dsvplanner.egg-info/PKG-INFO
[0.913s] writing dependency_links to dsvplanner.egg-info/dependency_links.txt
[0.913s] writing top-level names to dsvplanner.egg-info/top_level.txt
[0.915s] reading manifest file 'dsvplanner.egg-info/SOURCES.txt'
[0.916s] writing manifest file 'dsvplanner.egg-info/SOURCES.txt'
[0.931s] [ 80%] Built target ament_cmake_python_build_dsvplanner_egg
[18.502s] [ 82%] [32m[1mLinking CXX executable dsvplanner_exe[0m
[20.062s] [ 84%] [32m[1mLinking CXX shared library libdsvPlannerLib.so[0m
[20.075s] [ 92%] Built target dsvplanner_exe
[20.896s] [100%] Built target dsvPlannerLib
[20.901s] Invoked command in '/home/freesix/far_planner_ws/build/dsvplanner' returned '0': AMENT_PREFIX_PATH=/home/freesix/far_planner_ws/install/octomap_world:/home/freesix/far_planner_ws/install/graph_planner:/home/freesix/far_planner_ws/install/minkindr_conversions:/home/freesix/far_planner_ws/install/graph_utils:/home/freesix/far_planner_ws/install/volumetric_msgs:/home/freesix/far_planner_ws/install/misc_utils:${AMENT_PREFIX_PATH} CMAKE_PREFIX_PATH=/home/freesix/far_planner_ws/install/octomap_world:/home/freesix/far_planner_ws/install/graph_planner:/opt/ros/humble:/home/freesix/far_planner_ws/install/volumetric_map_base:/home/freesix/far_planner_ws/install/minkindr_conversions:/home/freesix/far_planner_ws/install/graph_utils:/home/freesix/far_planner_ws/install/volumetric_msgs:/home/freesix/far_planner_ws/install/misc_utils:/home/freesix/far_planner_ws/install/minkindr:/home/freesix/far_planner_ws/install/kdtree LD_LIBRARY_PATH=/home/freesix/far_planner_ws/install/octomap_world/lib:/home/freesix/far_planner_ws/install/graph_planner/lib:/home/freesix/far_planner_ws/install/volumetric_map_base/lib:/home/freesix/far_planner_ws/install/minkindr_conversions/lib:/home/freesix/far_planner_ws/install/graph_utils/lib:/home/freesix/far_planner_ws/install/volumetric_msgs/lib:/home/freesix/far_planner_ws/install/misc_utils/lib:/home/freesix/far_planner_ws/install/kdtree/lib:${LD_LIBRARY_PATH} PKG_CONFIG_PATH=/home/freesix/far_planner_ws/install/volumetric_map_base/lib/x86_64-linux-gnu/pkgconfig:/home/freesix/far_planner_ws/install/volumetric_map_base/lib/pkgconfig:/home/freesix/far_planner_ws/install/minkindr/lib/x86_64-linux-gnu/pkgconfig:/home/freesix/far_planner_ws/install/minkindr/lib/pkgconfig:/home/freesix/far_planner_ws/install/kdtree/lib/x86_64-linux-gnu/pkgconfig:/home/freesix/far_planner_ws/install/kdtree/lib/pkgconfig PYTHONPATH=/home/freesix/far_planner_ws/install/graph_planner/local/lib/python3.10/dist-packages:/home/freesix/far_planner_ws/install/graph_utils/local/lib/python3.10/dist-packages:/home/freesix/far_planner_ws/install/volumetric_msgs/local/lib/python3.10/dist-packages:${PYTHONPATH} ROS_PACKAGE_PATH=/home/freesix/far_planner_ws/install/volumetric_map_base/share:/home/freesix/far_planner_ws/install/minkindr/share:/home/freesix/far_planner_ws/install/kdtree/share /usr/local/bin/cmake --build /home/freesix/far_planner_ws/build/dsvplanner -- -j16 -l16
[20.951s] Invoking command in '/home/freesix/far_planner_ws/build/dsvplanner': AMENT_PREFIX_PATH=/home/freesix/far_planner_ws/install/octomap_world:/home/freesix/far_planner_ws/install/graph_planner:/home/freesix/far_planner_ws/install/minkindr_conversions:/home/freesix/far_planner_ws/install/graph_utils:/home/freesix/far_planner_ws/install/volumetric_msgs:/home/freesix/far_planner_ws/install/misc_utils:${AMENT_PREFIX_PATH} CMAKE_PREFIX_PATH=/home/freesix/far_planner_ws/install/octomap_world:/home/freesix/far_planner_ws/install/graph_planner:/opt/ros/humble:/home/freesix/far_planner_ws/install/volumetric_map_base:/home/freesix/far_planner_ws/install/minkindr_conversions:/home/freesix/far_planner_ws/install/graph_utils:/home/freesix/far_planner_ws/install/volumetric_msgs:/home/freesix/far_planner_ws/install/misc_utils:/home/freesix/far_planner_ws/install/minkindr:/home/freesix/far_planner_ws/install/kdtree LD_LIBRARY_PATH=/home/freesix/far_planner_ws/install/octomap_world/lib:/home/freesix/far_planner_ws/install/graph_planner/lib:/home/freesix/far_planner_ws/install/volumetric_map_base/lib:/home/freesix/far_planner_ws/install/minkindr_conversions/lib:/home/freesix/far_planner_ws/install/graph_utils/lib:/home/freesix/far_planner_ws/install/volumetric_msgs/lib:/home/freesix/far_planner_ws/install/misc_utils/lib:/home/freesix/far_planner_ws/install/kdtree/lib:${LD_LIBRARY_PATH} PKG_CONFIG_PATH=/home/freesix/far_planner_ws/install/volumetric_map_base/lib/x86_64-linux-gnu/pkgconfig:/home/freesix/far_planner_ws/install/volumetric_map_base/lib/pkgconfig:/home/freesix/far_planner_ws/install/minkindr/lib/x86_64-linux-gnu/pkgconfig:/home/freesix/far_planner_ws/install/minkindr/lib/pkgconfig:/home/freesix/far_planner_ws/install/kdtree/lib/x86_64-linux-gnu/pkgconfig:/home/freesix/far_planner_ws/install/kdtree/lib/pkgconfig PYTHONPATH=/home/freesix/far_planner_ws/install/graph_planner/local/lib/python3.10/dist-packages:/home/freesix/far_planner_ws/install/graph_utils/local/lib/python3.10/dist-packages:/home/freesix/far_planner_ws/install/volumetric_msgs/local/lib/python3.10/dist-packages:${PYTHONPATH} ROS_PACKAGE_PATH=/home/freesix/far_planner_ws/install/volumetric_map_base/share:/home/freesix/far_planner_ws/install/minkindr/share:/home/freesix/far_planner_ws/install/kdtree/share /usr/local/bin/cmake --install /home/freesix/far_planner_ws/build/dsvplanner
[20.955s] -- Install configuration: "Release"
[20.956s] -- Execute custom install script
[20.956s] -- Symlinking: /home/freesix/far_planner_ws/install/dsvplanner/share/ament_index/resource_index/rosidl_interfaces/dsvplanner
[20.960s] -- Symlinking: /home/freesix/far_planner_ws/install/dsvplanner/include/dsvplanner/dsvplanner/msg/rosidl_generator_c__visibility_control.h
[20.962s] -- Symlinking: /home/freesix/far_planner_ws/install/dsvplanner/include/dsvplanner/dsvplanner/srv/clean_frontier.h
[20.964s] -- Symlinking: /home/freesix/far_planner_ws/install/dsvplanner/include/dsvplanner/dsvplanner/srv/detail/clean_frontier__functions.h
[20.966s] -- Symlinking: /home/freesix/far_planner_ws/install/dsvplanner/include/dsvplanner/dsvplanner/srv/detail/clean_frontier__struct.h
[20.968s] -- Symlinking: /home/freesix/far_planner_ws/install/dsvplanner/include/dsvplanner/dsvplanner/srv/detail/clean_frontier__type_support.h
[20.969s] -- Symlinking: /home/freesix/far_planner_ws/install/dsvplanner/include/dsvplanner/dsvplanner/srv/detail/dsvplanner__functions.h
[20.971s] -- Symlinking: /home/freesix/far_planner_ws/install/dsvplanner/include/dsvplanner/dsvplanner/srv/detail/dsvplanner__struct.h
[20.973s] -- Symlinking: /home/freesix/far_planner_ws/install/dsvplanner/include/dsvplanner/dsvplanner/srv/detail/dsvplanner__type_support.h
[20.975s] -- Symlinking: /home/freesix/far_planner_ws/install/dsvplanner/include/dsvplanner/dsvplanner/srv/dsvplanner.h
[20.977s] -- Symlinking: /home/freesix/far_planner_ws/install/dsvplanner/share/dsvplanner/environment/library_path.sh
[20.979s] -- Symlinking: /home/freesix/far_planner_ws/install/dsvplanner/share/dsvplanner/environment/library_path.dsv
[20.981s] -- Symlinking: /home/freesix/far_planner_ws/install/dsvplanner/include/dsvplanner/dsvplanner/msg/rosidl_typesupport_fastrtps_c__visibility_control.h
[20.983s] -- Symlinking: /home/freesix/far_planner_ws/install/dsvplanner/include/dsvplanner/dsvplanner/srv/detail/clean_frontier__rosidl_typesupport_fastrtps_c.h
[20.985s] -- Symlinking: /home/freesix/far_planner_ws/install/dsvplanner/include/dsvplanner/dsvplanner/srv/detail/dsvplanner__rosidl_typesupport_fastrtps_c.h
[20.987s] -- Symlinking: /home/freesix/far_planner_ws/install/dsvplanner/include/dsvplanner/dsvplanner/srv/clean_frontier.hpp
[20.988s] -- Symlinking: /home/freesix/far_planner_ws/install/dsvplanner/include/dsvplanner/dsvplanner/srv/detail/clean_frontier__builder.hpp
[20.990s] -- Symlinking: /home/freesix/far_planner_ws/install/dsvplanner/include/dsvplanner/dsvplanner/srv/detail/clean_frontier__struct.hpp
[20.992s] -- Symlinking: /home/freesix/far_planner_ws/install/dsvplanner/include/dsvplanner/dsvplanner/srv/detail/clean_frontier__traits.hpp
[20.993s] -- Symlinking: /home/freesix/far_planner_ws/install/dsvplanner/include/dsvplanner/dsvplanner/srv/detail/dsvplanner__builder.hpp
[20.995s] -- Symlinking: /home/freesix/far_planner_ws/install/dsvplanner/include/dsvplanner/dsvplanner/srv/detail/dsvplanner__struct.hpp
[20.997s] -- Symlinking: /home/freesix/far_planner_ws/install/dsvplanner/include/dsvplanner/dsvplanner/srv/detail/dsvplanner__traits.hpp
[20.998s] -- Symlinking: /home/freesix/far_planner_ws/install/dsvplanner/include/dsvplanner/dsvplanner/srv/dsvplanner.hpp
[21.000s] -- Symlinking: /home/freesix/far_planner_ws/install/dsvplanner/include/dsvplanner/dsvplanner/msg/rosidl_typesupport_fastrtps_cpp__visibility_control.h
[21.002s] -- Symlinking: /home/freesix/far_planner_ws/install/dsvplanner/include/dsvplanner/dsvplanner/srv/detail/clean_frontier__rosidl_typesupport_fastrtps_cpp.hpp
[21.004s] -- Symlinking: /home/freesix/far_planner_ws/install/dsvplanner/include/dsvplanner/dsvplanner/srv/detail/dsvplanner__rosidl_typesupport_fastrtps_cpp.hpp
[21.006s] -- Symlinking: /home/freesix/far_planner_ws/install/dsvplanner/include/dsvplanner/dsvplanner/msg/rosidl_typesupport_introspection_c__visibility_control.h
[21.007s] -- Symlinking: /home/freesix/far_planner_ws/install/dsvplanner/include/dsvplanner/dsvplanner/srv/detail/clean_frontier__rosidl_typesupport_introspection_c.h
[21.009s] -- Symlinking: /home/freesix/far_planner_ws/install/dsvplanner/include/dsvplanner/dsvplanner/srv/detail/dsvplanner__rosidl_typesupport_introspection_c.h
[21.011s] -- Symlinking: /home/freesix/far_planner_ws/install/dsvplanner/include/dsvplanner/dsvplanner/srv/detail/clean_frontier__rosidl_typesupport_introspection_cpp.hpp
[21.013s] -- Symlinking: /home/freesix/far_planner_ws/install/dsvplanner/include/dsvplanner/dsvplanner/srv/detail/dsvplanner__rosidl_typesupport_introspection_cpp.hpp
[21.015s] -- Symlinking: /home/freesix/far_planner_ws/install/dsvplanner/share/dsvplanner/environment/pythonpath.sh
[21.017s] -- Symlinking: /home/freesix/far_planner_ws/install/dsvplanner/share/dsvplanner/environment/pythonpath.dsv
[21.019s] -- Symlinking: /home/freesix/far_planner_ws/install/dsvplanner/local/lib/python3.10/dist-packages/dsvplanner-0.0.1-py3.10.egg-info/PKG-INFO
[21.021s] -- Symlinking: /home/freesix/far_planner_ws/install/dsvplanner/local/lib/python3.10/dist-packages/dsvplanner-0.0.1-py3.10.egg-info/SOURCES.txt
[21.023s] -- Symlinking: /home/freesix/far_planner_ws/install/dsvplanner/local/lib/python3.10/dist-packages/dsvplanner-0.0.1-py3.10.egg-info/dependency_links.txt
[21.024s] -- Symlinking: /home/freesix/far_planner_ws/install/dsvplanner/local/lib/python3.10/dist-packages/dsvplanner-0.0.1-py3.10.egg-info/top_level.txt
[21.026s] -- Symlinking: /home/freesix/far_planner_ws/install/dsvplanner/local/lib/python3.10/dist-packages/dsvplanner/__init__.py
[21.029s] -- Symlinking: /home/freesix/far_planner_ws/install/dsvplanner/local/lib/python3.10/dist-packages/dsvplanner/_dsvplanner_s.ep.rosidl_typesupport_c.c
[21.030s] -- Symlinking: /home/freesix/far_planner_ws/install/dsvplanner/local/lib/python3.10/dist-packages/dsvplanner/_dsvplanner_s.ep.rosidl_typesupport_fastrtps_c.c
[21.032s] -- Symlinking: /home/freesix/far_planner_ws/install/dsvplanner/local/lib/python3.10/dist-packages/dsvplanner/_dsvplanner_s.ep.rosidl_typesupport_introspection_c.c
[21.034s] -- Symlinking: /home/freesix/far_planner_ws/install/dsvplanner/local/lib/python3.10/dist-packages/dsvplanner/dsvplanner_s__rosidl_typesupport_c.cpython-310-x86_64-linux-gnu.so
[21.036s] -- Symlinking: /home/freesix/far_planner_ws/install/dsvplanner/local/lib/python3.10/dist-packages/dsvplanner/dsvplanner_s__rosidl_typesupport_fastrtps_c.cpython-310-x86_64-linux-gnu.so
[21.038s] -- Symlinking: /home/freesix/far_planner_ws/install/dsvplanner/local/lib/python3.10/dist-packages/dsvplanner/dsvplanner_s__rosidl_typesupport_introspection_c.cpython-310-x86_64-linux-gnu.so
[21.039s] -- Symlinking: /home/freesix/far_planner_ws/install/dsvplanner/local/lib/python3.10/dist-packages/dsvplanner/libdsvplanner__rosidl_generator_py.so
[21.041s] -- Symlinking: /home/freesix/far_planner_ws/install/dsvplanner/local/lib/python3.10/dist-packages/dsvplanner/srv/__init__.py
[21.043s] -- Symlinking: /home/freesix/far_planner_ws/install/dsvplanner/local/lib/python3.10/dist-packages/dsvplanner/srv/_clean_frontier.py
[21.045s] -- Symlinking: /home/freesix/far_planner_ws/install/dsvplanner/local/lib/python3.10/dist-packages/dsvplanner/srv/_clean_frontier_s.c
[21.047s] -- Symlinking: /home/freesix/far_planner_ws/install/dsvplanner/local/lib/python3.10/dist-packages/dsvplanner/srv/_dsvplanner.py
[21.049s] -- Symlinking: /home/freesix/far_planner_ws/install/dsvplanner/local/lib/python3.10/dist-packages/dsvplanner/srv/_dsvplanner_s.c
[21.051s] -- Up-to-date symlink: /home/freesix/far_planner_ws/install/dsvplanner/local/lib/python3.10/dist-packages/dsvplanner/dsvplanner_s__rosidl_typesupport_fastrtps_c.cpython-310-x86_64-linux-gnu.so
[21.052s] -- Up-to-date symlink: /home/freesix/far_planner_ws/install/dsvplanner/local/lib/python3.10/dist-packages/dsvplanner/dsvplanner_s__rosidl_typesupport_introspection_c.cpython-310-x86_64-linux-gnu.so
[21.052s] -- Up-to-date symlink: /home/freesix/far_planner_ws/install/dsvplanner/local/lib/python3.10/dist-packages/dsvplanner/dsvplanner_s__rosidl_typesupport_c.cpython-310-x86_64-linux-gnu.so
[21.052s] -- Symlinking: /home/freesix/far_planner_ws/install/dsvplanner/share/dsvplanner/srv/Dsvplanner.idl
[21.054s] -- Symlinking: /home/freesix/far_planner_ws/install/dsvplanner/share/dsvplanner/srv/CleanFrontier.idl
[21.056s] -- Symlinking: /home/freesix/far_planner_ws/install/dsvplanner/share/dsvplanner/srv/Dsvplanner.srv
[21.058s] -- Symlinking: /home/freesix/far_planner_ws/install/dsvplanner/share/dsvplanner/srv/Dsvplanner_Request.msg
[21.060s] -- Symlinking: /home/freesix/far_planner_ws/install/dsvplanner/share/dsvplanner/srv/Dsvplanner_Response.msg
[21.061s] -- Symlinking: /home/freesix/far_planner_ws/install/dsvplanner/share/dsvplanner/srv/CleanFrontier.srv
[21.063s] -- Symlinking: /home/freesix/far_planner_ws/install/dsvplanner/share/dsvplanner/srv/CleanFrontier_Request.msg
[21.065s] -- Symlinking: /home/freesix/far_planner_ws/install/dsvplanner/share/dsvplanner/srv/CleanFrontier_Response.msg
[21.067s] -- Symlinking: /home/freesix/far_planner_ws/install/dsvplanner/lib/dsvplanner/dsvplanner_exe
[21.069s] -- Symlinking: /home/freesix/far_planner_ws/install/dsvplanner/share/ament_index/resource_index/package_run_dependencies/dsvplanner
[21.071s] -- Symlinking: /home/freesix/far_planner_ws/install/dsvplanner/share/ament_index/resource_index/parent_prefix_path/dsvplanner
[21.073s] -- Symlinking: /home/freesix/far_planner_ws/install/dsvplanner/share/dsvplanner/environment/ament_prefix_path.sh
[21.075s] -- Symlinking: /home/freesix/far_planner_ws/install/dsvplanner/share/dsvplanner/environment/ament_prefix_path.dsv
[21.077s] -- Symlinking: /home/freesix/far_planner_ws/install/dsvplanner/share/dsvplanner/environment/path.sh
[21.078s] -- Symlinking: /home/freesix/far_planner_ws/install/dsvplanner/share/dsvplanner/environment/path.dsv
[21.080s] -- Symlinking: /home/freesix/far_planner_ws/install/dsvplanner/share/dsvplanner/local_setup.bash
[21.082s] -- Symlinking: /home/freesix/far_planner_ws/install/dsvplanner/share/dsvplanner/local_setup.sh
[21.084s] -- Symlinking: /home/freesix/far_planner_ws/install/dsvplanner/share/dsvplanner/local_setup.zsh
[21.085s] -- Symlinking: /home/freesix/far_planner_ws/install/dsvplanner/share/dsvplanner/local_setup.dsv
[21.087s] -- Symlinking: /home/freesix/far_planner_ws/install/dsvplanner/share/dsvplanner/package.dsv
[21.089s] -- Symlinking: /home/freesix/far_planner_ws/install/dsvplanner/share/ament_index/resource_index/packages/dsvplanner
[21.091s] -- Symlinking: /home/freesix/far_planner_ws/install/dsvplanner/share/dsvplanner/cmake/rosidl_cmake-extras.cmake
[21.093s] -- Symlinking: /home/freesix/far_planner_ws/install/dsvplanner/share/dsvplanner/cmake/ament_cmake_export_dependencies-extras.cmake
[21.095s] -- Symlinking: /home/freesix/far_planner_ws/install/dsvplanner/share/dsvplanner/cmake/ament_cmake_export_include_directories-extras.cmake
[21.097s] -- Symlinking: /home/freesix/far_planner_ws/install/dsvplanner/share/dsvplanner/cmake/ament_cmake_export_libraries-extras.cmake
[21.099s] -- Symlinking: /home/freesix/far_planner_ws/install/dsvplanner/share/dsvplanner/cmake/ament_cmake_export_targets-extras.cmake
[21.100s] -- Symlinking: /home/freesix/far_planner_ws/install/dsvplanner/share/dsvplanner/cmake/rosidl_cmake_export_typesupport_targets-extras.cmake
[21.102s] -- Symlinking: /home/freesix/far_planner_ws/install/dsvplanner/share/dsvplanner/cmake/rosidl_cmake_export_typesupport_libraries-extras.cmake
[21.104s] -- Symlinking: /home/freesix/far_planner_ws/install/dsvplanner/share/dsvplanner/cmake/dsvplannerConfig.cmake
[21.106s] -- Symlinking: /home/freesix/far_planner_ws/install/dsvplanner/share/dsvplanner/cmake/dsvplannerConfig-version.cmake
[21.108s] -- Symlinking: /home/freesix/far_planner_ws/install/dsvplanner/share/dsvplanner/package.xml
[21.110s] -- Installing: /home/freesix/far_planner_ws/install/dsvplanner/lib/libdsvplanner__rosidl_generator_c.so
[21.111s] -- Set runtime path of "/home/freesix/far_planner_ws/install/dsvplanner/lib/libdsvplanner__rosidl_generator_c.so" to ""
[21.111s] -- Installing: /home/freesix/far_planner_ws/install/dsvplanner/lib/libdsvplanner__rosidl_typesupport_fastrtps_c.so
[21.112s] -- Set runtime path of "/home/freesix/far_planner_ws/install/dsvplanner/lib/libdsvplanner__rosidl_typesupport_fastrtps_c.so" to ""
[21.112s] -- Installing: /home/freesix/far_planner_ws/install/dsvplanner/lib/libdsvplanner__rosidl_typesupport_fastrtps_cpp.so
[21.112s] -- Set runtime path of "/home/freesix/far_planner_ws/install/dsvplanner/lib/libdsvplanner__rosidl_typesupport_fastrtps_cpp.so" to ""
[21.113s] -- Installing: /home/freesix/far_planner_ws/install/dsvplanner/lib/libdsvplanner__rosidl_typesupport_introspection_c.so
[21.113s] -- Set runtime path of "/home/freesix/far_planner_ws/install/dsvplanner/lib/libdsvplanner__rosidl_typesupport_introspection_c.so" to ""
[21.113s] -- Installing: /home/freesix/far_planner_ws/install/dsvplanner/lib/libdsvplanner__rosidl_typesupport_c.so
[21.114s] -- Set runtime path of "/home/freesix/far_planner_ws/install/dsvplanner/lib/libdsvplanner__rosidl_typesupport_c.so" to ""
[21.114s] -- Installing: /home/freesix/far_planner_ws/install/dsvplanner/lib/libdsvplanner__rosidl_typesupport_introspection_cpp.so
[21.115s] -- Set runtime path of "/home/freesix/far_planner_ws/install/dsvplanner/lib/libdsvplanner__rosidl_typesupport_introspection_cpp.so" to ""
[21.115s] -- Installing: /home/freesix/far_planner_ws/install/dsvplanner/lib/libdsvplanner__rosidl_typesupport_cpp.so
[21.115s] -- Set runtime path of "/home/freesix/far_planner_ws/install/dsvplanner/lib/libdsvplanner__rosidl_typesupport_cpp.so" to ""
[21.139s] Listing '/home/freesix/far_planner_ws/install/dsvplanner/local/lib/python3.10/dist-packages/dsvplanner'...
[21.139s] Compiling '/home/freesix/far_planner_ws/install/dsvplanner/local/lib/python3.10/dist-packages/dsvplanner/__init__.py'...
[21.139s] Listing '/home/freesix/far_planner_ws/install/dsvplanner/local/lib/python3.10/dist-packages/dsvplanner/srv'...
[21.139s] Compiling '/home/freesix/far_planner_ws/install/dsvplanner/local/lib/python3.10/dist-packages/dsvplanner/srv/__init__.py'...
[21.139s] Compiling '/home/freesix/far_planner_ws/install/dsvplanner/local/lib/python3.10/dist-packages/dsvplanner/srv/_clean_frontier.py'...
[21.139s] Compiling '/home/freesix/far_planner_ws/install/dsvplanner/local/lib/python3.10/dist-packages/dsvplanner/srv/_dsvplanner.py'...
[21.142s] -- Installing: /home/freesix/far_planner_ws/install/dsvplanner/lib/libdsvplanner__rosidl_generator_py.so
[21.143s] -- Set runtime path of "/home/freesix/far_planner_ws/install/dsvplanner/lib/libdsvplanner__rosidl_generator_py.so" to ""
[21.143s] -- Installing: /home/freesix/far_planner_ws/install/dsvplanner/lib/libdsvPlannerLib.so
[21.145s] -- Set runtime path of "/home/freesix/far_planner_ws/install/dsvplanner/lib/libdsvPlannerLib.so" to ""
[21.146s] -- Installing: /home/freesix/far_planner_ws/install/dsvplanner/share/dsvplanner/cmake/export_dsvplanner__rosidl_generator_cExport.cmake
[21.146s] -- Installing: /home/freesix/far_planner_ws/install/dsvplanner/share/dsvplanner/cmake/export_dsvplanner__rosidl_generator_cExport-release.cmake
[21.147s] -- Installing: /home/freesix/far_planner_ws/install/dsvplanner/share/dsvplanner/cmake/export_dsvplanner__rosidl_typesupport_fastrtps_cExport.cmake
[21.147s] -- Installing: /home/freesix/far_planner_ws/install/dsvplanner/share/dsvplanner/cmake/export_dsvplanner__rosidl_typesupport_fastrtps_cExport-release.cmake
[21.147s] -- Installing: /home/freesix/far_planner_ws/install/dsvplanner/share/dsvplanner/cmake/export_dsvplanner__rosidl_generator_cppExport.cmake
[21.148s] -- Installing: /home/freesix/far_planner_ws/install/dsvplanner/share/dsvplanner/cmake/export_dsvplanner__rosidl_typesupport_fastrtps_cppExport.cmake
[21.148s] -- Installing: /home/freesix/far_planner_ws/install/dsvplanner/share/dsvplanner/cmake/export_dsvplanner__rosidl_typesupport_fastrtps_cppExport-release.cmake
[21.148s] -- Installing: /home/freesix/far_planner_ws/install/dsvplanner/share/dsvplanner/cmake/dsvplanner__rosidl_typesupport_introspection_cExport.cmake
[21.148s] -- Installing: /home/freesix/far_planner_ws/install/dsvplanner/share/dsvplanner/cmake/dsvplanner__rosidl_typesupport_introspection_cExport-release.cmake
[21.149s] -- Installing: /home/freesix/far_planner_ws/install/dsvplanner/share/dsvplanner/cmake/dsvplanner__rosidl_typesupport_cExport.cmake
[21.149s] -- Installing: /home/freesix/far_planner_ws/install/dsvplanner/share/dsvplanner/cmake/dsvplanner__rosidl_typesupport_cExport-release.cmake
[21.149s] -- Installing: /home/freesix/far_planner_ws/install/dsvplanner/share/dsvplanner/cmake/dsvplanner__rosidl_typesupport_introspection_cppExport.cmake
[21.149s] -- Installing: /home/freesix/far_planner_ws/install/dsvplanner/share/dsvplanner/cmake/dsvplanner__rosidl_typesupport_introspection_cppExport-release.cmake
[21.150s] -- Installing: /home/freesix/far_planner_ws/install/dsvplanner/share/dsvplanner/cmake/dsvplanner__rosidl_typesupport_cppExport.cmake
[21.150s] -- Installing: /home/freesix/far_planner_ws/install/dsvplanner/share/dsvplanner/cmake/dsvplanner__rosidl_typesupport_cppExport-release.cmake
[21.150s] -- Installing: /home/freesix/far_planner_ws/install/dsvplanner/share/dsvplanner/cmake/export_dsvplanner__rosidl_generator_pyExport.cmake
[21.150s] -- Installing: /home/freesix/far_planner_ws/install/dsvplanner/share/dsvplanner/cmake/export_dsvplanner__rosidl_generator_pyExport-release.cmake
[21.153s] Invoked command in '/home/freesix/far_planner_ws/build/dsvplanner' returned '0': AMENT_PREFIX_PATH=/home/freesix/far_planner_ws/install/octomap_world:/home/freesix/far_planner_ws/install/graph_planner:/home/freesix/far_planner_ws/install/minkindr_conversions:/home/freesix/far_planner_ws/install/graph_utils:/home/freesix/far_planner_ws/install/volumetric_msgs:/home/freesix/far_planner_ws/install/misc_utils:${AMENT_PREFIX_PATH} CMAKE_PREFIX_PATH=/home/freesix/far_planner_ws/install/octomap_world:/home/freesix/far_planner_ws/install/graph_planner:/opt/ros/humble:/home/freesix/far_planner_ws/install/volumetric_map_base:/home/freesix/far_planner_ws/install/minkindr_conversions:/home/freesix/far_planner_ws/install/graph_utils:/home/freesix/far_planner_ws/install/volumetric_msgs:/home/freesix/far_planner_ws/install/misc_utils:/home/freesix/far_planner_ws/install/minkindr:/home/freesix/far_planner_ws/install/kdtree LD_LIBRARY_PATH=/home/freesix/far_planner_ws/install/octomap_world/lib:/home/freesix/far_planner_ws/install/graph_planner/lib:/home/freesix/far_planner_ws/install/volumetric_map_base/lib:/home/freesix/far_planner_ws/install/minkindr_conversions/lib:/home/freesix/far_planner_ws/install/graph_utils/lib:/home/freesix/far_planner_ws/install/volumetric_msgs/lib:/home/freesix/far_planner_ws/install/misc_utils/lib:/home/freesix/far_planner_ws/install/kdtree/lib:${LD_LIBRARY_PATH} PKG_CONFIG_PATH=/home/freesix/far_planner_ws/install/volumetric_map_base/lib/x86_64-linux-gnu/pkgconfig:/home/freesix/far_planner_ws/install/volumetric_map_base/lib/pkgconfig:/home/freesix/far_planner_ws/install/minkindr/lib/x86_64-linux-gnu/pkgconfig:/home/freesix/far_planner_ws/install/minkindr/lib/pkgconfig:/home/freesix/far_planner_ws/install/kdtree/lib/x86_64-linux-gnu/pkgconfig:/home/freesix/far_planner_ws/install/kdtree/lib/pkgconfig PYTHONPATH=/home/freesix/far_planner_ws/install/graph_planner/local/lib/python3.10/dist-packages:/home/freesix/far_planner_ws/install/graph_utils/local/lib/python3.10/dist-packages:/home/freesix/far_planner_ws/install/volumetric_msgs/local/lib/python3.10/dist-packages:${PYTHONPATH} ROS_PACKAGE_PATH=/home/freesix/far_planner_ws/install/volumetric_map_base/share:/home/freesix/far_planner_ws/install/minkindr/share:/home/freesix/far_planner_ws/install/kdtree/share /usr/local/bin/cmake --install /home/freesix/far_planner_ws/build/dsvplanner
