-- The C compiler identification is GNU 11.4.0
-- The CXX compiler identification is GNU 11.4.0
-- Detecting C compiler ABI info
-- Detecting C compiler ABI info - done
-- Check for working C compiler: /usr/bin/cc - skipped
-- Detecting C compile features
-- Detecting C compile features - done
-- Detecting CXX compiler ABI info
-- Detecting CXX compiler ABI info - done
-- Check for working CXX compiler: /usr/bin/c++ - skipped
-- Detecting CXX compile features
-- Detecting CXX compile features - done
-- Found ament_cmake: 1.3.5 (/opt/ros/humble/share/ament_cmake/cmake)
-- Found Python3: /usr/bin/python3.10 (found version "3.10.12") found components: Interpreter 
-- Override CMake install command with custom implementation using symlinks instead of copying resources
-- Found rclcpp: 16.0.5 (/opt/ros/humble/share/rclcpp/cmake)
-- Found rosidl_generator_c: 3.1.5 (/opt/ros/humble/share/rosidl_generator_c/cmake)
-- Found rosidl_adapter: 3.1.5 (/opt/ros/humble/share/rosidl_adapter/cmake)
-- Found rosidl_generator_cpp: 3.1.5 (/opt/ros/humble/share/rosidl_generator_cpp/cmake)
-- Using all available rosidl_typesupport_c: rosidl_typesupport_fastrtps_c;rosidl_typesupport_introspection_c
-- Using all available rosidl_typesupport_cpp: rosidl_typesupport_fastrtps_cpp;rosidl_typesupport_introspection_cpp
-- Found rmw_implementation_cmake: 6.1.1 (/opt/ros/humble/share/rmw_implementation_cmake/cmake)
-- Found rmw_fastrtps_cpp: 6.2.3 (/opt/ros/humble/share/rmw_fastrtps_cpp/cmake)
-- Found OpenSSL: /usr/lib/x86_64-linux-gnu/libcrypto.so (found version "3.0.2")  
-- Found FastRTPS: /opt/ros/humble/include  
-- Using RMW implementation 'rmw_fastrtps_cpp' as default
-- Performing Test CMAKE_HAVE_LIBC_PTHREAD
-- Performing Test CMAKE_HAVE_LIBC_PTHREAD - Success
-- Found Threads: TRUE  
-- Found geometry_msgs: 4.2.3 (/opt/ros/humble/share/geometry_msgs/cmake)
-- Found nav_msgs: 4.2.3 (/opt/ros/humble/share/nav_msgs/cmake)
-- Found visualization_msgs: 4.2.3 (/opt/ros/humble/share/visualization_msgs/cmake)
-- Found misc_utils: 0.0.1 (/home/freesix/far_planner_ws/install/misc_utils/share/misc_utils/cmake)
-- Found rosidl_default_generators: 1.2.0 (/opt/ros/humble/share/rosidl_default_generators/cmake)
-- Checking for module 'eigen3'
--   Found eigen3, version 3.4.0
-- Found Eigen: /usr/include/eigen3 (Required is at least version "3.1") 
-- Eigen found (include: /usr/include/eigen3, version: 3.4.0)
-- Found Boost: /usr/lib/x86_64-linux-gnu/cmake/Boost-1.74.0/BoostConfig.cmake (found suitable version "1.74.0", minimum required is "1.65.0") found components: system filesystem date_time iostreams serialization 
-- Checking for module 'libusb-1.0'
--   Found libusb-1.0, version 1.0.25
-- Found libusb: /usr/lib/x86_64-linux-gnu/libusb-1.0.so  
-- Found OpenNI: /usr/lib/libOpenNI.so;libusb::libusb (found version "1.5.4.0") 
-- OpenNI found (version: 1.5.4.0, include: /usr/include/ni, lib: /usr/lib/libOpenNI.so;libusb::libusb)
-- Found OpenNI2: /usr/lib/x86_64-linux-gnu/libOpenNI2.so;libusb::libusb (found version "2.2.0.33") 
-- OpenNI2 found (version: 2.2.0.33, include: /usr/include/openni2, lib: /usr/lib/x86_64-linux-gnu/libOpenNI2.so;libusb::libusb)
[0m** WARNING ** io features related to pcap will be disabled[0m
[0m** WARNING ** io features related to png will be disabled[0m
-- Found GLEW: /usr/lib/x86_64-linux-gnu/libGLEW.so  
-- Found OpenGL: /usr/lib/x86_64-linux-gnu/libOpenGL.so  found components: OpenGL GLX 
-- Found MPI_C: /usr/lib/x86_64-linux-gnu/libmpi.so (found version "3.1") 
-- Found MPI: TRUE (found version "3.1") found components: C 
-- Found JsonCpp: /usr/lib/x86_64-linux-gnu/libjsoncpp.so (found suitable version "1.9.5", minimum required is "0.7.0") 
-- Found ZLIB: /usr/lib/x86_64-linux-gnu/libz.so (found version "1.2.11")  
-- Found PNG: /usr/lib/x86_64-linux-gnu/libpng.so (found version "1.6.37") 
-- Found Eigen3: /usr/include/eigen3 (found version "3.4.0") 
-- Found X11: /usr/include   
-- Looking for XOpenDisplay in /usr/lib/x86_64-linux-gnu/libX11.so;/usr/lib/x86_64-linux-gnu/libXext.so
-- Looking for XOpenDisplay in /usr/lib/x86_64-linux-gnu/libX11.so;/usr/lib/x86_64-linux-gnu/libXext.so - found
-- Looking for gethostbyname
-- Looking for gethostbyname - found
-- Looking for connect
-- Looking for connect - found
-- Looking for remove
-- Looking for remove - found
-- Looking for shmat
-- Looking for shmat - found
-- Looking for IceConnectionNumber in ICE
-- Looking for IceConnectionNumber in ICE - found
-- Found EXPAT: /usr/lib/x86_64-linux-gnu/libexpat.so (found version "2.4.7") 
-- Found double-conversion: /usr/lib/x86_64-linux-gnu/libdouble-conversion.so  
-- Found LZ4: /usr/lib/x86_64-linux-gnu/liblz4.so (found version "1.9.3") 
-- Found LZMA: /usr/lib/x86_64-linux-gnu/liblzma.so (found version "5.2.5") 
-- Found JPEG: /usr/lib/x86_64-linux-gnu/libjpeg.so (found version "80") 
-- Found TIFF: /usr/lib/x86_64-linux-gnu/libtiff.so (found version "4.3.0")  
-- Found Freetype: /usr/lib/x86_64-linux-gnu/libfreetype.so (found version "2.11.1") 
-- Found utf8cpp: /usr/include/utf8cpp  
-- Eigen found (include: /usr/include/eigen3, version: 3.4.0)
-- looking for PCL_COMMON
-- Found PCL_COMMON: /usr/lib/x86_64-linux-gnu/libpcl_common.so  
-- looking for PCL_OCTREE
-- Found PCL_OCTREE: /usr/lib/x86_64-linux-gnu/libpcl_octree.so  
-- looking for PCL_IO
-- Found PCL_IO: /usr/lib/x86_64-linux-gnu/libpcl_io.so  
-- Found PCL: pcl_common;pcl_octree;pcl_io;Boost::system;Boost::filesystem;Boost::date_time;Boost::iostreams;Boost::serialization;/usr/lib/libOpenNI.so;libusb::libusb;/usr/lib/x86_64-linux-gnu/libOpenNI2.so;libusb::libusb;VTK::ChartsCore;VTK::CommonColor;VTK::CommonComputationalGeometry;VTK::CommonCore;VTK::CommonDataModel;VTK::CommonExecutionModel;VTK::CommonMath;VTK::CommonMisc;VTK::CommonTransforms;VTK::FiltersCore;VTK::FiltersExtraction;VTK::FiltersGeneral;VTK::FiltersGeometry;VTK::FiltersModeling;VTK::FiltersSources;VTK::ImagingCore;VTK::ImagingSources;VTK::InteractionImage;VTK::InteractionStyle;VTK::InteractionWidgets;VTK::IOCore;VTK::IOGeometry;VTK::IOImage;VTK::IOLegacy;VTK::IOPLY;VTK::RenderingAnnotation;VTK::RenderingCore;VTK::RenderingContext2D;VTK::RenderingLOD;VTK::RenderingFreeType;VTK::ViewsCore;VTK::ViewsContext2D;VTK::RenderingOpenGL2;VTK::GUISupportQt  
-- Found ament_cmake_ros: 0.10.0 (/opt/ros/humble/share/ament_cmake_ros/cmake)
-- Using all available rosidl_typesupport_c: rosidl_typesupport_fastrtps_c;rosidl_typesupport_introspection_c
-- Using all available rosidl_typesupport_cpp: rosidl_typesupport_fastrtps_cpp;rosidl_typesupport_introspection_cpp
-- Found PythonInterp: /usr/bin/python3 (found suitable version "3.10.12", minimum required is "3.6") 
-- Found python_cmake_module: 0.10.0 (/opt/ros/humble/share/python_cmake_module/cmake)
-- Found PythonLibs: /usr/lib/x86_64-linux-gnu/libpython3.10.so (found suitable version "3.10.12", minimum required is "3.5") 
-- Using PYTHON_EXECUTABLE: /usr/bin/python3
-- Using PYTHON_INCLUDE_DIRS: /usr/include/python3.10
-- Using PYTHON_LIBRARIES: /usr/lib/x86_64-linux-gnu/libpython3.10.so
-- Found PythonExtra: .so  
-- Configuring done (10.6s)
-- Generating done (0.0s)
-- Build files have been written to: /home/freesix/far_planner_ws/build/graph_utils
[  1%] [34m[1mGenerating C code for ROS interfaces[0m
[  3%] [34m[1mGenerating C++ code for ROS interfaces[0m
[  3%] Built target ament_cmake_python_symlink_graph_utils
running egg_info
creating graph_utils.egg-info
writing graph_utils.egg-info/PKG-INFO
writing dependency_links to graph_utils.egg-info/dependency_links.txt
writing top-level names to graph_utils.egg-info/top_level.txt
writing manifest file 'graph_utils.egg-info/SOURCES.txt'
reading manifest file 'graph_utils.egg-info/SOURCES.txt'
writing manifest file 'graph_utils.egg-info/SOURCES.txt'
[  3%] Built target ament_cmake_python_build_graph_utils_egg
[  3%] Built target graph_utils__cpp
[  5%] [34m[1mGenerating C++ type support dispatch for ROS interfaces[0m
[  7%] [34m[1mGenerating C++ type support for eProsima Fast-RTPS[0m
[  9%] [34m[1mGenerating C++ introspection for ROS interfaces[0m
[ 11%] [32mBuilding C object CMakeFiles/graph_utils__rosidl_generator_c.dir/rosidl_generator_c/graph_utils/msg/detail/edge__functions.c.o[0m
[ 13%] [32mBuilding C object CMakeFiles/graph_utils__rosidl_generator_c.dir/rosidl_generator_c/graph_utils/msg/detail/vertex__functions.c.o[0m
[ 15%] [32mBuilding C object CMakeFiles/graph_utils__rosidl_generator_c.dir/rosidl_generator_c/graph_utils/msg/detail/topological_graph__functions.c.o[0m
[ 17%] [32m[1mLinking C shared library libgraph_utils__rosidl_generator_c.so[0m
[ 17%] Built target graph_utils__rosidl_generator_c
[ 21%] [34m[1mGenerating C type support for eProsima Fast-RTPS[0m
[ 21%] [34m[1mGenerating C type support dispatch for ROS interfaces[0m
[ 23%] [34m[1mGenerating C introspection for ROS interfaces[0m
[ 25%] [32mBuilding CXX object CMakeFiles/graph_utils__rosidl_typesupport_cpp.dir/rosidl_typesupport_cpp/graph_utils/msg/edge__type_support.cpp.o[0m
[ 26%] [32mBuilding CXX object CMakeFiles/graph_utils__rosidl_typesupport_cpp.dir/rosidl_typesupport_cpp/graph_utils/msg/vertex__type_support.cpp.o[0m
[ 28%] [32mBuilding CXX object CMakeFiles/graph_utils__rosidl_typesupport_cpp.dir/rosidl_typesupport_cpp/graph_utils/msg/topological_graph__type_support.cpp.o[0m
[ 30%] [32mBuilding CXX object CMakeFiles/graph_utils__rosidl_typesupport_introspection_cpp.dir/rosidl_typesupport_introspection_cpp/graph_utils/msg/detail/vertex__type_support.cpp.o[0m
[ 32%] [32mBuilding CXX object CMakeFiles/graph_utils__rosidl_typesupport_introspection_cpp.dir/rosidl_typesupport_introspection_cpp/graph_utils/msg/detail/topological_graph__type_support.cpp.o[0m
[ 34%] [32mBuilding CXX object CMakeFiles/graph_utils__rosidl_typesupport_introspection_cpp.dir/rosidl_typesupport_introspection_cpp/graph_utils/msg/detail/edge__type_support.cpp.o[0m
[ 36%] [32mBuilding CXX object CMakeFiles/graph_utils__rosidl_typesupport_fastrtps_cpp.dir/rosidl_typesupport_fastrtps_cpp/graph_utils/msg/detail/dds_fastrtps/edge__type_support.cpp.o[0m
[ 38%] [32mBuilding CXX object CMakeFiles/graph_utils__rosidl_typesupport_fastrtps_cpp.dir/rosidl_typesupport_fastrtps_cpp/graph_utils/msg/detail/dds_fastrtps/vertex__type_support.cpp.o[0m
[ 40%] [32mBuilding CXX object CMakeFiles/graph_utils__rosidl_typesupport_fastrtps_cpp.dir/rosidl_typesupport_fastrtps_cpp/graph_utils/msg/detail/dds_fastrtps/topological_graph__type_support.cpp.o[0m
[ 42%] [32m[1mLinking CXX shared library libgraph_utils__rosidl_typesupport_cpp.so[0m
[ 48%] [32mBuilding CXX object CMakeFiles/graph_utils__rosidl_typesupport_c.dir/rosidl_typesupport_c/graph_utils/msg/topological_graph__type_support.cpp.o[0m
[ 48%] [32mBuilding CXX object CMakeFiles/graph_utils__rosidl_typesupport_c.dir/rosidl_typesupport_c/graph_utils/msg/vertex__type_support.cpp.o[0m
[ 48%] [32mBuilding CXX object CMakeFiles/graph_utils__rosidl_typesupport_c.dir/rosidl_typesupport_c/graph_utils/msg/edge__type_support.cpp.o[0m
[ 50%] [32m[1mLinking CXX shared library libgraph_utils__rosidl_typesupport_c.so[0m
[ 51%] [32mBuilding CXX object CMakeFiles/graph_utils__rosidl_typesupport_fastrtps_c.dir/rosidl_typesupport_fastrtps_c/graph_utils/msg/detail/edge__type_support_c.cpp.o[0m
[ 53%] [32mBuilding CXX object CMakeFiles/graph_utils__rosidl_typesupport_fastrtps_c.dir/rosidl_typesupport_fastrtps_c/graph_utils/msg/detail/vertex__type_support_c.cpp.o[0m
[ 55%] [32mBuilding CXX object CMakeFiles/graph_utils__rosidl_typesupport_fastrtps_c.dir/rosidl_typesupport_fastrtps_c/graph_utils/msg/detail/topological_graph__type_support_c.cpp.o[0m
[ 55%] Built target graph_utils__rosidl_typesupport_cpp
[ 61%] [32mBuilding CXX object CMakeFiles/graph_visualization.dir/src/graph_visualization.cpp.o[0m
[ 61%] [32mBuilding CXX object CMakeFiles/graph_visualization.dir/src/graph_visualization_node.cpp.o[0m
[ 61%] [32mBuilding CXX object CMakeFiles/graph_utils_lib.dir/src/graph_utils.cpp.o[0m
[ 65%] [32mBuilding C object CMakeFiles/graph_utils__rosidl_typesupport_introspection_c.dir/rosidl_typesupport_introspection_c/graph_utils/msg/detail/topological_graph__type_support.c.o[0m
[ 65%] [32mBuilding C object CMakeFiles/graph_utils__rosidl_typesupport_introspection_c.dir/rosidl_typesupport_introspection_c/graph_utils/msg/detail/edge__type_support.c.o[0m
[ 67%] [32mBuilding C object CMakeFiles/graph_utils__rosidl_typesupport_introspection_c.dir/rosidl_typesupport_introspection_c/graph_utils/msg/detail/vertex__type_support.c.o[0m
[ 67%] Built target graph_utils__rosidl_typesupport_c
[ 69%] [32m[1mLinking C shared library libgraph_utils__rosidl_typesupport_introspection_c.so[0m
[ 69%] Built target graph_utils__rosidl_typesupport_introspection_c
[ 71%] [32m[1mLinking CXX shared library libgraph_utils__rosidl_typesupport_introspection_cpp.so[0m
[ 73%] [32m[1mLinking CXX shared library libgraph_utils__rosidl_typesupport_fastrtps_cpp.so[0m
[ 73%] Built target graph_utils__rosidl_typesupport_fastrtps_cpp
[ 73%] Built target graph_utils__rosidl_typesupport_introspection_cpp
[ 75%] [32m[1mLinking CXX shared library libgraph_utils__rosidl_typesupport_fastrtps_c.so[0m
[ 75%] Built target graph_utils__rosidl_typesupport_fastrtps_c
[ 75%] Built target graph_utils
[ 76%] [34m[1mGenerating Python code for ROS interfaces[0m
[ 76%] Built target graph_utils__py
[ 78%] [32mBuilding C object CMakeFiles/graph_utils__rosidl_generator_py.dir/rosidl_generator_py/graph_utils/msg/_edge_s.c.o[0m
[ 82%] [32mBuilding C object CMakeFiles/graph_utils__rosidl_generator_py.dir/rosidl_generator_py/graph_utils/msg/_vertex_s.c.o[0m
[ 82%] [32mBuilding C object CMakeFiles/graph_utils__rosidl_generator_py.dir/rosidl_generator_py/graph_utils/msg/_topological_graph_s.c.o[0m
[ 84%] [32m[1mLinking C shared library rosidl_generator_py/graph_utils/libgraph_utils__rosidl_generator_py.so[0m
[ 84%] Built target graph_utils__rosidl_generator_py
[ 88%] [32mBuilding C object CMakeFiles/graph_utils__rosidl_typesupport_introspection_c__pyext.dir/rosidl_generator_py/graph_utils/_graph_utils_s.ep.rosidl_typesupport_introspection_c.c.o[0m
[ 88%] [32mBuilding C object CMakeFiles/graph_utils__rosidl_typesupport_fastrtps_c__pyext.dir/rosidl_generator_py/graph_utils/_graph_utils_s.ep.rosidl_typesupport_fastrtps_c.c.o[0m
[ 90%] [32mBuilding C object CMakeFiles/graph_utils__rosidl_typesupport_c__pyext.dir/rosidl_generator_py/graph_utils/_graph_utils_s.ep.rosidl_typesupport_c.c.o[0m
[ 94%] [32m[1mLinking C shared library rosidl_generator_py/graph_utils/graph_utils_s__rosidl_typesupport_c.cpython-310-x86_64-linux-gnu.so[0m
[ 94%] [32m[1mLinking C shared library rosidl_generator_py/graph_utils/graph_utils_s__rosidl_typesupport_fastrtps_c.cpython-310-x86_64-linux-gnu.so[0m
[ 96%] [32m[1mLinking C shared library rosidl_generator_py/graph_utils/graph_utils_s__rosidl_typesupport_introspection_c.cpython-310-x86_64-linux-gnu.so[0m
[ 96%] Built target graph_utils__rosidl_typesupport_fastrtps_c__pyext
[ 96%] Built target graph_utils__rosidl_typesupport_c__pyext
[ 96%] Built target graph_utils__rosidl_typesupport_introspection_c__pyext
[ 98%] [32m[1mLinking CXX shared library libgraph_utils_lib.so[0m
[ 98%] Built target graph_utils_lib
[100%] [32m[1mLinking CXX executable graph_visualization[0m
[100%] Built target graph_visualization
-- Install configuration: "Release"
-- Execute custom install script
-- Symlinking: /home/freesix/far_planner_ws/install/graph_utils/share/ament_index/resource_index/rosidl_interfaces/graph_utils
-- Symlinking: /home/freesix/far_planner_ws/install/graph_utils/include/graph_utils/graph_utils/msg/detail/edge__functions.h
-- Symlinking: /home/freesix/far_planner_ws/install/graph_utils/include/graph_utils/graph_utils/msg/detail/edge__struct.h
-- Symlinking: /home/freesix/far_planner_ws/install/graph_utils/include/graph_utils/graph_utils/msg/detail/edge__type_support.h
-- Symlinking: /home/freesix/far_planner_ws/install/graph_utils/include/graph_utils/graph_utils/msg/detail/topological_graph__functions.h
-- Symlinking: /home/freesix/far_planner_ws/install/graph_utils/include/graph_utils/graph_utils/msg/detail/topological_graph__struct.h
-- Symlinking: /home/freesix/far_planner_ws/install/graph_utils/include/graph_utils/graph_utils/msg/detail/topological_graph__type_support.h
-- Symlinking: /home/freesix/far_planner_ws/install/graph_utils/include/graph_utils/graph_utils/msg/detail/vertex__functions.h
-- Symlinking: /home/freesix/far_planner_ws/install/graph_utils/include/graph_utils/graph_utils/msg/detail/vertex__struct.h
-- Symlinking: /home/freesix/far_planner_ws/install/graph_utils/include/graph_utils/graph_utils/msg/detail/vertex__type_support.h
-- Symlinking: /home/freesix/far_planner_ws/install/graph_utils/include/graph_utils/graph_utils/msg/edge.h
-- Symlinking: /home/freesix/far_planner_ws/install/graph_utils/include/graph_utils/graph_utils/msg/rosidl_generator_c__visibility_control.h
-- Symlinking: /home/freesix/far_planner_ws/install/graph_utils/include/graph_utils/graph_utils/msg/topological_graph.h
-- Symlinking: /home/freesix/far_planner_ws/install/graph_utils/include/graph_utils/graph_utils/msg/vertex.h
-- Symlinking: /home/freesix/far_planner_ws/install/graph_utils/share/graph_utils/environment/library_path.sh
-- Symlinking: /home/freesix/far_planner_ws/install/graph_utils/share/graph_utils/environment/library_path.dsv
-- Symlinking: /home/freesix/far_planner_ws/install/graph_utils/include/graph_utils/graph_utils/msg/detail/edge__rosidl_typesupport_fastrtps_c.h
-- Symlinking: /home/freesix/far_planner_ws/install/graph_utils/include/graph_utils/graph_utils/msg/detail/topological_graph__rosidl_typesupport_fastrtps_c.h
-- Symlinking: /home/freesix/far_planner_ws/install/graph_utils/include/graph_utils/graph_utils/msg/detail/vertex__rosidl_typesupport_fastrtps_c.h
-- Symlinking: /home/freesix/far_planner_ws/install/graph_utils/include/graph_utils/graph_utils/msg/rosidl_typesupport_fastrtps_c__visibility_control.h
-- Symlinking: /home/freesix/far_planner_ws/install/graph_utils/include/graph_utils/graph_utils/msg/detail/edge__builder.hpp
-- Symlinking: /home/freesix/far_planner_ws/install/graph_utils/include/graph_utils/graph_utils/msg/detail/edge__struct.hpp
-- Symlinking: /home/freesix/far_planner_ws/install/graph_utils/include/graph_utils/graph_utils/msg/detail/edge__traits.hpp
-- Symlinking: /home/freesix/far_planner_ws/install/graph_utils/include/graph_utils/graph_utils/msg/detail/topological_graph__builder.hpp
-- Symlinking: /home/freesix/far_planner_ws/install/graph_utils/include/graph_utils/graph_utils/msg/detail/topological_graph__struct.hpp
-- Symlinking: /home/freesix/far_planner_ws/install/graph_utils/include/graph_utils/graph_utils/msg/detail/topological_graph__traits.hpp
-- Symlinking: /home/freesix/far_planner_ws/install/graph_utils/include/graph_utils/graph_utils/msg/detail/vertex__builder.hpp
-- Symlinking: /home/freesix/far_planner_ws/install/graph_utils/include/graph_utils/graph_utils/msg/detail/vertex__struct.hpp
-- Symlinking: /home/freesix/far_planner_ws/install/graph_utils/include/graph_utils/graph_utils/msg/detail/vertex__traits.hpp
-- Symlinking: /home/freesix/far_planner_ws/install/graph_utils/include/graph_utils/graph_utils/msg/edge.hpp
-- Symlinking: /home/freesix/far_planner_ws/install/graph_utils/include/graph_utils/graph_utils/msg/topological_graph.hpp
-- Symlinking: /home/freesix/far_planner_ws/install/graph_utils/include/graph_utils/graph_utils/msg/vertex.hpp
-- Symlinking: /home/freesix/far_planner_ws/install/graph_utils/include/graph_utils/graph_utils/msg/detail/edge__rosidl_typesupport_fastrtps_cpp.hpp
-- Symlinking: /home/freesix/far_planner_ws/install/graph_utils/include/graph_utils/graph_utils/msg/detail/topological_graph__rosidl_typesupport_fastrtps_cpp.hpp
-- Symlinking: /home/freesix/far_planner_ws/install/graph_utils/include/graph_utils/graph_utils/msg/detail/vertex__rosidl_typesupport_fastrtps_cpp.hpp
-- Symlinking: /home/freesix/far_planner_ws/install/graph_utils/include/graph_utils/graph_utils/msg/rosidl_typesupport_fastrtps_cpp__visibility_control.h
-- Symlinking: /home/freesix/far_planner_ws/install/graph_utils/include/graph_utils/graph_utils/msg/detail/edge__rosidl_typesupport_introspection_c.h
-- Symlinking: /home/freesix/far_planner_ws/install/graph_utils/include/graph_utils/graph_utils/msg/detail/topological_graph__rosidl_typesupport_introspection_c.h
-- Symlinking: /home/freesix/far_planner_ws/install/graph_utils/include/graph_utils/graph_utils/msg/detail/vertex__rosidl_typesupport_introspection_c.h
-- Symlinking: /home/freesix/far_planner_ws/install/graph_utils/include/graph_utils/graph_utils/msg/rosidl_typesupport_introspection_c__visibility_control.h
-- Symlinking: /home/freesix/far_planner_ws/install/graph_utils/include/graph_utils/graph_utils/msg/detail/edge__rosidl_typesupport_introspection_cpp.hpp
-- Symlinking: /home/freesix/far_planner_ws/install/graph_utils/include/graph_utils/graph_utils/msg/detail/topological_graph__rosidl_typesupport_introspection_cpp.hpp
-- Symlinking: /home/freesix/far_planner_ws/install/graph_utils/include/graph_utils/graph_utils/msg/detail/vertex__rosidl_typesupport_introspection_cpp.hpp
-- Symlinking: /home/freesix/far_planner_ws/install/graph_utils/share/graph_utils/environment/pythonpath.sh
-- Symlinking: /home/freesix/far_planner_ws/install/graph_utils/share/graph_utils/environment/pythonpath.dsv
-- Symlinking: /home/freesix/far_planner_ws/install/graph_utils/local/lib/python3.10/dist-packages/graph_utils-0.0.1-py3.10.egg-info/PKG-INFO
-- Symlinking: /home/freesix/far_planner_ws/install/graph_utils/local/lib/python3.10/dist-packages/graph_utils-0.0.1-py3.10.egg-info/SOURCES.txt
-- Symlinking: /home/freesix/far_planner_ws/install/graph_utils/local/lib/python3.10/dist-packages/graph_utils-0.0.1-py3.10.egg-info/dependency_links.txt
-- Symlinking: /home/freesix/far_planner_ws/install/graph_utils/local/lib/python3.10/dist-packages/graph_utils-0.0.1-py3.10.egg-info/top_level.txt
-- Symlinking: /home/freesix/far_planner_ws/install/graph_utils/local/lib/python3.10/dist-packages/graph_utils/__init__.py
-- Symlinking: /home/freesix/far_planner_ws/install/graph_utils/local/lib/python3.10/dist-packages/graph_utils/_graph_utils_s.ep.rosidl_typesupport_c.c
-- Symlinking: /home/freesix/far_planner_ws/install/graph_utils/local/lib/python3.10/dist-packages/graph_utils/_graph_utils_s.ep.rosidl_typesupport_fastrtps_c.c
-- Symlinking: /home/freesix/far_planner_ws/install/graph_utils/local/lib/python3.10/dist-packages/graph_utils/_graph_utils_s.ep.rosidl_typesupport_introspection_c.c
-- Symlinking: /home/freesix/far_planner_ws/install/graph_utils/local/lib/python3.10/dist-packages/graph_utils/graph_utils_s__rosidl_typesupport_c.cpython-310-x86_64-linux-gnu.so
-- Symlinking: /home/freesix/far_planner_ws/install/graph_utils/local/lib/python3.10/dist-packages/graph_utils/graph_utils_s__rosidl_typesupport_fastrtps_c.cpython-310-x86_64-linux-gnu.so
-- Symlinking: /home/freesix/far_planner_ws/install/graph_utils/local/lib/python3.10/dist-packages/graph_utils/graph_utils_s__rosidl_typesupport_introspection_c.cpython-310-x86_64-linux-gnu.so
-- Symlinking: /home/freesix/far_planner_ws/install/graph_utils/local/lib/python3.10/dist-packages/graph_utils/libgraph_utils__rosidl_generator_py.so
-- Symlinking: /home/freesix/far_planner_ws/install/graph_utils/local/lib/python3.10/dist-packages/graph_utils/msg/__init__.py
-- Symlinking: /home/freesix/far_planner_ws/install/graph_utils/local/lib/python3.10/dist-packages/graph_utils/msg/_edge.py
-- Symlinking: /home/freesix/far_planner_ws/install/graph_utils/local/lib/python3.10/dist-packages/graph_utils/msg/_edge_s.c
-- Symlinking: /home/freesix/far_planner_ws/install/graph_utils/local/lib/python3.10/dist-packages/graph_utils/msg/_topological_graph.py
-- Symlinking: /home/freesix/far_planner_ws/install/graph_utils/local/lib/python3.10/dist-packages/graph_utils/msg/_topological_graph_s.c
-- Symlinking: /home/freesix/far_planner_ws/install/graph_utils/local/lib/python3.10/dist-packages/graph_utils/msg/_vertex.py
-- Symlinking: /home/freesix/far_planner_ws/install/graph_utils/local/lib/python3.10/dist-packages/graph_utils/msg/_vertex_s.c
-- Up-to-date symlink: /home/freesix/far_planner_ws/install/graph_utils/local/lib/python3.10/dist-packages/graph_utils/graph_utils_s__rosidl_typesupport_fastrtps_c.cpython-310-x86_64-linux-gnu.so
-- Up-to-date symlink: /home/freesix/far_planner_ws/install/graph_utils/local/lib/python3.10/dist-packages/graph_utils/graph_utils_s__rosidl_typesupport_introspection_c.cpython-310-x86_64-linux-gnu.so
-- Up-to-date symlink: /home/freesix/far_planner_ws/install/graph_utils/local/lib/python3.10/dist-packages/graph_utils/graph_utils_s__rosidl_typesupport_c.cpython-310-x86_64-linux-gnu.so
-- Symlinking: /home/freesix/far_planner_ws/install/graph_utils/share/graph_utils/msg/Edge.idl
-- Symlinking: /home/freesix/far_planner_ws/install/graph_utils/share/graph_utils/msg/Vertex.idl
-- Symlinking: /home/freesix/far_planner_ws/install/graph_utils/share/graph_utils/msg/TopologicalGraph.idl
-- Symlinking: /home/freesix/far_planner_ws/install/graph_utils/share/graph_utils/msg/Edge.msg
-- Symlinking: /home/freesix/far_planner_ws/install/graph_utils/share/graph_utils/msg/Vertex.msg
-- Symlinking: /home/freesix/far_planner_ws/install/graph_utils/share/graph_utils/msg/TopologicalGraph.msg
-- Symlinking: /home/freesix/far_planner_ws/install/graph_utils/include/graph_utils.h
-- Symlinking: /home/freesix/far_planner_ws/install/graph_utils/include/graph_visualization.h
-- Symlinking: /home/freesix/far_planner_ws/install/graph_utils/share/graph_utils/launch/graph_visualization.launch
-- Symlinking: /home/freesix/far_planner_ws/install/graph_utils/share/graph_utils/config/default.yaml
-- Symlinking: /home/freesix/far_planner_ws/install/graph_utils/lib/graph_utils/graph_visualization
-- Symlinking: /home/freesix/far_planner_ws/install/graph_utils/share/ament_index/resource_index/package_run_dependencies/graph_utils
-- Symlinking: /home/freesix/far_planner_ws/install/graph_utils/share/ament_index/resource_index/parent_prefix_path/graph_utils
-- Symlinking: /home/freesix/far_planner_ws/install/graph_utils/share/graph_utils/environment/ament_prefix_path.sh
-- Symlinking: /home/freesix/far_planner_ws/install/graph_utils/share/graph_utils/environment/ament_prefix_path.dsv
-- Symlinking: /home/freesix/far_planner_ws/install/graph_utils/share/graph_utils/environment/path.sh
-- Symlinking: /home/freesix/far_planner_ws/install/graph_utils/share/graph_utils/environment/path.dsv
-- Symlinking: /home/freesix/far_planner_ws/install/graph_utils/share/graph_utils/local_setup.bash
-- Symlinking: /home/freesix/far_planner_ws/install/graph_utils/share/graph_utils/local_setup.sh
-- Symlinking: /home/freesix/far_planner_ws/install/graph_utils/share/graph_utils/local_setup.zsh
-- Symlinking: /home/freesix/far_planner_ws/install/graph_utils/share/graph_utils/local_setup.dsv
-- Symlinking: /home/freesix/far_planner_ws/install/graph_utils/share/graph_utils/package.dsv
-- Symlinking: /home/freesix/far_planner_ws/install/graph_utils/share/ament_index/resource_index/packages/graph_utils
-- Symlinking: /home/freesix/far_planner_ws/install/graph_utils/share/graph_utils/cmake/rosidl_cmake-extras.cmake
-- Symlinking: /home/freesix/far_planner_ws/install/graph_utils/share/graph_utils/cmake/ament_cmake_export_dependencies-extras.cmake
-- Symlinking: /home/freesix/far_planner_ws/install/graph_utils/share/graph_utils/cmake/ament_cmake_export_include_directories-extras.cmake
-- Symlinking: /home/freesix/far_planner_ws/install/graph_utils/share/graph_utils/cmake/ament_cmake_export_libraries-extras.cmake
-- Symlinking: /home/freesix/far_planner_ws/install/graph_utils/share/graph_utils/cmake/ament_cmake_export_targets-extras.cmake
-- Symlinking: /home/freesix/far_planner_ws/install/graph_utils/share/graph_utils/cmake/rosidl_cmake_export_typesupport_targets-extras.cmake
-- Symlinking: /home/freesix/far_planner_ws/install/graph_utils/share/graph_utils/cmake/rosidl_cmake_export_typesupport_libraries-extras.cmake
-- Symlinking: /home/freesix/far_planner_ws/install/graph_utils/share/graph_utils/cmake/graph_utilsConfig.cmake
-- Symlinking: /home/freesix/far_planner_ws/install/graph_utils/share/graph_utils/cmake/graph_utilsConfig-version.cmake
-- Symlinking: /home/freesix/far_planner_ws/install/graph_utils/share/graph_utils/package.xml
-- Installing: /home/freesix/far_planner_ws/install/graph_utils/lib/libgraph_utils__rosidl_generator_c.so
-- Set runtime path of "/home/freesix/far_planner_ws/install/graph_utils/lib/libgraph_utils__rosidl_generator_c.so" to ""
-- Installing: /home/freesix/far_planner_ws/install/graph_utils/lib/libgraph_utils__rosidl_typesupport_fastrtps_c.so
-- Set runtime path of "/home/freesix/far_planner_ws/install/graph_utils/lib/libgraph_utils__rosidl_typesupport_fastrtps_c.so" to ""
-- Installing: /home/freesix/far_planner_ws/install/graph_utils/lib/libgraph_utils__rosidl_typesupport_fastrtps_cpp.so
-- Set runtime path of "/home/freesix/far_planner_ws/install/graph_utils/lib/libgraph_utils__rosidl_typesupport_fastrtps_cpp.so" to ""
-- Installing: /home/freesix/far_planner_ws/install/graph_utils/lib/libgraph_utils__rosidl_typesupport_introspection_c.so
-- Set runtime path of "/home/freesix/far_planner_ws/install/graph_utils/lib/libgraph_utils__rosidl_typesupport_introspection_c.so" to ""
-- Installing: /home/freesix/far_planner_ws/install/graph_utils/lib/libgraph_utils__rosidl_typesupport_c.so
-- Set runtime path of "/home/freesix/far_planner_ws/install/graph_utils/lib/libgraph_utils__rosidl_typesupport_c.so" to ""
-- Installing: /home/freesix/far_planner_ws/install/graph_utils/lib/libgraph_utils__rosidl_typesupport_introspection_cpp.so
-- Set runtime path of "/home/freesix/far_planner_ws/install/graph_utils/lib/libgraph_utils__rosidl_typesupport_introspection_cpp.so" to ""
-- Installing: /home/freesix/far_planner_ws/install/graph_utils/lib/libgraph_utils__rosidl_typesupport_cpp.so
-- Set runtime path of "/home/freesix/far_planner_ws/install/graph_utils/lib/libgraph_utils__rosidl_typesupport_cpp.so" to ""
Listing '/home/freesix/far_planner_ws/install/graph_utils/local/lib/python3.10/dist-packages/graph_utils'...
Compiling '/home/freesix/far_planner_ws/install/graph_utils/local/lib/python3.10/dist-packages/graph_utils/__init__.py'...
Listing '/home/freesix/far_planner_ws/install/graph_utils/local/lib/python3.10/dist-packages/graph_utils/msg'...
Compiling '/home/freesix/far_planner_ws/install/graph_utils/local/lib/python3.10/dist-packages/graph_utils/msg/__init__.py'...
Compiling '/home/freesix/far_planner_ws/install/graph_utils/local/lib/python3.10/dist-packages/graph_utils/msg/_edge.py'...
Compiling '/home/freesix/far_planner_ws/install/graph_utils/local/lib/python3.10/dist-packages/graph_utils/msg/_topological_graph.py'...
Compiling '/home/freesix/far_planner_ws/install/graph_utils/local/lib/python3.10/dist-packages/graph_utils/msg/_vertex.py'...
-- Installing: /home/freesix/far_planner_ws/install/graph_utils/lib/libgraph_utils__rosidl_generator_py.so
-- Set runtime path of "/home/freesix/far_planner_ws/install/graph_utils/lib/libgraph_utils__rosidl_generator_py.so" to ""
-- Installing: /home/freesix/far_planner_ws/install/graph_utils/lib/libgraph_utils_lib.so
-- Set runtime path of "/home/freesix/far_planner_ws/install/graph_utils/lib/libgraph_utils_lib.so" to ""
-- Installing: /home/freesix/far_planner_ws/install/graph_utils/share/graph_utils/cmake/export_graph_utils__rosidl_generator_cExport.cmake
-- Installing: /home/freesix/far_planner_ws/install/graph_utils/share/graph_utils/cmake/export_graph_utils__rosidl_generator_cExport-release.cmake
-- Installing: /home/freesix/far_planner_ws/install/graph_utils/share/graph_utils/cmake/export_graph_utils__rosidl_typesupport_fastrtps_cExport.cmake
-- Installing: /home/freesix/far_planner_ws/install/graph_utils/share/graph_utils/cmake/export_graph_utils__rosidl_typesupport_fastrtps_cExport-release.cmake
-- Installing: /home/freesix/far_planner_ws/install/graph_utils/share/graph_utils/cmake/export_graph_utils__rosidl_generator_cppExport.cmake
-- Installing: /home/freesix/far_planner_ws/install/graph_utils/share/graph_utils/cmake/export_graph_utils__rosidl_typesupport_fastrtps_cppExport.cmake
-- Installing: /home/freesix/far_planner_ws/install/graph_utils/share/graph_utils/cmake/export_graph_utils__rosidl_typesupport_fastrtps_cppExport-release.cmake
-- Installing: /home/freesix/far_planner_ws/install/graph_utils/share/graph_utils/cmake/graph_utils__rosidl_typesupport_introspection_cExport.cmake
-- Installing: /home/freesix/far_planner_ws/install/graph_utils/share/graph_utils/cmake/graph_utils__rosidl_typesupport_introspection_cExport-release.cmake
-- Installing: /home/freesix/far_planner_ws/install/graph_utils/share/graph_utils/cmake/graph_utils__rosidl_typesupport_cExport.cmake
-- Installing: /home/freesix/far_planner_ws/install/graph_utils/share/graph_utils/cmake/graph_utils__rosidl_typesupport_cExport-release.cmake
-- Installing: /home/freesix/far_planner_ws/install/graph_utils/share/graph_utils/cmake/graph_utils__rosidl_typesupport_introspection_cppExport.cmake
-- Installing: /home/freesix/far_planner_ws/install/graph_utils/share/graph_utils/cmake/graph_utils__rosidl_typesupport_introspection_cppExport-release.cmake
-- Installing: /home/freesix/far_planner_ws/install/graph_utils/share/graph_utils/cmake/graph_utils__rosidl_typesupport_cppExport.cmake
-- Installing: /home/freesix/far_planner_ws/install/graph_utils/share/graph_utils/cmake/graph_utils__rosidl_typesupport_cppExport-release.cmake
-- Installing: /home/freesix/far_planner_ws/install/graph_utils/share/graph_utils/cmake/export_graph_utils__rosidl_generator_pyExport.cmake
-- Installing: /home/freesix/far_planner_ws/install/graph_utils/share/graph_utils/cmake/export_graph_utils__rosidl_generator_pyExport-release.cmake
-- Installing: /home/freesix/far_planner_ws/install/graph_utils/share/graph_utils/cmake/graph_utils_libExport.cmake
-- Installing: /home/freesix/far_planner_ws/install/graph_utils/share/graph_utils/cmake/graph_utils_libExport-release.cmake
