[0.060s] Invoking command in '/home/freesix/far_planner_ws/build/graph_utils': AMENT_PREFIX_PATH=/home/freesix/far_planner_ws/install/misc_utils:${AMENT_PREFIX_PATH} CMAKE_PREFIX_PATH=/home/freesix/far_planner_ws/install/misc_utils:/opt/ros/humble LD_LIBRARY_PATH=/home/freesix/far_planner_ws/install/misc_utils/lib:${LD_LIBRARY_PATH} /usr/local/bin/cmake /home/freesix/far_planner_ws/src/dsv_planner/src/dsvplanner/graph_utils -DCMAKE_BUILD_TYPE=Release -DAMENT_CMAKE_SYMLINK_INSTALL=1 -DCMAKE_INSTALL_PREFIX=/home/freesix/far_planner_ws/install/graph_utils
[0.157s] -- The C compiler identification is GNU 11.4.0
[0.450s] -- The CXX compiler identification is GNU 11.4.0
[0.672s] -- Detecting C compiler ABI info
[0.741s] -- Detecting C compiler ABI info - done
[0.747s] -- Check for working C compiler: /usr/bin/cc - skipped
[0.747s] -- Detecting C compile features
[0.747s] -- Detecting C compile features - done
[0.749s] -- Detecting CXX compiler ABI info
[0.849s] -- Detecting CXX compiler ABI info - done
[0.856s] -- Check for working CXX compiler: /usr/bin/c++ - skipped
[0.856s] -- Detecting CXX compile features
[0.856s] -- Detecting CXX compile features - done
[0.858s] -- Found ament_cmake: 1.3.5 (/opt/ros/humble/share/ament_cmake/cmake)
[2.386s] -- Found Python3: /usr/bin/python3.10 (found version "3.10.12") found components: Interpreter 
[2.429s] -- Override CMake install command with custom implementation using symlinks instead of copying resources
[2.442s] -- Found rclcpp: 16.0.5 (/opt/ros/humble/share/rclcpp/cmake)
[2.540s] -- Found rosidl_generator_c: 3.1.5 (/opt/ros/humble/share/rosidl_generator_c/cmake)
[2.543s] -- Found rosidl_adapter: 3.1.5 (/opt/ros/humble/share/rosidl_adapter/cmake)
[2.548s] -- Found rosidl_generator_cpp: 3.1.5 (/opt/ros/humble/share/rosidl_generator_cpp/cmake)
[2.557s] -- Using all available rosidl_typesupport_c: rosidl_typesupport_fastrtps_c;rosidl_typesupport_introspection_c
[2.569s] -- Using all available rosidl_typesupport_cpp: rosidl_typesupport_fastrtps_cpp;rosidl_typesupport_introspection_cpp
[2.615s] -- Found rmw_implementation_cmake: 6.1.1 (/opt/ros/humble/share/rmw_implementation_cmake/cmake)
[2.617s] -- Found rmw_fastrtps_cpp: 6.2.3 (/opt/ros/humble/share/rmw_fastrtps_cpp/cmake)
[3.339s] -- Found OpenSSL: /usr/lib/x86_64-linux-gnu/libcrypto.so (found version "3.0.2")  
[4.131s] -- Found FastRTPS: /opt/ros/humble/include  
[5.529s] -- Using RMW implementation 'rmw_fastrtps_cpp' as default
[5.536s] -- Performing Test CMAKE_HAVE_LIBC_PTHREAD
[5.645s] -- Performing Test CMAKE_HAVE_LIBC_PTHREAD - Success
[5.646s] -- Found Threads: TRUE  
[5.757s] -- Found geometry_msgs: 4.2.3 (/opt/ros/humble/share/geometry_msgs/cmake)
[5.789s] -- Found nav_msgs: 4.2.3 (/opt/ros/humble/share/nav_msgs/cmake)
[5.848s] -- Found visualization_msgs: 4.2.3 (/opt/ros/humble/share/visualization_msgs/cmake)
[5.999s] -- Found misc_utils: 0.0.1 (/home/freesix/far_planner_ws/install/misc_utils/share/misc_utils/cmake)
[6.021s] -- Found rosidl_default_generators: 1.2.0 (/opt/ros/humble/share/rosidl_default_generators/cmake)
[6.035s] -- Checking for module 'eigen3'
[6.042s] --   Found eigen3, version 3.4.0
[6.055s] -- Found Eigen: /usr/include/eigen3 (Required is at least version "3.1") 
[6.055s] -- Eigen found (include: /usr/include/eigen3, version: 3.4.0)
[6.068s] -- Found Boost: /usr/lib/x86_64-linux-gnu/cmake/Boost-1.74.0/BoostConfig.cmake (found suitable version "1.74.0", minimum required is "1.65.0") found components: system filesystem date_time iostreams serialization 
[6.094s] -- Checking for module 'libusb-1.0'
[6.100s] --   Found libusb-1.0, version 1.0.25
[6.171s] -- Found libusb: /usr/lib/x86_64-linux-gnu/libusb-1.0.so  
[6.171s] -- Found OpenNI: /usr/lib/libOpenNI.so;libusb::libusb (found version "1.5.4.0") 
[6.171s] -- OpenNI found (version: 1.5.4.0, include: /usr/include/ni, lib: /usr/lib/libOpenNI.so;libusb::libusb)
[6.303s] -- Found OpenNI2: /usr/lib/x86_64-linux-gnu/libOpenNI2.so;libusb::libusb (found version "2.2.0.33") 
[6.303s] -- OpenNI2 found (version: 2.2.0.33, include: /usr/include/openni2, lib: /usr/lib/x86_64-linux-gnu/libOpenNI2.so;libusb::libusb)
[6.304s] [0m** WARNING ** io features related to pcap will be disabled[0m
[6.304s] [0m** WARNING ** io features related to png will be disabled[0m
[6.329s] -- Found GLEW: /usr/lib/x86_64-linux-gnu/libGLEW.so  
[6.386s] -- Found OpenGL: /usr/lib/x86_64-linux-gnu/libOpenGL.so  found components: OpenGL GLX 
[6.522s] -- Found MPI_C: /usr/lib/x86_64-linux-gnu/libmpi.so (found version "3.1") 
[6.522s] -- Found MPI: TRUE (found version "3.1") found components: C 
[6.524s] -- Found JsonCpp: /usr/lib/x86_64-linux-gnu/libjsoncpp.so (found suitable version "1.9.5", minimum required is "0.7.0") 
[7.019s] -- Found ZLIB: /usr/lib/x86_64-linux-gnu/libz.so (found version "1.2.11")  
[7.413s] -- Found PNG: /usr/lib/x86_64-linux-gnu/libpng.so (found version "1.6.37") 
[7.421s] -- Found Eigen3: /usr/include/eigen3 (found version "3.4.0") 
[8.250s] -- Found X11: /usr/include   
[8.250s] -- Looking for XOpenDisplay in /usr/lib/x86_64-linux-gnu/libX11.so;/usr/lib/x86_64-linux-gnu/libXext.so
[8.338s] -- Looking for XOpenDisplay in /usr/lib/x86_64-linux-gnu/libX11.so;/usr/lib/x86_64-linux-gnu/libXext.so - found
[8.338s] -- Looking for gethostbyname
[8.426s] -- Looking for gethostbyname - found
[8.426s] -- Looking for connect
[8.514s] -- Looking for connect - found
[8.514s] -- Looking for remove
[8.600s] -- Looking for remove - found
[8.600s] -- Looking for shmat
[8.688s] -- Looking for shmat - found
[8.688s] -- Looking for IceConnectionNumber in ICE
[8.776s] -- Looking for IceConnectionNumber in ICE - found
[9.533s] -- Found EXPAT: /usr/lib/x86_64-linux-gnu/libexpat.so (found version "2.4.7") 
[9.534s] -- Found double-conversion: /usr/lib/x86_64-linux-gnu/libdouble-conversion.so  
[9.536s] -- Found LZ4: /usr/lib/x86_64-linux-gnu/liblz4.so (found version "1.9.3") 
[9.537s] -- Found LZMA: /usr/lib/x86_64-linux-gnu/liblzma.so (found version "5.2.5") 
[9.646s] -- Found JPEG: /usr/lib/x86_64-linux-gnu/libjpeg.so (found version "80") 
[9.749s] -- Found TIFF: /usr/lib/x86_64-linux-gnu/libtiff.so (found version "4.3.0")  
[9.752s] -- Found Freetype: /usr/lib/x86_64-linux-gnu/libfreetype.so (found version "2.11.1") 
[9.755s] -- Found utf8cpp: /usr/include/utf8cpp  
[9.779s] -- Eigen found (include: /usr/include/eigen3, version: 3.4.0)
[9.779s] -- looking for PCL_COMMON
[9.779s] -- Found PCL_COMMON: /usr/lib/x86_64-linux-gnu/libpcl_common.so  
[9.780s] -- looking for PCL_OCTREE
[9.780s] -- Found PCL_OCTREE: /usr/lib/x86_64-linux-gnu/libpcl_octree.so  
[9.780s] -- looking for PCL_IO
[9.781s] -- Found PCL_IO: /usr/lib/x86_64-linux-gnu/libpcl_io.so  
[9.781s] -- Found PCL: pcl_common;pcl_octree;pcl_io;Boost::system;Boost::filesystem;Boost::date_time;Boost::iostreams;Boost::serialization;/usr/lib/libOpenNI.so;libusb::libusb;/usr/lib/x86_64-linux-gnu/libOpenNI2.so;libusb::libusb;VTK::ChartsCore;VTK::CommonColor;VTK::CommonComputationalGeometry;VTK::CommonCore;VTK::CommonDataModel;VTK::CommonExecutionModel;VTK::CommonMath;VTK::CommonMisc;VTK::CommonTransforms;VTK::FiltersCore;VTK::FiltersExtraction;VTK::FiltersGeneral;VTK::FiltersGeometry;VTK::FiltersModeling;VTK::FiltersSources;VTK::ImagingCore;VTK::ImagingSources;VTK::InteractionImage;VTK::InteractionStyle;VTK::InteractionWidgets;VTK::IOCore;VTK::IOGeometry;VTK::IOImage;VTK::IOLegacy;VTK::IOPLY;VTK::RenderingAnnotation;VTK::RenderingCore;VTK::RenderingContext2D;VTK::RenderingLOD;VTK::RenderingFreeType;VTK::ViewsCore;VTK::ViewsContext2D;VTK::RenderingOpenGL2;VTK::GUISupportQt  
[9.981s] -- Found ament_cmake_ros: 0.10.0 (/opt/ros/humble/share/ament_cmake_ros/cmake)
[10.167s] -- Using all available rosidl_typesupport_c: rosidl_typesupport_fastrtps_c;rosidl_typesupport_introspection_c
[10.236s] -- Using all available rosidl_typesupport_cpp: rosidl_typesupport_fastrtps_cpp;rosidl_typesupport_introspection_cpp
[10.325s] -- Found PythonInterp: /usr/bin/python3 (found suitable version "3.10.12", minimum required is "3.6") 
[10.326s] -- Found python_cmake_module: 0.10.0 (/opt/ros/humble/share/python_cmake_module/cmake)
[10.581s] -- Found PythonLibs: /usr/lib/x86_64-linux-gnu/libpython3.10.so (found suitable version "3.10.12", minimum required is "3.5") 
[10.581s] -- Using PYTHON_EXECUTABLE: /usr/bin/python3
[10.581s] -- Using PYTHON_INCLUDE_DIRS: /usr/include/python3.10
[10.581s] -- Using PYTHON_LIBRARIES: /usr/lib/x86_64-linux-gnu/libpython3.10.so
[10.595s] -- Found PythonExtra: .so  
[10.673s] -- Configuring done (10.6s)
[10.717s] -- Generating done (0.0s)
[10.720s] -- Build files have been written to: /home/freesix/far_planner_ws/build/graph_utils
[10.734s] Invoked command in '/home/freesix/far_planner_ws/build/graph_utils' returned '0': AMENT_PREFIX_PATH=/home/freesix/far_planner_ws/install/misc_utils:${AMENT_PREFIX_PATH} CMAKE_PREFIX_PATH=/home/freesix/far_planner_ws/install/misc_utils:/opt/ros/humble LD_LIBRARY_PATH=/home/freesix/far_planner_ws/install/misc_utils/lib:${LD_LIBRARY_PATH} /usr/local/bin/cmake /home/freesix/far_planner_ws/src/dsv_planner/src/dsvplanner/graph_utils -DCMAKE_BUILD_TYPE=Release -DAMENT_CMAKE_SYMLINK_INSTALL=1 -DCMAKE_INSTALL_PREFIX=/home/freesix/far_planner_ws/install/graph_utils
[10.734s] Invoking command in '/home/freesix/far_planner_ws/build/graph_utils': AMENT_PREFIX_PATH=/home/freesix/far_planner_ws/install/misc_utils:${AMENT_PREFIX_PATH} CMAKE_PREFIX_PATH=/home/freesix/far_planner_ws/install/misc_utils:/opt/ros/humble LD_LIBRARY_PATH=/home/freesix/far_planner_ws/install/misc_utils/lib:${LD_LIBRARY_PATH} /usr/local/bin/cmake --build /home/freesix/far_planner_ws/build/graph_utils -- -j16 -l16
[10.749s] [  1%] [34m[1mGenerating C code for ROS interfaces[0m
[10.754s] [  3%] [34m[1mGenerating C++ code for ROS interfaces[0m
[10.756s] [  3%] Built target ament_cmake_python_symlink_graph_utils
[10.891s] running egg_info
[10.892s] creating graph_utils.egg-info
[10.893s] writing graph_utils.egg-info/PKG-INFO
[10.893s] writing dependency_links to graph_utils.egg-info/dependency_links.txt
[10.893s] writing top-level names to graph_utils.egg-info/top_level.txt
[10.893s] writing manifest file 'graph_utils.egg-info/SOURCES.txt'
[10.895s] reading manifest file 'graph_utils.egg-info/SOURCES.txt'
[10.895s] writing manifest file 'graph_utils.egg-info/SOURCES.txt'
[10.912s] [  3%] Built target ament_cmake_python_build_graph_utils_egg
[11.002s] [  3%] Built target graph_utils__cpp
[11.005s] [  5%] [34m[1mGenerating C++ type support dispatch for ROS interfaces[0m
[11.005s] [  7%] [34m[1mGenerating C++ type support for eProsima Fast-RTPS[0m
[11.006s] [  9%] [34m[1mGenerating C++ introspection for ROS interfaces[0m
[11.052s] [ 11%] [32mBuilding C object CMakeFiles/graph_utils__rosidl_generator_c.dir/rosidl_generator_c/graph_utils/msg/detail/edge__functions.c.o[0m
[11.052s] [ 13%] [32mBuilding C object CMakeFiles/graph_utils__rosidl_generator_c.dir/rosidl_generator_c/graph_utils/msg/detail/vertex__functions.c.o[0m
[11.052s] [ 15%] [32mBuilding C object CMakeFiles/graph_utils__rosidl_generator_c.dir/rosidl_generator_c/graph_utils/msg/detail/topological_graph__functions.c.o[0m
[11.126s] [ 17%] [32m[1mLinking C shared library libgraph_utils__rosidl_generator_c.so[0m
[11.204s] [ 17%] Built target graph_utils__rosidl_generator_c
[11.208s] [ 21%] [34m[1mGenerating C type support for eProsima Fast-RTPS[0m
[11.208s] [ 21%] [34m[1mGenerating C type support dispatch for ROS interfaces[0m
[11.209s] [ 23%] [34m[1mGenerating C introspection for ROS interfaces[0m
[11.223s] [ 25%] [32mBuilding CXX object CMakeFiles/graph_utils__rosidl_typesupport_cpp.dir/rosidl_typesupport_cpp/graph_utils/msg/edge__type_support.cpp.o[0m
[11.223s] [ 26%] [32mBuilding CXX object CMakeFiles/graph_utils__rosidl_typesupport_cpp.dir/rosidl_typesupport_cpp/graph_utils/msg/vertex__type_support.cpp.o[0m
[11.223s] [ 28%] [32mBuilding CXX object CMakeFiles/graph_utils__rosidl_typesupport_cpp.dir/rosidl_typesupport_cpp/graph_utils/msg/topological_graph__type_support.cpp.o[0m
[11.293s] [ 30%] [32mBuilding CXX object CMakeFiles/graph_utils__rosidl_typesupport_introspection_cpp.dir/rosidl_typesupport_introspection_cpp/graph_utils/msg/detail/vertex__type_support.cpp.o[0m
[11.293s] [ 32%] [32mBuilding CXX object CMakeFiles/graph_utils__rosidl_typesupport_introspection_cpp.dir/rosidl_typesupport_introspection_cpp/graph_utils/msg/detail/topological_graph__type_support.cpp.o[0m
[11.293s] [ 34%] [32mBuilding CXX object CMakeFiles/graph_utils__rosidl_typesupport_introspection_cpp.dir/rosidl_typesupport_introspection_cpp/graph_utils/msg/detail/edge__type_support.cpp.o[0m
[11.313s] [ 36%] [32mBuilding CXX object CMakeFiles/graph_utils__rosidl_typesupport_fastrtps_cpp.dir/rosidl_typesupport_fastrtps_cpp/graph_utils/msg/detail/dds_fastrtps/edge__type_support.cpp.o[0m
[11.314s] [ 38%] [32mBuilding CXX object CMakeFiles/graph_utils__rosidl_typesupport_fastrtps_cpp.dir/rosidl_typesupport_fastrtps_cpp/graph_utils/msg/detail/dds_fastrtps/vertex__type_support.cpp.o[0m
[11.314s] [ 40%] [32mBuilding CXX object CMakeFiles/graph_utils__rosidl_typesupport_fastrtps_cpp.dir/rosidl_typesupport_fastrtps_cpp/graph_utils/msg/detail/dds_fastrtps/topological_graph__type_support.cpp.o[0m
[11.514s] [ 42%] [32m[1mLinking CXX shared library libgraph_utils__rosidl_typesupport_cpp.so[0m
[11.556s] [ 48%] [32mBuilding CXX object CMakeFiles/graph_utils__rosidl_typesupport_c.dir/rosidl_typesupport_c/graph_utils/msg/topological_graph__type_support.cpp.o[0m
[11.556s] [ 48%] [32mBuilding CXX object CMakeFiles/graph_utils__rosidl_typesupport_c.dir/rosidl_typesupport_c/graph_utils/msg/vertex__type_support.cpp.o[0m
[11.556s] [ 48%] [32mBuilding CXX object CMakeFiles/graph_utils__rosidl_typesupport_c.dir/rosidl_typesupport_c/graph_utils/msg/edge__type_support.cpp.o[0m
[11.583s] [ 50%] [32m[1mLinking CXX shared library libgraph_utils__rosidl_typesupport_c.so[0m
[11.586s] [ 51%] [32mBuilding CXX object CMakeFiles/graph_utils__rosidl_typesupport_fastrtps_c.dir/rosidl_typesupport_fastrtps_c/graph_utils/msg/detail/edge__type_support_c.cpp.o[0m
[11.587s] [ 53%] [32mBuilding CXX object CMakeFiles/graph_utils__rosidl_typesupport_fastrtps_c.dir/rosidl_typesupport_fastrtps_c/graph_utils/msg/detail/vertex__type_support_c.cpp.o[0m
[11.587s] [ 55%] [32mBuilding CXX object CMakeFiles/graph_utils__rosidl_typesupport_fastrtps_c.dir/rosidl_typesupport_fastrtps_c/graph_utils/msg/detail/topological_graph__type_support_c.cpp.o[0m
[11.626s] [ 55%] Built target graph_utils__rosidl_typesupport_cpp
[11.637s] [ 61%] [32mBuilding CXX object CMakeFiles/graph_visualization.dir/src/graph_visualization.cpp.o[0m
[11.637s] [ 61%] [32mBuilding CXX object CMakeFiles/graph_visualization.dir/src/graph_visualization_node.cpp.o[0m
[11.638s] [ 61%] [32mBuilding CXX object CMakeFiles/graph_utils_lib.dir/src/graph_utils.cpp.o[0m
[11.655s] [ 65%] [32mBuilding C object CMakeFiles/graph_utils__rosidl_typesupport_introspection_c.dir/rosidl_typesupport_introspection_c/graph_utils/msg/detail/topological_graph__type_support.c.o[0m
[11.655s] [ 65%] [32mBuilding C object CMakeFiles/graph_utils__rosidl_typesupport_introspection_c.dir/rosidl_typesupport_introspection_c/graph_utils/msg/detail/edge__type_support.c.o[0m
[11.671s] [ 67%] [32mBuilding C object CMakeFiles/graph_utils__rosidl_typesupport_introspection_c.dir/rosidl_typesupport_introspection_c/graph_utils/msg/detail/vertex__type_support.c.o[0m
[11.717s] [ 67%] Built target graph_utils__rosidl_typesupport_c
[11.719s] [ 69%] [32m[1mLinking C shared library libgraph_utils__rosidl_typesupport_introspection_c.so[0m
[11.806s] [ 69%] Built target graph_utils__rosidl_typesupport_introspection_c
[11.852s] [ 71%] [32m[1mLinking CXX shared library libgraph_utils__rosidl_typesupport_introspection_cpp.so[0m
[11.873s] [ 73%] [32m[1mLinking CXX shared library libgraph_utils__rosidl_typesupport_fastrtps_cpp.so[0m
[11.965s] [ 73%] Built target graph_utils__rosidl_typesupport_fastrtps_cpp
[11.983s] [ 73%] Built target graph_utils__rosidl_typesupport_introspection_cpp
[11.994s] [ 75%] [32m[1mLinking CXX shared library libgraph_utils__rosidl_typesupport_fastrtps_c.so[0m
[12.089s] [ 75%] Built target graph_utils__rosidl_typesupport_fastrtps_c
[12.096s] [ 75%] Built target graph_utils
[12.104s] [ 76%] [34m[1mGenerating Python code for ROS interfaces[0m
[12.514s] [ 76%] Built target graph_utils__py
[12.521s] [ 78%] [32mBuilding C object CMakeFiles/graph_utils__rosidl_generator_py.dir/rosidl_generator_py/graph_utils/msg/_edge_s.c.o[0m
[12.521s] [ 82%] [32mBuilding C object CMakeFiles/graph_utils__rosidl_generator_py.dir/rosidl_generator_py/graph_utils/msg/_vertex_s.c.o[0m
[12.521s] [ 82%] [32mBuilding C object CMakeFiles/graph_utils__rosidl_generator_py.dir/rosidl_generator_py/graph_utils/msg/_topological_graph_s.c.o[0m
[12.643s] [ 84%] [32m[1mLinking C shared library rosidl_generator_py/graph_utils/libgraph_utils__rosidl_generator_py.so[0m
[12.727s] [ 84%] Built target graph_utils__rosidl_generator_py
[12.735s] [ 88%] [32mBuilding C object CMakeFiles/graph_utils__rosidl_typesupport_introspection_c__pyext.dir/rosidl_generator_py/graph_utils/_graph_utils_s.ep.rosidl_typesupport_introspection_c.c.o[0m
[12.735s] [ 88%] [32mBuilding C object CMakeFiles/graph_utils__rosidl_typesupport_fastrtps_c__pyext.dir/rosidl_generator_py/graph_utils/_graph_utils_s.ep.rosidl_typesupport_fastrtps_c.c.o[0m
[12.736s] [ 90%] [32mBuilding C object CMakeFiles/graph_utils__rosidl_typesupport_c__pyext.dir/rosidl_generator_py/graph_utils/_graph_utils_s.ep.rosidl_typesupport_c.c.o[0m
[12.829s] [ 94%] [32m[1mLinking C shared library rosidl_generator_py/graph_utils/graph_utils_s__rosidl_typesupport_c.cpython-310-x86_64-linux-gnu.so[0m
[12.829s] [ 94%] [32m[1mLinking C shared library rosidl_generator_py/graph_utils/graph_utils_s__rosidl_typesupport_fastrtps_c.cpython-310-x86_64-linux-gnu.so[0m
[12.833s] [ 96%] [32m[1mLinking C shared library rosidl_generator_py/graph_utils/graph_utils_s__rosidl_typesupport_introspection_c.cpython-310-x86_64-linux-gnu.so[0m
[12.887s] [ 96%] Built target graph_utils__rosidl_typesupport_fastrtps_c__pyext
[12.890s] [ 96%] Built target graph_utils__rosidl_typesupport_c__pyext
[12.911s] [ 96%] Built target graph_utils__rosidl_typesupport_introspection_c__pyext
[14.452s] [ 98%] [32m[1mLinking CXX shared library libgraph_utils_lib.so[0m
[15.806s] [ 98%] Built target graph_utils_lib
[20.092s] [100%] [32m[1mLinking CXX executable graph_visualization[0m
[20.294s] [100%] Built target graph_visualization
[20.299s] Invoked command in '/home/freesix/far_planner_ws/build/graph_utils' returned '0': AMENT_PREFIX_PATH=/home/freesix/far_planner_ws/install/misc_utils:${AMENT_PREFIX_PATH} CMAKE_PREFIX_PATH=/home/freesix/far_planner_ws/install/misc_utils:/opt/ros/humble LD_LIBRARY_PATH=/home/freesix/far_planner_ws/install/misc_utils/lib:${LD_LIBRARY_PATH} /usr/local/bin/cmake --build /home/freesix/far_planner_ws/build/graph_utils -- -j16 -l16
[20.355s] Invoking command in '/home/freesix/far_planner_ws/build/graph_utils': AMENT_PREFIX_PATH=/home/freesix/far_planner_ws/install/misc_utils:${AMENT_PREFIX_PATH} CMAKE_PREFIX_PATH=/home/freesix/far_planner_ws/install/misc_utils:/opt/ros/humble LD_LIBRARY_PATH=/home/freesix/far_planner_ws/install/misc_utils/lib:${LD_LIBRARY_PATH} /usr/local/bin/cmake --install /home/freesix/far_planner_ws/build/graph_utils
[20.357s] -- Install configuration: "Release"
[20.357s] -- Execute custom install script
[20.358s] -- Symlinking: /home/freesix/far_planner_ws/install/graph_utils/share/ament_index/resource_index/rosidl_interfaces/graph_utils
[20.360s] -- Symlinking: /home/freesix/far_planner_ws/install/graph_utils/include/graph_utils/graph_utils/msg/detail/edge__functions.h
[20.362s] -- Symlinking: /home/freesix/far_planner_ws/install/graph_utils/include/graph_utils/graph_utils/msg/detail/edge__struct.h
[20.364s] -- Symlinking: /home/freesix/far_planner_ws/install/graph_utils/include/graph_utils/graph_utils/msg/detail/edge__type_support.h
[20.365s] -- Symlinking: /home/freesix/far_planner_ws/install/graph_utils/include/graph_utils/graph_utils/msg/detail/topological_graph__functions.h
[20.367s] -- Symlinking: /home/freesix/far_planner_ws/install/graph_utils/include/graph_utils/graph_utils/msg/detail/topological_graph__struct.h
[20.369s] -- Symlinking: /home/freesix/far_planner_ws/install/graph_utils/include/graph_utils/graph_utils/msg/detail/topological_graph__type_support.h
[20.371s] -- Symlinking: /home/freesix/far_planner_ws/install/graph_utils/include/graph_utils/graph_utils/msg/detail/vertex__functions.h
[20.373s] -- Symlinking: /home/freesix/far_planner_ws/install/graph_utils/include/graph_utils/graph_utils/msg/detail/vertex__struct.h
[20.374s] -- Symlinking: /home/freesix/far_planner_ws/install/graph_utils/include/graph_utils/graph_utils/msg/detail/vertex__type_support.h
[20.376s] -- Symlinking: /home/freesix/far_planner_ws/install/graph_utils/include/graph_utils/graph_utils/msg/edge.h
[20.378s] -- Symlinking: /home/freesix/far_planner_ws/install/graph_utils/include/graph_utils/graph_utils/msg/rosidl_generator_c__visibility_control.h
[20.380s] -- Symlinking: /home/freesix/far_planner_ws/install/graph_utils/include/graph_utils/graph_utils/msg/topological_graph.h
[20.382s] -- Symlinking: /home/freesix/far_planner_ws/install/graph_utils/include/graph_utils/graph_utils/msg/vertex.h
[20.384s] -- Symlinking: /home/freesix/far_planner_ws/install/graph_utils/share/graph_utils/environment/library_path.sh
[20.386s] -- Symlinking: /home/freesix/far_planner_ws/install/graph_utils/share/graph_utils/environment/library_path.dsv
[20.388s] -- Symlinking: /home/freesix/far_planner_ws/install/graph_utils/include/graph_utils/graph_utils/msg/detail/edge__rosidl_typesupport_fastrtps_c.h
[20.390s] -- Symlinking: /home/freesix/far_planner_ws/install/graph_utils/include/graph_utils/graph_utils/msg/detail/topological_graph__rosidl_typesupport_fastrtps_c.h
[20.392s] -- Symlinking: /home/freesix/far_planner_ws/install/graph_utils/include/graph_utils/graph_utils/msg/detail/vertex__rosidl_typesupport_fastrtps_c.h
[20.393s] -- Symlinking: /home/freesix/far_planner_ws/install/graph_utils/include/graph_utils/graph_utils/msg/rosidl_typesupport_fastrtps_c__visibility_control.h
[20.396s] -- Symlinking: /home/freesix/far_planner_ws/install/graph_utils/include/graph_utils/graph_utils/msg/detail/edge__builder.hpp
[20.397s] -- Symlinking: /home/freesix/far_planner_ws/install/graph_utils/include/graph_utils/graph_utils/msg/detail/edge__struct.hpp
[20.399s] -- Symlinking: /home/freesix/far_planner_ws/install/graph_utils/include/graph_utils/graph_utils/msg/detail/edge__traits.hpp
[20.401s] -- Symlinking: /home/freesix/far_planner_ws/install/graph_utils/include/graph_utils/graph_utils/msg/detail/topological_graph__builder.hpp
[20.403s] -- Symlinking: /home/freesix/far_planner_ws/install/graph_utils/include/graph_utils/graph_utils/msg/detail/topological_graph__struct.hpp
[20.405s] -- Symlinking: /home/freesix/far_planner_ws/install/graph_utils/include/graph_utils/graph_utils/msg/detail/topological_graph__traits.hpp
[20.407s] -- Symlinking: /home/freesix/far_planner_ws/install/graph_utils/include/graph_utils/graph_utils/msg/detail/vertex__builder.hpp
[20.409s] -- Symlinking: /home/freesix/far_planner_ws/install/graph_utils/include/graph_utils/graph_utils/msg/detail/vertex__struct.hpp
[20.410s] -- Symlinking: /home/freesix/far_planner_ws/install/graph_utils/include/graph_utils/graph_utils/msg/detail/vertex__traits.hpp
[20.412s] -- Symlinking: /home/freesix/far_planner_ws/install/graph_utils/include/graph_utils/graph_utils/msg/edge.hpp
[20.414s] -- Symlinking: /home/freesix/far_planner_ws/install/graph_utils/include/graph_utils/graph_utils/msg/topological_graph.hpp
[20.415s] -- Symlinking: /home/freesix/far_planner_ws/install/graph_utils/include/graph_utils/graph_utils/msg/vertex.hpp
[20.418s] -- Symlinking: /home/freesix/far_planner_ws/install/graph_utils/include/graph_utils/graph_utils/msg/detail/edge__rosidl_typesupport_fastrtps_cpp.hpp
[20.419s] -- Symlinking: /home/freesix/far_planner_ws/install/graph_utils/include/graph_utils/graph_utils/msg/detail/topological_graph__rosidl_typesupport_fastrtps_cpp.hpp
[20.421s] -- Symlinking: /home/freesix/far_planner_ws/install/graph_utils/include/graph_utils/graph_utils/msg/detail/vertex__rosidl_typesupport_fastrtps_cpp.hpp
[20.423s] -- Symlinking: /home/freesix/far_planner_ws/install/graph_utils/include/graph_utils/graph_utils/msg/rosidl_typesupport_fastrtps_cpp__visibility_control.h
[20.425s] -- Symlinking: /home/freesix/far_planner_ws/install/graph_utils/include/graph_utils/graph_utils/msg/detail/edge__rosidl_typesupport_introspection_c.h
[20.427s] -- Symlinking: /home/freesix/far_planner_ws/install/graph_utils/include/graph_utils/graph_utils/msg/detail/topological_graph__rosidl_typesupport_introspection_c.h
[20.428s] -- Symlinking: /home/freesix/far_planner_ws/install/graph_utils/include/graph_utils/graph_utils/msg/detail/vertex__rosidl_typesupport_introspection_c.h
[20.430s] -- Symlinking: /home/freesix/far_planner_ws/install/graph_utils/include/graph_utils/graph_utils/msg/rosidl_typesupport_introspection_c__visibility_control.h
[20.432s] -- Symlinking: /home/freesix/far_planner_ws/install/graph_utils/include/graph_utils/graph_utils/msg/detail/edge__rosidl_typesupport_introspection_cpp.hpp
[20.434s] -- Symlinking: /home/freesix/far_planner_ws/install/graph_utils/include/graph_utils/graph_utils/msg/detail/topological_graph__rosidl_typesupport_introspection_cpp.hpp
[20.436s] -- Symlinking: /home/freesix/far_planner_ws/install/graph_utils/include/graph_utils/graph_utils/msg/detail/vertex__rosidl_typesupport_introspection_cpp.hpp
[20.438s] -- Symlinking: /home/freesix/far_planner_ws/install/graph_utils/share/graph_utils/environment/pythonpath.sh
[20.440s] -- Symlinking: /home/freesix/far_planner_ws/install/graph_utils/share/graph_utils/environment/pythonpath.dsv
[20.442s] -- Symlinking: /home/freesix/far_planner_ws/install/graph_utils/local/lib/python3.10/dist-packages/graph_utils-0.0.1-py3.10.egg-info/PKG-INFO
[20.444s] -- Symlinking: /home/freesix/far_planner_ws/install/graph_utils/local/lib/python3.10/dist-packages/graph_utils-0.0.1-py3.10.egg-info/SOURCES.txt
[20.445s] -- Symlinking: /home/freesix/far_planner_ws/install/graph_utils/local/lib/python3.10/dist-packages/graph_utils-0.0.1-py3.10.egg-info/dependency_links.txt
[20.447s] -- Symlinking: /home/freesix/far_planner_ws/install/graph_utils/local/lib/python3.10/dist-packages/graph_utils-0.0.1-py3.10.egg-info/top_level.txt
[20.450s] -- Symlinking: /home/freesix/far_planner_ws/install/graph_utils/local/lib/python3.10/dist-packages/graph_utils/__init__.py
[20.452s] -- Symlinking: /home/freesix/far_planner_ws/install/graph_utils/local/lib/python3.10/dist-packages/graph_utils/_graph_utils_s.ep.rosidl_typesupport_c.c
[20.454s] -- Symlinking: /home/freesix/far_planner_ws/install/graph_utils/local/lib/python3.10/dist-packages/graph_utils/_graph_utils_s.ep.rosidl_typesupport_fastrtps_c.c
[20.456s] -- Symlinking: /home/freesix/far_planner_ws/install/graph_utils/local/lib/python3.10/dist-packages/graph_utils/_graph_utils_s.ep.rosidl_typesupport_introspection_c.c
[20.457s] -- Symlinking: /home/freesix/far_planner_ws/install/graph_utils/local/lib/python3.10/dist-packages/graph_utils/graph_utils_s__rosidl_typesupport_c.cpython-310-x86_64-linux-gnu.so
[20.459s] -- Symlinking: /home/freesix/far_planner_ws/install/graph_utils/local/lib/python3.10/dist-packages/graph_utils/graph_utils_s__rosidl_typesupport_fastrtps_c.cpython-310-x86_64-linux-gnu.so
[20.461s] -- Symlinking: /home/freesix/far_planner_ws/install/graph_utils/local/lib/python3.10/dist-packages/graph_utils/graph_utils_s__rosidl_typesupport_introspection_c.cpython-310-x86_64-linux-gnu.so
[20.462s] -- Symlinking: /home/freesix/far_planner_ws/install/graph_utils/local/lib/python3.10/dist-packages/graph_utils/libgraph_utils__rosidl_generator_py.so
[20.464s] -- Symlinking: /home/freesix/far_planner_ws/install/graph_utils/local/lib/python3.10/dist-packages/graph_utils/msg/__init__.py
[20.466s] -- Symlinking: /home/freesix/far_planner_ws/install/graph_utils/local/lib/python3.10/dist-packages/graph_utils/msg/_edge.py
[20.468s] -- Symlinking: /home/freesix/far_planner_ws/install/graph_utils/local/lib/python3.10/dist-packages/graph_utils/msg/_edge_s.c
[20.470s] -- Symlinking: /home/freesix/far_planner_ws/install/graph_utils/local/lib/python3.10/dist-packages/graph_utils/msg/_topological_graph.py
[20.471s] -- Symlinking: /home/freesix/far_planner_ws/install/graph_utils/local/lib/python3.10/dist-packages/graph_utils/msg/_topological_graph_s.c
[20.473s] -- Symlinking: /home/freesix/far_planner_ws/install/graph_utils/local/lib/python3.10/dist-packages/graph_utils/msg/_vertex.py
[20.475s] -- Symlinking: /home/freesix/far_planner_ws/install/graph_utils/local/lib/python3.10/dist-packages/graph_utils/msg/_vertex_s.c
[20.477s] -- Up-to-date symlink: /home/freesix/far_planner_ws/install/graph_utils/local/lib/python3.10/dist-packages/graph_utils/graph_utils_s__rosidl_typesupport_fastrtps_c.cpython-310-x86_64-linux-gnu.so
[20.477s] -- Up-to-date symlink: /home/freesix/far_planner_ws/install/graph_utils/local/lib/python3.10/dist-packages/graph_utils/graph_utils_s__rosidl_typesupport_introspection_c.cpython-310-x86_64-linux-gnu.so
[20.478s] -- Up-to-date symlink: /home/freesix/far_planner_ws/install/graph_utils/local/lib/python3.10/dist-packages/graph_utils/graph_utils_s__rosidl_typesupport_c.cpython-310-x86_64-linux-gnu.so
[20.478s] -- Symlinking: /home/freesix/far_planner_ws/install/graph_utils/share/graph_utils/msg/Edge.idl
[20.480s] -- Symlinking: /home/freesix/far_planner_ws/install/graph_utils/share/graph_utils/msg/Vertex.idl
[20.481s] -- Symlinking: /home/freesix/far_planner_ws/install/graph_utils/share/graph_utils/msg/TopologicalGraph.idl
[20.483s] -- Symlinking: /home/freesix/far_planner_ws/install/graph_utils/share/graph_utils/msg/Edge.msg
[20.485s] -- Symlinking: /home/freesix/far_planner_ws/install/graph_utils/share/graph_utils/msg/Vertex.msg
[20.487s] -- Symlinking: /home/freesix/far_planner_ws/install/graph_utils/share/graph_utils/msg/TopologicalGraph.msg
[20.489s] -- Symlinking: /home/freesix/far_planner_ws/install/graph_utils/include/graph_utils.h
[20.491s] -- Symlinking: /home/freesix/far_planner_ws/install/graph_utils/include/graph_visualization.h
[20.493s] -- Symlinking: /home/freesix/far_planner_ws/install/graph_utils/share/graph_utils/launch/graph_visualization.launch
[20.495s] -- Symlinking: /home/freesix/far_planner_ws/install/graph_utils/share/graph_utils/config/default.yaml
[20.497s] -- Symlinking: /home/freesix/far_planner_ws/install/graph_utils/lib/graph_utils/graph_visualization
[20.500s] -- Symlinking: /home/freesix/far_planner_ws/install/graph_utils/share/ament_index/resource_index/package_run_dependencies/graph_utils
[20.502s] -- Symlinking: /home/freesix/far_planner_ws/install/graph_utils/share/ament_index/resource_index/parent_prefix_path/graph_utils
[20.504s] -- Symlinking: /home/freesix/far_planner_ws/install/graph_utils/share/graph_utils/environment/ament_prefix_path.sh
[20.506s] -- Symlinking: /home/freesix/far_planner_ws/install/graph_utils/share/graph_utils/environment/ament_prefix_path.dsv
[20.507s] -- Symlinking: /home/freesix/far_planner_ws/install/graph_utils/share/graph_utils/environment/path.sh
[20.510s] -- Symlinking: /home/freesix/far_planner_ws/install/graph_utils/share/graph_utils/environment/path.dsv
[20.512s] -- Symlinking: /home/freesix/far_planner_ws/install/graph_utils/share/graph_utils/local_setup.bash
[20.513s] -- Symlinking: /home/freesix/far_planner_ws/install/graph_utils/share/graph_utils/local_setup.sh
[20.515s] -- Symlinking: /home/freesix/far_planner_ws/install/graph_utils/share/graph_utils/local_setup.zsh
[20.517s] -- Symlinking: /home/freesix/far_planner_ws/install/graph_utils/share/graph_utils/local_setup.dsv
[20.519s] -- Symlinking: /home/freesix/far_planner_ws/install/graph_utils/share/graph_utils/package.dsv
[20.521s] -- Symlinking: /home/freesix/far_planner_ws/install/graph_utils/share/ament_index/resource_index/packages/graph_utils
[20.523s] -- Symlinking: /home/freesix/far_planner_ws/install/graph_utils/share/graph_utils/cmake/rosidl_cmake-extras.cmake
[20.525s] -- Symlinking: /home/freesix/far_planner_ws/install/graph_utils/share/graph_utils/cmake/ament_cmake_export_dependencies-extras.cmake
[20.527s] -- Symlinking: /home/freesix/far_planner_ws/install/graph_utils/share/graph_utils/cmake/ament_cmake_export_include_directories-extras.cmake
[20.529s] -- Symlinking: /home/freesix/far_planner_ws/install/graph_utils/share/graph_utils/cmake/ament_cmake_export_libraries-extras.cmake
[20.531s] -- Symlinking: /home/freesix/far_planner_ws/install/graph_utils/share/graph_utils/cmake/ament_cmake_export_targets-extras.cmake
[20.533s] -- Symlinking: /home/freesix/far_planner_ws/install/graph_utils/share/graph_utils/cmake/rosidl_cmake_export_typesupport_targets-extras.cmake
[20.535s] -- Symlinking: /home/freesix/far_planner_ws/install/graph_utils/share/graph_utils/cmake/rosidl_cmake_export_typesupport_libraries-extras.cmake
[20.536s] -- Symlinking: /home/freesix/far_planner_ws/install/graph_utils/share/graph_utils/cmake/graph_utilsConfig.cmake
[20.538s] -- Symlinking: /home/freesix/far_planner_ws/install/graph_utils/share/graph_utils/cmake/graph_utilsConfig-version.cmake
[20.540s] -- Symlinking: /home/freesix/far_planner_ws/install/graph_utils/share/graph_utils/package.xml
[20.542s] -- Installing: /home/freesix/far_planner_ws/install/graph_utils/lib/libgraph_utils__rosidl_generator_c.so
[20.542s] -- Set runtime path of "/home/freesix/far_planner_ws/install/graph_utils/lib/libgraph_utils__rosidl_generator_c.so" to ""
[20.542s] -- Installing: /home/freesix/far_planner_ws/install/graph_utils/lib/libgraph_utils__rosidl_typesupport_fastrtps_c.so
[20.542s] -- Set runtime path of "/home/freesix/far_planner_ws/install/graph_utils/lib/libgraph_utils__rosidl_typesupport_fastrtps_c.so" to ""
[20.542s] -- Installing: /home/freesix/far_planner_ws/install/graph_utils/lib/libgraph_utils__rosidl_typesupport_fastrtps_cpp.so
[20.542s] -- Set runtime path of "/home/freesix/far_planner_ws/install/graph_utils/lib/libgraph_utils__rosidl_typesupport_fastrtps_cpp.so" to ""
[20.542s] -- Installing: /home/freesix/far_planner_ws/install/graph_utils/lib/libgraph_utils__rosidl_typesupport_introspection_c.so
[20.543s] -- Set runtime path of "/home/freesix/far_planner_ws/install/graph_utils/lib/libgraph_utils__rosidl_typesupport_introspection_c.so" to ""
[20.543s] -- Installing: /home/freesix/far_planner_ws/install/graph_utils/lib/libgraph_utils__rosidl_typesupport_c.so
[20.543s] -- Set runtime path of "/home/freesix/far_planner_ws/install/graph_utils/lib/libgraph_utils__rosidl_typesupport_c.so" to ""
[20.543s] -- Installing: /home/freesix/far_planner_ws/install/graph_utils/lib/libgraph_utils__rosidl_typesupport_introspection_cpp.so
[20.543s] -- Set runtime path of "/home/freesix/far_planner_ws/install/graph_utils/lib/libgraph_utils__rosidl_typesupport_introspection_cpp.so" to ""
[20.543s] -- Installing: /home/freesix/far_planner_ws/install/graph_utils/lib/libgraph_utils__rosidl_typesupport_cpp.so
[20.543s] -- Set runtime path of "/home/freesix/far_planner_ws/install/graph_utils/lib/libgraph_utils__rosidl_typesupport_cpp.so" to ""
[20.565s] Listing '/home/freesix/far_planner_ws/install/graph_utils/local/lib/python3.10/dist-packages/graph_utils'...
[20.565s] Compiling '/home/freesix/far_planner_ws/install/graph_utils/local/lib/python3.10/dist-packages/graph_utils/__init__.py'...
[20.565s] Listing '/home/freesix/far_planner_ws/install/graph_utils/local/lib/python3.10/dist-packages/graph_utils/msg'...
[20.565s] Compiling '/home/freesix/far_planner_ws/install/graph_utils/local/lib/python3.10/dist-packages/graph_utils/msg/__init__.py'...
[20.565s] Compiling '/home/freesix/far_planner_ws/install/graph_utils/local/lib/python3.10/dist-packages/graph_utils/msg/_edge.py'...
[20.565s] Compiling '/home/freesix/far_planner_ws/install/graph_utils/local/lib/python3.10/dist-packages/graph_utils/msg/_topological_graph.py'...
[20.565s] Compiling '/home/freesix/far_planner_ws/install/graph_utils/local/lib/python3.10/dist-packages/graph_utils/msg/_vertex.py'...
[20.568s] -- Installing: /home/freesix/far_planner_ws/install/graph_utils/lib/libgraph_utils__rosidl_generator_py.so
[20.568s] -- Set runtime path of "/home/freesix/far_planner_ws/install/graph_utils/lib/libgraph_utils__rosidl_generator_py.so" to ""
[20.569s] -- Installing: /home/freesix/far_planner_ws/install/graph_utils/lib/libgraph_utils_lib.so
[20.569s] -- Set runtime path of "/home/freesix/far_planner_ws/install/graph_utils/lib/libgraph_utils_lib.so" to ""
[20.569s] -- Installing: /home/freesix/far_planner_ws/install/graph_utils/share/graph_utils/cmake/export_graph_utils__rosidl_generator_cExport.cmake
[20.569s] -- Installing: /home/freesix/far_planner_ws/install/graph_utils/share/graph_utils/cmake/export_graph_utils__rosidl_generator_cExport-release.cmake
[20.569s] -- Installing: /home/freesix/far_planner_ws/install/graph_utils/share/graph_utils/cmake/export_graph_utils__rosidl_typesupport_fastrtps_cExport.cmake
[20.569s] -- Installing: /home/freesix/far_planner_ws/install/graph_utils/share/graph_utils/cmake/export_graph_utils__rosidl_typesupport_fastrtps_cExport-release.cmake
[20.570s] -- Installing: /home/freesix/far_planner_ws/install/graph_utils/share/graph_utils/cmake/export_graph_utils__rosidl_generator_cppExport.cmake
[20.570s] -- Installing: /home/freesix/far_planner_ws/install/graph_utils/share/graph_utils/cmake/export_graph_utils__rosidl_typesupport_fastrtps_cppExport.cmake
[20.570s] -- Installing: /home/freesix/far_planner_ws/install/graph_utils/share/graph_utils/cmake/export_graph_utils__rosidl_typesupport_fastrtps_cppExport-release.cmake
[20.570s] -- Installing: /home/freesix/far_planner_ws/install/graph_utils/share/graph_utils/cmake/graph_utils__rosidl_typesupport_introspection_cExport.cmake
[20.570s] -- Installing: /home/freesix/far_planner_ws/install/graph_utils/share/graph_utils/cmake/graph_utils__rosidl_typesupport_introspection_cExport-release.cmake
[20.570s] -- Installing: /home/freesix/far_planner_ws/install/graph_utils/share/graph_utils/cmake/graph_utils__rosidl_typesupport_cExport.cmake
[20.570s] -- Installing: /home/freesix/far_planner_ws/install/graph_utils/share/graph_utils/cmake/graph_utils__rosidl_typesupport_cExport-release.cmake
[20.570s] -- Installing: /home/freesix/far_planner_ws/install/graph_utils/share/graph_utils/cmake/graph_utils__rosidl_typesupport_introspection_cppExport.cmake
[20.570s] -- Installing: /home/freesix/far_planner_ws/install/graph_utils/share/graph_utils/cmake/graph_utils__rosidl_typesupport_introspection_cppExport-release.cmake
[20.571s] -- Installing: /home/freesix/far_planner_ws/install/graph_utils/share/graph_utils/cmake/graph_utils__rosidl_typesupport_cppExport.cmake
[20.571s] -- Installing: /home/freesix/far_planner_ws/install/graph_utils/share/graph_utils/cmake/graph_utils__rosidl_typesupport_cppExport-release.cmake
[20.571s] -- Installing: /home/freesix/far_planner_ws/install/graph_utils/share/graph_utils/cmake/export_graph_utils__rosidl_generator_pyExport.cmake
[20.571s] -- Installing: /home/freesix/far_planner_ws/install/graph_utils/share/graph_utils/cmake/export_graph_utils__rosidl_generator_pyExport-release.cmake
[20.571s] -- Installing: /home/freesix/far_planner_ws/install/graph_utils/share/graph_utils/cmake/graph_utils_libExport.cmake
[20.571s] -- Installing: /home/freesix/far_planner_ws/install/graph_utils/share/graph_utils/cmake/graph_utils_libExport-release.cmake
[20.574s] Invoked command in '/home/freesix/far_planner_ws/build/graph_utils' returned '0': AMENT_PREFIX_PATH=/home/freesix/far_planner_ws/install/misc_utils:${AMENT_PREFIX_PATH} CMAKE_PREFIX_PATH=/home/freesix/far_planner_ws/install/misc_utils:/opt/ros/humble LD_LIBRARY_PATH=/home/freesix/far_planner_ws/install/misc_utils/lib:${LD_LIBRARY_PATH} /usr/local/bin/cmake --install /home/freesix/far_planner_ws/build/graph_utils
