[0.037s] Invoking command in '/home/freesix/far_planner_ws/build/local_planner': CMAKE_PREFIX_PATH=/opt/ros/humble /usr/local/bin/cmake /home/freesix/far_planner_ws/src/autonomous_exploration_development_environment/src/local_planner -DCMAKE_BUILD_TYPE=Release -DAMENT_CMAKE_SYMLINK_INSTALL=1 -DCMAKE_INSTALL_PREFIX=/home/freesix/far_planner_ws/install/local_planner
[0.200s] -- The C compiler identification is GNU 11.4.0
[0.410s] -- The CXX compiler identification is GNU 11.4.0
[0.553s] -- Detecting C compiler ABI info
[0.642s] -- Detecting C compiler ABI info - done
[0.653s] -- Check for working C compiler: /usr/bin/cc - skipped
[0.653s] -- Detecting C compile features
[0.654s] -- Detecting C compile features - done
[0.657s] -- Detecting CXX compiler ABI info
[0.770s] -- Detecting CXX compiler ABI info - done
[0.779s] -- Check for working CXX compiler: /usr/bin/c++ - skipped
[0.779s] -- Detecting CXX compile features
[0.780s] -- Detecting CXX compile features - done
[0.782s] -- Found ament_cmake: 1.3.5 (/opt/ros/humble/share/ament_cmake/cmake)
[2.080s] -- Found Python3: /usr/bin/python3.10 (found version "3.10.12") found components: Interpreter 
[2.158s] -- Override CMake install command with custom implementation using symlinks instead of copying resources
[2.176s] -- Found rclcpp: 16.0.5 (/opt/ros/humble/share/rclcpp/cmake)
[2.315s] -- Found rosidl_generator_c: 3.1.5 (/opt/ros/humble/share/rosidl_generator_c/cmake)
[2.319s] -- Found rosidl_adapter: 3.1.5 (/opt/ros/humble/share/rosidl_adapter/cmake)
[2.327s] -- Found rosidl_generator_cpp: 3.1.5 (/opt/ros/humble/share/rosidl_generator_cpp/cmake)
[2.341s] -- Using all available rosidl_typesupport_c: rosidl_typesupport_fastrtps_c;rosidl_typesupport_introspection_c
[2.365s] -- Using all available rosidl_typesupport_cpp: rosidl_typesupport_fastrtps_cpp;rosidl_typesupport_introspection_cpp
[2.434s] -- Found rmw_implementation_cmake: 6.1.1 (/opt/ros/humble/share/rmw_implementation_cmake/cmake)
[2.437s] -- Found rmw_fastrtps_cpp: 6.2.3 (/opt/ros/humble/share/rmw_fastrtps_cpp/cmake)
[2.984s] -- Found OpenSSL: /usr/lib/x86_64-linux-gnu/libcrypto.so (found version "3.0.2")  
[3.768s] -- Found FastRTPS: /opt/ros/humble/include  
[5.237s] -- Using RMW implementation 'rmw_fastrtps_cpp' as default
[5.249s] -- Performing Test CMAKE_HAVE_LIBC_PTHREAD
[5.351s] -- Performing Test CMAKE_HAVE_LIBC_PTHREAD - Success
[5.352s] -- Found Threads: TRUE  
[5.505s] -- Found nav_msgs: 4.2.3 (/opt/ros/humble/share/nav_msgs/cmake)
[5.629s] -- Found sensor_msgs: 4.2.3 (/opt/ros/humble/share/sensor_msgs/cmake)
[5.717s] -- Found tf2_ros: 0.25.3 (/opt/ros/humble/share/tf2_ros/cmake)
[6.104s] -- Found tf2_geometry_msgs: 0.25.3 (/opt/ros/humble/share/tf2_geometry_msgs/cmake)
[6.144s] -- Found eigen3_cmake_module: 0.1.1 (/opt/ros/humble/share/eigen3_cmake_module/cmake)
[6.146s] -- Found Eigen3: TRUE (found version "3.4.0") 
[6.146s] -- Ensuring Eigen3 include directory is part of orocos-kdl CMake target
[6.159s] -- Found pcl_conversions: 2.4.0 (/opt/ros/humble/share/pcl_conversions/cmake)
[6.916s] [31mCMake Error at CMakeLists.txt:29 (find_package):
[6.916s]   By not providing "Findpcl_ros.cmake" in CMAKE_MODULE_PATH this project has
[6.917s]   asked CMake to find a package configuration file provided by "pcl_ros", but
[6.917s]   CMake did not find one.
[6.917s] 
[6.917s]   Could not find a package configuration file provided by "pcl_ros" with any
[6.917s]   of the following names:
[6.917s] 
[6.917s]     pcl_rosConfig.cmake
[6.917s]     pcl_ros-config.cmake
[6.917s] 
[6.917s]   Add the installation prefix of "pcl_ros" to CMAKE_PREFIX_PATH or set
[6.917s]   "pcl_ros_DIR" to a directory containing one of the above files.  If
[6.917s]   "pcl_ros" provides a separate development package or SDK, be sure it has
[6.917s]   been installed.
[6.917s] 
[6.917s] [0m
[6.917s] -- Configuring incomplete, errors occurred!
