[0.087s] Invoking command in '/home/freesix/far_planner_ws/build/misc_utils': CMAKE_PREFIX_PATH=/home/freesix/far_planner_ws/install/waypoint_rviz_plugin:/home/freesix/far_planner_ws/install/waypoint_example:/home/freesix/far_planner_ws/install/dsvplanner:/home/freesix/far_planner_ws/install/octomap_world:/home/freesix/far_planner_ws/install/volumetric_msgs:/opt/ros/humble:/home/freesix/far_planner_ws/install/volumetric_map_base:/home/freesix/far_planner_ws/install/visualization_tools:/home/freesix/far_planner_ws/install/velodyne_simulator:/home/freesix/far_planner_ws/install/velodyne_gazebo_plugins:/home/freesix/far_planner_ws/install/velodyne_description:/home/freesix/far_planner_ws/install/vehicle_simulator:/home/freesix/far_planner_ws/install/terrain_analysis_ext:/home/freesix/far_planner_ws/install/terrain_analysis:/home/freesix/far_planner_ws/install/sensor_scan_generation:/home/freesix/far_planner_ws/install/graph_planner:/home/freesix/far_planner_ws/install/graph_utils:/home/freesix/far_planner_ws/install/misc_utils:/home/freesix/far_planner_ws/install/minkindr_conversions:/home/freesix/far_planner_ws/install/minkindr:/home/freesix/far_planner_ws/install/local_planner:/home/freesix/far_planner_ws/install/loam_interface:/home/freesix/far_planner_ws/install/kdtree:/home/freesix/far_planner_ws/install/joy:/home/freesix/far_planner_ws/install/dsvp_launch /usr/local/bin/cmake --build /home/freesix/far_planner_ws/build/misc_utils -- -j16 -l16
[0.161s] [100%] Built target misc_utils
[0.188s] Invoked command in '/home/freesix/far_planner_ws/build/misc_utils' returned '0': CMAKE_PREFIX_PATH=/home/freesix/far_planner_ws/install/waypoint_rviz_plugin:/home/freesix/far_planner_ws/install/waypoint_example:/home/freesix/far_planner_ws/install/dsvplanner:/home/freesix/far_planner_ws/install/octomap_world:/home/freesix/far_planner_ws/install/volumetric_msgs:/opt/ros/humble:/home/freesix/far_planner_ws/install/volumetric_map_base:/home/freesix/far_planner_ws/install/visualization_tools:/home/freesix/far_planner_ws/install/velodyne_simulator:/home/freesix/far_planner_ws/install/velodyne_gazebo_plugins:/home/freesix/far_planner_ws/install/velodyne_description:/home/freesix/far_planner_ws/install/vehicle_simulator:/home/freesix/far_planner_ws/install/terrain_analysis_ext:/home/freesix/far_planner_ws/install/terrain_analysis:/home/freesix/far_planner_ws/install/sensor_scan_generation:/home/freesix/far_planner_ws/install/graph_planner:/home/freesix/far_planner_ws/install/graph_utils:/home/freesix/far_planner_ws/install/misc_utils:/home/freesix/far_planner_ws/install/minkindr_conversions:/home/freesix/far_planner_ws/install/minkindr:/home/freesix/far_planner_ws/install/local_planner:/home/freesix/far_planner_ws/install/loam_interface:/home/freesix/far_planner_ws/install/kdtree:/home/freesix/far_planner_ws/install/joy:/home/freesix/far_planner_ws/install/dsvp_launch /usr/local/bin/cmake --build /home/freesix/far_planner_ws/build/misc_utils -- -j16 -l16
[0.231s] Invoking command in '/home/freesix/far_planner_ws/build/misc_utils': CMAKE_PREFIX_PATH=/home/freesix/far_planner_ws/install/waypoint_rviz_plugin:/home/freesix/far_planner_ws/install/waypoint_example:/home/freesix/far_planner_ws/install/dsvplanner:/home/freesix/far_planner_ws/install/octomap_world:/home/freesix/far_planner_ws/install/volumetric_msgs:/opt/ros/humble:/home/freesix/far_planner_ws/install/volumetric_map_base:/home/freesix/far_planner_ws/install/visualization_tools:/home/freesix/far_planner_ws/install/velodyne_simulator:/home/freesix/far_planner_ws/install/velodyne_gazebo_plugins:/home/freesix/far_planner_ws/install/velodyne_description:/home/freesix/far_planner_ws/install/vehicle_simulator:/home/freesix/far_planner_ws/install/terrain_analysis_ext:/home/freesix/far_planner_ws/install/terrain_analysis:/home/freesix/far_planner_ws/install/sensor_scan_generation:/home/freesix/far_planner_ws/install/graph_planner:/home/freesix/far_planner_ws/install/graph_utils:/home/freesix/far_planner_ws/install/misc_utils:/home/freesix/far_planner_ws/install/minkindr_conversions:/home/freesix/far_planner_ws/install/minkindr:/home/freesix/far_planner_ws/install/local_planner:/home/freesix/far_planner_ws/install/loam_interface:/home/freesix/far_planner_ws/install/kdtree:/home/freesix/far_planner_ws/install/joy:/home/freesix/far_planner_ws/install/dsvp_launch /usr/local/bin/cmake --install /home/freesix/far_planner_ws/build/misc_utils
[0.235s] -- Install configuration: "Release"
[0.235s] -- Execute custom install script
[0.235s] -- Up-to-date symlink: /home/freesix/far_planner_ws/install/misc_utils/share/misc_utils/environment/library_path.sh
[0.236s] -- Up-to-date symlink: /home/freesix/far_planner_ws/install/misc_utils/share/misc_utils/environment/library_path.dsv
[0.236s] -- Up-to-date symlink: /home/freesix/far_planner_ws/install/misc_utils/include/misc_utils/misc_utils.h
[0.236s] -- Up-to-date symlink: /home/freesix/far_planner_ws/install/misc_utils/share/ament_index/resource_index/package_run_dependencies/misc_utils
[0.236s] -- Up-to-date symlink: /home/freesix/far_planner_ws/install/misc_utils/share/ament_index/resource_index/parent_prefix_path/misc_utils
[0.237s] -- Up-to-date symlink: /home/freesix/far_planner_ws/install/misc_utils/share/misc_utils/environment/ament_prefix_path.sh
[0.237s] -- Up-to-date symlink: /home/freesix/far_planner_ws/install/misc_utils/share/misc_utils/environment/ament_prefix_path.dsv
[0.238s] -- Up-to-date symlink: /home/freesix/far_planner_ws/install/misc_utils/share/misc_utils/environment/path.sh
[0.238s] -- Up-to-date symlink: /home/freesix/far_planner_ws/install/misc_utils/share/misc_utils/environment/path.dsv
[0.238s] -- Up-to-date symlink: /home/freesix/far_planner_ws/install/misc_utils/share/misc_utils/local_setup.bash
[0.238s] -- Up-to-date symlink: /home/freesix/far_planner_ws/install/misc_utils/share/misc_utils/local_setup.sh
[0.238s] -- Up-to-date symlink: /home/freesix/far_planner_ws/install/misc_utils/share/misc_utils/local_setup.zsh
[0.238s] -- Up-to-date symlink: /home/freesix/far_planner_ws/install/misc_utils/share/misc_utils/local_setup.dsv
[0.240s] -- Symlinking: /home/freesix/far_planner_ws/install/misc_utils/share/misc_utils/package.dsv
[0.243s] -- Up-to-date symlink: /home/freesix/far_planner_ws/install/misc_utils/share/ament_index/resource_index/packages/misc_utils
[0.243s] -- Up-to-date symlink: /home/freesix/far_planner_ws/install/misc_utils/share/misc_utils/cmake/ament_cmake_export_targets-extras.cmake
[0.243s] -- Up-to-date symlink: /home/freesix/far_planner_ws/install/misc_utils/share/misc_utils/cmake/ament_cmake_export_dependencies-extras.cmake
[0.243s] -- Up-to-date symlink: /home/freesix/far_planner_ws/install/misc_utils/share/misc_utils/cmake/misc_utilsConfig.cmake
[0.244s] -- Up-to-date symlink: /home/freesix/far_planner_ws/install/misc_utils/share/misc_utils/cmake/misc_utilsConfig-version.cmake
[0.244s] -- Up-to-date symlink: /home/freesix/far_planner_ws/install/misc_utils/share/misc_utils/package.xml
[0.244s] -- Up-to-date: /home/freesix/far_planner_ws/install/misc_utils/lib/libmisc_utils.so
[0.246s] -- Up-to-date: /home/freesix/far_planner_ws/install/misc_utils/share/misc_utils/cmake/misc_utilsExport.cmake
[0.246s] -- Up-to-date: /home/freesix/far_planner_ws/install/misc_utils/share/misc_utils/cmake/misc_utilsExport-release.cmake
[0.318s] Invoked command in '/home/freesix/far_planner_ws/build/misc_utils' returned '0': CMAKE_PREFIX_PATH=/home/freesix/far_planner_ws/install/waypoint_rviz_plugin:/home/freesix/far_planner_ws/install/waypoint_example:/home/freesix/far_planner_ws/install/dsvplanner:/home/freesix/far_planner_ws/install/octomap_world:/home/freesix/far_planner_ws/install/volumetric_msgs:/opt/ros/humble:/home/freesix/far_planner_ws/install/volumetric_map_base:/home/freesix/far_planner_ws/install/visualization_tools:/home/freesix/far_planner_ws/install/velodyne_simulator:/home/freesix/far_planner_ws/install/velodyne_gazebo_plugins:/home/freesix/far_planner_ws/install/velodyne_description:/home/freesix/far_planner_ws/install/vehicle_simulator:/home/freesix/far_planner_ws/install/terrain_analysis_ext:/home/freesix/far_planner_ws/install/terrain_analysis:/home/freesix/far_planner_ws/install/sensor_scan_generation:/home/freesix/far_planner_ws/install/graph_planner:/home/freesix/far_planner_ws/install/graph_utils:/home/freesix/far_planner_ws/install/misc_utils:/home/freesix/far_planner_ws/install/minkindr_conversions:/home/freesix/far_planner_ws/install/minkindr:/home/freesix/far_planner_ws/install/local_planner:/home/freesix/far_planner_ws/install/loam_interface:/home/freesix/far_planner_ws/install/kdtree:/home/freesix/far_planner_ws/install/joy:/home/freesix/far_planner_ws/install/dsvp_launch /usr/local/bin/cmake --install /home/freesix/far_planner_ws/build/misc_utils
