[0.044s] Invoking command in '/home/freesix/far_planner_ws/build/sensor_scan_generation': CMAKE_PREFIX_PATH=/opt/ros/humble /usr/local/bin/cmake --build /home/freesix/far_planner_ws/build/sensor_scan_generation -- -j16 -l16
[0.175s] [100%] Built target sensorScanGeneration
[0.195s] Invoked command in '/home/freesix/far_planner_ws/build/sensor_scan_generation' returned '0': CMAKE_PREFIX_PATH=/opt/ros/humble /usr/local/bin/cmake --build /home/freesix/far_planner_ws/build/sensor_scan_generation -- -j16 -l16
[0.256s] Invoking command in '/home/freesix/far_planner_ws/build/sensor_scan_generation': CMAKE_PREFIX_PATH=/opt/ros/humble /usr/local/bin/cmake --install /home/freesix/far_planner_ws/build/sensor_scan_generation
[0.281s] -- Install configuration: "Release"
[0.282s] -- Execute custom install script
[0.282s] -- Up-to-date symlink: /home/freesix/far_planner_ws/install/sensor_scan_generation/lib/sensor_scan_generation/sensorScanGeneration
[0.282s] -- Up-to-date symlink: /home/freesix/far_planner_ws/install/sensor_scan_generation/share/sensor_scan_generation/launch/sensor_scan_generation.launch
[0.282s] -- Up-to-date symlink: /home/freesix/far_planner_ws/install/sensor_scan_generation/share/ament_index/resource_index/package_run_dependencies/sensor_scan_generation
[0.282s] -- Up-to-date symlink: /home/freesix/far_planner_ws/install/sensor_scan_generation/share/ament_index/resource_index/parent_prefix_path/sensor_scan_generation
[0.282s] -- Up-to-date symlink: /home/freesix/far_planner_ws/install/sensor_scan_generation/share/sensor_scan_generation/environment/ament_prefix_path.sh
[0.282s] -- Up-to-date symlink: /home/freesix/far_planner_ws/install/sensor_scan_generation/share/sensor_scan_generation/environment/ament_prefix_path.dsv
[0.282s] -- Up-to-date symlink: /home/freesix/far_planner_ws/install/sensor_scan_generation/share/sensor_scan_generation/environment/path.sh
[0.283s] -- Up-to-date symlink: /home/freesix/far_planner_ws/install/sensor_scan_generation/share/sensor_scan_generation/environment/path.dsv
[0.285s] -- Up-to-date symlink: /home/freesix/far_planner_ws/install/sensor_scan_generation/share/sensor_scan_generation/local_setup.bash
[0.285s] -- Up-to-date symlink: /home/freesix/far_planner_ws/install/sensor_scan_generation/share/sensor_scan_generation/local_setup.sh
[0.286s] -- Up-to-date symlink: /home/freesix/far_planner_ws/install/sensor_scan_generation/share/sensor_scan_generation/local_setup.zsh
[0.286s] -- Up-to-date symlink: /home/freesix/far_planner_ws/install/sensor_scan_generation/share/sensor_scan_generation/local_setup.dsv
[0.286s] -- Symlinking: /home/freesix/far_planner_ws/install/sensor_scan_generation/share/sensor_scan_generation/package.dsv
[0.286s] -- Up-to-date symlink: /home/freesix/far_planner_ws/install/sensor_scan_generation/share/ament_index/resource_index/packages/sensor_scan_generation
[0.286s] -- Up-to-date symlink: /home/freesix/far_planner_ws/install/sensor_scan_generation/share/sensor_scan_generation/cmake/sensor_scan_generationConfig.cmake
[0.286s] -- Up-to-date symlink: /home/freesix/far_planner_ws/install/sensor_scan_generation/share/sensor_scan_generation/cmake/sensor_scan_generationConfig-version.cmake
[0.286s] -- Up-to-date symlink: /home/freesix/far_planner_ws/install/sensor_scan_generation/share/sensor_scan_generation/package.xml
[0.359s] Invoked command in '/home/freesix/far_planner_ws/build/sensor_scan_generation' returned '0': CMAKE_PREFIX_PATH=/opt/ros/humble /usr/local/bin/cmake --install /home/freesix/far_planner_ws/build/sensor_scan_generation
