[0.075s] Invoking command in '/home/freesix/far_planner_ws/build/graph_planner': AMENT_PREFIX_PATH=/home/freesix/far_planner_ws/install/graph_utils:/home/freesix/far_planner_ws/install/misc_utils:${AMENT_PREFIX_PATH} CMAKE_PREFIX_PATH=/home/freesix/far_planner_ws/install/graph_utils:/home/freesix/far_planner_ws/install/misc_utils:/opt/ros/humble LD_LIBRARY_PATH=/home/freesix/far_planner_ws/install/graph_utils/lib:/home/freesix/far_planner_ws/install/misc_utils/lib:${LD_LIBRARY_PATH} PYTHONPATH=/home/freesix/far_planner_ws/install/graph_utils/local/lib/python3.10/dist-packages:${PYTHONPATH} /usr/local/bin/cmake --build /home/freesix/far_planner_ws/build/graph_planner -- -j16 -l16
[0.099s] [  2%] Built target graph_planner__cpp
[0.101s] [  2%] Built target ament_cmake_python_symlink_graph_planner
[0.101s] [ 11%] Built target graph_planner__rosidl_generator_c
[0.111s] [ 26%] Built target graph_planner__rosidl_typesupport_introspection_cpp
[0.111s] [ 30%] Built target graph_planner__rosidl_typesupport_cpp
[0.111s] [ 40%] Built target graph_planner__rosidl_typesupport_fastrtps_cpp
[0.112s] [ 50%] Built target graph_planner__rosidl_typesupport_c
[0.112s] [ 59%] Built target graph_planner__rosidl_typesupport_introspection_c
[0.113s] [ 69%] Built target graph_planner__rosidl_typesupport_fastrtps_c
[0.120s] [ 69%] Built target graph_planner
[0.128s] [ 71%] Built target graph_planner__py
[0.135s] [ 78%] Built target graph_planner_exe
[0.139s] [ 85%] Built target graph_planner__rosidl_generator_py
[0.148s] [ 90%] Built target graph_planner__rosidl_typesupport_c__pyext
[0.148s] [100%] Built target graph_planner__rosidl_typesupport_fastrtps_c__pyext
[0.148s] [100%] Built target graph_planner__rosidl_typesupport_introspection_c__pyext
[0.240s] running egg_info
[0.241s] writing graph_planner.egg-info/PKG-INFO
[0.241s] writing dependency_links to graph_planner.egg-info/dependency_links.txt
[0.241s] writing top-level names to graph_planner.egg-info/top_level.txt
[0.242s] reading manifest file 'graph_planner.egg-info/SOURCES.txt'
[0.243s] writing manifest file 'graph_planner.egg-info/SOURCES.txt'
[0.256s] [100%] Built target ament_cmake_python_build_graph_planner_egg
[0.261s] Invoked command in '/home/freesix/far_planner_ws/build/graph_planner' returned '0': AMENT_PREFIX_PATH=/home/freesix/far_planner_ws/install/graph_utils:/home/freesix/far_planner_ws/install/misc_utils:${AMENT_PREFIX_PATH} CMAKE_PREFIX_PATH=/home/freesix/far_planner_ws/install/graph_utils:/home/freesix/far_planner_ws/install/misc_utils:/opt/ros/humble LD_LIBRARY_PATH=/home/freesix/far_planner_ws/install/graph_utils/lib:/home/freesix/far_planner_ws/install/misc_utils/lib:${LD_LIBRARY_PATH} PYTHONPATH=/home/freesix/far_planner_ws/install/graph_utils/local/lib/python3.10/dist-packages:${PYTHONPATH} /usr/local/bin/cmake --build /home/freesix/far_planner_ws/build/graph_planner -- -j16 -l16
[0.305s] Invoking command in '/home/freesix/far_planner_ws/build/graph_planner': AMENT_PREFIX_PATH=/home/freesix/far_planner_ws/install/graph_utils:/home/freesix/far_planner_ws/install/misc_utils:${AMENT_PREFIX_PATH} CMAKE_PREFIX_PATH=/home/freesix/far_planner_ws/install/graph_utils:/home/freesix/far_planner_ws/install/misc_utils:/opt/ros/humble LD_LIBRARY_PATH=/home/freesix/far_planner_ws/install/graph_utils/lib:/home/freesix/far_planner_ws/install/misc_utils/lib:${LD_LIBRARY_PATH} PYTHONPATH=/home/freesix/far_planner_ws/install/graph_utils/local/lib/python3.10/dist-packages:${PYTHONPATH} /usr/local/bin/cmake --install /home/freesix/far_planner_ws/build/graph_planner
[0.308s] -- Install configuration: "Release"
[0.309s] -- Execute custom install script
[0.310s] -- Up-to-date symlink: /home/freesix/far_planner_ws/install/graph_planner/share/ament_index/resource_index/rosidl_interfaces/graph_planner
[0.311s] -- Up-to-date symlink: /home/freesix/far_planner_ws/install/graph_planner/include/graph_planner/graph_planner/msg/detail/graph_planner_command__functions.h
[0.311s] -- Up-to-date symlink: /home/freesix/far_planner_ws/install/graph_planner/include/graph_planner/graph_planner/msg/detail/graph_planner_command__struct.h
[0.311s] -- Up-to-date symlink: /home/freesix/far_planner_ws/install/graph_planner/include/graph_planner/graph_planner/msg/detail/graph_planner_command__type_support.h
[0.311s] -- Up-to-date symlink: /home/freesix/far_planner_ws/install/graph_planner/include/graph_planner/graph_planner/msg/detail/graph_planner_status__functions.h
[0.312s] -- Up-to-date symlink: /home/freesix/far_planner_ws/install/graph_planner/include/graph_planner/graph_planner/msg/detail/graph_planner_status__struct.h
[0.312s] -- Up-to-date symlink: /home/freesix/far_planner_ws/install/graph_planner/include/graph_planner/graph_planner/msg/detail/graph_planner_status__type_support.h
[0.312s] -- Up-to-date symlink: /home/freesix/far_planner_ws/install/graph_planner/include/graph_planner/graph_planner/msg/graph_planner_command.h
[0.312s] -- Up-to-date symlink: /home/freesix/far_planner_ws/install/graph_planner/include/graph_planner/graph_planner/msg/graph_planner_status.h
[0.313s] -- Up-to-date symlink: /home/freesix/far_planner_ws/install/graph_planner/include/graph_planner/graph_planner/msg/rosidl_generator_c__visibility_control.h
[0.313s] -- Up-to-date symlink: /home/freesix/far_planner_ws/install/graph_planner/share/graph_planner/environment/library_path.sh
[0.313s] -- Up-to-date symlink: /home/freesix/far_planner_ws/install/graph_planner/share/graph_planner/environment/library_path.dsv
[0.313s] -- Up-to-date symlink: /home/freesix/far_planner_ws/install/graph_planner/include/graph_planner/graph_planner/msg/detail/graph_planner_command__rosidl_typesupport_fastrtps_c.h
[0.314s] -- Up-to-date symlink: /home/freesix/far_planner_ws/install/graph_planner/include/graph_planner/graph_planner/msg/detail/graph_planner_status__rosidl_typesupport_fastrtps_c.h
[0.314s] -- Up-to-date symlink: /home/freesix/far_planner_ws/install/graph_planner/include/graph_planner/graph_planner/msg/rosidl_typesupport_fastrtps_c__visibility_control.h
[0.314s] -- Up-to-date symlink: /home/freesix/far_planner_ws/install/graph_planner/include/graph_planner/graph_planner/msg/detail/graph_planner_command__builder.hpp
[0.315s] -- Up-to-date symlink: /home/freesix/far_planner_ws/install/graph_planner/include/graph_planner/graph_planner/msg/detail/graph_planner_command__struct.hpp
[0.315s] -- Up-to-date symlink: /home/freesix/far_planner_ws/install/graph_planner/include/graph_planner/graph_planner/msg/detail/graph_planner_command__traits.hpp
[0.315s] -- Up-to-date symlink: /home/freesix/far_planner_ws/install/graph_planner/include/graph_planner/graph_planner/msg/detail/graph_planner_status__builder.hpp
[0.315s] -- Up-to-date symlink: /home/freesix/far_planner_ws/install/graph_planner/include/graph_planner/graph_planner/msg/detail/graph_planner_status__struct.hpp
[0.315s] -- Up-to-date symlink: /home/freesix/far_planner_ws/install/graph_planner/include/graph_planner/graph_planner/msg/detail/graph_planner_status__traits.hpp
[0.315s] -- Up-to-date symlink: /home/freesix/far_planner_ws/install/graph_planner/include/graph_planner/graph_planner/msg/graph_planner_command.hpp
[0.315s] -- Up-to-date symlink: /home/freesix/far_planner_ws/install/graph_planner/include/graph_planner/graph_planner/msg/graph_planner_status.hpp
[0.316s] -- Up-to-date symlink: /home/freesix/far_planner_ws/install/graph_planner/include/graph_planner/graph_planner/msg/detail/graph_planner_command__rosidl_typesupport_fastrtps_cpp.hpp
[0.316s] -- Up-to-date symlink: /home/freesix/far_planner_ws/install/graph_planner/include/graph_planner/graph_planner/msg/detail/graph_planner_status__rosidl_typesupport_fastrtps_cpp.hpp
[0.316s] -- Up-to-date symlink: /home/freesix/far_planner_ws/install/graph_planner/include/graph_planner/graph_planner/msg/rosidl_typesupport_fastrtps_cpp__visibility_control.h
[0.317s] -- Up-to-date symlink: /home/freesix/far_planner_ws/install/graph_planner/include/graph_planner/graph_planner/msg/detail/graph_planner_command__rosidl_typesupport_introspection_c.h
[0.317s] -- Up-to-date symlink: /home/freesix/far_planner_ws/install/graph_planner/include/graph_planner/graph_planner/msg/detail/graph_planner_status__rosidl_typesupport_introspection_c.h
[0.317s] -- Up-to-date symlink: /home/freesix/far_planner_ws/install/graph_planner/include/graph_planner/graph_planner/msg/rosidl_typesupport_introspection_c__visibility_control.h
[0.318s] -- Up-to-date symlink: /home/freesix/far_planner_ws/install/graph_planner/include/graph_planner/graph_planner/msg/detail/graph_planner_command__rosidl_typesupport_introspection_cpp.hpp
[0.318s] -- Up-to-date symlink: /home/freesix/far_planner_ws/install/graph_planner/include/graph_planner/graph_planner/msg/detail/graph_planner_status__rosidl_typesupport_introspection_cpp.hpp
[0.318s] -- Up-to-date symlink: /home/freesix/far_planner_ws/install/graph_planner/share/graph_planner/environment/pythonpath.sh
[0.318s] -- Up-to-date symlink: /home/freesix/far_planner_ws/install/graph_planner/share/graph_planner/environment/pythonpath.dsv
[0.319s] -- Up-to-date symlink: /home/freesix/far_planner_ws/install/graph_planner/local/lib/python3.10/dist-packages/graph_planner-0.0.1-py3.10.egg-info/PKG-INFO
[0.319s] -- Up-to-date symlink: /home/freesix/far_planner_ws/install/graph_planner/local/lib/python3.10/dist-packages/graph_planner-0.0.1-py3.10.egg-info/SOURCES.txt
[0.319s] -- Up-to-date symlink: /home/freesix/far_planner_ws/install/graph_planner/local/lib/python3.10/dist-packages/graph_planner-0.0.1-py3.10.egg-info/dependency_links.txt
[0.319s] -- Up-to-date symlink: /home/freesix/far_planner_ws/install/graph_planner/local/lib/python3.10/dist-packages/graph_planner-0.0.1-py3.10.egg-info/top_level.txt
[0.320s] -- Up-to-date symlink: /home/freesix/far_planner_ws/install/graph_planner/local/lib/python3.10/dist-packages/graph_planner/__init__.py
[0.320s] -- Up-to-date symlink: /home/freesix/far_planner_ws/install/graph_planner/local/lib/python3.10/dist-packages/graph_planner/_graph_planner_s.ep.rosidl_typesupport_c.c
[0.321s] -- Up-to-date symlink: /home/freesix/far_planner_ws/install/graph_planner/local/lib/python3.10/dist-packages/graph_planner/_graph_planner_s.ep.rosidl_typesupport_fastrtps_c.c
[0.321s] -- Up-to-date symlink: /home/freesix/far_planner_ws/install/graph_planner/local/lib/python3.10/dist-packages/graph_planner/_graph_planner_s.ep.rosidl_typesupport_introspection_c.c
[0.321s] -- Up-to-date symlink: /home/freesix/far_planner_ws/install/graph_planner/local/lib/python3.10/dist-packages/graph_planner/graph_planner_s__rosidl_typesupport_c.cpython-310-x86_64-linux-gnu.so
[0.321s] -- Up-to-date symlink: /home/freesix/far_planner_ws/install/graph_planner/local/lib/python3.10/dist-packages/graph_planner/graph_planner_s__rosidl_typesupport_fastrtps_c.cpython-310-x86_64-linux-gnu.so
[0.322s] -- Up-to-date symlink: /home/freesix/far_planner_ws/install/graph_planner/local/lib/python3.10/dist-packages/graph_planner/graph_planner_s__rosidl_typesupport_introspection_c.cpython-310-x86_64-linux-gnu.so
[0.322s] -- Up-to-date symlink: /home/freesix/far_planner_ws/install/graph_planner/local/lib/python3.10/dist-packages/graph_planner/libgraph_planner__rosidl_generator_py.so
[0.322s] -- Up-to-date symlink: /home/freesix/far_planner_ws/install/graph_planner/local/lib/python3.10/dist-packages/graph_planner/msg/__init__.py
[0.323s] -- Up-to-date symlink: /home/freesix/far_planner_ws/install/graph_planner/local/lib/python3.10/dist-packages/graph_planner/msg/_graph_planner_command.py
[0.323s] -- Up-to-date symlink: /home/freesix/far_planner_ws/install/graph_planner/local/lib/python3.10/dist-packages/graph_planner/msg/_graph_planner_command_s.c
[0.323s] -- Up-to-date symlink: /home/freesix/far_planner_ws/install/graph_planner/local/lib/python3.10/dist-packages/graph_planner/msg/_graph_planner_status.py
[0.323s] -- Up-to-date symlink: /home/freesix/far_planner_ws/install/graph_planner/local/lib/python3.10/dist-packages/graph_planner/msg/_graph_planner_status_s.c
[0.324s] -- Up-to-date symlink: /home/freesix/far_planner_ws/install/graph_planner/local/lib/python3.10/dist-packages/graph_planner/graph_planner_s__rosidl_typesupport_fastrtps_c.cpython-310-x86_64-linux-gnu.so
[0.324s] -- Up-to-date symlink: /home/freesix/far_planner_ws/install/graph_planner/local/lib/python3.10/dist-packages/graph_planner/graph_planner_s__rosidl_typesupport_introspection_c.cpython-310-x86_64-linux-gnu.so
[0.324s] -- Up-to-date symlink: /home/freesix/far_planner_ws/install/graph_planner/local/lib/python3.10/dist-packages/graph_planner/graph_planner_s__rosidl_typesupport_c.cpython-310-x86_64-linux-gnu.so
[0.325s] -- Up-to-date symlink: /home/freesix/far_planner_ws/install/graph_planner/share/graph_planner/msg/GraphPlannerCommand.idl
[0.325s] -- Up-to-date symlink: /home/freesix/far_planner_ws/install/graph_planner/share/graph_planner/msg/GraphPlannerStatus.idl
[0.325s] -- Up-to-date symlink: /home/freesix/far_planner_ws/install/graph_planner/share/graph_planner/msg/GraphPlannerCommand.msg
[0.325s] -- Up-to-date symlink: /home/freesix/far_planner_ws/install/graph_planner/share/graph_planner/msg/GraphPlannerStatus.msg
[0.326s] -- Up-to-date symlink: /home/freesix/far_planner_ws/install/graph_planner/share/graph_planner/launch/graph_planner.launch
[0.326s] -- Up-to-date symlink: /home/freesix/far_planner_ws/install/graph_planner/share/graph_planner/launch/graph_planner_matterport.launch
[0.327s] -- Up-to-date symlink: /home/freesix/far_planner_ws/install/graph_planner/share/graph_planner/config/default.yaml
[0.327s] -- Up-to-date symlink: /home/freesix/far_planner_ws/install/graph_planner/share/graph_planner/config/matterport.yaml
[0.328s] -- Up-to-date symlink: /home/freesix/far_planner_ws/install/graph_planner/lib/graph_planner/graph_planner_exe
[0.328s] -- Up-to-date symlink: /home/freesix/far_planner_ws/install/graph_planner/share/ament_index/resource_index/package_run_dependencies/graph_planner
[0.329s] -- Up-to-date symlink: /home/freesix/far_planner_ws/install/graph_planner/share/ament_index/resource_index/parent_prefix_path/graph_planner
[0.329s] -- Up-to-date symlink: /home/freesix/far_planner_ws/install/graph_planner/share/graph_planner/environment/ament_prefix_path.sh
[0.329s] -- Up-to-date symlink: /home/freesix/far_planner_ws/install/graph_planner/share/graph_planner/environment/ament_prefix_path.dsv
[0.329s] -- Up-to-date symlink: /home/freesix/far_planner_ws/install/graph_planner/share/graph_planner/environment/path.sh
[0.330s] -- Up-to-date symlink: /home/freesix/far_planner_ws/install/graph_planner/share/graph_planner/environment/path.dsv
[0.330s] -- Up-to-date symlink: /home/freesix/far_planner_ws/install/graph_planner/share/graph_planner/local_setup.bash
[0.330s] -- Up-to-date symlink: /home/freesix/far_planner_ws/install/graph_planner/share/graph_planner/local_setup.sh
[0.330s] -- Up-to-date symlink: /home/freesix/far_planner_ws/install/graph_planner/share/graph_planner/local_setup.zsh
[0.330s] -- Up-to-date symlink: /home/freesix/far_planner_ws/install/graph_planner/share/graph_planner/local_setup.dsv
[0.330s] -- Symlinking: /home/freesix/far_planner_ws/install/graph_planner/share/graph_planner/package.dsv
[0.333s] -- Up-to-date symlink: /home/freesix/far_planner_ws/install/graph_planner/share/ament_index/resource_index/packages/graph_planner
[0.333s] -- Up-to-date symlink: /home/freesix/far_planner_ws/install/graph_planner/share/graph_planner/cmake/rosidl_cmake-extras.cmake
[0.333s] -- Up-to-date symlink: /home/freesix/far_planner_ws/install/graph_planner/share/graph_planner/cmake/ament_cmake_export_dependencies-extras.cmake
[0.333s] -- Up-to-date symlink: /home/freesix/far_planner_ws/install/graph_planner/share/graph_planner/cmake/ament_cmake_export_include_directories-extras.cmake
[0.333s] -- Up-to-date symlink: /home/freesix/far_planner_ws/install/graph_planner/share/graph_planner/cmake/ament_cmake_export_libraries-extras.cmake
[0.334s] -- Up-to-date symlink: /home/freesix/far_planner_ws/install/graph_planner/share/graph_planner/cmake/ament_cmake_export_targets-extras.cmake
[0.334s] -- Up-to-date symlink: /home/freesix/far_planner_ws/install/graph_planner/share/graph_planner/cmake/rosidl_cmake_export_typesupport_targets-extras.cmake
[0.334s] -- Up-to-date symlink: /home/freesix/far_planner_ws/install/graph_planner/share/graph_planner/cmake/rosidl_cmake_export_typesupport_libraries-extras.cmake
[0.334s] -- Up-to-date symlink: /home/freesix/far_planner_ws/install/graph_planner/share/graph_planner/cmake/graph_plannerConfig.cmake
[0.334s] -- Up-to-date symlink: /home/freesix/far_planner_ws/install/graph_planner/share/graph_planner/cmake/graph_plannerConfig-version.cmake
[0.334s] -- Up-to-date symlink: /home/freesix/far_planner_ws/install/graph_planner/share/graph_planner/package.xml
[0.334s] -- Up-to-date: /home/freesix/far_planner_ws/install/graph_planner/lib/libgraph_planner__rosidl_generator_c.so
[0.334s] -- Up-to-date: /home/freesix/far_planner_ws/install/graph_planner/lib/libgraph_planner__rosidl_typesupport_fastrtps_c.so
[0.335s] -- Up-to-date: /home/freesix/far_planner_ws/install/graph_planner/lib/libgraph_planner__rosidl_typesupport_fastrtps_cpp.so
[0.335s] -- Up-to-date: /home/freesix/far_planner_ws/install/graph_planner/lib/libgraph_planner__rosidl_typesupport_introspection_c.so
[0.335s] -- Up-to-date: /home/freesix/far_planner_ws/install/graph_planner/lib/libgraph_planner__rosidl_typesupport_c.so
[0.335s] -- Up-to-date: /home/freesix/far_planner_ws/install/graph_planner/lib/libgraph_planner__rosidl_typesupport_introspection_cpp.so
[0.335s] -- Up-to-date: /home/freesix/far_planner_ws/install/graph_planner/lib/libgraph_planner__rosidl_typesupport_cpp.so
[0.356s] Listing '/home/freesix/far_planner_ws/install/graph_planner/local/lib/python3.10/dist-packages/graph_planner'...
[0.356s] Listing '/home/freesix/far_planner_ws/install/graph_planner/local/lib/python3.10/dist-packages/graph_planner/msg'...
[0.359s] -- Up-to-date: /home/freesix/far_planner_ws/install/graph_planner/lib/libgraph_planner__rosidl_generator_py.so
[0.361s] -- Up-to-date: /home/freesix/far_planner_ws/install/graph_planner/share/graph_planner/cmake/export_graph_planner__rosidl_generator_cExport.cmake
[0.361s] -- Up-to-date: /home/freesix/far_planner_ws/install/graph_planner/share/graph_planner/cmake/export_graph_planner__rosidl_generator_cExport-release.cmake
[0.361s] -- Up-to-date: /home/freesix/far_planner_ws/install/graph_planner/share/graph_planner/cmake/export_graph_planner__rosidl_typesupport_fastrtps_cExport.cmake
[0.361s] -- Up-to-date: /home/freesix/far_planner_ws/install/graph_planner/share/graph_planner/cmake/export_graph_planner__rosidl_typesupport_fastrtps_cExport-release.cmake
[0.362s] -- Up-to-date: /home/freesix/far_planner_ws/install/graph_planner/share/graph_planner/cmake/export_graph_planner__rosidl_generator_cppExport.cmake
[0.362s] -- Up-to-date: /home/freesix/far_planner_ws/install/graph_planner/share/graph_planner/cmake/export_graph_planner__rosidl_typesupport_fastrtps_cppExport.cmake
[0.362s] -- Up-to-date: /home/freesix/far_planner_ws/install/graph_planner/share/graph_planner/cmake/export_graph_planner__rosidl_typesupport_fastrtps_cppExport-release.cmake
[0.363s] -- Up-to-date: /home/freesix/far_planner_ws/install/graph_planner/share/graph_planner/cmake/graph_planner__rosidl_typesupport_introspection_cExport.cmake
[0.363s] -- Up-to-date: /home/freesix/far_planner_ws/install/graph_planner/share/graph_planner/cmake/graph_planner__rosidl_typesupport_introspection_cExport-release.cmake
[0.363s] -- Up-to-date: /home/freesix/far_planner_ws/install/graph_planner/share/graph_planner/cmake/graph_planner__rosidl_typesupport_cExport.cmake
[0.363s] -- Up-to-date: /home/freesix/far_planner_ws/install/graph_planner/share/graph_planner/cmake/graph_planner__rosidl_typesupport_cExport-release.cmake
[0.363s] -- Up-to-date: /home/freesix/far_planner_ws/install/graph_planner/share/graph_planner/cmake/graph_planner__rosidl_typesupport_introspection_cppExport.cmake
[0.363s] -- Up-to-date: /home/freesix/far_planner_ws/install/graph_planner/share/graph_planner/cmake/graph_planner__rosidl_typesupport_introspection_cppExport-release.cmake
[0.364s] -- Up-to-date: /home/freesix/far_planner_ws/install/graph_planner/share/graph_planner/cmake/graph_planner__rosidl_typesupport_cppExport.cmake
[0.364s] -- Up-to-date: /home/freesix/far_planner_ws/install/graph_planner/share/graph_planner/cmake/graph_planner__rosidl_typesupport_cppExport-release.cmake
[0.364s] -- Up-to-date: /home/freesix/far_planner_ws/install/graph_planner/share/graph_planner/cmake/export_graph_planner__rosidl_generator_pyExport.cmake
[0.364s] -- Up-to-date: /home/freesix/far_planner_ws/install/graph_planner/share/graph_planner/cmake/export_graph_planner__rosidl_generator_pyExport-release.cmake
[0.366s] Invoked command in '/home/freesix/far_planner_ws/build/graph_planner' returned '0': AMENT_PREFIX_PATH=/home/freesix/far_planner_ws/install/graph_utils:/home/freesix/far_planner_ws/install/misc_utils:${AMENT_PREFIX_PATH} CMAKE_PREFIX_PATH=/home/freesix/far_planner_ws/install/graph_utils:/home/freesix/far_planner_ws/install/misc_utils:/opt/ros/humble LD_LIBRARY_PATH=/home/freesix/far_planner_ws/install/graph_utils/lib:/home/freesix/far_planner_ws/install/misc_utils/lib:${LD_LIBRARY_PATH} PYTHONPATH=/home/freesix/far_planner_ws/install/graph_utils/local/lib/python3.10/dist-packages:${PYTHONPATH} /usr/local/bin/cmake --install /home/freesix/far_planner_ws/build/graph_planner
