[0.451s] DEBUG:colcon:Command line arguments: ['/usr/bin/colcon', 'build', '--symlink-install', '--cmake-args', '-DCMAKE_BUILD_TYPE=Release', '--packages-select', 'dsvplanner']
[0.451s] DEBUG:colcon:Parsed command line arguments: Namespace(log_base=None, log_level=None, verb_name='build', build_base='build', install_base='install', merge_install=False, symlink_install=True, test_result_base=None, continue_on_error=False, executor='parallel', parallel_workers=16, event_handlers=None, ignore_user_meta=False, metas=['./colcon.meta'], base_paths=['.'], packages_ignore=None, packages_ignore_regex=None, paths=None, packages_up_to=None, packages_up_to_regex=None, packages_above=None, packages_above_and_dependencies=None, packages_above_depth=None, packages_select_by_dep=None, packages_skip_by_dep=None, packages_skip_up_to=None, packages_select_build_failed=False, packages_skip_build_finished=False, packages_select_test_failures=False, packages_skip_test_passed=False, packages_select=['dsvplanner'], packages_skip=None, packages_select_regex=None, packages_skip_regex=None, packages_start=None, packages_end=None, allow_overriding=[], cmake_args=['-DCMAKE_BUILD_TYPE=Release'], cmake_target=None, cmake_target_skip_unavailable=False, cmake_clean_cache=False, cmake_clean_first=False, cmake_force_configure=False, ament_cmake_args=None, catkin_cmake_args=None, catkin_skip_building_tests=False, verb_parser=<colcon_defaults.argument_parser.defaults.DefaultArgumentsDecorator object at 0x7f138b2ae9b0>, verb_extension=<colcon_core.verb.build.BuildVerb object at 0x7f138baac790>, main=<bound method BuildVerb.main of <colcon_core.verb.build.BuildVerb object at 0x7f138baac790>>)
[0.493s] Level 1:colcon.colcon_core.package_discovery:discover_packages(colcon_meta) check parameters
[0.494s] Level 1:colcon.colcon_core.package_discovery:discover_packages(recursive) check parameters
[0.494s] Level 1:colcon.colcon_core.package_discovery:discover_packages(ignore) check parameters
[0.494s] Level 1:colcon.colcon_core.package_discovery:discover_packages(path) check parameters
[0.494s] Level 1:colcon.colcon_core.package_discovery:discover_packages(colcon_meta) discover
[0.494s] Level 1:colcon.colcon_core.package_discovery:discover_packages(recursive) discover
[0.494s] INFO:colcon.colcon_core.package_discovery:Crawling recursively for packages in '/home/freesix/far_planner_ws'
[0.494s] Level 1:colcon.colcon_core.package_identification:_identify(.) by extensions ['ignore', 'ignore_ament_install']
[0.494s] Level 1:colcon.colcon_core.package_identification:_identify(.) by extension 'ignore'
[0.494s] Level 1:colcon.colcon_core.package_identification:_identify(.) by extension 'ignore_ament_install'
[0.494s] Level 1:colcon.colcon_core.package_identification:_identify(.) by extensions ['colcon_pkg']
[0.494s] Level 1:colcon.colcon_core.package_identification:_identify(.) by extension 'colcon_pkg'
[0.494s] Level 1:colcon.colcon_core.package_identification:_identify(.) by extensions ['colcon_meta']
[0.494s] Level 1:colcon.colcon_core.package_identification:_identify(.) by extension 'colcon_meta'
[0.494s] Level 1:colcon.colcon_core.package_identification:_identify(.) by extensions ['ros']
[0.494s] Level 1:colcon.colcon_core.package_identification:_identify(.) by extension 'ros'
[0.505s] Level 1:colcon.colcon_core.package_identification:_identify(.) by extensions ['cmake', 'python']
[0.505s] Level 1:colcon.colcon_core.package_identification:_identify(.) by extension 'cmake'
[0.505s] Level 1:colcon.colcon_core.package_identification:_identify(.) by extension 'python'
[0.505s] Level 1:colcon.colcon_core.package_identification:_identify(.) by extensions ['python_setup_py']
[0.505s] Level 1:colcon.colcon_core.package_identification:_identify(.) by extension 'python_setup_py'
[0.505s] Level 1:colcon.colcon_core.package_identification:_identify(build) by extensions ['ignore', 'ignore_ament_install']
[0.505s] Level 1:colcon.colcon_core.package_identification:_identify(build) by extension 'ignore'
[0.505s] Level 1:colcon.colcon_core.package_identification:_identify(build) ignored
[0.505s] Level 1:colcon.colcon_core.package_identification:_identify(install) by extensions ['ignore', 'ignore_ament_install']
[0.505s] Level 1:colcon.colcon_core.package_identification:_identify(install) by extension 'ignore'
[0.505s] Level 1:colcon.colcon_core.package_identification:_identify(install) ignored
[0.505s] Level 1:colcon.colcon_core.package_identification:_identify(log) by extensions ['ignore', 'ignore_ament_install']
[0.505s] Level 1:colcon.colcon_core.package_identification:_identify(log) by extension 'ignore'
[0.505s] Level 1:colcon.colcon_core.package_identification:_identify(log) ignored
[0.505s] Level 1:colcon.colcon_core.package_identification:_identify(src) by extensions ['ignore', 'ignore_ament_install']
[0.505s] Level 1:colcon.colcon_core.package_identification:_identify(src) by extension 'ignore'
[0.505s] Level 1:colcon.colcon_core.package_identification:_identify(src) by extension 'ignore_ament_install'
[0.506s] Level 1:colcon.colcon_core.package_identification:_identify(src) by extensions ['colcon_pkg']
[0.506s] Level 1:colcon.colcon_core.package_identification:_identify(src) by extension 'colcon_pkg'
[0.506s] Level 1:colcon.colcon_core.package_identification:_identify(src) by extensions ['colcon_meta']
[0.506s] Level 1:colcon.colcon_core.package_identification:_identify(src) by extension 'colcon_meta'
[0.506s] Level 1:colcon.colcon_core.package_identification:_identify(src) by extensions ['ros']
[0.506s] Level 1:colcon.colcon_core.package_identification:_identify(src) by extension 'ros'
[0.506s] Level 1:colcon.colcon_core.package_identification:_identify(src) by extensions ['cmake', 'python']
[0.506s] Level 1:colcon.colcon_core.package_identification:_identify(src) by extension 'cmake'
[0.506s] Level 1:colcon.colcon_core.package_identification:_identify(src) by extension 'python'
[0.506s] Level 1:colcon.colcon_core.package_identification:_identify(src) by extensions ['python_setup_py']
[0.506s] Level 1:colcon.colcon_core.package_identification:_identify(src) by extension 'python_setup_py'
[0.506s] Level 1:colcon.colcon_core.package_identification:_identify(src/autonomous_exploration_development_environment) by extensions ['ignore', 'ignore_ament_install']
[0.506s] Level 1:colcon.colcon_core.package_identification:_identify(src/autonomous_exploration_development_environment) by extension 'ignore'
[0.506s] Level 1:colcon.colcon_core.package_identification:_identify(src/autonomous_exploration_development_environment) by extension 'ignore_ament_install'
[0.506s] Level 1:colcon.colcon_core.package_identification:_identify(src/autonomous_exploration_development_environment) by extensions ['colcon_pkg']
[0.506s] Level 1:colcon.colcon_core.package_identification:_identify(src/autonomous_exploration_development_environment) by extension 'colcon_pkg'
[0.506s] Level 1:colcon.colcon_core.package_identification:_identify(src/autonomous_exploration_development_environment) by extensions ['colcon_meta']
[0.506s] Level 1:colcon.colcon_core.package_identification:_identify(src/autonomous_exploration_development_environment) by extension 'colcon_meta'
[0.506s] Level 1:colcon.colcon_core.package_identification:_identify(src/autonomous_exploration_development_environment) by extensions ['ros']
[0.506s] Level 1:colcon.colcon_core.package_identification:_identify(src/autonomous_exploration_development_environment) by extension 'ros'
[0.506s] Level 1:colcon.colcon_core.package_identification:_identify(src/autonomous_exploration_development_environment) by extensions ['cmake', 'python']
[0.506s] Level 1:colcon.colcon_core.package_identification:_identify(src/autonomous_exploration_development_environment) by extension 'cmake'
[0.506s] Level 1:colcon.colcon_core.package_identification:_identify(src/autonomous_exploration_development_environment) by extension 'python'
[0.506s] Level 1:colcon.colcon_core.package_identification:_identify(src/autonomous_exploration_development_environment) by extensions ['python_setup_py']
[0.506s] Level 1:colcon.colcon_core.package_identification:_identify(src/autonomous_exploration_development_environment) by extension 'python_setup_py'
[0.507s] Level 1:colcon.colcon_core.package_identification:_identify(src/autonomous_exploration_development_environment/img) by extensions ['ignore', 'ignore_ament_install']
[0.507s] Level 1:colcon.colcon_core.package_identification:_identify(src/autonomous_exploration_development_environment/img) by extension 'ignore'
[0.507s] Level 1:colcon.colcon_core.package_identification:_identify(src/autonomous_exploration_development_environment/img) by extension 'ignore_ament_install'
[0.507s] Level 1:colcon.colcon_core.package_identification:_identify(src/autonomous_exploration_development_environment/img) by extensions ['colcon_pkg']
[0.507s] Level 1:colcon.colcon_core.package_identification:_identify(src/autonomous_exploration_development_environment/img) by extension 'colcon_pkg'
[0.507s] Level 1:colcon.colcon_core.package_identification:_identify(src/autonomous_exploration_development_environment/img) by extensions ['colcon_meta']
[0.507s] Level 1:colcon.colcon_core.package_identification:_identify(src/autonomous_exploration_development_environment/img) by extension 'colcon_meta'
[0.507s] Level 1:colcon.colcon_core.package_identification:_identify(src/autonomous_exploration_development_environment/img) by extensions ['ros']
[0.507s] Level 1:colcon.colcon_core.package_identification:_identify(src/autonomous_exploration_development_environment/img) by extension 'ros'
[0.507s] Level 1:colcon.colcon_core.package_identification:_identify(src/autonomous_exploration_development_environment/img) by extensions ['cmake', 'python']
[0.507s] Level 1:colcon.colcon_core.package_identification:_identify(src/autonomous_exploration_development_environment/img) by extension 'cmake'
[0.507s] Level 1:colcon.colcon_core.package_identification:_identify(src/autonomous_exploration_development_environment/img) by extension 'python'
[0.507s] Level 1:colcon.colcon_core.package_identification:_identify(src/autonomous_exploration_development_environment/img) by extensions ['python_setup_py']
[0.507s] Level 1:colcon.colcon_core.package_identification:_identify(src/autonomous_exploration_development_environment/img) by extension 'python_setup_py'
[0.508s] Level 1:colcon.colcon_core.package_identification:_identify(src/autonomous_exploration_development_environment/src) by extensions ['ignore', 'ignore_ament_install']
[0.508s] Level 1:colcon.colcon_core.package_identification:_identify(src/autonomous_exploration_development_environment/src) by extension 'ignore'
[0.508s] Level 1:colcon.colcon_core.package_identification:_identify(src/autonomous_exploration_development_environment/src) by extension 'ignore_ament_install'
[0.508s] Level 1:colcon.colcon_core.package_identification:_identify(src/autonomous_exploration_development_environment/src) by extensions ['colcon_pkg']
[0.508s] Level 1:colcon.colcon_core.package_identification:_identify(src/autonomous_exploration_development_environment/src) by extension 'colcon_pkg'
[0.508s] Level 1:colcon.colcon_core.package_identification:_identify(src/autonomous_exploration_development_environment/src) by extensions ['colcon_meta']
[0.508s] Level 1:colcon.colcon_core.package_identification:_identify(src/autonomous_exploration_development_environment/src) by extension 'colcon_meta'
[0.508s] Level 1:colcon.colcon_core.package_identification:_identify(src/autonomous_exploration_development_environment/src) by extensions ['ros']
[0.508s] Level 1:colcon.colcon_core.package_identification:_identify(src/autonomous_exploration_development_environment/src) by extension 'ros'
[0.508s] Level 1:colcon.colcon_core.package_identification:_identify(src/autonomous_exploration_development_environment/src) by extensions ['cmake', 'python']
[0.508s] Level 1:colcon.colcon_core.package_identification:_identify(src/autonomous_exploration_development_environment/src) by extension 'cmake'
[0.508s] Level 1:colcon.colcon_core.package_identification:_identify(src/autonomous_exploration_development_environment/src) by extension 'python'
[0.508s] Level 1:colcon.colcon_core.package_identification:_identify(src/autonomous_exploration_development_environment/src) by extensions ['python_setup_py']
[0.508s] Level 1:colcon.colcon_core.package_identification:_identify(src/autonomous_exploration_development_environment/src) by extension 'python_setup_py'
[0.508s] Level 1:colcon.colcon_core.package_identification:_identify(src/autonomous_exploration_development_environment/src/joystick_drivers) by extensions ['ignore', 'ignore_ament_install']
[0.508s] Level 1:colcon.colcon_core.package_identification:_identify(src/autonomous_exploration_development_environment/src/joystick_drivers) by extension 'ignore'
[0.508s] Level 1:colcon.colcon_core.package_identification:_identify(src/autonomous_exploration_development_environment/src/joystick_drivers) by extension 'ignore_ament_install'
[0.508s] Level 1:colcon.colcon_core.package_identification:_identify(src/autonomous_exploration_development_environment/src/joystick_drivers) by extensions ['colcon_pkg']
[0.508s] Level 1:colcon.colcon_core.package_identification:_identify(src/autonomous_exploration_development_environment/src/joystick_drivers) by extension 'colcon_pkg'
[0.508s] Level 1:colcon.colcon_core.package_identification:_identify(src/autonomous_exploration_development_environment/src/joystick_drivers) by extensions ['colcon_meta']
[0.508s] Level 1:colcon.colcon_core.package_identification:_identify(src/autonomous_exploration_development_environment/src/joystick_drivers) by extension 'colcon_meta'
[0.508s] Level 1:colcon.colcon_core.package_identification:_identify(src/autonomous_exploration_development_environment/src/joystick_drivers) by extensions ['ros']
[0.508s] Level 1:colcon.colcon_core.package_identification:_identify(src/autonomous_exploration_development_environment/src/joystick_drivers) by extension 'ros'
[0.508s] Level 1:colcon.colcon_core.package_identification:_identify(src/autonomous_exploration_development_environment/src/joystick_drivers) by extensions ['cmake', 'python']
[0.508s] Level 1:colcon.colcon_core.package_identification:_identify(src/autonomous_exploration_development_environment/src/joystick_drivers) by extension 'cmake'
[0.508s] Level 1:colcon.colcon_core.package_identification:_identify(src/autonomous_exploration_development_environment/src/joystick_drivers) by extension 'python'
[0.509s] Level 1:colcon.colcon_core.package_identification:_identify(src/autonomous_exploration_development_environment/src/joystick_drivers) by extensions ['python_setup_py']
[0.509s] Level 1:colcon.colcon_core.package_identification:_identify(src/autonomous_exploration_development_environment/src/joystick_drivers) by extension 'python_setup_py'
[0.509s] Level 1:colcon.colcon_core.package_identification:_identify(src/autonomous_exploration_development_environment/src/joystick_drivers/joy) by extensions ['ignore', 'ignore_ament_install']
[0.509s] Level 1:colcon.colcon_core.package_identification:_identify(src/autonomous_exploration_development_environment/src/joystick_drivers/joy) by extension 'ignore'
[0.509s] Level 1:colcon.colcon_core.package_identification:_identify(src/autonomous_exploration_development_environment/src/joystick_drivers/joy) by extension 'ignore_ament_install'
[0.509s] Level 1:colcon.colcon_core.package_identification:_identify(src/autonomous_exploration_development_environment/src/joystick_drivers/joy) by extensions ['colcon_pkg']
[0.509s] Level 1:colcon.colcon_core.package_identification:_identify(src/autonomous_exploration_development_environment/src/joystick_drivers/joy) by extension 'colcon_pkg'
[0.509s] Level 1:colcon.colcon_core.package_identification:_identify(src/autonomous_exploration_development_environment/src/joystick_drivers/joy) by extensions ['colcon_meta']
[0.509s] Level 1:colcon.colcon_core.package_identification:_identify(src/autonomous_exploration_development_environment/src/joystick_drivers/joy) by extension 'colcon_meta'
[0.509s] Level 1:colcon.colcon_core.package_identification:_identify(src/autonomous_exploration_development_environment/src/joystick_drivers/joy) by extensions ['ros']
[0.509s] Level 1:colcon.colcon_core.package_identification:_identify(src/autonomous_exploration_development_environment/src/joystick_drivers/joy) by extension 'ros'
[0.512s] DEBUG:colcon.colcon_core.package_identification:Package 'src/autonomous_exploration_development_environment/src/joystick_drivers/joy' with type 'ros.ament_cmake' and name 'joy'
[0.512s] Level 1:colcon.colcon_core.package_identification:_identify(src/autonomous_exploration_development_environment/src/joystick_drivers/joystick_drivers) by extensions ['ignore', 'ignore_ament_install']
[0.512s] Level 1:colcon.colcon_core.package_identification:_identify(src/autonomous_exploration_development_environment/src/joystick_drivers/joystick_drivers) by extension 'ignore'
[0.512s] Level 1:colcon.colcon_core.package_identification:_identify(src/autonomous_exploration_development_environment/src/joystick_drivers/joystick_drivers) by extension 'ignore_ament_install'
[0.512s] Level 1:colcon.colcon_core.package_identification:_identify(src/autonomous_exploration_development_environment/src/joystick_drivers/joystick_drivers) by extensions ['colcon_pkg']
[0.512s] Level 1:colcon.colcon_core.package_identification:_identify(src/autonomous_exploration_development_environment/src/joystick_drivers/joystick_drivers) by extension 'colcon_pkg'
[0.512s] Level 1:colcon.colcon_core.package_identification:_identify(src/autonomous_exploration_development_environment/src/joystick_drivers/joystick_drivers) by extensions ['colcon_meta']
[0.512s] Level 1:colcon.colcon_core.package_identification:_identify(src/autonomous_exploration_development_environment/src/joystick_drivers/joystick_drivers) by extension 'colcon_meta'
[0.512s] Level 1:colcon.colcon_core.package_identification:_identify(src/autonomous_exploration_development_environment/src/joystick_drivers/joystick_drivers) by extensions ['ros']
[0.512s] Level 1:colcon.colcon_core.package_identification:_identify(src/autonomous_exploration_development_environment/src/joystick_drivers/joystick_drivers) by extension 'ros'
[0.512s] Level 1:colcon.colcon_core.package_identification:_identify(src/autonomous_exploration_development_environment/src/joystick_drivers/joystick_drivers) ignored
[0.512s] Level 1:colcon.colcon_core.package_identification:_identify(src/autonomous_exploration_development_environment/src/loam_interface) by extensions ['ignore', 'ignore_ament_install']
[0.512s] Level 1:colcon.colcon_core.package_identification:_identify(src/autonomous_exploration_development_environment/src/loam_interface) by extension 'ignore'
[0.512s] Level 1:colcon.colcon_core.package_identification:_identify(src/autonomous_exploration_development_environment/src/loam_interface) by extension 'ignore_ament_install'
[0.513s] Level 1:colcon.colcon_core.package_identification:_identify(src/autonomous_exploration_development_environment/src/loam_interface) by extensions ['colcon_pkg']
[0.513s] Level 1:colcon.colcon_core.package_identification:_identify(src/autonomous_exploration_development_environment/src/loam_interface) by extension 'colcon_pkg'
[0.513s] Level 1:colcon.colcon_core.package_identification:_identify(src/autonomous_exploration_development_environment/src/loam_interface) by extensions ['colcon_meta']
[0.513s] Level 1:colcon.colcon_core.package_identification:_identify(src/autonomous_exploration_development_environment/src/loam_interface) by extension 'colcon_meta'
[0.513s] Level 1:colcon.colcon_core.package_identification:_identify(src/autonomous_exploration_development_environment/src/loam_interface) by extensions ['ros']
[0.513s] Level 1:colcon.colcon_core.package_identification:_identify(src/autonomous_exploration_development_environment/src/loam_interface) by extension 'ros'
[0.514s] DEBUG:colcon.colcon_core.package_identification:Package 'src/autonomous_exploration_development_environment/src/loam_interface' with type 'ros.ament_cmake' and name 'loam_interface'
[0.514s] Level 1:colcon.colcon_core.package_identification:_identify(src/autonomous_exploration_development_environment/src/local_planner) by extensions ['ignore', 'ignore_ament_install']
[0.514s] Level 1:colcon.colcon_core.package_identification:_identify(src/autonomous_exploration_development_environment/src/local_planner) by extension 'ignore'
[0.514s] Level 1:colcon.colcon_core.package_identification:_identify(src/autonomous_exploration_development_environment/src/local_planner) by extension 'ignore_ament_install'
[0.514s] Level 1:colcon.colcon_core.package_identification:_identify(src/autonomous_exploration_development_environment/src/local_planner) by extensions ['colcon_pkg']
[0.514s] Level 1:colcon.colcon_core.package_identification:_identify(src/autonomous_exploration_development_environment/src/local_planner) by extension 'colcon_pkg'
[0.514s] Level 1:colcon.colcon_core.package_identification:_identify(src/autonomous_exploration_development_environment/src/local_planner) by extensions ['colcon_meta']
[0.514s] Level 1:colcon.colcon_core.package_identification:_identify(src/autonomous_exploration_development_environment/src/local_planner) by extension 'colcon_meta'
[0.514s] Level 1:colcon.colcon_core.package_identification:_identify(src/autonomous_exploration_development_environment/src/local_planner) by extensions ['ros']
[0.514s] Level 1:colcon.colcon_core.package_identification:_identify(src/autonomous_exploration_development_environment/src/local_planner) by extension 'ros'
[0.515s] DEBUG:colcon.colcon_core.package_identification:Package 'src/autonomous_exploration_development_environment/src/local_planner' with type 'ros.ament_cmake' and name 'local_planner'
[0.515s] Level 1:colcon.colcon_core.package_identification:_identify(src/autonomous_exploration_development_environment/src/sensor_scan_generation) by extensions ['ignore', 'ignore_ament_install']
[0.515s] Level 1:colcon.colcon_core.package_identification:_identify(src/autonomous_exploration_development_environment/src/sensor_scan_generation) by extension 'ignore'
[0.515s] Level 1:colcon.colcon_core.package_identification:_identify(src/autonomous_exploration_development_environment/src/sensor_scan_generation) by extension 'ignore_ament_install'
[0.515s] Level 1:colcon.colcon_core.package_identification:_identify(src/autonomous_exploration_development_environment/src/sensor_scan_generation) by extensions ['colcon_pkg']
[0.515s] Level 1:colcon.colcon_core.package_identification:_identify(src/autonomous_exploration_development_environment/src/sensor_scan_generation) by extension 'colcon_pkg'
[0.516s] Level 1:colcon.colcon_core.package_identification:_identify(src/autonomous_exploration_development_environment/src/sensor_scan_generation) by extensions ['colcon_meta']
[0.516s] Level 1:colcon.colcon_core.package_identification:_identify(src/autonomous_exploration_development_environment/src/sensor_scan_generation) by extension 'colcon_meta'
[0.516s] Level 1:colcon.colcon_core.package_identification:_identify(src/autonomous_exploration_development_environment/src/sensor_scan_generation) by extensions ['ros']
[0.516s] Level 1:colcon.colcon_core.package_identification:_identify(src/autonomous_exploration_development_environment/src/sensor_scan_generation) by extension 'ros'
[0.516s] DEBUG:colcon.colcon_core.package_identification:Package 'src/autonomous_exploration_development_environment/src/sensor_scan_generation' with type 'ros.ament_cmake' and name 'sensor_scan_generation'
[0.517s] Level 1:colcon.colcon_core.package_identification:_identify(src/autonomous_exploration_development_environment/src/terrain_analysis) by extensions ['ignore', 'ignore_ament_install']
[0.517s] Level 1:colcon.colcon_core.package_identification:_identify(src/autonomous_exploration_development_environment/src/terrain_analysis) by extension 'ignore'
[0.517s] Level 1:colcon.colcon_core.package_identification:_identify(src/autonomous_exploration_development_environment/src/terrain_analysis) by extension 'ignore_ament_install'
[0.517s] Level 1:colcon.colcon_core.package_identification:_identify(src/autonomous_exploration_development_environment/src/terrain_analysis) by extensions ['colcon_pkg']
[0.517s] Level 1:colcon.colcon_core.package_identification:_identify(src/autonomous_exploration_development_environment/src/terrain_analysis) by extension 'colcon_pkg'
[0.517s] Level 1:colcon.colcon_core.package_identification:_identify(src/autonomous_exploration_development_environment/src/terrain_analysis) by extensions ['colcon_meta']
[0.517s] Level 1:colcon.colcon_core.package_identification:_identify(src/autonomous_exploration_development_environment/src/terrain_analysis) by extension 'colcon_meta'
[0.517s] Level 1:colcon.colcon_core.package_identification:_identify(src/autonomous_exploration_development_environment/src/terrain_analysis) by extensions ['ros']
[0.517s] Level 1:colcon.colcon_core.package_identification:_identify(src/autonomous_exploration_development_environment/src/terrain_analysis) by extension 'ros'
[0.518s] DEBUG:colcon.colcon_core.package_identification:Package 'src/autonomous_exploration_development_environment/src/terrain_analysis' with type 'ros.ament_cmake' and name 'terrain_analysis'
[0.518s] Level 1:colcon.colcon_core.package_identification:_identify(src/autonomous_exploration_development_environment/src/terrain_analysis_ext) by extensions ['ignore', 'ignore_ament_install']
[0.519s] Level 1:colcon.colcon_core.package_identification:_identify(src/autonomous_exploration_development_environment/src/terrain_analysis_ext) by extension 'ignore'
[0.519s] Level 1:colcon.colcon_core.package_identification:_identify(src/autonomous_exploration_development_environment/src/terrain_analysis_ext) by extension 'ignore_ament_install'
[0.519s] Level 1:colcon.colcon_core.package_identification:_identify(src/autonomous_exploration_development_environment/src/terrain_analysis_ext) by extensions ['colcon_pkg']
[0.519s] Level 1:colcon.colcon_core.package_identification:_identify(src/autonomous_exploration_development_environment/src/terrain_analysis_ext) by extension 'colcon_pkg'
[0.519s] Level 1:colcon.colcon_core.package_identification:_identify(src/autonomous_exploration_development_environment/src/terrain_analysis_ext) by extensions ['colcon_meta']
[0.519s] Level 1:colcon.colcon_core.package_identification:_identify(src/autonomous_exploration_development_environment/src/terrain_analysis_ext) by extension 'colcon_meta'
[0.519s] Level 1:colcon.colcon_core.package_identification:_identify(src/autonomous_exploration_development_environment/src/terrain_analysis_ext) by extensions ['ros']
[0.519s] Level 1:colcon.colcon_core.package_identification:_identify(src/autonomous_exploration_development_environment/src/terrain_analysis_ext) by extension 'ros'
[0.520s] DEBUG:colcon.colcon_core.package_identification:Package 'src/autonomous_exploration_development_environment/src/terrain_analysis_ext' with type 'ros.ament_cmake' and name 'terrain_analysis_ext'
[0.520s] Level 1:colcon.colcon_core.package_identification:_identify(src/autonomous_exploration_development_environment/src/vehicle_simulator) by extensions ['ignore', 'ignore_ament_install']
[0.520s] Level 1:colcon.colcon_core.package_identification:_identify(src/autonomous_exploration_development_environment/src/vehicle_simulator) by extension 'ignore'
[0.520s] Level 1:colcon.colcon_core.package_identification:_identify(src/autonomous_exploration_development_environment/src/vehicle_simulator) by extension 'ignore_ament_install'
[0.520s] Level 1:colcon.colcon_core.package_identification:_identify(src/autonomous_exploration_development_environment/src/vehicle_simulator) by extensions ['colcon_pkg']
[0.520s] Level 1:colcon.colcon_core.package_identification:_identify(src/autonomous_exploration_development_environment/src/vehicle_simulator) by extension 'colcon_pkg'
[0.520s] Level 1:colcon.colcon_core.package_identification:_identify(src/autonomous_exploration_development_environment/src/vehicle_simulator) by extensions ['colcon_meta']
[0.520s] Level 1:colcon.colcon_core.package_identification:_identify(src/autonomous_exploration_development_environment/src/vehicle_simulator) by extension 'colcon_meta'
[0.520s] Level 1:colcon.colcon_core.package_identification:_identify(src/autonomous_exploration_development_environment/src/vehicle_simulator) by extensions ['ros']
[0.520s] Level 1:colcon.colcon_core.package_identification:_identify(src/autonomous_exploration_development_environment/src/vehicle_simulator) by extension 'ros'
[0.521s] DEBUG:colcon.colcon_core.package_identification:Package 'src/autonomous_exploration_development_environment/src/vehicle_simulator' with type 'ros.ament_cmake' and name 'vehicle_simulator'
[0.521s] Level 1:colcon.colcon_core.package_identification:_identify(src/autonomous_exploration_development_environment/src/velodyne_simulator) by extensions ['ignore', 'ignore_ament_install']
[0.522s] Level 1:colcon.colcon_core.package_identification:_identify(src/autonomous_exploration_development_environment/src/velodyne_simulator) by extension 'ignore'
[0.522s] Level 1:colcon.colcon_core.package_identification:_identify(src/autonomous_exploration_development_environment/src/velodyne_simulator) by extension 'ignore_ament_install'
[0.522s] Level 1:colcon.colcon_core.package_identification:_identify(src/autonomous_exploration_development_environment/src/velodyne_simulator) by extensions ['colcon_pkg']
[0.522s] Level 1:colcon.colcon_core.package_identification:_identify(src/autonomous_exploration_development_environment/src/velodyne_simulator) by extension 'colcon_pkg'
[0.522s] Level 1:colcon.colcon_core.package_identification:_identify(src/autonomous_exploration_development_environment/src/velodyne_simulator) by extensions ['colcon_meta']
[0.522s] Level 1:colcon.colcon_core.package_identification:_identify(src/autonomous_exploration_development_environment/src/velodyne_simulator) by extension 'colcon_meta'
[0.522s] Level 1:colcon.colcon_core.package_identification:_identify(src/autonomous_exploration_development_environment/src/velodyne_simulator) by extensions ['ros']
[0.522s] Level 1:colcon.colcon_core.package_identification:_identify(src/autonomous_exploration_development_environment/src/velodyne_simulator) by extension 'ros'
[0.522s] Level 1:colcon.colcon_core.package_identification:_identify(src/autonomous_exploration_development_environment/src/velodyne_simulator) by extensions ['cmake', 'python']
[0.522s] Level 1:colcon.colcon_core.package_identification:_identify(src/autonomous_exploration_development_environment/src/velodyne_simulator) by extension 'cmake'
[0.522s] Level 1:colcon.colcon_core.package_identification:_identify(src/autonomous_exploration_development_environment/src/velodyne_simulator) by extension 'python'
[0.522s] Level 1:colcon.colcon_core.package_identification:_identify(src/autonomous_exploration_development_environment/src/velodyne_simulator) by extensions ['python_setup_py']
[0.522s] Level 1:colcon.colcon_core.package_identification:_identify(src/autonomous_exploration_development_environment/src/velodyne_simulator) by extension 'python_setup_py'
[0.522s] Level 1:colcon.colcon_core.package_identification:_identify(src/autonomous_exploration_development_environment/src/velodyne_simulator/velodyne_description) by extensions ['ignore', 'ignore_ament_install']
[0.522s] Level 1:colcon.colcon_core.package_identification:_identify(src/autonomous_exploration_development_environment/src/velodyne_simulator/velodyne_description) by extension 'ignore'
[0.522s] Level 1:colcon.colcon_core.package_identification:_identify(src/autonomous_exploration_development_environment/src/velodyne_simulator/velodyne_description) by extension 'ignore_ament_install'
[0.522s] Level 1:colcon.colcon_core.package_identification:_identify(src/autonomous_exploration_development_environment/src/velodyne_simulator/velodyne_description) by extensions ['colcon_pkg']
[0.522s] Level 1:colcon.colcon_core.package_identification:_identify(src/autonomous_exploration_development_environment/src/velodyne_simulator/velodyne_description) by extension 'colcon_pkg'
[0.522s] Level 1:colcon.colcon_core.package_identification:_identify(src/autonomous_exploration_development_environment/src/velodyne_simulator/velodyne_description) by extensions ['colcon_meta']
[0.522s] Level 1:colcon.colcon_core.package_identification:_identify(src/autonomous_exploration_development_environment/src/velodyne_simulator/velodyne_description) by extension 'colcon_meta'
[0.522s] Level 1:colcon.colcon_core.package_identification:_identify(src/autonomous_exploration_development_environment/src/velodyne_simulator/velodyne_description) by extensions ['ros']
[0.522s] Level 1:colcon.colcon_core.package_identification:_identify(src/autonomous_exploration_development_environment/src/velodyne_simulator/velodyne_description) by extension 'ros'
[0.523s] DEBUG:colcon.colcon_core.package_identification:Package 'src/autonomous_exploration_development_environment/src/velodyne_simulator/velodyne_description' with type 'ros.ament_cmake' and name 'velodyne_description'
[0.523s] Level 1:colcon.colcon_core.package_identification:_identify(src/autonomous_exploration_development_environment/src/velodyne_simulator/velodyne_gazebo_plugins) by extensions ['ignore', 'ignore_ament_install']
[0.523s] Level 1:colcon.colcon_core.package_identification:_identify(src/autonomous_exploration_development_environment/src/velodyne_simulator/velodyne_gazebo_plugins) by extension 'ignore'
[0.523s] Level 1:colcon.colcon_core.package_identification:_identify(src/autonomous_exploration_development_environment/src/velodyne_simulator/velodyne_gazebo_plugins) by extension 'ignore_ament_install'
[0.523s] Level 1:colcon.colcon_core.package_identification:_identify(src/autonomous_exploration_development_environment/src/velodyne_simulator/velodyne_gazebo_plugins) by extensions ['colcon_pkg']
[0.523s] Level 1:colcon.colcon_core.package_identification:_identify(src/autonomous_exploration_development_environment/src/velodyne_simulator/velodyne_gazebo_plugins) by extension 'colcon_pkg'
[0.523s] Level 1:colcon.colcon_core.package_identification:_identify(src/autonomous_exploration_development_environment/src/velodyne_simulator/velodyne_gazebo_plugins) by extensions ['colcon_meta']
[0.523s] Level 1:colcon.colcon_core.package_identification:_identify(src/autonomous_exploration_development_environment/src/velodyne_simulator/velodyne_gazebo_plugins) by extension 'colcon_meta'
[0.523s] Level 1:colcon.colcon_core.package_identification:_identify(src/autonomous_exploration_development_environment/src/velodyne_simulator/velodyne_gazebo_plugins) by extensions ['ros']
[0.523s] Level 1:colcon.colcon_core.package_identification:_identify(src/autonomous_exploration_development_environment/src/velodyne_simulator/velodyne_gazebo_plugins) by extension 'ros'
[0.524s] DEBUG:colcon.colcon_core.package_identification:Package 'src/autonomous_exploration_development_environment/src/velodyne_simulator/velodyne_gazebo_plugins' with type 'ros.ament_cmake' and name 'velodyne_gazebo_plugins'
[0.524s] Level 1:colcon.colcon_core.package_identification:_identify(src/autonomous_exploration_development_environment/src/velodyne_simulator/velodyne_simulator) by extensions ['ignore', 'ignore_ament_install']
[0.524s] Level 1:colcon.colcon_core.package_identification:_identify(src/autonomous_exploration_development_environment/src/velodyne_simulator/velodyne_simulator) by extension 'ignore'
[0.524s] Level 1:colcon.colcon_core.package_identification:_identify(src/autonomous_exploration_development_environment/src/velodyne_simulator/velodyne_simulator) by extension 'ignore_ament_install'
[0.524s] Level 1:colcon.colcon_core.package_identification:_identify(src/autonomous_exploration_development_environment/src/velodyne_simulator/velodyne_simulator) by extensions ['colcon_pkg']
[0.524s] Level 1:colcon.colcon_core.package_identification:_identify(src/autonomous_exploration_development_environment/src/velodyne_simulator/velodyne_simulator) by extension 'colcon_pkg'
[0.524s] Level 1:colcon.colcon_core.package_identification:_identify(src/autonomous_exploration_development_environment/src/velodyne_simulator/velodyne_simulator) by extensions ['colcon_meta']
[0.524s] Level 1:colcon.colcon_core.package_identification:_identify(src/autonomous_exploration_development_environment/src/velodyne_simulator/velodyne_simulator) by extension 'colcon_meta'
[0.524s] Level 1:colcon.colcon_core.package_identification:_identify(src/autonomous_exploration_development_environment/src/velodyne_simulator/velodyne_simulator) by extensions ['ros']
[0.525s] Level 1:colcon.colcon_core.package_identification:_identify(src/autonomous_exploration_development_environment/src/velodyne_simulator/velodyne_simulator) by extension 'ros'
[0.525s] DEBUG:colcon.colcon_core.package_identification:Package 'src/autonomous_exploration_development_environment/src/velodyne_simulator/velodyne_simulator' with type 'ros.ament_cmake' and name 'velodyne_simulator'
[0.525s] Level 1:colcon.colcon_core.package_identification:_identify(src/autonomous_exploration_development_environment/src/visualization_tools) by extensions ['ignore', 'ignore_ament_install']
[0.525s] Level 1:colcon.colcon_core.package_identification:_identify(src/autonomous_exploration_development_environment/src/visualization_tools) by extension 'ignore'
[0.525s] Level 1:colcon.colcon_core.package_identification:_identify(src/autonomous_exploration_development_environment/src/visualization_tools) by extension 'ignore_ament_install'
[0.525s] Level 1:colcon.colcon_core.package_identification:_identify(src/autonomous_exploration_development_environment/src/visualization_tools) by extensions ['colcon_pkg']
[0.525s] Level 1:colcon.colcon_core.package_identification:_identify(src/autonomous_exploration_development_environment/src/visualization_tools) by extension 'colcon_pkg'
[0.525s] Level 1:colcon.colcon_core.package_identification:_identify(src/autonomous_exploration_development_environment/src/visualization_tools) by extensions ['colcon_meta']
[0.525s] Level 1:colcon.colcon_core.package_identification:_identify(src/autonomous_exploration_development_environment/src/visualization_tools) by extension 'colcon_meta'
[0.525s] Level 1:colcon.colcon_core.package_identification:_identify(src/autonomous_exploration_development_environment/src/visualization_tools) by extensions ['ros']
[0.525s] Level 1:colcon.colcon_core.package_identification:_identify(src/autonomous_exploration_development_environment/src/visualization_tools) by extension 'ros'
[0.526s] DEBUG:colcon.colcon_core.package_identification:Package 'src/autonomous_exploration_development_environment/src/visualization_tools' with type 'ros.ament_cmake' and name 'visualization_tools'
[0.527s] Level 1:colcon.colcon_core.package_identification:_identify(src/autonomous_exploration_development_environment/src/waypoint_example) by extensions ['ignore', 'ignore_ament_install']
[0.527s] Level 1:colcon.colcon_core.package_identification:_identify(src/autonomous_exploration_development_environment/src/waypoint_example) by extension 'ignore'
[0.527s] Level 1:colcon.colcon_core.package_identification:_identify(src/autonomous_exploration_development_environment/src/waypoint_example) by extension 'ignore_ament_install'
[0.527s] Level 1:colcon.colcon_core.package_identification:_identify(src/autonomous_exploration_development_environment/src/waypoint_example) by extensions ['colcon_pkg']
[0.527s] Level 1:colcon.colcon_core.package_identification:_identify(src/autonomous_exploration_development_environment/src/waypoint_example) by extension 'colcon_pkg'
[0.527s] Level 1:colcon.colcon_core.package_identification:_identify(src/autonomous_exploration_development_environment/src/waypoint_example) by extensions ['colcon_meta']
[0.527s] Level 1:colcon.colcon_core.package_identification:_identify(src/autonomous_exploration_development_environment/src/waypoint_example) by extension 'colcon_meta'
[0.527s] Level 1:colcon.colcon_core.package_identification:_identify(src/autonomous_exploration_development_environment/src/waypoint_example) by extensions ['ros']
[0.527s] Level 1:colcon.colcon_core.package_identification:_identify(src/autonomous_exploration_development_environment/src/waypoint_example) by extension 'ros'
[0.528s] DEBUG:colcon.colcon_core.package_identification:Package 'src/autonomous_exploration_development_environment/src/waypoint_example' with type 'ros.ament_cmake' and name 'waypoint_example'
[0.528s] Level 1:colcon.colcon_core.package_identification:_identify(src/autonomous_exploration_development_environment/src/waypoint_rviz_plugin) by extensions ['ignore', 'ignore_ament_install']
[0.528s] Level 1:colcon.colcon_core.package_identification:_identify(src/autonomous_exploration_development_environment/src/waypoint_rviz_plugin) by extension 'ignore'
[0.528s] Level 1:colcon.colcon_core.package_identification:_identify(src/autonomous_exploration_development_environment/src/waypoint_rviz_plugin) by extension 'ignore_ament_install'
[0.528s] Level 1:colcon.colcon_core.package_identification:_identify(src/autonomous_exploration_development_environment/src/waypoint_rviz_plugin) by extensions ['colcon_pkg']
[0.528s] Level 1:colcon.colcon_core.package_identification:_identify(src/autonomous_exploration_development_environment/src/waypoint_rviz_plugin) by extension 'colcon_pkg'
[0.528s] Level 1:colcon.colcon_core.package_identification:_identify(src/autonomous_exploration_development_environment/src/waypoint_rviz_plugin) by extensions ['colcon_meta']
[0.528s] Level 1:colcon.colcon_core.package_identification:_identify(src/autonomous_exploration_development_environment/src/waypoint_rviz_plugin) by extension 'colcon_meta'
[0.528s] Level 1:colcon.colcon_core.package_identification:_identify(src/autonomous_exploration_development_environment/src/waypoint_rviz_plugin) by extensions ['ros']
[0.528s] Level 1:colcon.colcon_core.package_identification:_identify(src/autonomous_exploration_development_environment/src/waypoint_rviz_plugin) by extension 'ros'
[0.529s] DEBUG:colcon.colcon_core.package_identification:Package 'src/autonomous_exploration_development_environment/src/waypoint_rviz_plugin' with type 'ros.ament_cmake' and name 'waypoint_rviz_plugin'
[0.530s] Level 1:colcon.colcon_core.package_identification:_identify(src/build) by extensions ['ignore', 'ignore_ament_install']
[0.530s] Level 1:colcon.colcon_core.package_identification:_identify(src/build) by extension 'ignore'
[0.530s] Level 1:colcon.colcon_core.package_identification:_identify(src/build) ignored
[0.530s] Level 1:colcon.colcon_core.package_identification:_identify(src/dsv_planner) by extensions ['ignore', 'ignore_ament_install']
[0.530s] Level 1:colcon.colcon_core.package_identification:_identify(src/dsv_planner) by extension 'ignore'
[0.530s] Level 1:colcon.colcon_core.package_identification:_identify(src/dsv_planner) by extension 'ignore_ament_install'
[0.530s] Level 1:colcon.colcon_core.package_identification:_identify(src/dsv_planner) by extensions ['colcon_pkg']
[0.530s] Level 1:colcon.colcon_core.package_identification:_identify(src/dsv_planner) by extension 'colcon_pkg'
[0.530s] Level 1:colcon.colcon_core.package_identification:_identify(src/dsv_planner) by extensions ['colcon_meta']
[0.530s] Level 1:colcon.colcon_core.package_identification:_identify(src/dsv_planner) by extension 'colcon_meta'
[0.530s] Level 1:colcon.colcon_core.package_identification:_identify(src/dsv_planner) by extensions ['ros']
[0.530s] Level 1:colcon.colcon_core.package_identification:_identify(src/dsv_planner) by extension 'ros'
[0.530s] Level 1:colcon.colcon_core.package_identification:_identify(src/dsv_planner) by extensions ['cmake', 'python']
[0.530s] Level 1:colcon.colcon_core.package_identification:_identify(src/dsv_planner) by extension 'cmake'
[0.530s] Level 1:colcon.colcon_core.package_identification:_identify(src/dsv_planner) by extension 'python'
[0.530s] Level 1:colcon.colcon_core.package_identification:_identify(src/dsv_planner) by extensions ['python_setup_py']
[0.530s] Level 1:colcon.colcon_core.package_identification:_identify(src/dsv_planner) by extension 'python_setup_py'
[0.531s] Level 1:colcon.colcon_core.package_identification:_identify(src/dsv_planner/image) by extensions ['ignore', 'ignore_ament_install']
[0.531s] Level 1:colcon.colcon_core.package_identification:_identify(src/dsv_planner/image) by extension 'ignore'
[0.531s] Level 1:colcon.colcon_core.package_identification:_identify(src/dsv_planner/image) by extension 'ignore_ament_install'
[0.531s] Level 1:colcon.colcon_core.package_identification:_identify(src/dsv_planner/image) by extensions ['colcon_pkg']
[0.531s] Level 1:colcon.colcon_core.package_identification:_identify(src/dsv_planner/image) by extension 'colcon_pkg'
[0.531s] Level 1:colcon.colcon_core.package_identification:_identify(src/dsv_planner/image) by extensions ['colcon_meta']
[0.531s] Level 1:colcon.colcon_core.package_identification:_identify(src/dsv_planner/image) by extension 'colcon_meta'
[0.531s] Level 1:colcon.colcon_core.package_identification:_identify(src/dsv_planner/image) by extensions ['ros']
[0.531s] Level 1:colcon.colcon_core.package_identification:_identify(src/dsv_planner/image) by extension 'ros'
[0.531s] Level 1:colcon.colcon_core.package_identification:_identify(src/dsv_planner/image) by extensions ['cmake', 'python']
[0.531s] Level 1:colcon.colcon_core.package_identification:_identify(src/dsv_planner/image) by extension 'cmake'
[0.531s] Level 1:colcon.colcon_core.package_identification:_identify(src/dsv_planner/image) by extension 'python'
[0.531s] Level 1:colcon.colcon_core.package_identification:_identify(src/dsv_planner/image) by extensions ['python_setup_py']
[0.531s] Level 1:colcon.colcon_core.package_identification:_identify(src/dsv_planner/image) by extension 'python_setup_py'
[0.531s] Level 1:colcon.colcon_core.package_identification:_identify(src/dsv_planner/src) by extensions ['ignore', 'ignore_ament_install']
[0.531s] Level 1:colcon.colcon_core.package_identification:_identify(src/dsv_planner/src) by extension 'ignore'
[0.531s] Level 1:colcon.colcon_core.package_identification:_identify(src/dsv_planner/src) by extension 'ignore_ament_install'
[0.531s] Level 1:colcon.colcon_core.package_identification:_identify(src/dsv_planner/src) by extensions ['colcon_pkg']
[0.531s] Level 1:colcon.colcon_core.package_identification:_identify(src/dsv_planner/src) by extension 'colcon_pkg'
[0.531s] Level 1:colcon.colcon_core.package_identification:_identify(src/dsv_planner/src) by extensions ['colcon_meta']
[0.531s] Level 1:colcon.colcon_core.package_identification:_identify(src/dsv_planner/src) by extension 'colcon_meta'
[0.531s] Level 1:colcon.colcon_core.package_identification:_identify(src/dsv_planner/src) by extensions ['ros']
[0.531s] Level 1:colcon.colcon_core.package_identification:_identify(src/dsv_planner/src) by extension 'ros'
[0.531s] Level 1:colcon.colcon_core.package_identification:_identify(src/dsv_planner/src) by extensions ['cmake', 'python']
[0.531s] Level 1:colcon.colcon_core.package_identification:_identify(src/dsv_planner/src) by extension 'cmake'
[0.531s] Level 1:colcon.colcon_core.package_identification:_identify(src/dsv_planner/src) by extension 'python'
[0.531s] Level 1:colcon.colcon_core.package_identification:_identify(src/dsv_planner/src) by extensions ['python_setup_py']
[0.532s] Level 1:colcon.colcon_core.package_identification:_identify(src/dsv_planner/src) by extension 'python_setup_py'
[0.532s] Level 1:colcon.colcon_core.package_identification:_identify(src/dsv_planner/src/dsvplanner) by extensions ['ignore', 'ignore_ament_install']
[0.532s] Level 1:colcon.colcon_core.package_identification:_identify(src/dsv_planner/src/dsvplanner) by extension 'ignore'
[0.532s] Level 1:colcon.colcon_core.package_identification:_identify(src/dsv_planner/src/dsvplanner) by extension 'ignore_ament_install'
[0.532s] Level 1:colcon.colcon_core.package_identification:_identify(src/dsv_planner/src/dsvplanner) by extensions ['colcon_pkg']
[0.532s] Level 1:colcon.colcon_core.package_identification:_identify(src/dsv_planner/src/dsvplanner) by extension 'colcon_pkg'
[0.532s] Level 1:colcon.colcon_core.package_identification:_identify(src/dsv_planner/src/dsvplanner) by extensions ['colcon_meta']
[0.532s] Level 1:colcon.colcon_core.package_identification:_identify(src/dsv_planner/src/dsvplanner) by extension 'colcon_meta'
[0.532s] Level 1:colcon.colcon_core.package_identification:_identify(src/dsv_planner/src/dsvplanner) by extensions ['ros']
[0.532s] Level 1:colcon.colcon_core.package_identification:_identify(src/dsv_planner/src/dsvplanner) by extension 'ros'
[0.532s] Level 1:colcon.colcon_core.package_identification:_identify(src/dsv_planner/src/dsvplanner) by extensions ['cmake', 'python']
[0.532s] Level 1:colcon.colcon_core.package_identification:_identify(src/dsv_planner/src/dsvplanner) by extension 'cmake'
[0.532s] Level 1:colcon.colcon_core.package_identification:_identify(src/dsv_planner/src/dsvplanner) by extension 'python'
[0.532s] Level 1:colcon.colcon_core.package_identification:_identify(src/dsv_planner/src/dsvplanner) by extensions ['python_setup_py']
[0.532s] Level 1:colcon.colcon_core.package_identification:_identify(src/dsv_planner/src/dsvplanner) by extension 'python_setup_py'
[0.532s] Level 1:colcon.colcon_core.package_identification:_identify(src/dsv_planner/src/dsvplanner/dsvp_launch) by extensions ['ignore', 'ignore_ament_install']
[0.533s] Level 1:colcon.colcon_core.package_identification:_identify(src/dsv_planner/src/dsvplanner/dsvp_launch) by extension 'ignore'
[0.533s] Level 1:colcon.colcon_core.package_identification:_identify(src/dsv_planner/src/dsvplanner/dsvp_launch) by extension 'ignore_ament_install'
[0.533s] Level 1:colcon.colcon_core.package_identification:_identify(src/dsv_planner/src/dsvplanner/dsvp_launch) by extensions ['colcon_pkg']
[0.533s] Level 1:colcon.colcon_core.package_identification:_identify(src/dsv_planner/src/dsvplanner/dsvp_launch) by extension 'colcon_pkg'
[0.533s] Level 1:colcon.colcon_core.package_identification:_identify(src/dsv_planner/src/dsvplanner/dsvp_launch) by extensions ['colcon_meta']
[0.533s] Level 1:colcon.colcon_core.package_identification:_identify(src/dsv_planner/src/dsvplanner/dsvp_launch) by extension 'colcon_meta'
[0.533s] Level 1:colcon.colcon_core.package_identification:_identify(src/dsv_planner/src/dsvplanner/dsvp_launch) by extensions ['ros']
[0.533s] Level 1:colcon.colcon_core.package_identification:_identify(src/dsv_planner/src/dsvplanner/dsvp_launch) by extension 'ros'
[0.533s] DEBUG:colcon.colcon_core.package_identification:Package 'src/dsv_planner/src/dsvplanner/dsvp_launch' with type 'ros.ament_cmake' and name 'dsvp_launch'
[0.534s] Level 1:colcon.colcon_core.package_identification:_identify(src/dsv_planner/src/dsvplanner/dsvplanner) by extensions ['ignore', 'ignore_ament_install']
[0.534s] Level 1:colcon.colcon_core.package_identification:_identify(src/dsv_planner/src/dsvplanner/dsvplanner) by extension 'ignore'
[0.534s] Level 1:colcon.colcon_core.package_identification:_identify(src/dsv_planner/src/dsvplanner/dsvplanner) by extension 'ignore_ament_install'
[0.534s] Level 1:colcon.colcon_core.package_identification:_identify(src/dsv_planner/src/dsvplanner/dsvplanner) by extensions ['colcon_pkg']
[0.534s] Level 1:colcon.colcon_core.package_identification:_identify(src/dsv_planner/src/dsvplanner/dsvplanner) by extension 'colcon_pkg'
[0.534s] Level 1:colcon.colcon_core.package_identification:_identify(src/dsv_planner/src/dsvplanner/dsvplanner) by extensions ['colcon_meta']
[0.534s] Level 1:colcon.colcon_core.package_identification:_identify(src/dsv_planner/src/dsvplanner/dsvplanner) by extension 'colcon_meta'
[0.534s] Level 1:colcon.colcon_core.package_identification:_identify(src/dsv_planner/src/dsvplanner/dsvplanner) by extensions ['ros']
[0.534s] Level 1:colcon.colcon_core.package_identification:_identify(src/dsv_planner/src/dsvplanner/dsvplanner) by extension 'ros'
[0.535s] DEBUG:colcon.colcon_core.package_identification:Package 'src/dsv_planner/src/dsvplanner/dsvplanner' with type 'ros.ament_cmake' and name 'dsvplanner'
[0.535s] Level 1:colcon.colcon_core.package_identification:_identify(src/dsv_planner/src/dsvplanner/graph_planner) by extensions ['ignore', 'ignore_ament_install']
[0.535s] Level 1:colcon.colcon_core.package_identification:_identify(src/dsv_planner/src/dsvplanner/graph_planner) by extension 'ignore'
[0.535s] Level 1:colcon.colcon_core.package_identification:_identify(src/dsv_planner/src/dsvplanner/graph_planner) by extension 'ignore_ament_install'
[0.535s] Level 1:colcon.colcon_core.package_identification:_identify(src/dsv_planner/src/dsvplanner/graph_planner) by extensions ['colcon_pkg']
[0.535s] Level 1:colcon.colcon_core.package_identification:_identify(src/dsv_planner/src/dsvplanner/graph_planner) by extension 'colcon_pkg'
[0.535s] Level 1:colcon.colcon_core.package_identification:_identify(src/dsv_planner/src/dsvplanner/graph_planner) by extensions ['colcon_meta']
[0.535s] Level 1:colcon.colcon_core.package_identification:_identify(src/dsv_planner/src/dsvplanner/graph_planner) by extension 'colcon_meta'
[0.535s] Level 1:colcon.colcon_core.package_identification:_identify(src/dsv_planner/src/dsvplanner/graph_planner) by extensions ['ros']
[0.535s] Level 1:colcon.colcon_core.package_identification:_identify(src/dsv_planner/src/dsvplanner/graph_planner) by extension 'ros'
[0.536s] DEBUG:colcon.colcon_core.package_identification:Package 'src/dsv_planner/src/dsvplanner/graph_planner' with type 'ros.ament_cmake' and name 'graph_planner'
[0.537s] Level 1:colcon.colcon_core.package_identification:_identify(src/dsv_planner/src/dsvplanner/graph_utils) by extensions ['ignore', 'ignore_ament_install']
[0.537s] Level 1:colcon.colcon_core.package_identification:_identify(src/dsv_planner/src/dsvplanner/graph_utils) by extension 'ignore'
[0.537s] Level 1:colcon.colcon_core.package_identification:_identify(src/dsv_planner/src/dsvplanner/graph_utils) by extension 'ignore_ament_install'
[0.537s] Level 1:colcon.colcon_core.package_identification:_identify(src/dsv_planner/src/dsvplanner/graph_utils) by extensions ['colcon_pkg']
[0.537s] Level 1:colcon.colcon_core.package_identification:_identify(src/dsv_planner/src/dsvplanner/graph_utils) by extension 'colcon_pkg'
[0.537s] Level 1:colcon.colcon_core.package_identification:_identify(src/dsv_planner/src/dsvplanner/graph_utils) by extensions ['colcon_meta']
[0.537s] Level 1:colcon.colcon_core.package_identification:_identify(src/dsv_planner/src/dsvplanner/graph_utils) by extension 'colcon_meta'
[0.537s] Level 1:colcon.colcon_core.package_identification:_identify(src/dsv_planner/src/dsvplanner/graph_utils) by extensions ['ros']
[0.537s] Level 1:colcon.colcon_core.package_identification:_identify(src/dsv_planner/src/dsvplanner/graph_utils) by extension 'ros'
[0.537s] DEBUG:colcon.colcon_core.package_identification:Package 'src/dsv_planner/src/dsvplanner/graph_utils' with type 'ros.ament_cmake' and name 'graph_utils'
[0.538s] Level 1:colcon.colcon_core.package_identification:_identify(src/dsv_planner/src/dsvplanner/misc_utils) by extensions ['ignore', 'ignore_ament_install']
[0.538s] Level 1:colcon.colcon_core.package_identification:_identify(src/dsv_planner/src/dsvplanner/misc_utils) by extension 'ignore'
[0.538s] Level 1:colcon.colcon_core.package_identification:_identify(src/dsv_planner/src/dsvplanner/misc_utils) by extension 'ignore_ament_install'
[0.538s] Level 1:colcon.colcon_core.package_identification:_identify(src/dsv_planner/src/dsvplanner/misc_utils) by extensions ['colcon_pkg']
[0.538s] Level 1:colcon.colcon_core.package_identification:_identify(src/dsv_planner/src/dsvplanner/misc_utils) by extension 'colcon_pkg'
[0.538s] Level 1:colcon.colcon_core.package_identification:_identify(src/dsv_planner/src/dsvplanner/misc_utils) by extensions ['colcon_meta']
[0.538s] Level 1:colcon.colcon_core.package_identification:_identify(src/dsv_planner/src/dsvplanner/misc_utils) by extension 'colcon_meta'
[0.538s] Level 1:colcon.colcon_core.package_identification:_identify(src/dsv_planner/src/dsvplanner/misc_utils) by extensions ['ros']
[0.538s] Level 1:colcon.colcon_core.package_identification:_identify(src/dsv_planner/src/dsvplanner/misc_utils) by extension 'ros'
[0.539s] DEBUG:colcon.colcon_core.package_identification:Package 'src/dsv_planner/src/dsvplanner/misc_utils' with type 'ros.ament_cmake' and name 'misc_utils'
[0.539s] Level 1:colcon.colcon_core.package_identification:_identify(src/dsv_planner/src/kdtree) by extensions ['ignore', 'ignore_ament_install']
[0.539s] Level 1:colcon.colcon_core.package_identification:_identify(src/dsv_planner/src/kdtree) by extension 'ignore'
[0.539s] Level 1:colcon.colcon_core.package_identification:_identify(src/dsv_planner/src/kdtree) by extension 'ignore_ament_install'
[0.539s] Level 1:colcon.colcon_core.package_identification:_identify(src/dsv_planner/src/kdtree) by extensions ['colcon_pkg']
[0.539s] Level 1:colcon.colcon_core.package_identification:_identify(src/dsv_planner/src/kdtree) by extension 'colcon_pkg'
[0.539s] Level 1:colcon.colcon_core.package_identification:_identify(src/dsv_planner/src/kdtree) by extensions ['colcon_meta']
[0.539s] Level 1:colcon.colcon_core.package_identification:_identify(src/dsv_planner/src/kdtree) by extension 'colcon_meta'
[0.539s] Level 1:colcon.colcon_core.package_identification:_identify(src/dsv_planner/src/kdtree) by extensions ['ros']
[0.539s] Level 1:colcon.colcon_core.package_identification:_identify(src/dsv_planner/src/kdtree) by extension 'ros'
[0.539s] DEBUG:colcon.colcon_core.package_identification:Package 'src/dsv_planner/src/kdtree' with type 'ros.catkin' and name 'kdtree'
[0.540s] Level 1:colcon.colcon_core.package_identification:_identify(src/dsv_planner/src/minkindr) by extensions ['ignore', 'ignore_ament_install']
[0.540s] Level 1:colcon.colcon_core.package_identification:_identify(src/dsv_planner/src/minkindr) by extension 'ignore'
[0.540s] Level 1:colcon.colcon_core.package_identification:_identify(src/dsv_planner/src/minkindr) by extension 'ignore_ament_install'
[0.540s] Level 1:colcon.colcon_core.package_identification:_identify(src/dsv_planner/src/minkindr) by extensions ['colcon_pkg']
[0.540s] Level 1:colcon.colcon_core.package_identification:_identify(src/dsv_planner/src/minkindr) by extension 'colcon_pkg'
[0.540s] Level 1:colcon.colcon_core.package_identification:_identify(src/dsv_planner/src/minkindr) by extensions ['colcon_meta']
[0.540s] Level 1:colcon.colcon_core.package_identification:_identify(src/dsv_planner/src/minkindr) by extension 'colcon_meta'
[0.540s] Level 1:colcon.colcon_core.package_identification:_identify(src/dsv_planner/src/minkindr) by extensions ['ros']
[0.540s] Level 1:colcon.colcon_core.package_identification:_identify(src/dsv_planner/src/minkindr) by extension 'ros'
[0.540s] Level 1:colcon.colcon_core.package_identification:_identify(src/dsv_planner/src/minkindr) by extensions ['cmake', 'python']
[0.540s] Level 1:colcon.colcon_core.package_identification:_identify(src/dsv_planner/src/minkindr) by extension 'cmake'
[0.540s] Level 1:colcon.colcon_core.package_identification:_identify(src/dsv_planner/src/minkindr) by extension 'python'
[0.540s] Level 1:colcon.colcon_core.package_identification:_identify(src/dsv_planner/src/minkindr) by extensions ['python_setup_py']
[0.540s] Level 1:colcon.colcon_core.package_identification:_identify(src/dsv_planner/src/minkindr) by extension 'python_setup_py'
[0.540s] Level 1:colcon.colcon_core.package_identification:_identify(src/dsv_planner/src/minkindr/minkindr) by extensions ['ignore', 'ignore_ament_install']
[0.540s] Level 1:colcon.colcon_core.package_identification:_identify(src/dsv_planner/src/minkindr/minkindr) by extension 'ignore'
[0.540s] Level 1:colcon.colcon_core.package_identification:_identify(src/dsv_planner/src/minkindr/minkindr) by extension 'ignore_ament_install'
[0.540s] Level 1:colcon.colcon_core.package_identification:_identify(src/dsv_planner/src/minkindr/minkindr) by extensions ['colcon_pkg']
[0.540s] Level 1:colcon.colcon_core.package_identification:_identify(src/dsv_planner/src/minkindr/minkindr) by extension 'colcon_pkg'
[0.540s] Level 1:colcon.colcon_core.package_identification:_identify(src/dsv_planner/src/minkindr/minkindr) by extensions ['colcon_meta']
[0.540s] Level 1:colcon.colcon_core.package_identification:_identify(src/dsv_planner/src/minkindr/minkindr) by extension 'colcon_meta'
[0.540s] Level 1:colcon.colcon_core.package_identification:_identify(src/dsv_planner/src/minkindr/minkindr) by extensions ['ros']
[0.541s] Level 1:colcon.colcon_core.package_identification:_identify(src/dsv_planner/src/minkindr/minkindr) by extension 'ros'
[0.541s] DEBUG:colcon.colcon_core.package_identification:Package 'src/dsv_planner/src/minkindr/minkindr' with type 'ros.catkin' and name 'minkindr'
[0.541s] Level 1:colcon.colcon_core.package_identification:_identify(src/dsv_planner/src/minkindr_ros) by extensions ['ignore', 'ignore_ament_install']
[0.541s] Level 1:colcon.colcon_core.package_identification:_identify(src/dsv_planner/src/minkindr_ros) by extension 'ignore'
[0.541s] Level 1:colcon.colcon_core.package_identification:_identify(src/dsv_planner/src/minkindr_ros) by extension 'ignore_ament_install'
[0.541s] Level 1:colcon.colcon_core.package_identification:_identify(src/dsv_planner/src/minkindr_ros) by extensions ['colcon_pkg']
[0.541s] Level 1:colcon.colcon_core.package_identification:_identify(src/dsv_planner/src/minkindr_ros) by extension 'colcon_pkg'
[0.541s] Level 1:colcon.colcon_core.package_identification:_identify(src/dsv_planner/src/minkindr_ros) by extensions ['colcon_meta']
[0.541s] Level 1:colcon.colcon_core.package_identification:_identify(src/dsv_planner/src/minkindr_ros) by extension 'colcon_meta'
[0.541s] Level 1:colcon.colcon_core.package_identification:_identify(src/dsv_planner/src/minkindr_ros) by extensions ['ros']
[0.541s] Level 1:colcon.colcon_core.package_identification:_identify(src/dsv_planner/src/minkindr_ros) by extension 'ros'
[0.541s] Level 1:colcon.colcon_core.package_identification:_identify(src/dsv_planner/src/minkindr_ros) by extensions ['cmake', 'python']
[0.541s] Level 1:colcon.colcon_core.package_identification:_identify(src/dsv_planner/src/minkindr_ros) by extension 'cmake'
[0.541s] Level 1:colcon.colcon_core.package_identification:_identify(src/dsv_planner/src/minkindr_ros) by extension 'python'
[0.541s] Level 1:colcon.colcon_core.package_identification:_identify(src/dsv_planner/src/minkindr_ros) by extensions ['python_setup_py']
[0.542s] Level 1:colcon.colcon_core.package_identification:_identify(src/dsv_planner/src/minkindr_ros) by extension 'python_setup_py'
[0.542s] Level 1:colcon.colcon_core.package_identification:_identify(src/dsv_planner/src/minkindr_ros/minkindr_conversions) by extensions ['ignore', 'ignore_ament_install']
[0.542s] Level 1:colcon.colcon_core.package_identification:_identify(src/dsv_planner/src/minkindr_ros/minkindr_conversions) by extension 'ignore'
[0.542s] Level 1:colcon.colcon_core.package_identification:_identify(src/dsv_planner/src/minkindr_ros/minkindr_conversions) by extension 'ignore_ament_install'
[0.542s] Level 1:colcon.colcon_core.package_identification:_identify(src/dsv_planner/src/minkindr_ros/minkindr_conversions) by extensions ['colcon_pkg']
[0.542s] Level 1:colcon.colcon_core.package_identification:_identify(src/dsv_planner/src/minkindr_ros/minkindr_conversions) by extension 'colcon_pkg'
[0.542s] Level 1:colcon.colcon_core.package_identification:_identify(src/dsv_planner/src/minkindr_ros/minkindr_conversions) by extensions ['colcon_meta']
[0.542s] Level 1:colcon.colcon_core.package_identification:_identify(src/dsv_planner/src/minkindr_ros/minkindr_conversions) by extension 'colcon_meta'
[0.542s] Level 1:colcon.colcon_core.package_identification:_identify(src/dsv_planner/src/minkindr_ros/minkindr_conversions) by extensions ['ros']
[0.542s] Level 1:colcon.colcon_core.package_identification:_identify(src/dsv_planner/src/minkindr_ros/minkindr_conversions) by extension 'ros'
[0.543s] DEBUG:colcon.colcon_core.package_identification:Package 'src/dsv_planner/src/minkindr_ros/minkindr_conversions' with type 'ros.ament_cmake' and name 'minkindr_conversions'
[0.543s] Level 1:colcon.colcon_core.package_identification:_identify(src/dsv_planner/src/volumetric_mapping) by extensions ['ignore', 'ignore_ament_install']
[0.543s] Level 1:colcon.colcon_core.package_identification:_identify(src/dsv_planner/src/volumetric_mapping) by extension 'ignore'
[0.543s] Level 1:colcon.colcon_core.package_identification:_identify(src/dsv_planner/src/volumetric_mapping) by extension 'ignore_ament_install'
[0.543s] Level 1:colcon.colcon_core.package_identification:_identify(src/dsv_planner/src/volumetric_mapping) by extensions ['colcon_pkg']
[0.543s] Level 1:colcon.colcon_core.package_identification:_identify(src/dsv_planner/src/volumetric_mapping) by extension 'colcon_pkg'
[0.543s] Level 1:colcon.colcon_core.package_identification:_identify(src/dsv_planner/src/volumetric_mapping) by extensions ['colcon_meta']
[0.543s] Level 1:colcon.colcon_core.package_identification:_identify(src/dsv_planner/src/volumetric_mapping) by extension 'colcon_meta'
[0.543s] Level 1:colcon.colcon_core.package_identification:_identify(src/dsv_planner/src/volumetric_mapping) by extensions ['ros']
[0.543s] Level 1:colcon.colcon_core.package_identification:_identify(src/dsv_planner/src/volumetric_mapping) by extension 'ros'
[0.543s] Level 1:colcon.colcon_core.package_identification:_identify(src/dsv_planner/src/volumetric_mapping) by extensions ['cmake', 'python']
[0.543s] Level 1:colcon.colcon_core.package_identification:_identify(src/dsv_planner/src/volumetric_mapping) by extension 'cmake'
[0.543s] Level 1:colcon.colcon_core.package_identification:_identify(src/dsv_planner/src/volumetric_mapping) by extension 'python'
[0.543s] Level 1:colcon.colcon_core.package_identification:_identify(src/dsv_planner/src/volumetric_mapping) by extensions ['python_setup_py']
[0.543s] Level 1:colcon.colcon_core.package_identification:_identify(src/dsv_planner/src/volumetric_mapping) by extension 'python_setup_py'
[0.544s] Level 1:colcon.colcon_core.package_identification:_identify(src/dsv_planner/src/volumetric_mapping/octomap_world) by extensions ['ignore', 'ignore_ament_install']
[0.544s] Level 1:colcon.colcon_core.package_identification:_identify(src/dsv_planner/src/volumetric_mapping/octomap_world) by extension 'ignore'
[0.544s] Level 1:colcon.colcon_core.package_identification:_identify(src/dsv_planner/src/volumetric_mapping/octomap_world) by extension 'ignore_ament_install'
[0.544s] Level 1:colcon.colcon_core.package_identification:_identify(src/dsv_planner/src/volumetric_mapping/octomap_world) by extensions ['colcon_pkg']
[0.544s] Level 1:colcon.colcon_core.package_identification:_identify(src/dsv_planner/src/volumetric_mapping/octomap_world) by extension 'colcon_pkg'
[0.544s] Level 1:colcon.colcon_core.package_identification:_identify(src/dsv_planner/src/volumetric_mapping/octomap_world) by extensions ['colcon_meta']
[0.544s] Level 1:colcon.colcon_core.package_identification:_identify(src/dsv_planner/src/volumetric_mapping/octomap_world) by extension 'colcon_meta'
[0.544s] Level 1:colcon.colcon_core.package_identification:_identify(src/dsv_planner/src/volumetric_mapping/octomap_world) by extensions ['ros']
[0.544s] Level 1:colcon.colcon_core.package_identification:_identify(src/dsv_planner/src/volumetric_mapping/octomap_world) by extension 'ros'
[0.545s] DEBUG:colcon.colcon_core.package_identification:Package 'src/dsv_planner/src/volumetric_mapping/octomap_world' with type 'ros.ament_cmake' and name 'octomap_world'
[0.545s] Level 1:colcon.colcon_core.package_identification:_identify(src/dsv_planner/src/volumetric_mapping/volumetric_map_base) by extensions ['ignore', 'ignore_ament_install']
[0.545s] Level 1:colcon.colcon_core.package_identification:_identify(src/dsv_planner/src/volumetric_mapping/volumetric_map_base) by extension 'ignore'
[0.545s] Level 1:colcon.colcon_core.package_identification:_identify(src/dsv_planner/src/volumetric_mapping/volumetric_map_base) by extension 'ignore_ament_install'
[0.545s] Level 1:colcon.colcon_core.package_identification:_identify(src/dsv_planner/src/volumetric_mapping/volumetric_map_base) by extensions ['colcon_pkg']
[0.545s] Level 1:colcon.colcon_core.package_identification:_identify(src/dsv_planner/src/volumetric_mapping/volumetric_map_base) by extension 'colcon_pkg'
[0.545s] Level 1:colcon.colcon_core.package_identification:_identify(src/dsv_planner/src/volumetric_mapping/volumetric_map_base) by extensions ['colcon_meta']
[0.545s] Level 1:colcon.colcon_core.package_identification:_identify(src/dsv_planner/src/volumetric_mapping/volumetric_map_base) by extension 'colcon_meta'
[0.545s] Level 1:colcon.colcon_core.package_identification:_identify(src/dsv_planner/src/volumetric_mapping/volumetric_map_base) by extensions ['ros']
[0.545s] Level 1:colcon.colcon_core.package_identification:_identify(src/dsv_planner/src/volumetric_mapping/volumetric_map_base) by extension 'ros'
[0.546s] DEBUG:colcon.colcon_core.package_identification:Package 'src/dsv_planner/src/volumetric_mapping/volumetric_map_base' with type 'ros.catkin' and name 'volumetric_map_base'
[0.546s] Level 1:colcon.colcon_core.package_identification:_identify(src/dsv_planner/src/volumetric_mapping/volumetric_msgs) by extensions ['ignore', 'ignore_ament_install']
[0.546s] Level 1:colcon.colcon_core.package_identification:_identify(src/dsv_planner/src/volumetric_mapping/volumetric_msgs) by extension 'ignore'
[0.546s] Level 1:colcon.colcon_core.package_identification:_identify(src/dsv_planner/src/volumetric_mapping/volumetric_msgs) by extension 'ignore_ament_install'
[0.546s] Level 1:colcon.colcon_core.package_identification:_identify(src/dsv_planner/src/volumetric_mapping/volumetric_msgs) by extensions ['colcon_pkg']
[0.546s] Level 1:colcon.colcon_core.package_identification:_identify(src/dsv_planner/src/volumetric_mapping/volumetric_msgs) by extension 'colcon_pkg'
[0.546s] Level 1:colcon.colcon_core.package_identification:_identify(src/dsv_planner/src/volumetric_mapping/volumetric_msgs) by extensions ['colcon_meta']
[0.546s] Level 1:colcon.colcon_core.package_identification:_identify(src/dsv_planner/src/volumetric_mapping/volumetric_msgs) by extension 'colcon_meta'
[0.547s] Level 1:colcon.colcon_core.package_identification:_identify(src/dsv_planner/src/volumetric_mapping/volumetric_msgs) by extensions ['ros']
[0.547s] Level 1:colcon.colcon_core.package_identification:_identify(src/dsv_planner/src/volumetric_mapping/volumetric_msgs) by extension 'ros'
[0.547s] DEBUG:colcon.colcon_core.package_identification:Package 'src/dsv_planner/src/volumetric_mapping/volumetric_msgs' with type 'ros.ament_cmake' and name 'volumetric_msgs'
[0.547s] Level 1:colcon.colcon_core.package_identification:_identify(src/install) by extensions ['ignore', 'ignore_ament_install']
[0.547s] Level 1:colcon.colcon_core.package_identification:_identify(src/install) by extension 'ignore'
[0.547s] Level 1:colcon.colcon_core.package_identification:_identify(src/install) ignored
[0.548s] Level 1:colcon.colcon_core.package_identification:_identify(src/log) by extensions ['ignore', 'ignore_ament_install']
[0.548s] Level 1:colcon.colcon_core.package_identification:_identify(src/log) by extension 'ignore'
[0.548s] Level 1:colcon.colcon_core.package_identification:_identify(src/log) ignored
[0.548s] Level 1:colcon.colcon_core.package_discovery:discover_packages(recursive) using defaults
[0.548s] Level 1:colcon.colcon_core.package_discovery:discover_packages(ignore) discover
[0.548s] Level 1:colcon.colcon_core.package_discovery:discover_packages(ignore) using defaults
[0.548s] Level 1:colcon.colcon_core.package_discovery:discover_packages(path) discover
[0.548s] Level 1:colcon.colcon_core.package_discovery:discover_packages(path) using defaults
[0.572s] INFO:colcon.colcon_core.package_selection:Skipping not selected package 'joy' in 'src/autonomous_exploration_development_environment/src/joystick_drivers/joy'
[0.572s] INFO:colcon.colcon_core.package_selection:Skipping not selected package 'kdtree' in 'src/dsv_planner/src/kdtree'
[0.572s] INFO:colcon.colcon_core.package_selection:Skipping not selected package 'loam_interface' in 'src/autonomous_exploration_development_environment/src/loam_interface'
[0.572s] INFO:colcon.colcon_core.package_selection:Skipping not selected package 'local_planner' in 'src/autonomous_exploration_development_environment/src/local_planner'
[0.573s] INFO:colcon.colcon_core.package_selection:Skipping not selected package 'minkindr' in 'src/dsv_planner/src/minkindr/minkindr'
[0.573s] INFO:colcon.colcon_core.package_selection:Skipping not selected package 'misc_utils' in 'src/dsv_planner/src/dsvplanner/misc_utils'
[0.573s] INFO:colcon.colcon_core.package_selection:Skipping not selected package 'sensor_scan_generation' in 'src/autonomous_exploration_development_environment/src/sensor_scan_generation'
[0.573s] INFO:colcon.colcon_core.package_selection:Skipping not selected package 'terrain_analysis' in 'src/autonomous_exploration_development_environment/src/terrain_analysis'
[0.573s] INFO:colcon.colcon_core.package_selection:Skipping not selected package 'terrain_analysis_ext' in 'src/autonomous_exploration_development_environment/src/terrain_analysis_ext'
[0.573s] INFO:colcon.colcon_core.package_selection:Skipping not selected package 'vehicle_simulator' in 'src/autonomous_exploration_development_environment/src/vehicle_simulator'
[0.573s] INFO:colcon.colcon_core.package_selection:Skipping not selected package 'velodyne_description' in 'src/autonomous_exploration_development_environment/src/velodyne_simulator/velodyne_description'
[0.573s] INFO:colcon.colcon_core.package_selection:Skipping not selected package 'velodyne_gazebo_plugins' in 'src/autonomous_exploration_development_environment/src/velodyne_simulator/velodyne_gazebo_plugins'
[0.573s] INFO:colcon.colcon_core.package_selection:Skipping not selected package 'visualization_tools' in 'src/autonomous_exploration_development_environment/src/visualization_tools'
[0.573s] INFO:colcon.colcon_core.package_selection:Skipping not selected package 'volumetric_msgs' in 'src/dsv_planner/src/volumetric_mapping/volumetric_msgs'
[0.573s] INFO:colcon.colcon_core.package_selection:Skipping not selected package 'waypoint_example' in 'src/autonomous_exploration_development_environment/src/waypoint_example'
[0.573s] INFO:colcon.colcon_core.package_selection:Skipping not selected package 'waypoint_rviz_plugin' in 'src/autonomous_exploration_development_environment/src/waypoint_rviz_plugin'
[0.573s] INFO:colcon.colcon_core.package_selection:Skipping not selected package 'graph_utils' in 'src/dsv_planner/src/dsvplanner/graph_utils'
[0.573s] INFO:colcon.colcon_core.package_selection:Skipping not selected package 'minkindr_conversions' in 'src/dsv_planner/src/minkindr_ros/minkindr_conversions'
[0.573s] INFO:colcon.colcon_core.package_selection:Skipping not selected package 'velodyne_simulator' in 'src/autonomous_exploration_development_environment/src/velodyne_simulator/velodyne_simulator'
[0.573s] INFO:colcon.colcon_core.package_selection:Skipping not selected package 'volumetric_map_base' in 'src/dsv_planner/src/volumetric_mapping/volumetric_map_base'
[0.573s] INFO:colcon.colcon_core.package_selection:Skipping not selected package 'graph_planner' in 'src/dsv_planner/src/dsvplanner/graph_planner'
[0.573s] INFO:colcon.colcon_core.package_selection:Skipping not selected package 'octomap_world' in 'src/dsv_planner/src/volumetric_mapping/octomap_world'
[0.573s] INFO:colcon.colcon_core.package_selection:Skipping not selected package 'dsvp_launch' in 'src/dsv_planner/src/dsvplanner/dsvp_launch'
[0.573s] Level 1:colcon.colcon_core.package_discovery:discover_packages(prefix_path) check parameters
[0.573s] Level 1:colcon.colcon_core.package_discovery:discover_packages(prefix_path) discover
[0.578s] DEBUG:colcon.colcon_installed_package_information.package_discovery:Found 282 installed packages in /opt/ros/humble
[0.579s] Level 1:colcon.colcon_core.package_discovery:discover_packages(prefix_path) using defaults
[0.655s] Level 5:colcon.colcon_core.verb:set package 'dsvplanner' build argument 'cmake_args' from command line to '['-DCMAKE_BUILD_TYPE=Release']'
[0.655s] Level 5:colcon.colcon_core.verb:set package 'dsvplanner' build argument 'cmake_target' from command line to 'None'
[0.655s] Level 5:colcon.colcon_core.verb:set package 'dsvplanner' build argument 'cmake_target_skip_unavailable' from command line to 'False'
[0.655s] Level 5:colcon.colcon_core.verb:set package 'dsvplanner' build argument 'cmake_clean_cache' from command line to 'False'
[0.655s] Level 5:colcon.colcon_core.verb:set package 'dsvplanner' build argument 'cmake_clean_first' from command line to 'False'
[0.655s] Level 5:colcon.colcon_core.verb:set package 'dsvplanner' build argument 'cmake_force_configure' from command line to 'False'
[0.655s] Level 5:colcon.colcon_core.verb:set package 'dsvplanner' build argument 'ament_cmake_args' from command line to 'None'
[0.655s] Level 5:colcon.colcon_core.verb:set package 'dsvplanner' build argument 'catkin_cmake_args' from command line to 'None'
[0.655s] Level 5:colcon.colcon_core.verb:set package 'dsvplanner' build argument 'catkin_skip_building_tests' from command line to 'False'
[0.655s] DEBUG:colcon.colcon_core.verb:Building package 'dsvplanner' with the following arguments: {'ament_cmake_args': None, 'build_base': '/home/freesix/far_planner_ws/build/dsvplanner', 'catkin_cmake_args': None, 'catkin_skip_building_tests': False, 'cmake_args': ['-DCMAKE_BUILD_TYPE=Release'], 'cmake_clean_cache': False, 'cmake_clean_first': False, 'cmake_force_configure': False, 'cmake_target': None, 'cmake_target_skip_unavailable': False, 'install_base': '/home/freesix/far_planner_ws/install/dsvplanner', 'merge_install': False, 'path': '/home/freesix/far_planner_ws/src/dsv_planner/src/dsvplanner/dsvplanner', 'symlink_install': True, 'test_result_base': None}
[0.655s] INFO:colcon.colcon_core.executor:Executing jobs using 'parallel' executor
[0.657s] DEBUG:colcon.colcon_parallel_executor.executor.parallel:run_until_complete
[0.658s] INFO:colcon.colcon_ros.task.ament_cmake.build:Building ROS package in '/home/freesix/far_planner_ws/src/dsv_planner/src/dsvplanner/dsvplanner' with build type 'ament_cmake'
[0.658s] INFO:colcon.colcon_cmake.task.cmake.build:Building CMake package in '/home/freesix/far_planner_ws/src/dsv_planner/src/dsvplanner/dsvplanner'
[0.664s] INFO:colcon.colcon_core.plugin_system:Skipping extension 'colcon_core.shell.bat': Not used on non-Windows systems
[0.664s] INFO:colcon.colcon_core.shell:Skip shell extension 'powershell' for command environment: Not usable outside of PowerShell
[0.664s] DEBUG:colcon.colcon_core.shell:Skip shell extension 'dsv' for command environment
[1.316s] DEBUG:colcon.colcon_core.event_handler.log_command:Invoking command in '/home/freesix/far_planner_ws/build/dsvplanner': AMENT_PREFIX_PATH=/home/freesix/far_planner_ws/install/octomap_world:/home/freesix/far_planner_ws/install/graph_planner:/home/freesix/far_planner_ws/install/minkindr_conversions:/home/freesix/far_planner_ws/install/graph_utils:/home/freesix/far_planner_ws/install/volumetric_msgs:/home/freesix/far_planner_ws/install/misc_utils:${AMENT_PREFIX_PATH} CMAKE_PREFIX_PATH=/home/freesix/far_planner_ws/install/octomap_world:/home/freesix/far_planner_ws/install/graph_planner:/opt/ros/humble:/home/freesix/far_planner_ws/install/volumetric_map_base:/home/freesix/far_planner_ws/install/minkindr_conversions:/home/freesix/far_planner_ws/install/graph_utils:/home/freesix/far_planner_ws/install/volumetric_msgs:/home/freesix/far_planner_ws/install/misc_utils:/home/freesix/far_planner_ws/install/minkindr:/home/freesix/far_planner_ws/install/kdtree LD_LIBRARY_PATH=/home/freesix/far_planner_ws/install/octomap_world/lib:/home/freesix/far_planner_ws/install/graph_planner/lib:/home/freesix/far_planner_ws/install/volumetric_map_base/lib:/home/freesix/far_planner_ws/install/minkindr_conversions/lib:/home/freesix/far_planner_ws/install/graph_utils/lib:/home/freesix/far_planner_ws/install/volumetric_msgs/lib:/home/freesix/far_planner_ws/install/misc_utils/lib:/home/freesix/far_planner_ws/install/kdtree/lib:${LD_LIBRARY_PATH} PKG_CONFIG_PATH=/home/freesix/far_planner_ws/install/volumetric_map_base/lib/x86_64-linux-gnu/pkgconfig:/home/freesix/far_planner_ws/install/volumetric_map_base/lib/pkgconfig:/home/freesix/far_planner_ws/install/minkindr/lib/x86_64-linux-gnu/pkgconfig:/home/freesix/far_planner_ws/install/minkindr/lib/pkgconfig:/home/freesix/far_planner_ws/install/kdtree/lib/x86_64-linux-gnu/pkgconfig:/home/freesix/far_planner_ws/install/kdtree/lib/pkgconfig PYTHONPATH=/home/freesix/far_planner_ws/install/graph_planner/local/lib/python3.10/dist-packages:/home/freesix/far_planner_ws/install/graph_utils/local/lib/python3.10/dist-packages:/home/freesix/far_planner_ws/install/volumetric_msgs/local/lib/python3.10/dist-packages:${PYTHONPATH} ROS_PACKAGE_PATH=/home/freesix/far_planner_ws/install/volumetric_map_base/share:/home/freesix/far_planner_ws/install/minkindr/share:/home/freesix/far_planner_ws/install/kdtree/share /usr/local/bin/cmake --build /home/freesix/far_planner_ws/build/dsvplanner -- -j16 -l16
[21.560s] DEBUG:colcon.colcon_core.event_handler.log_command:Invoked command in '/home/freesix/far_planner_ws/build/dsvplanner' returned '0': AMENT_PREFIX_PATH=/home/freesix/far_planner_ws/install/octomap_world:/home/freesix/far_planner_ws/install/graph_planner:/home/freesix/far_planner_ws/install/minkindr_conversions:/home/freesix/far_planner_ws/install/graph_utils:/home/freesix/far_planner_ws/install/volumetric_msgs:/home/freesix/far_planner_ws/install/misc_utils:${AMENT_PREFIX_PATH} CMAKE_PREFIX_PATH=/home/freesix/far_planner_ws/install/octomap_world:/home/freesix/far_planner_ws/install/graph_planner:/opt/ros/humble:/home/freesix/far_planner_ws/install/volumetric_map_base:/home/freesix/far_planner_ws/install/minkindr_conversions:/home/freesix/far_planner_ws/install/graph_utils:/home/freesix/far_planner_ws/install/volumetric_msgs:/home/freesix/far_planner_ws/install/misc_utils:/home/freesix/far_planner_ws/install/minkindr:/home/freesix/far_planner_ws/install/kdtree LD_LIBRARY_PATH=/home/freesix/far_planner_ws/install/octomap_world/lib:/home/freesix/far_planner_ws/install/graph_planner/lib:/home/freesix/far_planner_ws/install/volumetric_map_base/lib:/home/freesix/far_planner_ws/install/minkindr_conversions/lib:/home/freesix/far_planner_ws/install/graph_utils/lib:/home/freesix/far_planner_ws/install/volumetric_msgs/lib:/home/freesix/far_planner_ws/install/misc_utils/lib:/home/freesix/far_planner_ws/install/kdtree/lib:${LD_LIBRARY_PATH} PKG_CONFIG_PATH=/home/freesix/far_planner_ws/install/volumetric_map_base/lib/x86_64-linux-gnu/pkgconfig:/home/freesix/far_planner_ws/install/volumetric_map_base/lib/pkgconfig:/home/freesix/far_planner_ws/install/minkindr/lib/x86_64-linux-gnu/pkgconfig:/home/freesix/far_planner_ws/install/minkindr/lib/pkgconfig:/home/freesix/far_planner_ws/install/kdtree/lib/x86_64-linux-gnu/pkgconfig:/home/freesix/far_planner_ws/install/kdtree/lib/pkgconfig PYTHONPATH=/home/freesix/far_planner_ws/install/graph_planner/local/lib/python3.10/dist-packages:/home/freesix/far_planner_ws/install/graph_utils/local/lib/python3.10/dist-packages:/home/freesix/far_planner_ws/install/volumetric_msgs/local/lib/python3.10/dist-packages:${PYTHONPATH} ROS_PACKAGE_PATH=/home/freesix/far_planner_ws/install/volumetric_map_base/share:/home/freesix/far_planner_ws/install/minkindr/share:/home/freesix/far_planner_ws/install/kdtree/share /usr/local/bin/cmake --build /home/freesix/far_planner_ws/build/dsvplanner -- -j16 -l16
[21.609s] DEBUG:colcon.colcon_core.event_handler.log_command:Invoking command in '/home/freesix/far_planner_ws/build/dsvplanner': AMENT_PREFIX_PATH=/home/freesix/far_planner_ws/install/octomap_world:/home/freesix/far_planner_ws/install/graph_planner:/home/freesix/far_planner_ws/install/minkindr_conversions:/home/freesix/far_planner_ws/install/graph_utils:/home/freesix/far_planner_ws/install/volumetric_msgs:/home/freesix/far_planner_ws/install/misc_utils:${AMENT_PREFIX_PATH} CMAKE_PREFIX_PATH=/home/freesix/far_planner_ws/install/octomap_world:/home/freesix/far_planner_ws/install/graph_planner:/opt/ros/humble:/home/freesix/far_planner_ws/install/volumetric_map_base:/home/freesix/far_planner_ws/install/minkindr_conversions:/home/freesix/far_planner_ws/install/graph_utils:/home/freesix/far_planner_ws/install/volumetric_msgs:/home/freesix/far_planner_ws/install/misc_utils:/home/freesix/far_planner_ws/install/minkindr:/home/freesix/far_planner_ws/install/kdtree LD_LIBRARY_PATH=/home/freesix/far_planner_ws/install/octomap_world/lib:/home/freesix/far_planner_ws/install/graph_planner/lib:/home/freesix/far_planner_ws/install/volumetric_map_base/lib:/home/freesix/far_planner_ws/install/minkindr_conversions/lib:/home/freesix/far_planner_ws/install/graph_utils/lib:/home/freesix/far_planner_ws/install/volumetric_msgs/lib:/home/freesix/far_planner_ws/install/misc_utils/lib:/home/freesix/far_planner_ws/install/kdtree/lib:${LD_LIBRARY_PATH} PKG_CONFIG_PATH=/home/freesix/far_planner_ws/install/volumetric_map_base/lib/x86_64-linux-gnu/pkgconfig:/home/freesix/far_planner_ws/install/volumetric_map_base/lib/pkgconfig:/home/freesix/far_planner_ws/install/minkindr/lib/x86_64-linux-gnu/pkgconfig:/home/freesix/far_planner_ws/install/minkindr/lib/pkgconfig:/home/freesix/far_planner_ws/install/kdtree/lib/x86_64-linux-gnu/pkgconfig:/home/freesix/far_planner_ws/install/kdtree/lib/pkgconfig PYTHONPATH=/home/freesix/far_planner_ws/install/graph_planner/local/lib/python3.10/dist-packages:/home/freesix/far_planner_ws/install/graph_utils/local/lib/python3.10/dist-packages:/home/freesix/far_planner_ws/install/volumetric_msgs/local/lib/python3.10/dist-packages:${PYTHONPATH} ROS_PACKAGE_PATH=/home/freesix/far_planner_ws/install/volumetric_map_base/share:/home/freesix/far_planner_ws/install/minkindr/share:/home/freesix/far_planner_ws/install/kdtree/share /usr/local/bin/cmake --install /home/freesix/far_planner_ws/build/dsvplanner
[21.810s] Level 1:colcon.colcon_core.environment:create_environment_scripts_only(dsvplanner)
[21.811s] DEBUG:colcon.colcon_core.event_handler.log_command:Invoked command in '/home/freesix/far_planner_ws/build/dsvplanner' returned '0': AMENT_PREFIX_PATH=/home/freesix/far_planner_ws/install/octomap_world:/home/freesix/far_planner_ws/install/graph_planner:/home/freesix/far_planner_ws/install/minkindr_conversions:/home/freesix/far_planner_ws/install/graph_utils:/home/freesix/far_planner_ws/install/volumetric_msgs:/home/freesix/far_planner_ws/install/misc_utils:${AMENT_PREFIX_PATH} CMAKE_PREFIX_PATH=/home/freesix/far_planner_ws/install/octomap_world:/home/freesix/far_planner_ws/install/graph_planner:/opt/ros/humble:/home/freesix/far_planner_ws/install/volumetric_map_base:/home/freesix/far_planner_ws/install/minkindr_conversions:/home/freesix/far_planner_ws/install/graph_utils:/home/freesix/far_planner_ws/install/volumetric_msgs:/home/freesix/far_planner_ws/install/misc_utils:/home/freesix/far_planner_ws/install/minkindr:/home/freesix/far_planner_ws/install/kdtree LD_LIBRARY_PATH=/home/freesix/far_planner_ws/install/octomap_world/lib:/home/freesix/far_planner_ws/install/graph_planner/lib:/home/freesix/far_planner_ws/install/volumetric_map_base/lib:/home/freesix/far_planner_ws/install/minkindr_conversions/lib:/home/freesix/far_planner_ws/install/graph_utils/lib:/home/freesix/far_planner_ws/install/volumetric_msgs/lib:/home/freesix/far_planner_ws/install/misc_utils/lib:/home/freesix/far_planner_ws/install/kdtree/lib:${LD_LIBRARY_PATH} PKG_CONFIG_PATH=/home/freesix/far_planner_ws/install/volumetric_map_base/lib/x86_64-linux-gnu/pkgconfig:/home/freesix/far_planner_ws/install/volumetric_map_base/lib/pkgconfig:/home/freesix/far_planner_ws/install/minkindr/lib/x86_64-linux-gnu/pkgconfig:/home/freesix/far_planner_ws/install/minkindr/lib/pkgconfig:/home/freesix/far_planner_ws/install/kdtree/lib/x86_64-linux-gnu/pkgconfig:/home/freesix/far_planner_ws/install/kdtree/lib/pkgconfig PYTHONPATH=/home/freesix/far_planner_ws/install/graph_planner/local/lib/python3.10/dist-packages:/home/freesix/far_planner_ws/install/graph_utils/local/lib/python3.10/dist-packages:/home/freesix/far_planner_ws/install/volumetric_msgs/local/lib/python3.10/dist-packages:${PYTHONPATH} ROS_PACKAGE_PATH=/home/freesix/far_planner_ws/install/volumetric_map_base/share:/home/freesix/far_planner_ws/install/minkindr/share:/home/freesix/far_planner_ws/install/kdtree/share /usr/local/bin/cmake --install /home/freesix/far_planner_ws/build/dsvplanner
[21.819s] Level 1:colcon.colcon_core.environment:checking '/home/freesix/far_planner_ws/install/dsvplanner' for CMake module files
[21.819s] Level 1:colcon.colcon_core.environment:checking '/home/freesix/far_planner_ws/install/dsvplanner' for CMake config files
[21.820s] Level 1:colcon.colcon_core.shell:create_environment_hook('dsvplanner', 'cmake_prefix_path')
[21.821s] INFO:colcon.colcon_core.shell:Creating environment hook '/home/freesix/far_planner_ws/install/dsvplanner/share/dsvplanner/hook/cmake_prefix_path.ps1'
[21.821s] INFO:colcon.colcon_core.shell:Creating environment descriptor '/home/freesix/far_planner_ws/install/dsvplanner/share/dsvplanner/hook/cmake_prefix_path.dsv'
[21.822s] INFO:colcon.colcon_core.shell:Creating environment hook '/home/freesix/far_planner_ws/install/dsvplanner/share/dsvplanner/hook/cmake_prefix_path.sh'
[21.822s] Level 1:colcon.colcon_core.environment:checking '/home/freesix/far_planner_ws/install/dsvplanner/lib'
[21.823s] Level 1:colcon.colcon_core.shell:create_environment_hook('dsvplanner', 'ld_library_path_lib')
[21.823s] INFO:colcon.colcon_core.shell:Creating environment hook '/home/freesix/far_planner_ws/install/dsvplanner/share/dsvplanner/hook/ld_library_path_lib.ps1'
[21.823s] INFO:colcon.colcon_core.shell:Creating environment descriptor '/home/freesix/far_planner_ws/install/dsvplanner/share/dsvplanner/hook/ld_library_path_lib.dsv'
[21.824s] INFO:colcon.colcon_core.shell:Creating environment hook '/home/freesix/far_planner_ws/install/dsvplanner/share/dsvplanner/hook/ld_library_path_lib.sh'
[21.824s] Level 1:colcon.colcon_core.environment:checking '/home/freesix/far_planner_ws/install/dsvplanner/bin'
[21.824s] Level 1:colcon.colcon_core.environment:checking '/home/freesix/far_planner_ws/install/dsvplanner/lib/pkgconfig/dsvplanner.pc'
[21.824s] Level 1:colcon.colcon_core.environment:checking '/home/freesix/far_planner_ws/install/dsvplanner/lib/python3.10/site-packages'
[21.824s] Level 1:colcon.colcon_core.environment:checking '/home/freesix/far_planner_ws/install/dsvplanner/bin'
[21.825s] INFO:colcon.colcon_core.shell:Creating package script '/home/freesix/far_planner_ws/install/dsvplanner/share/dsvplanner/package.ps1'
[21.825s] INFO:colcon.colcon_core.shell:Creating package descriptor '/home/freesix/far_planner_ws/install/dsvplanner/share/dsvplanner/package.dsv'
[21.826s] INFO:colcon.colcon_core.shell:Creating package script '/home/freesix/far_planner_ws/install/dsvplanner/share/dsvplanner/package.sh'
[21.826s] INFO:colcon.colcon_core.shell:Creating package script '/home/freesix/far_planner_ws/install/dsvplanner/share/dsvplanner/package.bash'
[21.826s] INFO:colcon.colcon_core.shell:Creating package script '/home/freesix/far_planner_ws/install/dsvplanner/share/dsvplanner/package.zsh'
[21.827s] Level 1:colcon.colcon_core.environment:create_file_with_runtime_dependencies(/home/freesix/far_planner_ws/install/dsvplanner/share/colcon-core/packages/dsvplanner)
[21.877s] Level 1:colcon.colcon_core.environment:create_environment_scripts_only(dsvplanner)
[21.878s] Level 1:colcon.colcon_core.environment:checking '/home/freesix/far_planner_ws/install/dsvplanner' for CMake module files
[21.878s] Level 1:colcon.colcon_core.environment:checking '/home/freesix/far_planner_ws/install/dsvplanner' for CMake config files
[21.879s] Level 1:colcon.colcon_core.shell:create_environment_hook('dsvplanner', 'cmake_prefix_path')
[21.879s] INFO:colcon.colcon_core.shell:Creating environment hook '/home/freesix/far_planner_ws/install/dsvplanner/share/dsvplanner/hook/cmake_prefix_path.ps1'
[21.880s] INFO:colcon.colcon_core.shell:Creating environment descriptor '/home/freesix/far_planner_ws/install/dsvplanner/share/dsvplanner/hook/cmake_prefix_path.dsv'
[21.880s] INFO:colcon.colcon_core.shell:Creating environment hook '/home/freesix/far_planner_ws/install/dsvplanner/share/dsvplanner/hook/cmake_prefix_path.sh'
[21.880s] Level 1:colcon.colcon_core.environment:checking '/home/freesix/far_planner_ws/install/dsvplanner/lib'
[21.880s] Level 1:colcon.colcon_core.shell:create_environment_hook('dsvplanner', 'ld_library_path_lib')
[21.881s] INFO:colcon.colcon_core.shell:Creating environment hook '/home/freesix/far_planner_ws/install/dsvplanner/share/dsvplanner/hook/ld_library_path_lib.ps1'
[21.881s] INFO:colcon.colcon_core.shell:Creating environment descriptor '/home/freesix/far_planner_ws/install/dsvplanner/share/dsvplanner/hook/ld_library_path_lib.dsv'
[21.881s] INFO:colcon.colcon_core.shell:Creating environment hook '/home/freesix/far_planner_ws/install/dsvplanner/share/dsvplanner/hook/ld_library_path_lib.sh'
[21.881s] Level 1:colcon.colcon_core.environment:checking '/home/freesix/far_planner_ws/install/dsvplanner/bin'
[21.881s] Level 1:colcon.colcon_core.environment:checking '/home/freesix/far_planner_ws/install/dsvplanner/lib/pkgconfig/dsvplanner.pc'
[21.881s] Level 1:colcon.colcon_core.environment:checking '/home/freesix/far_planner_ws/install/dsvplanner/lib/python3.10/site-packages'
[21.882s] Level 1:colcon.colcon_core.environment:checking '/home/freesix/far_planner_ws/install/dsvplanner/bin'
[21.882s] INFO:colcon.colcon_core.shell:Creating package script '/home/freesix/far_planner_ws/install/dsvplanner/share/dsvplanner/package.ps1'
[21.883s] INFO:colcon.colcon_core.shell:Creating package descriptor '/home/freesix/far_planner_ws/install/dsvplanner/share/dsvplanner/package.dsv'
[21.883s] INFO:colcon.colcon_core.shell:Creating package script '/home/freesix/far_planner_ws/install/dsvplanner/share/dsvplanner/package.sh'
[21.883s] INFO:colcon.colcon_core.shell:Creating package script '/home/freesix/far_planner_ws/install/dsvplanner/share/dsvplanner/package.bash'
[21.883s] INFO:colcon.colcon_core.shell:Creating package script '/home/freesix/far_planner_ws/install/dsvplanner/share/dsvplanner/package.zsh'
[21.883s] Level 1:colcon.colcon_core.environment:create_file_with_runtime_dependencies(/home/freesix/far_planner_ws/install/dsvplanner/share/colcon-core/packages/dsvplanner)
[21.884s] DEBUG:colcon.colcon_parallel_executor.executor.parallel:closing loop
[21.884s] DEBUG:colcon.colcon_parallel_executor.executor.parallel:loop closed
[21.884s] DEBUG:colcon.colcon_parallel_executor.executor.parallel:run_until_complete finished with '0'
[21.884s] DEBUG:colcon.colcon_core.event_reactor:joining thread
[21.909s] INFO:colcon.colcon_core.plugin_system:Skipping extension 'colcon_notification.desktop_notification.notify_send': Could not find 'notify-send'
[21.909s] INFO:colcon.colcon_core.plugin_system:Skipping extension 'colcon_notification.desktop_notification.terminal_notifier': Not used on non-Darwin systems
[21.909s] INFO:colcon.colcon_core.plugin_system:Skipping extension 'colcon_notification.desktop_notification.win32': Not used on non-Windows systems
[21.909s] INFO:colcon.colcon_notification.desktop_notification:Sending desktop notification using 'notify2'
[21.909s] DEBUG:colcon.colcon_notification.desktop_notification.notify2:Failed to initialize notify2: org.freedesktop.DBus.Error.FileNotFound: Failed to connect to socket /run/user/1000/bus: No such file or directory
[21.909s] DEBUG:colcon.colcon_core.event_reactor:joined thread
[21.910s] INFO:colcon.colcon_core.shell:Creating prefix script '/home/freesix/far_planner_ws/install/local_setup.ps1'
[21.911s] INFO:colcon.colcon_core.shell:Creating prefix util module '/home/freesix/far_planner_ws/install/_local_setup_util_ps1.py'
[21.912s] INFO:colcon.colcon_core.shell:Creating prefix chain script '/home/freesix/far_planner_ws/install/setup.ps1'
[21.912s] INFO:colcon.colcon_core.shell:Creating prefix script '/home/freesix/far_planner_ws/install/local_setup.sh'
[21.913s] INFO:colcon.colcon_core.shell:Creating prefix util module '/home/freesix/far_planner_ws/install/_local_setup_util_sh.py'
[21.913s] INFO:colcon.colcon_core.shell:Creating prefix chain script '/home/freesix/far_planner_ws/install/setup.sh'
[21.914s] INFO:colcon.colcon_core.shell:Creating prefix script '/home/freesix/far_planner_ws/install/local_setup.bash'
[21.914s] INFO:colcon.colcon_core.shell:Creating prefix chain script '/home/freesix/far_planner_ws/install/setup.bash'
[21.915s] INFO:colcon.colcon_core.shell:Creating prefix script '/home/freesix/far_planner_ws/install/local_setup.zsh'
[21.915s] INFO:colcon.colcon_core.shell:Creating prefix chain script '/home/freesix/far_planner_ws/install/setup.zsh'
