[  2%] Built target graph_planner__cpp
[ 11%] Built target graph_planner__rosidl_generator_c
[ 11%] Built target ament_cmake_python_symlink_graph_planner
[ 21%] Built target graph_planner__rosidl_typesupport_c
[ 42%] Built target graph_planner__rosidl_typesupport_fastrtps_cpp
[ 42%] Built target graph_planner__rosidl_typesupport_introspection_cpp
[ 52%] Built target graph_planner__rosidl_typesupport_introspection_c
[ 61%] Built target graph_planner__rosidl_typesupport_cpp
[ 69%] Built target graph_planner__rosidl_typesupport_fastrtps_c
[ 76%] Built target graph_planner_exe
[ 76%] Built target graph_planner
[ 78%] Built target graph_planner__py
[ 85%] Built target graph_planner__rosidl_generator_py
[100%] Built target graph_planner__rosidl_typesupport_fastrtps_c__pyext
[100%] Built target graph_planner__rosidl_typesupport_c__pyext
[100%] Built target graph_planner__rosidl_typesupport_introspection_c__pyext
running egg_info
writing graph_planner.egg-info/PKG-INFO
writing dependency_links to graph_planner.egg-info/dependency_links.txt
writing top-level names to graph_planner.egg-info/top_level.txt
reading manifest file 'graph_planner.egg-info/SOURCES.txt'
writing manifest file 'graph_planner.egg-info/SOURCES.txt'
[100%] Built target ament_cmake_python_build_graph_planner_egg
-- Install configuration: "Release"
-- Execute custom install script
-- Up-to-date symlink: /home/freesix/far_planner_ws/install/graph_planner/share/ament_index/resource_index/rosidl_interfaces/graph_planner
-- Up-to-date symlink: /home/freesix/far_planner_ws/install/graph_planner/include/graph_planner/graph_planner/msg/detail/graph_planner_command__functions.h
-- Up-to-date symlink: /home/freesix/far_planner_ws/install/graph_planner/include/graph_planner/graph_planner/msg/detail/graph_planner_command__struct.h
-- Up-to-date symlink: /home/freesix/far_planner_ws/install/graph_planner/include/graph_planner/graph_planner/msg/detail/graph_planner_command__type_support.h
-- Up-to-date symlink: /home/freesix/far_planner_ws/install/graph_planner/include/graph_planner/graph_planner/msg/detail/graph_planner_status__functions.h
-- Up-to-date symlink: /home/freesix/far_planner_ws/install/graph_planner/include/graph_planner/graph_planner/msg/detail/graph_planner_status__struct.h
-- Up-to-date symlink: /home/freesix/far_planner_ws/install/graph_planner/include/graph_planner/graph_planner/msg/detail/graph_planner_status__type_support.h
-- Up-to-date symlink: /home/freesix/far_planner_ws/install/graph_planner/include/graph_planner/graph_planner/msg/graph_planner_command.h
-- Up-to-date symlink: /home/freesix/far_planner_ws/install/graph_planner/include/graph_planner/graph_planner/msg/graph_planner_status.h
-- Up-to-date symlink: /home/freesix/far_planner_ws/install/graph_planner/include/graph_planner/graph_planner/msg/rosidl_generator_c__visibility_control.h
-- Up-to-date symlink: /home/freesix/far_planner_ws/install/graph_planner/share/graph_planner/environment/library_path.sh
-- Up-to-date symlink: /home/freesix/far_planner_ws/install/graph_planner/share/graph_planner/environment/library_path.dsv
-- Up-to-date symlink: /home/freesix/far_planner_ws/install/graph_planner/include/graph_planner/graph_planner/msg/detail/graph_planner_command__rosidl_typesupport_fastrtps_c.h
-- Up-to-date symlink: /home/freesix/far_planner_ws/install/graph_planner/include/graph_planner/graph_planner/msg/detail/graph_planner_status__rosidl_typesupport_fastrtps_c.h
-- Up-to-date symlink: /home/freesix/far_planner_ws/install/graph_planner/include/graph_planner/graph_planner/msg/rosidl_typesupport_fastrtps_c__visibility_control.h
-- Up-to-date symlink: /home/freesix/far_planner_ws/install/graph_planner/include/graph_planner/graph_planner/msg/detail/graph_planner_command__builder.hpp
-- Up-to-date symlink: /home/freesix/far_planner_ws/install/graph_planner/include/graph_planner/graph_planner/msg/detail/graph_planner_command__struct.hpp
-- Up-to-date symlink: /home/freesix/far_planner_ws/install/graph_planner/include/graph_planner/graph_planner/msg/detail/graph_planner_command__traits.hpp
-- Up-to-date symlink: /home/freesix/far_planner_ws/install/graph_planner/include/graph_planner/graph_planner/msg/detail/graph_planner_status__builder.hpp
-- Up-to-date symlink: /home/freesix/far_planner_ws/install/graph_planner/include/graph_planner/graph_planner/msg/detail/graph_planner_status__struct.hpp
-- Up-to-date symlink: /home/freesix/far_planner_ws/install/graph_planner/include/graph_planner/graph_planner/msg/detail/graph_planner_status__traits.hpp
-- Up-to-date symlink: /home/freesix/far_planner_ws/install/graph_planner/include/graph_planner/graph_planner/msg/graph_planner_command.hpp
-- Up-to-date symlink: /home/freesix/far_planner_ws/install/graph_planner/include/graph_planner/graph_planner/msg/graph_planner_status.hpp
-- Up-to-date symlink: /home/freesix/far_planner_ws/install/graph_planner/include/graph_planner/graph_planner/msg/detail/graph_planner_command__rosidl_typesupport_fastrtps_cpp.hpp
-- Up-to-date symlink: /home/freesix/far_planner_ws/install/graph_planner/include/graph_planner/graph_planner/msg/detail/graph_planner_status__rosidl_typesupport_fastrtps_cpp.hpp
-- Up-to-date symlink: /home/freesix/far_planner_ws/install/graph_planner/include/graph_planner/graph_planner/msg/rosidl_typesupport_fastrtps_cpp__visibility_control.h
-- Up-to-date symlink: /home/freesix/far_planner_ws/install/graph_planner/include/graph_planner/graph_planner/msg/detail/graph_planner_command__rosidl_typesupport_introspection_c.h
-- Up-to-date symlink: /home/freesix/far_planner_ws/install/graph_planner/include/graph_planner/graph_planner/msg/detail/graph_planner_status__rosidl_typesupport_introspection_c.h
-- Up-to-date symlink: /home/freesix/far_planner_ws/install/graph_planner/include/graph_planner/graph_planner/msg/rosidl_typesupport_introspection_c__visibility_control.h
-- Up-to-date symlink: /home/freesix/far_planner_ws/install/graph_planner/include/graph_planner/graph_planner/msg/detail/graph_planner_command__rosidl_typesupport_introspection_cpp.hpp
-- Up-to-date symlink: /home/freesix/far_planner_ws/install/graph_planner/include/graph_planner/graph_planner/msg/detail/graph_planner_status__rosidl_typesupport_introspection_cpp.hpp
-- Up-to-date symlink: /home/freesix/far_planner_ws/install/graph_planner/share/graph_planner/environment/pythonpath.sh
-- Up-to-date symlink: /home/freesix/far_planner_ws/install/graph_planner/share/graph_planner/environment/pythonpath.dsv
-- Up-to-date symlink: /home/freesix/far_planner_ws/install/graph_planner/local/lib/python3.10/dist-packages/graph_planner-0.0.1-py3.10.egg-info/PKG-INFO
-- Up-to-date symlink: /home/freesix/far_planner_ws/install/graph_planner/local/lib/python3.10/dist-packages/graph_planner-0.0.1-py3.10.egg-info/SOURCES.txt
-- Up-to-date symlink: /home/freesix/far_planner_ws/install/graph_planner/local/lib/python3.10/dist-packages/graph_planner-0.0.1-py3.10.egg-info/dependency_links.txt
-- Up-to-date symlink: /home/freesix/far_planner_ws/install/graph_planner/local/lib/python3.10/dist-packages/graph_planner-0.0.1-py3.10.egg-info/top_level.txt
-- Up-to-date symlink: /home/freesix/far_planner_ws/install/graph_planner/local/lib/python3.10/dist-packages/graph_planner/__init__.py
-- Up-to-date symlink: /home/freesix/far_planner_ws/install/graph_planner/local/lib/python3.10/dist-packages/graph_planner/_graph_planner_s.ep.rosidl_typesupport_c.c
-- Up-to-date symlink: /home/freesix/far_planner_ws/install/graph_planner/local/lib/python3.10/dist-packages/graph_planner/_graph_planner_s.ep.rosidl_typesupport_fastrtps_c.c
-- Up-to-date symlink: /home/freesix/far_planner_ws/install/graph_planner/local/lib/python3.10/dist-packages/graph_planner/_graph_planner_s.ep.rosidl_typesupport_introspection_c.c
-- Up-to-date symlink: /home/freesix/far_planner_ws/install/graph_planner/local/lib/python3.10/dist-packages/graph_planner/graph_planner_s__rosidl_typesupport_c.cpython-310-x86_64-linux-gnu.so
-- Up-to-date symlink: /home/freesix/far_planner_ws/install/graph_planner/local/lib/python3.10/dist-packages/graph_planner/graph_planner_s__rosidl_typesupport_fastrtps_c.cpython-310-x86_64-linux-gnu.so
-- Up-to-date symlink: /home/freesix/far_planner_ws/install/graph_planner/local/lib/python3.10/dist-packages/graph_planner/graph_planner_s__rosidl_typesupport_introspection_c.cpython-310-x86_64-linux-gnu.so
-- Up-to-date symlink: /home/freesix/far_planner_ws/install/graph_planner/local/lib/python3.10/dist-packages/graph_planner/libgraph_planner__rosidl_generator_py.so
-- Up-to-date symlink: /home/freesix/far_planner_ws/install/graph_planner/local/lib/python3.10/dist-packages/graph_planner/msg/__init__.py
-- Up-to-date symlink: /home/freesix/far_planner_ws/install/graph_planner/local/lib/python3.10/dist-packages/graph_planner/msg/_graph_planner_command.py
-- Up-to-date symlink: /home/freesix/far_planner_ws/install/graph_planner/local/lib/python3.10/dist-packages/graph_planner/msg/_graph_planner_command_s.c
-- Up-to-date symlink: /home/freesix/far_planner_ws/install/graph_planner/local/lib/python3.10/dist-packages/graph_planner/msg/_graph_planner_status.py
-- Up-to-date symlink: /home/freesix/far_planner_ws/install/graph_planner/local/lib/python3.10/dist-packages/graph_planner/msg/_graph_planner_status_s.c
-- Up-to-date symlink: /home/freesix/far_planner_ws/install/graph_planner/local/lib/python3.10/dist-packages/graph_planner/graph_planner_s__rosidl_typesupport_fastrtps_c.cpython-310-x86_64-linux-gnu.so
-- Up-to-date symlink: /home/freesix/far_planner_ws/install/graph_planner/local/lib/python3.10/dist-packages/graph_planner/graph_planner_s__rosidl_typesupport_introspection_c.cpython-310-x86_64-linux-gnu.so
-- Up-to-date symlink: /home/freesix/far_planner_ws/install/graph_planner/local/lib/python3.10/dist-packages/graph_planner/graph_planner_s__rosidl_typesupport_c.cpython-310-x86_64-linux-gnu.so
-- Up-to-date symlink: /home/freesix/far_planner_ws/install/graph_planner/share/graph_planner/msg/GraphPlannerCommand.idl
-- Up-to-date symlink: /home/freesix/far_planner_ws/install/graph_planner/share/graph_planner/msg/GraphPlannerStatus.idl
-- Up-to-date symlink: /home/freesix/far_planner_ws/install/graph_planner/share/graph_planner/msg/GraphPlannerCommand.msg
-- Up-to-date symlink: /home/freesix/far_planner_ws/install/graph_planner/share/graph_planner/msg/GraphPlannerStatus.msg
-- Up-to-date symlink: /home/freesix/far_planner_ws/install/graph_planner/share/graph_planner/launch/graph_planner.launch
-- Up-to-date symlink: /home/freesix/far_planner_ws/install/graph_planner/share/graph_planner/launch/graph_planner_matterport.launch
-- Up-to-date symlink: /home/freesix/far_planner_ws/install/graph_planner/share/graph_planner/config/default.yaml
-- Up-to-date symlink: /home/freesix/far_planner_ws/install/graph_planner/share/graph_planner/config/matterport.yaml
-- Up-to-date symlink: /home/freesix/far_planner_ws/install/graph_planner/lib/graph_planner/graph_planner_exe
-- Up-to-date symlink: /home/freesix/far_planner_ws/install/graph_planner/share/ament_index/resource_index/package_run_dependencies/graph_planner
-- Up-to-date symlink: /home/freesix/far_planner_ws/install/graph_planner/share/ament_index/resource_index/parent_prefix_path/graph_planner
-- Up-to-date symlink: /home/freesix/far_planner_ws/install/graph_planner/share/graph_planner/environment/ament_prefix_path.sh
-- Up-to-date symlink: /home/freesix/far_planner_ws/install/graph_planner/share/graph_planner/environment/ament_prefix_path.dsv
-- Up-to-date symlink: /home/freesix/far_planner_ws/install/graph_planner/share/graph_planner/environment/path.sh
-- Up-to-date symlink: /home/freesix/far_planner_ws/install/graph_planner/share/graph_planner/environment/path.dsv
-- Up-to-date symlink: /home/freesix/far_planner_ws/install/graph_planner/share/graph_planner/local_setup.bash
-- Up-to-date symlink: /home/freesix/far_planner_ws/install/graph_planner/share/graph_planner/local_setup.sh
-- Up-to-date symlink: /home/freesix/far_planner_ws/install/graph_planner/share/graph_planner/local_setup.zsh
-- Up-to-date symlink: /home/freesix/far_planner_ws/install/graph_planner/share/graph_planner/local_setup.dsv
-- Symlinking: /home/freesix/far_planner_ws/install/graph_planner/share/graph_planner/package.dsv
-- Up-to-date symlink: /home/freesix/far_planner_ws/install/graph_planner/share/ament_index/resource_index/packages/graph_planner
-- Up-to-date symlink: /home/freesix/far_planner_ws/install/graph_planner/share/graph_planner/cmake/rosidl_cmake-extras.cmake
-- Up-to-date symlink: /home/freesix/far_planner_ws/install/graph_planner/share/graph_planner/cmake/ament_cmake_export_dependencies-extras.cmake
-- Up-to-date symlink: /home/freesix/far_planner_ws/install/graph_planner/share/graph_planner/cmake/ament_cmake_export_include_directories-extras.cmake
-- Up-to-date symlink: /home/freesix/far_planner_ws/install/graph_planner/share/graph_planner/cmake/ament_cmake_export_libraries-extras.cmake
-- Up-to-date symlink: /home/freesix/far_planner_ws/install/graph_planner/share/graph_planner/cmake/ament_cmake_export_targets-extras.cmake
-- Up-to-date symlink: /home/freesix/far_planner_ws/install/graph_planner/share/graph_planner/cmake/rosidl_cmake_export_typesupport_targets-extras.cmake
-- Up-to-date symlink: /home/freesix/far_planner_ws/install/graph_planner/share/graph_planner/cmake/rosidl_cmake_export_typesupport_libraries-extras.cmake
-- Up-to-date symlink: /home/freesix/far_planner_ws/install/graph_planner/share/graph_planner/cmake/graph_plannerConfig.cmake
-- Up-to-date symlink: /home/freesix/far_planner_ws/install/graph_planner/share/graph_planner/cmake/graph_plannerConfig-version.cmake
-- Up-to-date symlink: /home/freesix/far_planner_ws/install/graph_planner/share/graph_planner/package.xml
-- Up-to-date: /home/freesix/far_planner_ws/install/graph_planner/lib/libgraph_planner__rosidl_generator_c.so
-- Up-to-date: /home/freesix/far_planner_ws/install/graph_planner/lib/libgraph_planner__rosidl_typesupport_fastrtps_c.so
-- Up-to-date: /home/freesix/far_planner_ws/install/graph_planner/lib/libgraph_planner__rosidl_typesupport_fastrtps_cpp.so
-- Up-to-date: /home/freesix/far_planner_ws/install/graph_planner/lib/libgraph_planner__rosidl_typesupport_introspection_c.so
-- Up-to-date: /home/freesix/far_planner_ws/install/graph_planner/lib/libgraph_planner__rosidl_typesupport_c.so
-- Up-to-date: /home/freesix/far_planner_ws/install/graph_planner/lib/libgraph_planner__rosidl_typesupport_introspection_cpp.so
-- Up-to-date: /home/freesix/far_planner_ws/install/graph_planner/lib/libgraph_planner__rosidl_typesupport_cpp.so
Listing '/home/freesix/far_planner_ws/install/graph_planner/local/lib/python3.10/dist-packages/graph_planner'...
Listing '/home/freesix/far_planner_ws/install/graph_planner/local/lib/python3.10/dist-packages/graph_planner/msg'...
-- Up-to-date: /home/freesix/far_planner_ws/install/graph_planner/lib/libgraph_planner__rosidl_generator_py.so
-- Up-to-date: /home/freesix/far_planner_ws/install/graph_planner/share/graph_planner/cmake/export_graph_planner__rosidl_generator_cExport.cmake
-- Up-to-date: /home/freesix/far_planner_ws/install/graph_planner/share/graph_planner/cmake/export_graph_planner__rosidl_generator_cExport-release.cmake
-- Up-to-date: /home/freesix/far_planner_ws/install/graph_planner/share/graph_planner/cmake/export_graph_planner__rosidl_typesupport_fastrtps_cExport.cmake
-- Up-to-date: /home/freesix/far_planner_ws/install/graph_planner/share/graph_planner/cmake/export_graph_planner__rosidl_typesupport_fastrtps_cExport-release.cmake
-- Up-to-date: /home/freesix/far_planner_ws/install/graph_planner/share/graph_planner/cmake/export_graph_planner__rosidl_generator_cppExport.cmake
-- Up-to-date: /home/freesix/far_planner_ws/install/graph_planner/share/graph_planner/cmake/export_graph_planner__rosidl_typesupport_fastrtps_cppExport.cmake
-- Up-to-date: /home/freesix/far_planner_ws/install/graph_planner/share/graph_planner/cmake/export_graph_planner__rosidl_typesupport_fastrtps_cppExport-release.cmake
-- Up-to-date: /home/freesix/far_planner_ws/install/graph_planner/share/graph_planner/cmake/graph_planner__rosidl_typesupport_introspection_cExport.cmake
-- Up-to-date: /home/freesix/far_planner_ws/install/graph_planner/share/graph_planner/cmake/graph_planner__rosidl_typesupport_introspection_cExport-release.cmake
-- Up-to-date: /home/freesix/far_planner_ws/install/graph_planner/share/graph_planner/cmake/graph_planner__rosidl_typesupport_cExport.cmake
-- Up-to-date: /home/freesix/far_planner_ws/install/graph_planner/share/graph_planner/cmake/graph_planner__rosidl_typesupport_cExport-release.cmake
-- Up-to-date: /home/freesix/far_planner_ws/install/graph_planner/share/graph_planner/cmake/graph_planner__rosidl_typesupport_introspection_cppExport.cmake
-- Up-to-date: /home/freesix/far_planner_ws/install/graph_planner/share/graph_planner/cmake/graph_planner__rosidl_typesupport_introspection_cppExport-release.cmake
-- Up-to-date: /home/freesix/far_planner_ws/install/graph_planner/share/graph_planner/cmake/graph_planner__rosidl_typesupport_cppExport.cmake
-- Up-to-date: /home/freesix/far_planner_ws/install/graph_planner/share/graph_planner/cmake/graph_planner__rosidl_typesupport_cppExport-release.cmake
-- Up-to-date: /home/freesix/far_planner_ws/install/graph_planner/share/graph_planner/cmake/export_graph_planner__rosidl_generator_pyExport.cmake
-- Up-to-date: /home/freesix/far_planner_ws/install/graph_planner/share/graph_planner/cmake/export_graph_planner__rosidl_generator_pyExport-release.cmake
