[0.105s] Invoking command in '/home/freesix/far_planner_ws/build/graph_planner': CMAKE_PREFIX_PATH=/home/freesix/far_planner_ws/install/graph_utils:/home/freesix/far_planner_ws/install/misc_utils:/home/freesix/far_planner_ws/install/waypoint_rviz_plugin:/home/freesix/far_planner_ws/install/waypoint_example:/home/freesix/far_planner_ws/install/dsvplanner:/home/freesix/far_planner_ws/install/octomap_world:/home/freesix/far_planner_ws/install/volumetric_msgs:/opt/ros/humble:/home/freesix/far_planner_ws/install/volumetric_map_base:/home/freesix/far_planner_ws/install/visualization_tools:/home/freesix/far_planner_ws/install/velodyne_simulator:/home/freesix/far_planner_ws/install/velodyne_gazebo_plugins:/home/freesix/far_planner_ws/install/velodyne_description:/home/freesix/far_planner_ws/install/vehicle_simulator:/home/freesix/far_planner_ws/install/terrain_analysis_ext:/home/freesix/far_planner_ws/install/terrain_analysis:/home/freesix/far_planner_ws/install/sensor_scan_generation:/home/freesix/far_planner_ws/install/graph_planner:/home/freesix/far_planner_ws/install/minkindr_conversions:/home/freesix/far_planner_ws/install/minkindr:/home/freesix/far_planner_ws/install/local_planner:/home/freesix/far_planner_ws/install/loam_interface:/home/freesix/far_planner_ws/install/kdtree:/home/freesix/far_planner_ws/install/joy:/home/freesix/far_planner_ws/install/dsvp_launch LD_LIBRARY_PATH=/home/freesix/far_planner_ws/install/graph_utils/lib:/home/freesix/far_planner_ws/install/misc_utils/lib:/home/freesix/far_planner_ws/install/dsvplanner/lib:/home/freesix/far_planner_ws/install/octomap_world/lib:/home/freesix/far_planner_ws/install/volumetric_msgs/lib:/home/freesix/far_planner_ws/install/volumetric_map_base/lib:/home/freesix/far_planner_ws/install/velodyne_gazebo_plugins/lib:/home/freesix/far_planner_ws/install/graph_planner/lib:/home/freesix/far_planner_ws/install/minkindr_conversions/lib:/home/freesix/far_planner_ws/install/kdtree/lib:/home/freesix/far_planner_ws/install/joy/lib:/usr/lib/x86_64-linux-gnu/gazebo-11/plugins:/opt/ros/humble/opt/rviz_ogre_vendor/lib:/opt/ros/humble/lib/x86_64-linux-gnu:/opt/ros/humble/lib /usr/local/bin/cmake --build /home/freesix/far_planner_ws/build/graph_planner -- -j16 -l16
[0.128s] [  2%] Built target graph_planner__cpp
[0.128s] [ 11%] Built target graph_planner__rosidl_generator_c
[0.129s] [ 11%] Built target ament_cmake_python_symlink_graph_planner
[0.141s] [ 21%] Built target graph_planner__rosidl_typesupport_c
[0.141s] [ 42%] Built target graph_planner__rosidl_typesupport_fastrtps_cpp
[0.142s] [ 42%] Built target graph_planner__rosidl_typesupport_introspection_cpp
[0.142s] [ 52%] Built target graph_planner__rosidl_typesupport_introspection_c
[0.142s] [ 61%] Built target graph_planner__rosidl_typesupport_cpp
[0.142s] [ 69%] Built target graph_planner__rosidl_typesupport_fastrtps_c
[0.160s] [ 76%] Built target graph_planner_exe
[0.168s] [ 76%] Built target graph_planner
[0.176s] [ 78%] Built target graph_planner__py
[0.186s] [ 85%] Built target graph_planner__rosidl_generator_py
[0.197s] [100%] Built target graph_planner__rosidl_typesupport_fastrtps_c__pyext
[0.197s] [100%] Built target graph_planner__rosidl_typesupport_c__pyext
[0.198s] [100%] Built target graph_planner__rosidl_typesupport_introspection_c__pyext
[0.289s] running egg_info
[0.290s] writing graph_planner.egg-info/PKG-INFO
[0.290s] writing dependency_links to graph_planner.egg-info/dependency_links.txt
[0.290s] writing top-level names to graph_planner.egg-info/top_level.txt
[0.291s] reading manifest file 'graph_planner.egg-info/SOURCES.txt'
[0.292s] writing manifest file 'graph_planner.egg-info/SOURCES.txt'
[0.307s] [100%] Built target ament_cmake_python_build_graph_planner_egg
[0.313s] Invoked command in '/home/freesix/far_planner_ws/build/graph_planner' returned '0': CMAKE_PREFIX_PATH=/home/freesix/far_planner_ws/install/graph_utils:/home/freesix/far_planner_ws/install/misc_utils:/home/freesix/far_planner_ws/install/waypoint_rviz_plugin:/home/freesix/far_planner_ws/install/waypoint_example:/home/freesix/far_planner_ws/install/dsvplanner:/home/freesix/far_planner_ws/install/octomap_world:/home/freesix/far_planner_ws/install/volumetric_msgs:/opt/ros/humble:/home/freesix/far_planner_ws/install/volumetric_map_base:/home/freesix/far_planner_ws/install/visualization_tools:/home/freesix/far_planner_ws/install/velodyne_simulator:/home/freesix/far_planner_ws/install/velodyne_gazebo_plugins:/home/freesix/far_planner_ws/install/velodyne_description:/home/freesix/far_planner_ws/install/vehicle_simulator:/home/freesix/far_planner_ws/install/terrain_analysis_ext:/home/freesix/far_planner_ws/install/terrain_analysis:/home/freesix/far_planner_ws/install/sensor_scan_generation:/home/freesix/far_planner_ws/install/graph_planner:/home/freesix/far_planner_ws/install/minkindr_conversions:/home/freesix/far_planner_ws/install/minkindr:/home/freesix/far_planner_ws/install/local_planner:/home/freesix/far_planner_ws/install/loam_interface:/home/freesix/far_planner_ws/install/kdtree:/home/freesix/far_planner_ws/install/joy:/home/freesix/far_planner_ws/install/dsvp_launch LD_LIBRARY_PATH=/home/freesix/far_planner_ws/install/graph_utils/lib:/home/freesix/far_planner_ws/install/misc_utils/lib:/home/freesix/far_planner_ws/install/dsvplanner/lib:/home/freesix/far_planner_ws/install/octomap_world/lib:/home/freesix/far_planner_ws/install/volumetric_msgs/lib:/home/freesix/far_planner_ws/install/volumetric_map_base/lib:/home/freesix/far_planner_ws/install/velodyne_gazebo_plugins/lib:/home/freesix/far_planner_ws/install/graph_planner/lib:/home/freesix/far_planner_ws/install/minkindr_conversions/lib:/home/freesix/far_planner_ws/install/kdtree/lib:/home/freesix/far_planner_ws/install/joy/lib:/usr/lib/x86_64-linux-gnu/gazebo-11/plugins:/opt/ros/humble/opt/rviz_ogre_vendor/lib:/opt/ros/humble/lib/x86_64-linux-gnu:/opt/ros/humble/lib /usr/local/bin/cmake --build /home/freesix/far_planner_ws/build/graph_planner -- -j16 -l16
[0.383s] Invoking command in '/home/freesix/far_planner_ws/build/graph_planner': CMAKE_PREFIX_PATH=/home/freesix/far_planner_ws/install/graph_utils:/home/freesix/far_planner_ws/install/misc_utils:/home/freesix/far_planner_ws/install/waypoint_rviz_plugin:/home/freesix/far_planner_ws/install/waypoint_example:/home/freesix/far_planner_ws/install/dsvplanner:/home/freesix/far_planner_ws/install/octomap_world:/home/freesix/far_planner_ws/install/volumetric_msgs:/opt/ros/humble:/home/freesix/far_planner_ws/install/volumetric_map_base:/home/freesix/far_planner_ws/install/visualization_tools:/home/freesix/far_planner_ws/install/velodyne_simulator:/home/freesix/far_planner_ws/install/velodyne_gazebo_plugins:/home/freesix/far_planner_ws/install/velodyne_description:/home/freesix/far_planner_ws/install/vehicle_simulator:/home/freesix/far_planner_ws/install/terrain_analysis_ext:/home/freesix/far_planner_ws/install/terrain_analysis:/home/freesix/far_planner_ws/install/sensor_scan_generation:/home/freesix/far_planner_ws/install/graph_planner:/home/freesix/far_planner_ws/install/minkindr_conversions:/home/freesix/far_planner_ws/install/minkindr:/home/freesix/far_planner_ws/install/local_planner:/home/freesix/far_planner_ws/install/loam_interface:/home/freesix/far_planner_ws/install/kdtree:/home/freesix/far_planner_ws/install/joy:/home/freesix/far_planner_ws/install/dsvp_launch LD_LIBRARY_PATH=/home/freesix/far_planner_ws/install/graph_utils/lib:/home/freesix/far_planner_ws/install/misc_utils/lib:/home/freesix/far_planner_ws/install/dsvplanner/lib:/home/freesix/far_planner_ws/install/octomap_world/lib:/home/freesix/far_planner_ws/install/volumetric_msgs/lib:/home/freesix/far_planner_ws/install/volumetric_map_base/lib:/home/freesix/far_planner_ws/install/velodyne_gazebo_plugins/lib:/home/freesix/far_planner_ws/install/graph_planner/lib:/home/freesix/far_planner_ws/install/minkindr_conversions/lib:/home/freesix/far_planner_ws/install/kdtree/lib:/home/freesix/far_planner_ws/install/joy/lib:/usr/lib/x86_64-linux-gnu/gazebo-11/plugins:/opt/ros/humble/opt/rviz_ogre_vendor/lib:/opt/ros/humble/lib/x86_64-linux-gnu:/opt/ros/humble/lib /usr/local/bin/cmake --install /home/freesix/far_planner_ws/build/graph_planner
[0.386s] -- Install configuration: "Release"
[0.387s] -- Execute custom install script
[0.387s] -- Up-to-date symlink: /home/freesix/far_planner_ws/install/graph_planner/share/ament_index/resource_index/rosidl_interfaces/graph_planner
[0.388s] -- Up-to-date symlink: /home/freesix/far_planner_ws/install/graph_planner/include/graph_planner/graph_planner/msg/detail/graph_planner_command__functions.h
[0.388s] -- Up-to-date symlink: /home/freesix/far_planner_ws/install/graph_planner/include/graph_planner/graph_planner/msg/detail/graph_planner_command__struct.h
[0.388s] -- Up-to-date symlink: /home/freesix/far_planner_ws/install/graph_planner/include/graph_planner/graph_planner/msg/detail/graph_planner_command__type_support.h
[0.388s] -- Up-to-date symlink: /home/freesix/far_planner_ws/install/graph_planner/include/graph_planner/graph_planner/msg/detail/graph_planner_status__functions.h
[0.388s] -- Up-to-date symlink: /home/freesix/far_planner_ws/install/graph_planner/include/graph_planner/graph_planner/msg/detail/graph_planner_status__struct.h
[0.388s] -- Up-to-date symlink: /home/freesix/far_planner_ws/install/graph_planner/include/graph_planner/graph_planner/msg/detail/graph_planner_status__type_support.h
[0.388s] -- Up-to-date symlink: /home/freesix/far_planner_ws/install/graph_planner/include/graph_planner/graph_planner/msg/graph_planner_command.h
[0.388s] -- Up-to-date symlink: /home/freesix/far_planner_ws/install/graph_planner/include/graph_planner/graph_planner/msg/graph_planner_status.h
[0.389s] -- Up-to-date symlink: /home/freesix/far_planner_ws/install/graph_planner/include/graph_planner/graph_planner/msg/rosidl_generator_c__visibility_control.h
[0.389s] -- Up-to-date symlink: /home/freesix/far_planner_ws/install/graph_planner/share/graph_planner/environment/library_path.sh
[0.389s] -- Up-to-date symlink: /home/freesix/far_planner_ws/install/graph_planner/share/graph_planner/environment/library_path.dsv
[0.389s] -- Up-to-date symlink: /home/freesix/far_planner_ws/install/graph_planner/include/graph_planner/graph_planner/msg/detail/graph_planner_command__rosidl_typesupport_fastrtps_c.h
[0.389s] -- Up-to-date symlink: /home/freesix/far_planner_ws/install/graph_planner/include/graph_planner/graph_planner/msg/detail/graph_planner_status__rosidl_typesupport_fastrtps_c.h
[0.390s] -- Up-to-date symlink: /home/freesix/far_planner_ws/install/graph_planner/include/graph_planner/graph_planner/msg/rosidl_typesupport_fastrtps_c__visibility_control.h
[0.390s] -- Up-to-date symlink: /home/freesix/far_planner_ws/install/graph_planner/include/graph_planner/graph_planner/msg/detail/graph_planner_command__builder.hpp
[0.390s] -- Up-to-date symlink: /home/freesix/far_planner_ws/install/graph_planner/include/graph_planner/graph_planner/msg/detail/graph_planner_command__struct.hpp
[0.390s] -- Up-to-date symlink: /home/freesix/far_planner_ws/install/graph_planner/include/graph_planner/graph_planner/msg/detail/graph_planner_command__traits.hpp
[0.390s] -- Up-to-date symlink: /home/freesix/far_planner_ws/install/graph_planner/include/graph_planner/graph_planner/msg/detail/graph_planner_status__builder.hpp
[0.391s] -- Up-to-date symlink: /home/freesix/far_planner_ws/install/graph_planner/include/graph_planner/graph_planner/msg/detail/graph_planner_status__struct.hpp
[0.391s] -- Up-to-date symlink: /home/freesix/far_planner_ws/install/graph_planner/include/graph_planner/graph_planner/msg/detail/graph_planner_status__traits.hpp
[0.391s] -- Up-to-date symlink: /home/freesix/far_planner_ws/install/graph_planner/include/graph_planner/graph_planner/msg/graph_planner_command.hpp
[0.391s] -- Up-to-date symlink: /home/freesix/far_planner_ws/install/graph_planner/include/graph_planner/graph_planner/msg/graph_planner_status.hpp
[0.391s] -- Up-to-date symlink: /home/freesix/far_planner_ws/install/graph_planner/include/graph_planner/graph_planner/msg/detail/graph_planner_command__rosidl_typesupport_fastrtps_cpp.hpp
[0.391s] -- Up-to-date symlink: /home/freesix/far_planner_ws/install/graph_planner/include/graph_planner/graph_planner/msg/detail/graph_planner_status__rosidl_typesupport_fastrtps_cpp.hpp
[0.391s] -- Up-to-date symlink: /home/freesix/far_planner_ws/install/graph_planner/include/graph_planner/graph_planner/msg/rosidl_typesupport_fastrtps_cpp__visibility_control.h
[0.392s] -- Up-to-date symlink: /home/freesix/far_planner_ws/install/graph_planner/include/graph_planner/graph_planner/msg/detail/graph_planner_command__rosidl_typesupport_introspection_c.h
[0.392s] -- Up-to-date symlink: /home/freesix/far_planner_ws/install/graph_planner/include/graph_planner/graph_planner/msg/detail/graph_planner_status__rosidl_typesupport_introspection_c.h
[0.392s] -- Up-to-date symlink: /home/freesix/far_planner_ws/install/graph_planner/include/graph_planner/graph_planner/msg/rosidl_typesupport_introspection_c__visibility_control.h
[0.392s] -- Up-to-date symlink: /home/freesix/far_planner_ws/install/graph_planner/include/graph_planner/graph_planner/msg/detail/graph_planner_command__rosidl_typesupport_introspection_cpp.hpp
[0.392s] -- Up-to-date symlink: /home/freesix/far_planner_ws/install/graph_planner/include/graph_planner/graph_planner/msg/detail/graph_planner_status__rosidl_typesupport_introspection_cpp.hpp
[0.392s] -- Up-to-date symlink: /home/freesix/far_planner_ws/install/graph_planner/share/graph_planner/environment/pythonpath.sh
[0.392s] -- Up-to-date symlink: /home/freesix/far_planner_ws/install/graph_planner/share/graph_planner/environment/pythonpath.dsv
[0.393s] -- Up-to-date symlink: /home/freesix/far_planner_ws/install/graph_planner/local/lib/python3.10/dist-packages/graph_planner-0.0.1-py3.10.egg-info/PKG-INFO
[0.393s] -- Up-to-date symlink: /home/freesix/far_planner_ws/install/graph_planner/local/lib/python3.10/dist-packages/graph_planner-0.0.1-py3.10.egg-info/SOURCES.txt
[0.393s] -- Up-to-date symlink: /home/freesix/far_planner_ws/install/graph_planner/local/lib/python3.10/dist-packages/graph_planner-0.0.1-py3.10.egg-info/dependency_links.txt
[0.393s] -- Up-to-date symlink: /home/freesix/far_planner_ws/install/graph_planner/local/lib/python3.10/dist-packages/graph_planner-0.0.1-py3.10.egg-info/top_level.txt
[0.393s] -- Up-to-date symlink: /home/freesix/far_planner_ws/install/graph_planner/local/lib/python3.10/dist-packages/graph_planner/__init__.py
[0.393s] -- Up-to-date symlink: /home/freesix/far_planner_ws/install/graph_planner/local/lib/python3.10/dist-packages/graph_planner/_graph_planner_s.ep.rosidl_typesupport_c.c
[0.393s] -- Up-to-date symlink: /home/freesix/far_planner_ws/install/graph_planner/local/lib/python3.10/dist-packages/graph_planner/_graph_planner_s.ep.rosidl_typesupport_fastrtps_c.c
[0.393s] -- Up-to-date symlink: /home/freesix/far_planner_ws/install/graph_planner/local/lib/python3.10/dist-packages/graph_planner/_graph_planner_s.ep.rosidl_typesupport_introspection_c.c
[0.394s] -- Up-to-date symlink: /home/freesix/far_planner_ws/install/graph_planner/local/lib/python3.10/dist-packages/graph_planner/graph_planner_s__rosidl_typesupport_c.cpython-310-x86_64-linux-gnu.so
[0.394s] -- Up-to-date symlink: /home/freesix/far_planner_ws/install/graph_planner/local/lib/python3.10/dist-packages/graph_planner/graph_planner_s__rosidl_typesupport_fastrtps_c.cpython-310-x86_64-linux-gnu.so
[0.394s] -- Up-to-date symlink: /home/freesix/far_planner_ws/install/graph_planner/local/lib/python3.10/dist-packages/graph_planner/graph_planner_s__rosidl_typesupport_introspection_c.cpython-310-x86_64-linux-gnu.so
[0.394s] -- Up-to-date symlink: /home/freesix/far_planner_ws/install/graph_planner/local/lib/python3.10/dist-packages/graph_planner/libgraph_planner__rosidl_generator_py.so
[0.394s] -- Up-to-date symlink: /home/freesix/far_planner_ws/install/graph_planner/local/lib/python3.10/dist-packages/graph_planner/msg/__init__.py
[0.394s] -- Up-to-date symlink: /home/freesix/far_planner_ws/install/graph_planner/local/lib/python3.10/dist-packages/graph_planner/msg/_graph_planner_command.py
[0.394s] -- Up-to-date symlink: /home/freesix/far_planner_ws/install/graph_planner/local/lib/python3.10/dist-packages/graph_planner/msg/_graph_planner_command_s.c
[0.394s] -- Up-to-date symlink: /home/freesix/far_planner_ws/install/graph_planner/local/lib/python3.10/dist-packages/graph_planner/msg/_graph_planner_status.py
[0.395s] -- Up-to-date symlink: /home/freesix/far_planner_ws/install/graph_planner/local/lib/python3.10/dist-packages/graph_planner/msg/_graph_planner_status_s.c
[0.395s] -- Up-to-date symlink: /home/freesix/far_planner_ws/install/graph_planner/local/lib/python3.10/dist-packages/graph_planner/graph_planner_s__rosidl_typesupport_fastrtps_c.cpython-310-x86_64-linux-gnu.so
[0.395s] -- Up-to-date symlink: /home/freesix/far_planner_ws/install/graph_planner/local/lib/python3.10/dist-packages/graph_planner/graph_planner_s__rosidl_typesupport_introspection_c.cpython-310-x86_64-linux-gnu.so
[0.395s] -- Up-to-date symlink: /home/freesix/far_planner_ws/install/graph_planner/local/lib/python3.10/dist-packages/graph_planner/graph_planner_s__rosidl_typesupport_c.cpython-310-x86_64-linux-gnu.so
[0.395s] -- Up-to-date symlink: /home/freesix/far_planner_ws/install/graph_planner/share/graph_planner/msg/GraphPlannerCommand.idl
[0.395s] -- Up-to-date symlink: /home/freesix/far_planner_ws/install/graph_planner/share/graph_planner/msg/GraphPlannerStatus.idl
[0.396s] -- Up-to-date symlink: /home/freesix/far_planner_ws/install/graph_planner/share/graph_planner/msg/GraphPlannerCommand.msg
[0.396s] -- Up-to-date symlink: /home/freesix/far_planner_ws/install/graph_planner/share/graph_planner/msg/GraphPlannerStatus.msg
[0.396s] -- Up-to-date symlink: /home/freesix/far_planner_ws/install/graph_planner/share/graph_planner/launch/graph_planner.launch
[0.396s] -- Up-to-date symlink: /home/freesix/far_planner_ws/install/graph_planner/share/graph_planner/launch/graph_planner_matterport.launch
[0.396s] -- Up-to-date symlink: /home/freesix/far_planner_ws/install/graph_planner/share/graph_planner/config/default.yaml
[0.396s] -- Up-to-date symlink: /home/freesix/far_planner_ws/install/graph_planner/share/graph_planner/config/matterport.yaml
[0.397s] -- Up-to-date symlink: /home/freesix/far_planner_ws/install/graph_planner/lib/graph_planner/graph_planner_exe
[0.397s] -- Up-to-date symlink: /home/freesix/far_planner_ws/install/graph_planner/share/ament_index/resource_index/package_run_dependencies/graph_planner
[0.397s] -- Up-to-date symlink: /home/freesix/far_planner_ws/install/graph_planner/share/ament_index/resource_index/parent_prefix_path/graph_planner
[0.397s] -- Up-to-date symlink: /home/freesix/far_planner_ws/install/graph_planner/share/graph_planner/environment/ament_prefix_path.sh
[0.397s] -- Up-to-date symlink: /home/freesix/far_planner_ws/install/graph_planner/share/graph_planner/environment/ament_prefix_path.dsv
[0.397s] -- Up-to-date symlink: /home/freesix/far_planner_ws/install/graph_planner/share/graph_planner/environment/path.sh
[0.397s] -- Up-to-date symlink: /home/freesix/far_planner_ws/install/graph_planner/share/graph_planner/environment/path.dsv
[0.398s] -- Up-to-date symlink: /home/freesix/far_planner_ws/install/graph_planner/share/graph_planner/local_setup.bash
[0.398s] -- Up-to-date symlink: /home/freesix/far_planner_ws/install/graph_planner/share/graph_planner/local_setup.sh
[0.398s] -- Up-to-date symlink: /home/freesix/far_planner_ws/install/graph_planner/share/graph_planner/local_setup.zsh
[0.398s] -- Up-to-date symlink: /home/freesix/far_planner_ws/install/graph_planner/share/graph_planner/local_setup.dsv
[0.398s] -- Symlinking: /home/freesix/far_planner_ws/install/graph_planner/share/graph_planner/package.dsv
[0.401s] -- Up-to-date symlink: /home/freesix/far_planner_ws/install/graph_planner/share/ament_index/resource_index/packages/graph_planner
[0.402s] -- Up-to-date symlink: /home/freesix/far_planner_ws/install/graph_planner/share/graph_planner/cmake/rosidl_cmake-extras.cmake
[0.402s] -- Up-to-date symlink: /home/freesix/far_planner_ws/install/graph_planner/share/graph_planner/cmake/ament_cmake_export_dependencies-extras.cmake
[0.402s] -- Up-to-date symlink: /home/freesix/far_planner_ws/install/graph_planner/share/graph_planner/cmake/ament_cmake_export_include_directories-extras.cmake
[0.402s] -- Up-to-date symlink: /home/freesix/far_planner_ws/install/graph_planner/share/graph_planner/cmake/ament_cmake_export_libraries-extras.cmake
[0.402s] -- Up-to-date symlink: /home/freesix/far_planner_ws/install/graph_planner/share/graph_planner/cmake/ament_cmake_export_targets-extras.cmake
[0.402s] -- Up-to-date symlink: /home/freesix/far_planner_ws/install/graph_planner/share/graph_planner/cmake/rosidl_cmake_export_typesupport_targets-extras.cmake
[0.403s] -- Up-to-date symlink: /home/freesix/far_planner_ws/install/graph_planner/share/graph_planner/cmake/rosidl_cmake_export_typesupport_libraries-extras.cmake
[0.403s] -- Up-to-date symlink: /home/freesix/far_planner_ws/install/graph_planner/share/graph_planner/cmake/graph_plannerConfig.cmake
[0.403s] -- Up-to-date symlink: /home/freesix/far_planner_ws/install/graph_planner/share/graph_planner/cmake/graph_plannerConfig-version.cmake
[0.403s] -- Up-to-date symlink: /home/freesix/far_planner_ws/install/graph_planner/share/graph_planner/package.xml
[0.403s] -- Up-to-date: /home/freesix/far_planner_ws/install/graph_planner/lib/libgraph_planner__rosidl_generator_c.so
[0.403s] -- Up-to-date: /home/freesix/far_planner_ws/install/graph_planner/lib/libgraph_planner__rosidl_typesupport_fastrtps_c.so
[0.404s] -- Up-to-date: /home/freesix/far_planner_ws/install/graph_planner/lib/libgraph_planner__rosidl_typesupport_fastrtps_cpp.so
[0.404s] -- Up-to-date: /home/freesix/far_planner_ws/install/graph_planner/lib/libgraph_planner__rosidl_typesupport_introspection_c.so
[0.404s] -- Up-to-date: /home/freesix/far_planner_ws/install/graph_planner/lib/libgraph_planner__rosidl_typesupport_c.so
[0.404s] -- Up-to-date: /home/freesix/far_planner_ws/install/graph_planner/lib/libgraph_planner__rosidl_typesupport_introspection_cpp.so
[0.404s] -- Up-to-date: /home/freesix/far_planner_ws/install/graph_planner/lib/libgraph_planner__rosidl_typesupport_cpp.so
[0.431s] Listing '/home/freesix/far_planner_ws/install/graph_planner/local/lib/python3.10/dist-packages/graph_planner'...
[0.431s] Listing '/home/freesix/far_planner_ws/install/graph_planner/local/lib/python3.10/dist-packages/graph_planner/msg'...
[0.434s] -- Up-to-date: /home/freesix/far_planner_ws/install/graph_planner/lib/libgraph_planner__rosidl_generator_py.so
[0.435s] -- Up-to-date: /home/freesix/far_planner_ws/install/graph_planner/share/graph_planner/cmake/export_graph_planner__rosidl_generator_cExport.cmake
[0.435s] -- Up-to-date: /home/freesix/far_planner_ws/install/graph_planner/share/graph_planner/cmake/export_graph_planner__rosidl_generator_cExport-release.cmake
[0.435s] -- Up-to-date: /home/freesix/far_planner_ws/install/graph_planner/share/graph_planner/cmake/export_graph_planner__rosidl_typesupport_fastrtps_cExport.cmake
[0.435s] -- Up-to-date: /home/freesix/far_planner_ws/install/graph_planner/share/graph_planner/cmake/export_graph_planner__rosidl_typesupport_fastrtps_cExport-release.cmake
[0.435s] -- Up-to-date: /home/freesix/far_planner_ws/install/graph_planner/share/graph_planner/cmake/export_graph_planner__rosidl_generator_cppExport.cmake
[0.435s] -- Up-to-date: /home/freesix/far_planner_ws/install/graph_planner/share/graph_planner/cmake/export_graph_planner__rosidl_typesupport_fastrtps_cppExport.cmake
[0.436s] -- Up-to-date: /home/freesix/far_planner_ws/install/graph_planner/share/graph_planner/cmake/export_graph_planner__rosidl_typesupport_fastrtps_cppExport-release.cmake
[0.436s] -- Up-to-date: /home/freesix/far_planner_ws/install/graph_planner/share/graph_planner/cmake/graph_planner__rosidl_typesupport_introspection_cExport.cmake
[0.436s] -- Up-to-date: /home/freesix/far_planner_ws/install/graph_planner/share/graph_planner/cmake/graph_planner__rosidl_typesupport_introspection_cExport-release.cmake
[0.436s] -- Up-to-date: /home/freesix/far_planner_ws/install/graph_planner/share/graph_planner/cmake/graph_planner__rosidl_typesupport_cExport.cmake
[0.436s] -- Up-to-date: /home/freesix/far_planner_ws/install/graph_planner/share/graph_planner/cmake/graph_planner__rosidl_typesupport_cExport-release.cmake
[0.436s] -- Up-to-date: /home/freesix/far_planner_ws/install/graph_planner/share/graph_planner/cmake/graph_planner__rosidl_typesupport_introspection_cppExport.cmake
[0.436s] -- Up-to-date: /home/freesix/far_planner_ws/install/graph_planner/share/graph_planner/cmake/graph_planner__rosidl_typesupport_introspection_cppExport-release.cmake
[0.436s] -- Up-to-date: /home/freesix/far_planner_ws/install/graph_planner/share/graph_planner/cmake/graph_planner__rosidl_typesupport_cppExport.cmake
[0.436s] -- Up-to-date: /home/freesix/far_planner_ws/install/graph_planner/share/graph_planner/cmake/graph_planner__rosidl_typesupport_cppExport-release.cmake
[0.436s] -- Up-to-date: /home/freesix/far_planner_ws/install/graph_planner/share/graph_planner/cmake/export_graph_planner__rosidl_generator_pyExport.cmake
[0.436s] -- Up-to-date: /home/freesix/far_planner_ws/install/graph_planner/share/graph_planner/cmake/export_graph_planner__rosidl_generator_pyExport-release.cmake
[0.440s] Invoked command in '/home/freesix/far_planner_ws/build/graph_planner' returned '0': CMAKE_PREFIX_PATH=/home/freesix/far_planner_ws/install/graph_utils:/home/freesix/far_planner_ws/install/misc_utils:/home/freesix/far_planner_ws/install/waypoint_rviz_plugin:/home/freesix/far_planner_ws/install/waypoint_example:/home/freesix/far_planner_ws/install/dsvplanner:/home/freesix/far_planner_ws/install/octomap_world:/home/freesix/far_planner_ws/install/volumetric_msgs:/opt/ros/humble:/home/freesix/far_planner_ws/install/volumetric_map_base:/home/freesix/far_planner_ws/install/visualization_tools:/home/freesix/far_planner_ws/install/velodyne_simulator:/home/freesix/far_planner_ws/install/velodyne_gazebo_plugins:/home/freesix/far_planner_ws/install/velodyne_description:/home/freesix/far_planner_ws/install/vehicle_simulator:/home/freesix/far_planner_ws/install/terrain_analysis_ext:/home/freesix/far_planner_ws/install/terrain_analysis:/home/freesix/far_planner_ws/install/sensor_scan_generation:/home/freesix/far_planner_ws/install/graph_planner:/home/freesix/far_planner_ws/install/minkindr_conversions:/home/freesix/far_planner_ws/install/minkindr:/home/freesix/far_planner_ws/install/local_planner:/home/freesix/far_planner_ws/install/loam_interface:/home/freesix/far_planner_ws/install/kdtree:/home/freesix/far_planner_ws/install/joy:/home/freesix/far_planner_ws/install/dsvp_launch LD_LIBRARY_PATH=/home/freesix/far_planner_ws/install/graph_utils/lib:/home/freesix/far_planner_ws/install/misc_utils/lib:/home/freesix/far_planner_ws/install/dsvplanner/lib:/home/freesix/far_planner_ws/install/octomap_world/lib:/home/freesix/far_planner_ws/install/volumetric_msgs/lib:/home/freesix/far_planner_ws/install/volumetric_map_base/lib:/home/freesix/far_planner_ws/install/velodyne_gazebo_plugins/lib:/home/freesix/far_planner_ws/install/graph_planner/lib:/home/freesix/far_planner_ws/install/minkindr_conversions/lib:/home/freesix/far_planner_ws/install/kdtree/lib:/home/freesix/far_planner_ws/install/joy/lib:/usr/lib/x86_64-linux-gnu/gazebo-11/plugins:/opt/ros/humble/opt/rviz_ogre_vendor/lib:/opt/ros/humble/lib/x86_64-linux-gnu:/opt/ros/humble/lib /usr/local/bin/cmake --install /home/freesix/far_planner_ws/build/graph_planner
