[  1%] Built target dsvplanner__cpp
[  9%] Built target dsvplanner__rosidl_generator_c
[  9%] Built target ament_cmake_python_symlink_dsvplanner
[ 17%] Built target dsvplanner__rosidl_typesupport_cpp
[ 25%] Built target dsvplanner__rosidl_typesupport_introspection_c
[ 32%] Built target dsvplanner__rosidl_typesupport_fastrtps_cpp
[ 40%] Built target dsvplanner__rosidl_typesupport_introspection_cpp
[ 48%] Built target dsvplanner__rosidl_typesupport_c
[ 55%] Built target dsvplanner__rosidl_typesupport_fastrtps_c
[ 55%] Built target dsvplanner
[ 57%] Built target dsvplanner__py
[ 63%] Built target dsvplanner__rosidl_generator_py
[ 67%] Built target dsvplanner__rosidl_typesupport_fastrtps_c__pyext
[ 71%] Built target dsvplanner__rosidl_typesupport_introspection_c__pyext
[ 75%] Built target dsvplanner__rosidl_typesupport_c__pyext
[ 86%] Built target dsvPlannerLib
[100%] Built target dsvplanner_exe
running egg_info
writing dsvplanner.egg-info/PKG-INFO
writing dependency_links to dsvplanner.egg-info/dependency_links.txt
writing top-level names to dsvplanner.egg-info/top_level.txt
reading manifest file 'dsvplanner.egg-info/SOURCES.txt'
writing manifest file 'dsvplanner.egg-info/SOURCES.txt'
[100%] Built target ament_cmake_python_build_dsvplanner_egg
-- Install configuration: "Release"
-- Execute custom install script
-- Up-to-date symlink: /home/freesix/far_planner_ws/install/dsvplanner/share/ament_index/resource_index/rosidl_interfaces/dsvplanner
-- Up-to-date symlink: /home/freesix/far_planner_ws/install/dsvplanner/include/dsvplanner/dsvplanner/msg/rosidl_generator_c__visibility_control.h
-- Up-to-date symlink: /home/freesix/far_planner_ws/install/dsvplanner/include/dsvplanner/dsvplanner/srv/clean_frontier.h
-- Up-to-date symlink: /home/freesix/far_planner_ws/install/dsvplanner/include/dsvplanner/dsvplanner/srv/detail/clean_frontier__functions.h
-- Up-to-date symlink: /home/freesix/far_planner_ws/install/dsvplanner/include/dsvplanner/dsvplanner/srv/detail/clean_frontier__struct.h
-- Up-to-date symlink: /home/freesix/far_planner_ws/install/dsvplanner/include/dsvplanner/dsvplanner/srv/detail/clean_frontier__type_support.h
-- Up-to-date symlink: /home/freesix/far_planner_ws/install/dsvplanner/include/dsvplanner/dsvplanner/srv/detail/dsvplanner__functions.h
-- Up-to-date symlink: /home/freesix/far_planner_ws/install/dsvplanner/include/dsvplanner/dsvplanner/srv/detail/dsvplanner__struct.h
-- Up-to-date symlink: /home/freesix/far_planner_ws/install/dsvplanner/include/dsvplanner/dsvplanner/srv/detail/dsvplanner__type_support.h
-- Up-to-date symlink: /home/freesix/far_planner_ws/install/dsvplanner/include/dsvplanner/dsvplanner/srv/dsvplanner.h
-- Up-to-date symlink: /home/freesix/far_planner_ws/install/dsvplanner/share/dsvplanner/environment/library_path.sh
-- Up-to-date symlink: /home/freesix/far_planner_ws/install/dsvplanner/share/dsvplanner/environment/library_path.dsv
-- Up-to-date symlink: /home/freesix/far_planner_ws/install/dsvplanner/include/dsvplanner/dsvplanner/msg/rosidl_typesupport_fastrtps_c__visibility_control.h
-- Up-to-date symlink: /home/freesix/far_planner_ws/install/dsvplanner/include/dsvplanner/dsvplanner/srv/detail/clean_frontier__rosidl_typesupport_fastrtps_c.h
-- Up-to-date symlink: /home/freesix/far_planner_ws/install/dsvplanner/include/dsvplanner/dsvplanner/srv/detail/dsvplanner__rosidl_typesupport_fastrtps_c.h
-- Up-to-date symlink: /home/freesix/far_planner_ws/install/dsvplanner/include/dsvplanner/dsvplanner/srv/clean_frontier.hpp
-- Up-to-date symlink: /home/freesix/far_planner_ws/install/dsvplanner/include/dsvplanner/dsvplanner/srv/detail/clean_frontier__builder.hpp
-- Up-to-date symlink: /home/freesix/far_planner_ws/install/dsvplanner/include/dsvplanner/dsvplanner/srv/detail/clean_frontier__struct.hpp
-- Up-to-date symlink: /home/freesix/far_planner_ws/install/dsvplanner/include/dsvplanner/dsvplanner/srv/detail/clean_frontier__traits.hpp
-- Up-to-date symlink: /home/freesix/far_planner_ws/install/dsvplanner/include/dsvplanner/dsvplanner/srv/detail/dsvplanner__builder.hpp
-- Up-to-date symlink: /home/freesix/far_planner_ws/install/dsvplanner/include/dsvplanner/dsvplanner/srv/detail/dsvplanner__struct.hpp
-- Up-to-date symlink: /home/freesix/far_planner_ws/install/dsvplanner/include/dsvplanner/dsvplanner/srv/detail/dsvplanner__traits.hpp
-- Up-to-date symlink: /home/freesix/far_planner_ws/install/dsvplanner/include/dsvplanner/dsvplanner/srv/dsvplanner.hpp
-- Up-to-date symlink: /home/freesix/far_planner_ws/install/dsvplanner/include/dsvplanner/dsvplanner/msg/rosidl_typesupport_fastrtps_cpp__visibility_control.h
-- Up-to-date symlink: /home/freesix/far_planner_ws/install/dsvplanner/include/dsvplanner/dsvplanner/srv/detail/clean_frontier__rosidl_typesupport_fastrtps_cpp.hpp
-- Up-to-date symlink: /home/freesix/far_planner_ws/install/dsvplanner/include/dsvplanner/dsvplanner/srv/detail/dsvplanner__rosidl_typesupport_fastrtps_cpp.hpp
-- Up-to-date symlink: /home/freesix/far_planner_ws/install/dsvplanner/include/dsvplanner/dsvplanner/msg/rosidl_typesupport_introspection_c__visibility_control.h
-- Up-to-date symlink: /home/freesix/far_planner_ws/install/dsvplanner/include/dsvplanner/dsvplanner/srv/detail/clean_frontier__rosidl_typesupport_introspection_c.h
-- Up-to-date symlink: /home/freesix/far_planner_ws/install/dsvplanner/include/dsvplanner/dsvplanner/srv/detail/dsvplanner__rosidl_typesupport_introspection_c.h
-- Up-to-date symlink: /home/freesix/far_planner_ws/install/dsvplanner/include/dsvplanner/dsvplanner/srv/detail/clean_frontier__rosidl_typesupport_introspection_cpp.hpp
-- Up-to-date symlink: /home/freesix/far_planner_ws/install/dsvplanner/include/dsvplanner/dsvplanner/srv/detail/dsvplanner__rosidl_typesupport_introspection_cpp.hpp
-- Up-to-date symlink: /home/freesix/far_planner_ws/install/dsvplanner/share/dsvplanner/environment/pythonpath.sh
-- Up-to-date symlink: /home/freesix/far_planner_ws/install/dsvplanner/share/dsvplanner/environment/pythonpath.dsv
-- Up-to-date symlink: /home/freesix/far_planner_ws/install/dsvplanner/local/lib/python3.10/dist-packages/dsvplanner-0.0.1-py3.10.egg-info/PKG-INFO
-- Up-to-date symlink: /home/freesix/far_planner_ws/install/dsvplanner/local/lib/python3.10/dist-packages/dsvplanner-0.0.1-py3.10.egg-info/SOURCES.txt
-- Up-to-date symlink: /home/freesix/far_planner_ws/install/dsvplanner/local/lib/python3.10/dist-packages/dsvplanner-0.0.1-py3.10.egg-info/dependency_links.txt
-- Up-to-date symlink: /home/freesix/far_planner_ws/install/dsvplanner/local/lib/python3.10/dist-packages/dsvplanner-0.0.1-py3.10.egg-info/top_level.txt
-- Up-to-date symlink: /home/freesix/far_planner_ws/install/dsvplanner/local/lib/python3.10/dist-packages/dsvplanner/__init__.py
-- Up-to-date symlink: /home/freesix/far_planner_ws/install/dsvplanner/local/lib/python3.10/dist-packages/dsvplanner/_dsvplanner_s.ep.rosidl_typesupport_c.c
-- Up-to-date symlink: /home/freesix/far_planner_ws/install/dsvplanner/local/lib/python3.10/dist-packages/dsvplanner/_dsvplanner_s.ep.rosidl_typesupport_fastrtps_c.c
-- Up-to-date symlink: /home/freesix/far_planner_ws/install/dsvplanner/local/lib/python3.10/dist-packages/dsvplanner/_dsvplanner_s.ep.rosidl_typesupport_introspection_c.c
-- Up-to-date symlink: /home/freesix/far_planner_ws/install/dsvplanner/local/lib/python3.10/dist-packages/dsvplanner/dsvplanner_s__rosidl_typesupport_c.cpython-310-x86_64-linux-gnu.so
-- Up-to-date symlink: /home/freesix/far_planner_ws/install/dsvplanner/local/lib/python3.10/dist-packages/dsvplanner/dsvplanner_s__rosidl_typesupport_fastrtps_c.cpython-310-x86_64-linux-gnu.so
-- Up-to-date symlink: /home/freesix/far_planner_ws/install/dsvplanner/local/lib/python3.10/dist-packages/dsvplanner/dsvplanner_s__rosidl_typesupport_introspection_c.cpython-310-x86_64-linux-gnu.so
-- Up-to-date symlink: /home/freesix/far_planner_ws/install/dsvplanner/local/lib/python3.10/dist-packages/dsvplanner/libdsvplanner__rosidl_generator_py.so
-- Up-to-date symlink: /home/freesix/far_planner_ws/install/dsvplanner/local/lib/python3.10/dist-packages/dsvplanner/srv/__init__.py
-- Up-to-date symlink: /home/freesix/far_planner_ws/install/dsvplanner/local/lib/python3.10/dist-packages/dsvplanner/srv/_clean_frontier.py
-- Up-to-date symlink: /home/freesix/far_planner_ws/install/dsvplanner/local/lib/python3.10/dist-packages/dsvplanner/srv/_clean_frontier_s.c
-- Up-to-date symlink: /home/freesix/far_planner_ws/install/dsvplanner/local/lib/python3.10/dist-packages/dsvplanner/srv/_dsvplanner.py
-- Up-to-date symlink: /home/freesix/far_planner_ws/install/dsvplanner/local/lib/python3.10/dist-packages/dsvplanner/srv/_dsvplanner_s.c
-- Up-to-date symlink: /home/freesix/far_planner_ws/install/dsvplanner/local/lib/python3.10/dist-packages/dsvplanner/dsvplanner_s__rosidl_typesupport_fastrtps_c.cpython-310-x86_64-linux-gnu.so
-- Up-to-date symlink: /home/freesix/far_planner_ws/install/dsvplanner/local/lib/python3.10/dist-packages/dsvplanner/dsvplanner_s__rosidl_typesupport_introspection_c.cpython-310-x86_64-linux-gnu.so
-- Up-to-date symlink: /home/freesix/far_planner_ws/install/dsvplanner/local/lib/python3.10/dist-packages/dsvplanner/dsvplanner_s__rosidl_typesupport_c.cpython-310-x86_64-linux-gnu.so
-- Up-to-date symlink: /home/freesix/far_planner_ws/install/dsvplanner/share/dsvplanner/srv/Dsvplanner.idl
-- Up-to-date symlink: /home/freesix/far_planner_ws/install/dsvplanner/share/dsvplanner/srv/CleanFrontier.idl
-- Up-to-date symlink: /home/freesix/far_planner_ws/install/dsvplanner/share/dsvplanner/srv/Dsvplanner.srv
-- Up-to-date symlink: /home/freesix/far_planner_ws/install/dsvplanner/share/dsvplanner/srv/Dsvplanner_Request.msg
-- Up-to-date symlink: /home/freesix/far_planner_ws/install/dsvplanner/share/dsvplanner/srv/Dsvplanner_Response.msg
-- Up-to-date symlink: /home/freesix/far_planner_ws/install/dsvplanner/share/dsvplanner/srv/CleanFrontier.srv
-- Up-to-date symlink: /home/freesix/far_planner_ws/install/dsvplanner/share/dsvplanner/srv/CleanFrontier_Request.msg
-- Up-to-date symlink: /home/freesix/far_planner_ws/install/dsvplanner/share/dsvplanner/srv/CleanFrontier_Response.msg
-- Up-to-date symlink: /home/freesix/far_planner_ws/install/dsvplanner/lib/dsvplanner/dsvplanner_exe
-- Up-to-date symlink: /home/freesix/far_planner_ws/install/dsvplanner/share/ament_index/resource_index/package_run_dependencies/dsvplanner
-- Up-to-date symlink: /home/freesix/far_planner_ws/install/dsvplanner/share/ament_index/resource_index/parent_prefix_path/dsvplanner
-- Up-to-date symlink: /home/freesix/far_planner_ws/install/dsvplanner/share/dsvplanner/environment/ament_prefix_path.sh
-- Up-to-date symlink: /home/freesix/far_planner_ws/install/dsvplanner/share/dsvplanner/environment/ament_prefix_path.dsv
-- Up-to-date symlink: /home/freesix/far_planner_ws/install/dsvplanner/share/dsvplanner/environment/path.sh
-- Up-to-date symlink: /home/freesix/far_planner_ws/install/dsvplanner/share/dsvplanner/environment/path.dsv
-- Up-to-date symlink: /home/freesix/far_planner_ws/install/dsvplanner/share/dsvplanner/local_setup.bash
-- Up-to-date symlink: /home/freesix/far_planner_ws/install/dsvplanner/share/dsvplanner/local_setup.sh
-- Up-to-date symlink: /home/freesix/far_planner_ws/install/dsvplanner/share/dsvplanner/local_setup.zsh
-- Up-to-date symlink: /home/freesix/far_planner_ws/install/dsvplanner/share/dsvplanner/local_setup.dsv
-- Symlinking: /home/freesix/far_planner_ws/install/dsvplanner/share/dsvplanner/package.dsv
-- Up-to-date symlink: /home/freesix/far_planner_ws/install/dsvplanner/share/ament_index/resource_index/packages/dsvplanner
-- Up-to-date symlink: /home/freesix/far_planner_ws/install/dsvplanner/share/dsvplanner/cmake/rosidl_cmake-extras.cmake
-- Up-to-date symlink: /home/freesix/far_planner_ws/install/dsvplanner/share/dsvplanner/cmake/ament_cmake_export_dependencies-extras.cmake
-- Up-to-date symlink: /home/freesix/far_planner_ws/install/dsvplanner/share/dsvplanner/cmake/ament_cmake_export_include_directories-extras.cmake
-- Up-to-date symlink: /home/freesix/far_planner_ws/install/dsvplanner/share/dsvplanner/cmake/ament_cmake_export_libraries-extras.cmake
-- Up-to-date symlink: /home/freesix/far_planner_ws/install/dsvplanner/share/dsvplanner/cmake/ament_cmake_export_targets-extras.cmake
-- Up-to-date symlink: /home/freesix/far_planner_ws/install/dsvplanner/share/dsvplanner/cmake/rosidl_cmake_export_typesupport_targets-extras.cmake
-- Up-to-date symlink: /home/freesix/far_planner_ws/install/dsvplanner/share/dsvplanner/cmake/rosidl_cmake_export_typesupport_libraries-extras.cmake
-- Up-to-date symlink: /home/freesix/far_planner_ws/install/dsvplanner/share/dsvplanner/cmake/dsvplannerConfig.cmake
-- Up-to-date symlink: /home/freesix/far_planner_ws/install/dsvplanner/share/dsvplanner/cmake/dsvplannerConfig-version.cmake
-- Up-to-date symlink: /home/freesix/far_planner_ws/install/dsvplanner/share/dsvplanner/package.xml
-- Up-to-date: /home/freesix/far_planner_ws/install/dsvplanner/lib/libdsvplanner__rosidl_generator_c.so
-- Up-to-date: /home/freesix/far_planner_ws/install/dsvplanner/lib/libdsvplanner__rosidl_typesupport_fastrtps_c.so
-- Up-to-date: /home/freesix/far_planner_ws/install/dsvplanner/lib/libdsvplanner__rosidl_typesupport_fastrtps_cpp.so
-- Up-to-date: /home/freesix/far_planner_ws/install/dsvplanner/lib/libdsvplanner__rosidl_typesupport_introspection_c.so
-- Up-to-date: /home/freesix/far_planner_ws/install/dsvplanner/lib/libdsvplanner__rosidl_typesupport_c.so
-- Up-to-date: /home/freesix/far_planner_ws/install/dsvplanner/lib/libdsvplanner__rosidl_typesupport_introspection_cpp.so
-- Up-to-date: /home/freesix/far_planner_ws/install/dsvplanner/lib/libdsvplanner__rosidl_typesupport_cpp.so
Listing '/home/freesix/far_planner_ws/install/dsvplanner/local/lib/python3.10/dist-packages/dsvplanner'...
Listing '/home/freesix/far_planner_ws/install/dsvplanner/local/lib/python3.10/dist-packages/dsvplanner/srv'...
-- Up-to-date: /home/freesix/far_planner_ws/install/dsvplanner/lib/libdsvplanner__rosidl_generator_py.so
-- Up-to-date: /home/freesix/far_planner_ws/install/dsvplanner/lib/libdsvPlannerLib.so
-- Up-to-date: /home/freesix/far_planner_ws/install/dsvplanner/share/dsvplanner/cmake/export_dsvplanner__rosidl_generator_cExport.cmake
-- Up-to-date: /home/freesix/far_planner_ws/install/dsvplanner/share/dsvplanner/cmake/export_dsvplanner__rosidl_generator_cExport-release.cmake
-- Up-to-date: /home/freesix/far_planner_ws/install/dsvplanner/share/dsvplanner/cmake/export_dsvplanner__rosidl_typesupport_fastrtps_cExport.cmake
-- Up-to-date: /home/freesix/far_planner_ws/install/dsvplanner/share/dsvplanner/cmake/export_dsvplanner__rosidl_typesupport_fastrtps_cExport-release.cmake
-- Up-to-date: /home/freesix/far_planner_ws/install/dsvplanner/share/dsvplanner/cmake/export_dsvplanner__rosidl_generator_cppExport.cmake
-- Up-to-date: /home/freesix/far_planner_ws/install/dsvplanner/share/dsvplanner/cmake/export_dsvplanner__rosidl_typesupport_fastrtps_cppExport.cmake
-- Up-to-date: /home/freesix/far_planner_ws/install/dsvplanner/share/dsvplanner/cmake/export_dsvplanner__rosidl_typesupport_fastrtps_cppExport-release.cmake
-- Up-to-date: /home/freesix/far_planner_ws/install/dsvplanner/share/dsvplanner/cmake/dsvplanner__rosidl_typesupport_introspection_cExport.cmake
-- Up-to-date: /home/freesix/far_planner_ws/install/dsvplanner/share/dsvplanner/cmake/dsvplanner__rosidl_typesupport_introspection_cExport-release.cmake
-- Up-to-date: /home/freesix/far_planner_ws/install/dsvplanner/share/dsvplanner/cmake/dsvplanner__rosidl_typesupport_cExport.cmake
-- Up-to-date: /home/freesix/far_planner_ws/install/dsvplanner/share/dsvplanner/cmake/dsvplanner__rosidl_typesupport_cExport-release.cmake
-- Up-to-date: /home/freesix/far_planner_ws/install/dsvplanner/share/dsvplanner/cmake/dsvplanner__rosidl_typesupport_introspection_cppExport.cmake
-- Up-to-date: /home/freesix/far_planner_ws/install/dsvplanner/share/dsvplanner/cmake/dsvplanner__rosidl_typesupport_introspection_cppExport-release.cmake
-- Up-to-date: /home/freesix/far_planner_ws/install/dsvplanner/share/dsvplanner/cmake/dsvplanner__rosidl_typesupport_cppExport.cmake
-- Up-to-date: /home/freesix/far_planner_ws/install/dsvplanner/share/dsvplanner/cmake/dsvplanner__rosidl_typesupport_cppExport-release.cmake
-- Up-to-date: /home/freesix/far_planner_ws/install/dsvplanner/share/dsvplanner/cmake/export_dsvplanner__rosidl_generator_pyExport.cmake
-- Up-to-date: /home/freesix/far_planner_ws/install/dsvplanner/share/dsvplanner/cmake/export_dsvplanner__rosidl_generator_pyExport-release.cmake
