[0.618s] Invoking command in '/home/freesix/far_planner_ws/build/dsvplanner': AMENT_PREFIX_PATH=/home/freesix/far_planner_ws/install/octomap_world:/home/freesix/far_planner_ws/install/graph_planner:/home/freesix/far_planner_ws/install/minkindr_conversions:/home/freesix/far_planner_ws/install/graph_utils:/home/freesix/far_planner_ws/install/volumetric_msgs:/home/freesix/far_planner_ws/install/misc_utils:${AMENT_PREFIX_PATH} CMAKE_PREFIX_PATH=/home/freesix/far_planner_ws/install/octomap_world:/home/freesix/far_planner_ws/install/graph_planner:/opt/ros/humble:/home/freesix/far_planner_ws/install/volumetric_map_base:/home/freesix/far_planner_ws/install/minkindr_conversions:/home/freesix/far_planner_ws/install/graph_utils:/home/freesix/far_planner_ws/install/volumetric_msgs:/home/freesix/far_planner_ws/install/misc_utils:/home/freesix/far_planner_ws/install/minkindr:/home/freesix/far_planner_ws/install/kdtree LD_LIBRARY_PATH=/home/freesix/far_planner_ws/install/octomap_world/lib:/home/freesix/far_planner_ws/install/graph_planner/lib:/home/freesix/far_planner_ws/install/volumetric_map_base/lib:/home/freesix/far_planner_ws/install/minkindr_conversions/lib:/home/freesix/far_planner_ws/install/graph_utils/lib:/home/freesix/far_planner_ws/install/volumetric_msgs/lib:/home/freesix/far_planner_ws/install/misc_utils/lib:/home/freesix/far_planner_ws/install/kdtree/lib:${LD_LIBRARY_PATH} PKG_CONFIG_PATH=/home/freesix/far_planner_ws/install/volumetric_map_base/lib/x86_64-linux-gnu/pkgconfig:/home/freesix/far_planner_ws/install/volumetric_map_base/lib/pkgconfig:/home/freesix/far_planner_ws/install/minkindr/lib/x86_64-linux-gnu/pkgconfig:/home/freesix/far_planner_ws/install/minkindr/lib/pkgconfig:/home/freesix/far_planner_ws/install/kdtree/lib/x86_64-linux-gnu/pkgconfig:/home/freesix/far_planner_ws/install/kdtree/lib/pkgconfig PYTHONPATH=/home/freesix/far_planner_ws/install/graph_planner/local/lib/python3.10/dist-packages:/home/freesix/far_planner_ws/install/graph_utils/local/lib/python3.10/dist-packages:/home/freesix/far_planner_ws/install/volumetric_msgs/local/lib/python3.10/dist-packages:${PYTHONPATH} ROS_PACKAGE_PATH=/home/freesix/far_planner_ws/install/volumetric_map_base/share:/home/freesix/far_planner_ws/install/minkindr/share:/home/freesix/far_planner_ws/install/kdtree/share /usr/local/bin/cmake --build /home/freesix/far_planner_ws/build/dsvplanner -- -j16 -l16
[0.638s] [  1%] Built target dsvplanner__cpp
[0.639s] [  9%] Built target dsvplanner__rosidl_generator_c
[0.640s] [  9%] Built target ament_cmake_python_symlink_dsvplanner
[0.648s] [ 17%] Built target dsvplanner__rosidl_typesupport_cpp
[0.648s] [ 25%] Built target dsvplanner__rosidl_typesupport_introspection_c
[0.648s] [ 32%] Built target dsvplanner__rosidl_typesupport_fastrtps_cpp
[0.649s] [ 40%] Built target dsvplanner__rosidl_typesupport_introspection_cpp
[0.649s] [ 48%] Built target dsvplanner__rosidl_typesupport_c
[0.649s] [ 55%] Built target dsvplanner__rosidl_typesupport_fastrtps_c
[0.656s] [ 55%] Built target dsvplanner
[0.663s] [ 57%] Built target dsvplanner__py
[0.671s] [ 63%] Built target dsvplanner__rosidl_generator_py
[0.679s] [ 67%] Built target dsvplanner__rosidl_typesupport_fastrtps_c__pyext
[0.680s] [ 71%] Built target dsvplanner__rosidl_typesupport_introspection_c__pyext
[0.680s] [ 75%] Built target dsvplanner__rosidl_typesupport_c__pyext
[0.690s] [ 86%] Built target dsvPlannerLib
[0.696s] [100%] Built target dsvplanner_exe
[0.776s] running egg_info
[0.776s] writing dsvplanner.egg-info/PKG-INFO
[0.776s] writing dependency_links to dsvplanner.egg-info/dependency_links.txt
[0.776s] writing top-level names to dsvplanner.egg-info/top_level.txt
[0.777s] reading manifest file 'dsvplanner.egg-info/SOURCES.txt'
[0.778s] writing manifest file 'dsvplanner.egg-info/SOURCES.txt'
[0.791s] [100%] Built target ament_cmake_python_build_dsvplanner_egg
[0.795s] Invoked command in '/home/freesix/far_planner_ws/build/dsvplanner' returned '0': AMENT_PREFIX_PATH=/home/freesix/far_planner_ws/install/octomap_world:/home/freesix/far_planner_ws/install/graph_planner:/home/freesix/far_planner_ws/install/minkindr_conversions:/home/freesix/far_planner_ws/install/graph_utils:/home/freesix/far_planner_ws/install/volumetric_msgs:/home/freesix/far_planner_ws/install/misc_utils:${AMENT_PREFIX_PATH} CMAKE_PREFIX_PATH=/home/freesix/far_planner_ws/install/octomap_world:/home/freesix/far_planner_ws/install/graph_planner:/opt/ros/humble:/home/freesix/far_planner_ws/install/volumetric_map_base:/home/freesix/far_planner_ws/install/minkindr_conversions:/home/freesix/far_planner_ws/install/graph_utils:/home/freesix/far_planner_ws/install/volumetric_msgs:/home/freesix/far_planner_ws/install/misc_utils:/home/freesix/far_planner_ws/install/minkindr:/home/freesix/far_planner_ws/install/kdtree LD_LIBRARY_PATH=/home/freesix/far_planner_ws/install/octomap_world/lib:/home/freesix/far_planner_ws/install/graph_planner/lib:/home/freesix/far_planner_ws/install/volumetric_map_base/lib:/home/freesix/far_planner_ws/install/minkindr_conversions/lib:/home/freesix/far_planner_ws/install/graph_utils/lib:/home/freesix/far_planner_ws/install/volumetric_msgs/lib:/home/freesix/far_planner_ws/install/misc_utils/lib:/home/freesix/far_planner_ws/install/kdtree/lib:${LD_LIBRARY_PATH} PKG_CONFIG_PATH=/home/freesix/far_planner_ws/install/volumetric_map_base/lib/x86_64-linux-gnu/pkgconfig:/home/freesix/far_planner_ws/install/volumetric_map_base/lib/pkgconfig:/home/freesix/far_planner_ws/install/minkindr/lib/x86_64-linux-gnu/pkgconfig:/home/freesix/far_planner_ws/install/minkindr/lib/pkgconfig:/home/freesix/far_planner_ws/install/kdtree/lib/x86_64-linux-gnu/pkgconfig:/home/freesix/far_planner_ws/install/kdtree/lib/pkgconfig PYTHONPATH=/home/freesix/far_planner_ws/install/graph_planner/local/lib/python3.10/dist-packages:/home/freesix/far_planner_ws/install/graph_utils/local/lib/python3.10/dist-packages:/home/freesix/far_planner_ws/install/volumetric_msgs/local/lib/python3.10/dist-packages:${PYTHONPATH} ROS_PACKAGE_PATH=/home/freesix/far_planner_ws/install/volumetric_map_base/share:/home/freesix/far_planner_ws/install/minkindr/share:/home/freesix/far_planner_ws/install/kdtree/share /usr/local/bin/cmake --build /home/freesix/far_planner_ws/build/dsvplanner -- -j16 -l16
[0.845s] Invoking command in '/home/freesix/far_planner_ws/build/dsvplanner': AMENT_PREFIX_PATH=/home/freesix/far_planner_ws/install/octomap_world:/home/freesix/far_planner_ws/install/graph_planner:/home/freesix/far_planner_ws/install/minkindr_conversions:/home/freesix/far_planner_ws/install/graph_utils:/home/freesix/far_planner_ws/install/volumetric_msgs:/home/freesix/far_planner_ws/install/misc_utils:${AMENT_PREFIX_PATH} CMAKE_PREFIX_PATH=/home/freesix/far_planner_ws/install/octomap_world:/home/freesix/far_planner_ws/install/graph_planner:/opt/ros/humble:/home/freesix/far_planner_ws/install/volumetric_map_base:/home/freesix/far_planner_ws/install/minkindr_conversions:/home/freesix/far_planner_ws/install/graph_utils:/home/freesix/far_planner_ws/install/volumetric_msgs:/home/freesix/far_planner_ws/install/misc_utils:/home/freesix/far_planner_ws/install/minkindr:/home/freesix/far_planner_ws/install/kdtree LD_LIBRARY_PATH=/home/freesix/far_planner_ws/install/octomap_world/lib:/home/freesix/far_planner_ws/install/graph_planner/lib:/home/freesix/far_planner_ws/install/volumetric_map_base/lib:/home/freesix/far_planner_ws/install/minkindr_conversions/lib:/home/freesix/far_planner_ws/install/graph_utils/lib:/home/freesix/far_planner_ws/install/volumetric_msgs/lib:/home/freesix/far_planner_ws/install/misc_utils/lib:/home/freesix/far_planner_ws/install/kdtree/lib:${LD_LIBRARY_PATH} PKG_CONFIG_PATH=/home/freesix/far_planner_ws/install/volumetric_map_base/lib/x86_64-linux-gnu/pkgconfig:/home/freesix/far_planner_ws/install/volumetric_map_base/lib/pkgconfig:/home/freesix/far_planner_ws/install/minkindr/lib/x86_64-linux-gnu/pkgconfig:/home/freesix/far_planner_ws/install/minkindr/lib/pkgconfig:/home/freesix/far_planner_ws/install/kdtree/lib/x86_64-linux-gnu/pkgconfig:/home/freesix/far_planner_ws/install/kdtree/lib/pkgconfig PYTHONPATH=/home/freesix/far_planner_ws/install/graph_planner/local/lib/python3.10/dist-packages:/home/freesix/far_planner_ws/install/graph_utils/local/lib/python3.10/dist-packages:/home/freesix/far_planner_ws/install/volumetric_msgs/local/lib/python3.10/dist-packages:${PYTHONPATH} ROS_PACKAGE_PATH=/home/freesix/far_planner_ws/install/volumetric_map_base/share:/home/freesix/far_planner_ws/install/minkindr/share:/home/freesix/far_planner_ws/install/kdtree/share /usr/local/bin/cmake --install /home/freesix/far_planner_ws/build/dsvplanner
[0.847s] -- Install configuration: "Release"
[0.847s] -- Execute custom install script
[0.848s] -- Up-to-date symlink: /home/freesix/far_planner_ws/install/dsvplanner/share/ament_index/resource_index/rosidl_interfaces/dsvplanner
[0.848s] -- Up-to-date symlink: /home/freesix/far_planner_ws/install/dsvplanner/include/dsvplanner/dsvplanner/msg/rosidl_generator_c__visibility_control.h
[0.848s] -- Up-to-date symlink: /home/freesix/far_planner_ws/install/dsvplanner/include/dsvplanner/dsvplanner/srv/clean_frontier.h
[0.848s] -- Up-to-date symlink: /home/freesix/far_planner_ws/install/dsvplanner/include/dsvplanner/dsvplanner/srv/detail/clean_frontier__functions.h
[0.848s] -- Up-to-date symlink: /home/freesix/far_planner_ws/install/dsvplanner/include/dsvplanner/dsvplanner/srv/detail/clean_frontier__struct.h
[0.848s] -- Up-to-date symlink: /home/freesix/far_planner_ws/install/dsvplanner/include/dsvplanner/dsvplanner/srv/detail/clean_frontier__type_support.h
[0.848s] -- Up-to-date symlink: /home/freesix/far_planner_ws/install/dsvplanner/include/dsvplanner/dsvplanner/srv/detail/dsvplanner__functions.h
[0.848s] -- Up-to-date symlink: /home/freesix/far_planner_ws/install/dsvplanner/include/dsvplanner/dsvplanner/srv/detail/dsvplanner__struct.h
[0.848s] -- Up-to-date symlink: /home/freesix/far_planner_ws/install/dsvplanner/include/dsvplanner/dsvplanner/srv/detail/dsvplanner__type_support.h
[0.849s] -- Up-to-date symlink: /home/freesix/far_planner_ws/install/dsvplanner/include/dsvplanner/dsvplanner/srv/dsvplanner.h
[0.849s] -- Up-to-date symlink: /home/freesix/far_planner_ws/install/dsvplanner/share/dsvplanner/environment/library_path.sh
[0.849s] -- Up-to-date symlink: /home/freesix/far_planner_ws/install/dsvplanner/share/dsvplanner/environment/library_path.dsv
[0.849s] -- Up-to-date symlink: /home/freesix/far_planner_ws/install/dsvplanner/include/dsvplanner/dsvplanner/msg/rosidl_typesupport_fastrtps_c__visibility_control.h
[0.849s] -- Up-to-date symlink: /home/freesix/far_planner_ws/install/dsvplanner/include/dsvplanner/dsvplanner/srv/detail/clean_frontier__rosidl_typesupport_fastrtps_c.h
[0.849s] -- Up-to-date symlink: /home/freesix/far_planner_ws/install/dsvplanner/include/dsvplanner/dsvplanner/srv/detail/dsvplanner__rosidl_typesupport_fastrtps_c.h
[0.849s] -- Up-to-date symlink: /home/freesix/far_planner_ws/install/dsvplanner/include/dsvplanner/dsvplanner/srv/clean_frontier.hpp
[0.849s] -- Up-to-date symlink: /home/freesix/far_planner_ws/install/dsvplanner/include/dsvplanner/dsvplanner/srv/detail/clean_frontier__builder.hpp
[0.850s] -- Up-to-date symlink: /home/freesix/far_planner_ws/install/dsvplanner/include/dsvplanner/dsvplanner/srv/detail/clean_frontier__struct.hpp
[0.850s] -- Up-to-date symlink: /home/freesix/far_planner_ws/install/dsvplanner/include/dsvplanner/dsvplanner/srv/detail/clean_frontier__traits.hpp
[0.850s] -- Up-to-date symlink: /home/freesix/far_planner_ws/install/dsvplanner/include/dsvplanner/dsvplanner/srv/detail/dsvplanner__builder.hpp
[0.850s] -- Up-to-date symlink: /home/freesix/far_planner_ws/install/dsvplanner/include/dsvplanner/dsvplanner/srv/detail/dsvplanner__struct.hpp
[0.850s] -- Up-to-date symlink: /home/freesix/far_planner_ws/install/dsvplanner/include/dsvplanner/dsvplanner/srv/detail/dsvplanner__traits.hpp
[0.850s] -- Up-to-date symlink: /home/freesix/far_planner_ws/install/dsvplanner/include/dsvplanner/dsvplanner/srv/dsvplanner.hpp
[0.850s] -- Up-to-date symlink: /home/freesix/far_planner_ws/install/dsvplanner/include/dsvplanner/dsvplanner/msg/rosidl_typesupport_fastrtps_cpp__visibility_control.h
[0.850s] -- Up-to-date symlink: /home/freesix/far_planner_ws/install/dsvplanner/include/dsvplanner/dsvplanner/srv/detail/clean_frontier__rosidl_typesupport_fastrtps_cpp.hpp
[0.850s] -- Up-to-date symlink: /home/freesix/far_planner_ws/install/dsvplanner/include/dsvplanner/dsvplanner/srv/detail/dsvplanner__rosidl_typesupport_fastrtps_cpp.hpp
[0.850s] -- Up-to-date symlink: /home/freesix/far_planner_ws/install/dsvplanner/include/dsvplanner/dsvplanner/msg/rosidl_typesupport_introspection_c__visibility_control.h
[0.850s] -- Up-to-date symlink: /home/freesix/far_planner_ws/install/dsvplanner/include/dsvplanner/dsvplanner/srv/detail/clean_frontier__rosidl_typesupport_introspection_c.h
[0.851s] -- Up-to-date symlink: /home/freesix/far_planner_ws/install/dsvplanner/include/dsvplanner/dsvplanner/srv/detail/dsvplanner__rosidl_typesupport_introspection_c.h
[0.851s] -- Up-to-date symlink: /home/freesix/far_planner_ws/install/dsvplanner/include/dsvplanner/dsvplanner/srv/detail/clean_frontier__rosidl_typesupport_introspection_cpp.hpp
[0.851s] -- Up-to-date symlink: /home/freesix/far_planner_ws/install/dsvplanner/include/dsvplanner/dsvplanner/srv/detail/dsvplanner__rosidl_typesupport_introspection_cpp.hpp
[0.851s] -- Up-to-date symlink: /home/freesix/far_planner_ws/install/dsvplanner/share/dsvplanner/environment/pythonpath.sh
[0.851s] -- Up-to-date symlink: /home/freesix/far_planner_ws/install/dsvplanner/share/dsvplanner/environment/pythonpath.dsv
[0.851s] -- Up-to-date symlink: /home/freesix/far_planner_ws/install/dsvplanner/local/lib/python3.10/dist-packages/dsvplanner-0.0.1-py3.10.egg-info/PKG-INFO
[0.851s] -- Up-to-date symlink: /home/freesix/far_planner_ws/install/dsvplanner/local/lib/python3.10/dist-packages/dsvplanner-0.0.1-py3.10.egg-info/SOURCES.txt
[0.851s] -- Up-to-date symlink: /home/freesix/far_planner_ws/install/dsvplanner/local/lib/python3.10/dist-packages/dsvplanner-0.0.1-py3.10.egg-info/dependency_links.txt
[0.851s] -- Up-to-date symlink: /home/freesix/far_planner_ws/install/dsvplanner/local/lib/python3.10/dist-packages/dsvplanner-0.0.1-py3.10.egg-info/top_level.txt
[0.852s] -- Up-to-date symlink: /home/freesix/far_planner_ws/install/dsvplanner/local/lib/python3.10/dist-packages/dsvplanner/__init__.py
[0.852s] -- Up-to-date symlink: /home/freesix/far_planner_ws/install/dsvplanner/local/lib/python3.10/dist-packages/dsvplanner/_dsvplanner_s.ep.rosidl_typesupport_c.c
[0.852s] -- Up-to-date symlink: /home/freesix/far_planner_ws/install/dsvplanner/local/lib/python3.10/dist-packages/dsvplanner/_dsvplanner_s.ep.rosidl_typesupport_fastrtps_c.c
[0.852s] -- Up-to-date symlink: /home/freesix/far_planner_ws/install/dsvplanner/local/lib/python3.10/dist-packages/dsvplanner/_dsvplanner_s.ep.rosidl_typesupport_introspection_c.c
[0.852s] -- Up-to-date symlink: /home/freesix/far_planner_ws/install/dsvplanner/local/lib/python3.10/dist-packages/dsvplanner/dsvplanner_s__rosidl_typesupport_c.cpython-310-x86_64-linux-gnu.so
[0.852s] -- Up-to-date symlink: /home/freesix/far_planner_ws/install/dsvplanner/local/lib/python3.10/dist-packages/dsvplanner/dsvplanner_s__rosidl_typesupport_fastrtps_c.cpython-310-x86_64-linux-gnu.so
[0.852s] -- Up-to-date symlink: /home/freesix/far_planner_ws/install/dsvplanner/local/lib/python3.10/dist-packages/dsvplanner/dsvplanner_s__rosidl_typesupport_introspection_c.cpython-310-x86_64-linux-gnu.so
[0.852s] -- Up-to-date symlink: /home/freesix/far_planner_ws/install/dsvplanner/local/lib/python3.10/dist-packages/dsvplanner/libdsvplanner__rosidl_generator_py.so
[0.852s] -- Up-to-date symlink: /home/freesix/far_planner_ws/install/dsvplanner/local/lib/python3.10/dist-packages/dsvplanner/srv/__init__.py
[0.853s] -- Up-to-date symlink: /home/freesix/far_planner_ws/install/dsvplanner/local/lib/python3.10/dist-packages/dsvplanner/srv/_clean_frontier.py
[0.853s] -- Up-to-date symlink: /home/freesix/far_planner_ws/install/dsvplanner/local/lib/python3.10/dist-packages/dsvplanner/srv/_clean_frontier_s.c
[0.853s] -- Up-to-date symlink: /home/freesix/far_planner_ws/install/dsvplanner/local/lib/python3.10/dist-packages/dsvplanner/srv/_dsvplanner.py
[0.853s] -- Up-to-date symlink: /home/freesix/far_planner_ws/install/dsvplanner/local/lib/python3.10/dist-packages/dsvplanner/srv/_dsvplanner_s.c
[0.853s] -- Up-to-date symlink: /home/freesix/far_planner_ws/install/dsvplanner/local/lib/python3.10/dist-packages/dsvplanner/dsvplanner_s__rosidl_typesupport_fastrtps_c.cpython-310-x86_64-linux-gnu.so
[0.853s] -- Up-to-date symlink: /home/freesix/far_planner_ws/install/dsvplanner/local/lib/python3.10/dist-packages/dsvplanner/dsvplanner_s__rosidl_typesupport_introspection_c.cpython-310-x86_64-linux-gnu.so
[0.853s] -- Up-to-date symlink: /home/freesix/far_planner_ws/install/dsvplanner/local/lib/python3.10/dist-packages/dsvplanner/dsvplanner_s__rosidl_typesupport_c.cpython-310-x86_64-linux-gnu.so
[0.853s] -- Up-to-date symlink: /home/freesix/far_planner_ws/install/dsvplanner/share/dsvplanner/srv/Dsvplanner.idl
[0.853s] -- Up-to-date symlink: /home/freesix/far_planner_ws/install/dsvplanner/share/dsvplanner/srv/CleanFrontier.idl
[0.853s] -- Up-to-date symlink: /home/freesix/far_planner_ws/install/dsvplanner/share/dsvplanner/srv/Dsvplanner.srv
[0.853s] -- Up-to-date symlink: /home/freesix/far_planner_ws/install/dsvplanner/share/dsvplanner/srv/Dsvplanner_Request.msg
[0.854s] -- Up-to-date symlink: /home/freesix/far_planner_ws/install/dsvplanner/share/dsvplanner/srv/Dsvplanner_Response.msg
[0.854s] -- Up-to-date symlink: /home/freesix/far_planner_ws/install/dsvplanner/share/dsvplanner/srv/CleanFrontier.srv
[0.854s] -- Up-to-date symlink: /home/freesix/far_planner_ws/install/dsvplanner/share/dsvplanner/srv/CleanFrontier_Request.msg
[0.854s] -- Up-to-date symlink: /home/freesix/far_planner_ws/install/dsvplanner/share/dsvplanner/srv/CleanFrontier_Response.msg
[0.854s] -- Up-to-date symlink: /home/freesix/far_planner_ws/install/dsvplanner/lib/dsvplanner/dsvplanner_exe
[0.854s] -- Up-to-date symlink: /home/freesix/far_planner_ws/install/dsvplanner/share/ament_index/resource_index/package_run_dependencies/dsvplanner
[0.854s] -- Up-to-date symlink: /home/freesix/far_planner_ws/install/dsvplanner/share/ament_index/resource_index/parent_prefix_path/dsvplanner
[0.854s] -- Up-to-date symlink: /home/freesix/far_planner_ws/install/dsvplanner/share/dsvplanner/environment/ament_prefix_path.sh
[0.854s] -- Up-to-date symlink: /home/freesix/far_planner_ws/install/dsvplanner/share/dsvplanner/environment/ament_prefix_path.dsv
[0.854s] -- Up-to-date symlink: /home/freesix/far_planner_ws/install/dsvplanner/share/dsvplanner/environment/path.sh
[0.854s] -- Up-to-date symlink: /home/freesix/far_planner_ws/install/dsvplanner/share/dsvplanner/environment/path.dsv
[0.854s] -- Up-to-date symlink: /home/freesix/far_planner_ws/install/dsvplanner/share/dsvplanner/local_setup.bash
[0.855s] -- Up-to-date symlink: /home/freesix/far_planner_ws/install/dsvplanner/share/dsvplanner/local_setup.sh
[0.855s] -- Up-to-date symlink: /home/freesix/far_planner_ws/install/dsvplanner/share/dsvplanner/local_setup.zsh
[0.855s] -- Up-to-date symlink: /home/freesix/far_planner_ws/install/dsvplanner/share/dsvplanner/local_setup.dsv
[0.855s] -- Symlinking: /home/freesix/far_planner_ws/install/dsvplanner/share/dsvplanner/package.dsv
[0.857s] -- Up-to-date symlink: /home/freesix/far_planner_ws/install/dsvplanner/share/ament_index/resource_index/packages/dsvplanner
[0.857s] -- Up-to-date symlink: /home/freesix/far_planner_ws/install/dsvplanner/share/dsvplanner/cmake/rosidl_cmake-extras.cmake
[0.857s] -- Up-to-date symlink: /home/freesix/far_planner_ws/install/dsvplanner/share/dsvplanner/cmake/ament_cmake_export_dependencies-extras.cmake
[0.857s] -- Up-to-date symlink: /home/freesix/far_planner_ws/install/dsvplanner/share/dsvplanner/cmake/ament_cmake_export_include_directories-extras.cmake
[0.858s] -- Up-to-date symlink: /home/freesix/far_planner_ws/install/dsvplanner/share/dsvplanner/cmake/ament_cmake_export_libraries-extras.cmake
[0.858s] -- Up-to-date symlink: /home/freesix/far_planner_ws/install/dsvplanner/share/dsvplanner/cmake/ament_cmake_export_targets-extras.cmake
[0.858s] -- Up-to-date symlink: /home/freesix/far_planner_ws/install/dsvplanner/share/dsvplanner/cmake/rosidl_cmake_export_typesupport_targets-extras.cmake
[0.858s] -- Up-to-date symlink: /home/freesix/far_planner_ws/install/dsvplanner/share/dsvplanner/cmake/rosidl_cmake_export_typesupport_libraries-extras.cmake
[0.858s] -- Up-to-date symlink: /home/freesix/far_planner_ws/install/dsvplanner/share/dsvplanner/cmake/dsvplannerConfig.cmake
[0.858s] -- Up-to-date symlink: /home/freesix/far_planner_ws/install/dsvplanner/share/dsvplanner/cmake/dsvplannerConfig-version.cmake
[0.858s] -- Up-to-date symlink: /home/freesix/far_planner_ws/install/dsvplanner/share/dsvplanner/package.xml
[0.858s] -- Up-to-date: /home/freesix/far_planner_ws/install/dsvplanner/lib/libdsvplanner__rosidl_generator_c.so
[0.858s] -- Up-to-date: /home/freesix/far_planner_ws/install/dsvplanner/lib/libdsvplanner__rosidl_typesupport_fastrtps_c.so
[0.859s] -- Up-to-date: /home/freesix/far_planner_ws/install/dsvplanner/lib/libdsvplanner__rosidl_typesupport_fastrtps_cpp.so
[0.859s] -- Up-to-date: /home/freesix/far_planner_ws/install/dsvplanner/lib/libdsvplanner__rosidl_typesupport_introspection_c.so
[0.859s] -- Up-to-date: /home/freesix/far_planner_ws/install/dsvplanner/lib/libdsvplanner__rosidl_typesupport_c.so
[0.859s] -- Up-to-date: /home/freesix/far_planner_ws/install/dsvplanner/lib/libdsvplanner__rosidl_typesupport_introspection_cpp.so
[0.859s] -- Up-to-date: /home/freesix/far_planner_ws/install/dsvplanner/lib/libdsvplanner__rosidl_typesupport_cpp.so
[0.877s] Listing '/home/freesix/far_planner_ws/install/dsvplanner/local/lib/python3.10/dist-packages/dsvplanner'...
[0.878s] Listing '/home/freesix/far_planner_ws/install/dsvplanner/local/lib/python3.10/dist-packages/dsvplanner/srv'...
[0.880s] -- Up-to-date: /home/freesix/far_planner_ws/install/dsvplanner/lib/libdsvplanner__rosidl_generator_py.so
[0.880s] -- Up-to-date: /home/freesix/far_planner_ws/install/dsvplanner/lib/libdsvPlannerLib.so
[0.880s] -- Up-to-date: /home/freesix/far_planner_ws/install/dsvplanner/share/dsvplanner/cmake/export_dsvplanner__rosidl_generator_cExport.cmake
[0.880s] -- Up-to-date: /home/freesix/far_planner_ws/install/dsvplanner/share/dsvplanner/cmake/export_dsvplanner__rosidl_generator_cExport-release.cmake
[0.881s] -- Up-to-date: /home/freesix/far_planner_ws/install/dsvplanner/share/dsvplanner/cmake/export_dsvplanner__rosidl_typesupport_fastrtps_cExport.cmake
[0.881s] -- Up-to-date: /home/freesix/far_planner_ws/install/dsvplanner/share/dsvplanner/cmake/export_dsvplanner__rosidl_typesupport_fastrtps_cExport-release.cmake
[0.881s] -- Up-to-date: /home/freesix/far_planner_ws/install/dsvplanner/share/dsvplanner/cmake/export_dsvplanner__rosidl_generator_cppExport.cmake
[0.881s] -- Up-to-date: /home/freesix/far_planner_ws/install/dsvplanner/share/dsvplanner/cmake/export_dsvplanner__rosidl_typesupport_fastrtps_cppExport.cmake
[0.881s] -- Up-to-date: /home/freesix/far_planner_ws/install/dsvplanner/share/dsvplanner/cmake/export_dsvplanner__rosidl_typesupport_fastrtps_cppExport-release.cmake
[0.881s] -- Up-to-date: /home/freesix/far_planner_ws/install/dsvplanner/share/dsvplanner/cmake/dsvplanner__rosidl_typesupport_introspection_cExport.cmake
[0.881s] -- Up-to-date: /home/freesix/far_planner_ws/install/dsvplanner/share/dsvplanner/cmake/dsvplanner__rosidl_typesupport_introspection_cExport-release.cmake
[0.881s] -- Up-to-date: /home/freesix/far_planner_ws/install/dsvplanner/share/dsvplanner/cmake/dsvplanner__rosidl_typesupport_cExport.cmake
[0.881s] -- Up-to-date: /home/freesix/far_planner_ws/install/dsvplanner/share/dsvplanner/cmake/dsvplanner__rosidl_typesupport_cExport-release.cmake
[0.881s] -- Up-to-date: /home/freesix/far_planner_ws/install/dsvplanner/share/dsvplanner/cmake/dsvplanner__rosidl_typesupport_introspection_cppExport.cmake
[0.881s] -- Up-to-date: /home/freesix/far_planner_ws/install/dsvplanner/share/dsvplanner/cmake/dsvplanner__rosidl_typesupport_introspection_cppExport-release.cmake
[0.881s] -- Up-to-date: /home/freesix/far_planner_ws/install/dsvplanner/share/dsvplanner/cmake/dsvplanner__rosidl_typesupport_cppExport.cmake
[0.881s] -- Up-to-date: /home/freesix/far_planner_ws/install/dsvplanner/share/dsvplanner/cmake/dsvplanner__rosidl_typesupport_cppExport-release.cmake
[0.881s] -- Up-to-date: /home/freesix/far_planner_ws/install/dsvplanner/share/dsvplanner/cmake/export_dsvplanner__rosidl_generator_pyExport.cmake
[0.882s] -- Up-to-date: /home/freesix/far_planner_ws/install/dsvplanner/share/dsvplanner/cmake/export_dsvplanner__rosidl_generator_pyExport-release.cmake
[0.884s] Invoked command in '/home/freesix/far_planner_ws/build/dsvplanner' returned '0': AMENT_PREFIX_PATH=/home/freesix/far_planner_ws/install/octomap_world:/home/freesix/far_planner_ws/install/graph_planner:/home/freesix/far_planner_ws/install/minkindr_conversions:/home/freesix/far_planner_ws/install/graph_utils:/home/freesix/far_planner_ws/install/volumetric_msgs:/home/freesix/far_planner_ws/install/misc_utils:${AMENT_PREFIX_PATH} CMAKE_PREFIX_PATH=/home/freesix/far_planner_ws/install/octomap_world:/home/freesix/far_planner_ws/install/graph_planner:/opt/ros/humble:/home/freesix/far_planner_ws/install/volumetric_map_base:/home/freesix/far_planner_ws/install/minkindr_conversions:/home/freesix/far_planner_ws/install/graph_utils:/home/freesix/far_planner_ws/install/volumetric_msgs:/home/freesix/far_planner_ws/install/misc_utils:/home/freesix/far_planner_ws/install/minkindr:/home/freesix/far_planner_ws/install/kdtree LD_LIBRARY_PATH=/home/freesix/far_planner_ws/install/octomap_world/lib:/home/freesix/far_planner_ws/install/graph_planner/lib:/home/freesix/far_planner_ws/install/volumetric_map_base/lib:/home/freesix/far_planner_ws/install/minkindr_conversions/lib:/home/freesix/far_planner_ws/install/graph_utils/lib:/home/freesix/far_planner_ws/install/volumetric_msgs/lib:/home/freesix/far_planner_ws/install/misc_utils/lib:/home/freesix/far_planner_ws/install/kdtree/lib:${LD_LIBRARY_PATH} PKG_CONFIG_PATH=/home/freesix/far_planner_ws/install/volumetric_map_base/lib/x86_64-linux-gnu/pkgconfig:/home/freesix/far_planner_ws/install/volumetric_map_base/lib/pkgconfig:/home/freesix/far_planner_ws/install/minkindr/lib/x86_64-linux-gnu/pkgconfig:/home/freesix/far_planner_ws/install/minkindr/lib/pkgconfig:/home/freesix/far_planner_ws/install/kdtree/lib/x86_64-linux-gnu/pkgconfig:/home/freesix/far_planner_ws/install/kdtree/lib/pkgconfig PYTHONPATH=/home/freesix/far_planner_ws/install/graph_planner/local/lib/python3.10/dist-packages:/home/freesix/far_planner_ws/install/graph_utils/local/lib/python3.10/dist-packages:/home/freesix/far_planner_ws/install/volumetric_msgs/local/lib/python3.10/dist-packages:${PYTHONPATH} ROS_PACKAGE_PATH=/home/freesix/far_planner_ws/install/volumetric_map_base/share:/home/freesix/far_planner_ws/install/minkindr/share:/home/freesix/far_planner_ws/install/kdtree/share /usr/local/bin/cmake --install /home/freesix/far_planner_ws/build/dsvplanner
