[0.036s] Invoking command in '/home/freesix/far_planner_ws/build/visualization_tools': CMAKE_PREFIX_PATH=/opt/ros/humble /usr/local/bin/cmake /home/freesix/far_planner_ws/src/autonomous_exploration_development_environment/src/visualization_tools -DCMAKE_BUILD_TYPE=Release -DAMENT_CMAKE_SYMLINK_INSTALL=1 -DCMAKE_INSTALL_PREFIX=/home/freesix/far_planner_ws/install/visualization_tools
[0.053s] -- Found ament_cmake: 1.3.5 (/opt/ros/humble/share/ament_cmake/cmake)
[0.147s] -- Override CMake install command with custom implementation using symlinks instead of copying resources
[0.154s] -- Found rclcpp: 16.0.5 (/opt/ros/humble/share/rclcpp/cmake)
[0.265s] -- Found rosidl_generator_c: 3.1.5 (/opt/ros/humble/share/rosidl_generator_c/cmake)
[0.267s] -- Found rosidl_adapter: 3.1.5 (/opt/ros/humble/share/rosidl_adapter/cmake)
[0.271s] -- Found rosidl_generator_cpp: 3.1.5 (/opt/ros/humble/share/rosidl_generator_cpp/cmake)
[0.281s] -- Using all available rosidl_typesupport_c: rosidl_typesupport_fastrtps_c;rosidl_typesupport_introspection_c
[0.302s] -- Using all available rosidl_typesupport_cpp: rosidl_typesupport_fastrtps_cpp;rosidl_typesupport_introspection_cpp
[0.369s] -- Found rmw_implementation_cmake: 6.1.1 (/opt/ros/humble/share/rmw_implementation_cmake/cmake)
[0.370s] -- Found rmw_fastrtps_cpp: 6.2.3 (/opt/ros/humble/share/rmw_fastrtps_cpp/cmake)
[2.507s] -- Using RMW implementation 'rmw_fastrtps_cpp' as default
[2.666s] -- Found rclpy: 3.3.9 (/opt/ros/humble/share/rclpy/cmake)
[2.666s] -- Found nav_msgs: 4.2.3 (/opt/ros/humble/share/nav_msgs/cmake)
[2.780s] -- Found sensor_msgs: 4.2.3 (/opt/ros/humble/share/sensor_msgs/cmake)
[2.872s] -- Found tf2_ros: 0.25.3 (/opt/ros/humble/share/tf2_ros/cmake)
[3.221s] -- Found tf2_geometry_msgs: 0.25.3 (/opt/ros/humble/share/tf2_geometry_msgs/cmake)
[3.226s] -- Found eigen3_cmake_module: 0.1.1 (/opt/ros/humble/share/eigen3_cmake_module/cmake)
[3.228s] -- Ensuring Eigen3 include directory is part of orocos-kdl CMake target
[3.239s] -- Found pcl_conversions: 2.4.0 (/opt/ros/humble/share/pcl_conversions/cmake)
[3.374s] -- Found pcl_ros: 2.4.0 (/opt/ros/humble/share/pcl_ros/cmake)
[3.536s] -- Checking for module 'eigen3'
[3.551s] --   Found eigen3, version 3.4.0
[3.572s] -- Found Eigen: /usr/include/eigen3 (Required is at least version "3.1") 
[3.572s] -- Eigen found (include: /usr/include/eigen3, version: 3.4.0)
[4.357s] -- Checking for module 'flann'
[4.366s] --   Found flann, version 1.9.1
[4.618s] -- Found FLANN: /usr/lib/x86_64-linux-gnu/libflann_cpp.so  
[4.618s] -- FLANN found (include: /usr/include, lib: /usr/lib/x86_64-linux-gnu/libflann_cpp.so)
[7.984s] -- Checking for module 'libusb-1.0'
[7.994s] --   Found libusb-1.0, version 1.0.25
[8.066s] -- Found libusb: /usr/lib/x86_64-linux-gnu/libusb-1.0.so  
[8.067s] -- OpenNI found (version: 1.5.4.0, include: /usr/include/ni, lib: /usr/lib/libOpenNI.so;libusb::libusb)
[8.201s] -- OpenNI2 found (version: 2.2.0.33, include: /usr/include/openni2, lib: /usr/lib/x86_64-linux-gnu/libOpenNI2.so;libusb::libusb)
[9.502s] -- Eigen found (include: /usr/include/eigen3, version: 3.4.0)
[9.510s] -- OpenNI found (version: 1.5.4.0, include: /usr/include/ni, lib: /usr/lib/libOpenNI.so;libusb::libusb)
[9.517s] -- OpenNI2 found (version: 2.2.0.33, include: /usr/include/openni2, lib: /usr/lib/x86_64-linux-gnu/libOpenNI2.so;libusb::libusb)
[10.740s] -- Found Qhull version 8.0.2
[12.034s] -- OpenNI found (version: 1.5.4.0, include: /usr/include/ni, lib: /usr/lib/libOpenNI.so;libusb::libusb)
[13.289s] -- Found PCL_COMMON: /usr/lib/x86_64-linux-gnu/libpcl_common.so  
[13.291s] -- Found PCL_KDTREE: /usr/lib/x86_64-linux-gnu/libpcl_kdtree.so  
[13.291s] -- Found PCL_OCTREE: /usr/lib/x86_64-linux-gnu/libpcl_octree.so  
[13.292s] -- Found PCL_SEARCH: /usr/lib/x86_64-linux-gnu/libpcl_search.so  
[13.293s] -- Found PCL_SAMPLE_CONSENSUS: /usr/lib/x86_64-linux-gnu/libpcl_sample_consensus.so  
[13.293s] -- Found PCL_FILTERS: /usr/lib/x86_64-linux-gnu/libpcl_filters.so  
[13.294s] -- Found PCL_2D: /usr/include/pcl-1.12  
[13.295s] -- Found PCL_GEOMETRY: /usr/include/pcl-1.12  
[13.295s] -- Found PCL_IO: /usr/lib/x86_64-linux-gnu/libpcl_io.so  
[13.296s] -- Found PCL_FEATURES: /usr/lib/x86_64-linux-gnu/libpcl_features.so  
[13.297s] -- Found PCL_ML: /usr/lib/x86_64-linux-gnu/libpcl_ml.so  
[13.298s] -- Found PCL_SEGMENTATION: /usr/lib/x86_64-linux-gnu/libpcl_segmentation.so  
[13.299s] -- Found PCL_VISUALIZATION: /usr/lib/x86_64-linux-gnu/libpcl_visualization.so  
[13.300s] -- Found PCL_SURFACE: /usr/lib/x86_64-linux-gnu/libpcl_surface.so  
[13.300s] -- Found PCL_REGISTRATION: /usr/lib/x86_64-linux-gnu/libpcl_registration.so  
[13.301s] -- Found PCL_KEYPOINTS: /usr/lib/x86_64-linux-gnu/libpcl_keypoints.so  
[13.302s] -- Found PCL_TRACKING: /usr/lib/x86_64-linux-gnu/libpcl_tracking.so  
[13.303s] -- Found PCL_RECOGNITION: /usr/lib/x86_64-linux-gnu/libpcl_recognition.so  
[13.304s] -- Found PCL_STEREO: /usr/lib/x86_64-linux-gnu/libpcl_stereo.so  
[13.304s] -- Found PCL_APPS: /usr/lib/x86_64-linux-gnu/libpcl_apps.so  
[13.305s] -- Found PCL_IN_HAND_SCANNER: /usr/include/pcl-1.12  
[13.306s] -- Found PCL_MODELER: /usr/include/pcl-1.12  
[13.306s] -- Found PCL_POINT_CLOUD_EDITOR: /usr/include/pcl-1.12  
[13.306s] -- Found PCL_OUTOFCORE: /usr/lib/x86_64-linux-gnu/libpcl_outofcore.so  
[13.307s] -- Found PCL_PEOPLE: /usr/lib/x86_64-linux-gnu/libpcl_people.so  
[13.445s] -- Found ament_lint_auto: 0.12.7 (/opt/ros/humble/share/ament_lint_auto/cmake)
[13.511s] -- Added test 'copyright' to check source files copyright and LICENSE
[13.512s] -- Added test 'cppcheck' to perform static code analysis on C / C++ code
[13.513s] -- Configured cppcheck include dirs: 
[13.513s] -- Configured cppcheck exclude dirs and/or files: 
[13.514s] -- Added test 'cpplint' to check C / C++ code against the Google style
[13.514s] -- Configured cpplint exclude dirs and/or files: 
[13.514s] -- Added test 'flake8' to check Python code syntax and style conventions
[13.515s] -- Added test 'lint_cmake' to check CMake code style
[13.515s] -- Added test 'pep257' to check Python code against some of the docstring style conventions in PEP 257
[13.516s] -- Added test 'uncrustify' to check C / C++ code style
[13.516s] -- Configured uncrustify additional arguments: 
[13.516s] -- Added test 'xmllint' to check XML markup files
[13.517s] -- Configuring done (13.5s)
[13.548s] -- Generating done (0.0s)
[13.551s] -- Build files have been written to: /home/freesix/far_planner_ws/build/visualization_tools
[13.575s] Invoked command in '/home/freesix/far_planner_ws/build/visualization_tools' returned '0': CMAKE_PREFIX_PATH=/opt/ros/humble /usr/local/bin/cmake /home/freesix/far_planner_ws/src/autonomous_exploration_development_environment/src/visualization_tools -DCMAKE_BUILD_TYPE=Release -DAMENT_CMAKE_SYMLINK_INSTALL=1 -DCMAKE_INSTALL_PREFIX=/home/freesix/far_planner_ws/install/visualization_tools
[13.577s] Invoking command in '/home/freesix/far_planner_ws/build/visualization_tools': CMAKE_PREFIX_PATH=/opt/ros/humble /usr/local/bin/cmake --build /home/freesix/far_planner_ws/build/visualization_tools -- -j16 -l16
[13.605s] [ 50%] [32mBuilding CXX object CMakeFiles/visualizationTools.dir/src/visualizationTools.cpp.o[0m
[13.607s] [ 50%] Built target ament_cmake_python_symlink_visualization_tools
[13.804s] running egg_info
[13.805s] creating visualization_tools.egg-info
[13.806s] writing visualization_tools.egg-info/PKG-INFO
[13.806s] writing dependency_links to visualization_tools.egg-info/dependency_links.txt
[13.806s] writing top-level names to visualization_tools.egg-info/top_level.txt
[13.807s] writing manifest file 'visualization_tools.egg-info/SOURCES.txt'
[13.810s] reading manifest file 'visualization_tools.egg-info/SOURCES.txt'
[13.810s] writing manifest file 'visualization_tools.egg-info/SOURCES.txt'
[13.848s] [ 50%] Built target ament_cmake_python_build_visualization_tools_egg
[72.176s] [100%] [32m[1mLinking CXX executable visualizationTools[0m
[72.896s] [100%] Built target visualizationTools
[72.937s] Invoked command in '/home/freesix/far_planner_ws/build/visualization_tools' returned '0': CMAKE_PREFIX_PATH=/opt/ros/humble /usr/local/bin/cmake --build /home/freesix/far_planner_ws/build/visualization_tools -- -j16 -l16
[72.952s] Invoking command in '/home/freesix/far_planner_ws/build/visualization_tools': CMAKE_PREFIX_PATH=/opt/ros/humble /usr/local/bin/cmake --install /home/freesix/far_planner_ws/build/visualization_tools
[72.954s] -- Install configuration: "Release"
[72.955s] -- Execute custom install script
[72.956s] -- Symlinking: /home/freesix/far_planner_ws/install/visualization_tools/lib/visualization_tools/visualizationTools
[72.959s] -- Symlinking: /home/freesix/far_planner_ws/install/visualization_tools/share/visualization_tools/launch/visualization_tools.launch
[72.962s] -- Symlinking: /home/freesix/far_planner_ws/install/visualization_tools/share/visualization_tools/environment/pythonpath.sh
[72.965s] -- Symlinking: /home/freesix/far_planner_ws/install/visualization_tools/share/visualization_tools/environment/pythonpath.dsv
[72.968s] -- Symlinking: /home/freesix/far_planner_ws/install/visualization_tools/local/lib/python3.10/dist-packages/visualization_tools-0.0.1-py3.10.egg-info/PKG-INFO
[72.970s] -- Symlinking: /home/freesix/far_planner_ws/install/visualization_tools/local/lib/python3.10/dist-packages/visualization_tools-0.0.1-py3.10.egg-info/SOURCES.txt
[72.971s] -- Symlinking: /home/freesix/far_planner_ws/install/visualization_tools/local/lib/python3.10/dist-packages/visualization_tools-0.0.1-py3.10.egg-info/dependency_links.txt
[72.973s] -- Symlinking: /home/freesix/far_planner_ws/install/visualization_tools/local/lib/python3.10/dist-packages/visualization_tools-0.0.1-py3.10.egg-info/top_level.txt
[72.976s] -- Symlinking: /home/freesix/far_planner_ws/install/visualization_tools/local/lib/python3.10/dist-packages/visualization_tools/__init__.py
[72.978s] -- Symlinking: /home/freesix/far_planner_ws/install/visualization_tools/lib/visualization_tools/realTimePlot.py
[72.981s] -- Symlinking: /home/freesix/far_planner_ws/install/visualization_tools/share/ament_index/resource_index/package_run_dependencies/visualization_tools
[72.983s] -- Symlinking: /home/freesix/far_planner_ws/install/visualization_tools/share/ament_index/resource_index/parent_prefix_path/visualization_tools
[72.985s] -- Symlinking: /home/freesix/far_planner_ws/install/visualization_tools/share/visualization_tools/environment/ament_prefix_path.sh
[72.987s] -- Symlinking: /home/freesix/far_planner_ws/install/visualization_tools/share/visualization_tools/environment/ament_prefix_path.dsv
[72.989s] -- Symlinking: /home/freesix/far_planner_ws/install/visualization_tools/share/visualization_tools/environment/path.sh
[72.991s] -- Symlinking: /home/freesix/far_planner_ws/install/visualization_tools/share/visualization_tools/environment/path.dsv
[72.993s] -- Symlinking: /home/freesix/far_planner_ws/install/visualization_tools/share/visualization_tools/local_setup.bash
[72.995s] -- Symlinking: /home/freesix/far_planner_ws/install/visualization_tools/share/visualization_tools/local_setup.sh
[72.997s] -- Symlinking: /home/freesix/far_planner_ws/install/visualization_tools/share/visualization_tools/local_setup.zsh
[72.999s] -- Symlinking: /home/freesix/far_planner_ws/install/visualization_tools/share/visualization_tools/local_setup.dsv
[73.001s] -- Symlinking: /home/freesix/far_planner_ws/install/visualization_tools/share/visualization_tools/package.dsv
[73.003s] -- Symlinking: /home/freesix/far_planner_ws/install/visualization_tools/share/ament_index/resource_index/packages/visualization_tools
[73.006s] -- Symlinking: /home/freesix/far_planner_ws/install/visualization_tools/share/visualization_tools/cmake/visualization_toolsConfig.cmake
[73.008s] -- Symlinking: /home/freesix/far_planner_ws/install/visualization_tools/share/visualization_tools/cmake/visualization_toolsConfig-version.cmake
[73.010s] -- Symlinking: /home/freesix/far_planner_ws/install/visualization_tools/share/visualization_tools/package.xml
[73.071s] Listing '/home/freesix/far_planner_ws/install/visualization_tools/local/lib/python3.10/dist-packages/visualization_tools'...
[73.072s] Compiling '/home/freesix/far_planner_ws/install/visualization_tools/local/lib/python3.10/dist-packages/visualization_tools/__init__.py'...
[73.077s] Invoked command in '/home/freesix/far_planner_ws/build/visualization_tools' returned '0': CMAKE_PREFIX_PATH=/opt/ros/humble /usr/local/bin/cmake --install /home/freesix/far_planner_ws/build/visualization_tools
