[0.037s] Invoking command in '/home/freesix/far_planner_ws/build/visualization_tools': CMAKE_PREFIX_PATH=/opt/ros/humble /usr/local/bin/cmake /home/freesix/far_planner_ws/src/autonomous_exploration_development_environment/src/visualization_tools -DCMAKE_BUILD_TYPE=Release -DAMENT_CMAKE_SYMLINK_INSTALL=1 -DCMAKE_INSTALL_PREFIX=/home/freesix/far_planner_ws/install/visualization_tools
[0.185s] -- The C compiler identification is GNU 11.4.0
[0.410s] -- The CXX compiler identification is GNU 11.4.0
[0.572s] -- Detecting C compiler ABI info
[0.677s] -- Detecting C compiler ABI info - done
[0.684s] -- Check for working C compiler: /usr/bin/cc - skipped
[0.685s] -- Detecting C compile features
[0.685s] -- Detecting C compile features - done
[0.687s] -- Detecting CXX compiler ABI info
[0.800s] -- Detecting CXX compiler ABI info - done
[0.808s] -- Check for working CXX compiler: /usr/bin/c++ - skipped
[0.809s] -- Detecting CXX compile features
[0.809s] -- Detecting CXX compile features - done
[0.811s] -- Found ament_cmake: 1.3.5 (/opt/ros/humble/share/ament_cmake/cmake)
[2.314s] -- Found Python3: /usr/bin/python3.10 (found version "3.10.12") found components: Interpreter 
[2.373s] -- Override CMake install command with custom implementation using symlinks instead of copying resources
[2.394s] -- Found rclcpp: 16.0.5 (/opt/ros/humble/share/rclcpp/cmake)
[2.535s] -- Found rosidl_generator_c: 3.1.5 (/opt/ros/humble/share/rosidl_generator_c/cmake)
[2.539s] -- Found rosidl_adapter: 3.1.5 (/opt/ros/humble/share/rosidl_adapter/cmake)
[2.546s] -- Found rosidl_generator_cpp: 3.1.5 (/opt/ros/humble/share/rosidl_generator_cpp/cmake)
[2.558s] -- Using all available rosidl_typesupport_c: rosidl_typesupport_fastrtps_c;rosidl_typesupport_introspection_c
[2.573s] -- Using all available rosidl_typesupport_cpp: rosidl_typesupport_fastrtps_cpp;rosidl_typesupport_introspection_cpp
[2.643s] -- Found rmw_implementation_cmake: 6.1.1 (/opt/ros/humble/share/rmw_implementation_cmake/cmake)
[2.646s] -- Found rmw_fastrtps_cpp: 6.2.3 (/opt/ros/humble/share/rmw_fastrtps_cpp/cmake)
[3.363s] -- Found OpenSSL: /usr/lib/x86_64-linux-gnu/libcrypto.so (found version "3.0.2")  
[4.052s] -- Found FastRTPS: /opt/ros/humble/include  
[5.924s] -- Using RMW implementation 'rmw_fastrtps_cpp' as default
[5.932s] -- Performing Test CMAKE_HAVE_LIBC_PTHREAD
[6.039s] -- Performing Test CMAKE_HAVE_LIBC_PTHREAD - Success
[6.040s] -- Found Threads: TRUE  
[6.212s] -- Found rclpy: 3.3.9 (/opt/ros/humble/share/rclpy/cmake)
[6.213s] -- Found nav_msgs: 4.2.3 (/opt/ros/humble/share/nav_msgs/cmake)
[6.375s] -- Found sensor_msgs: 4.2.3 (/opt/ros/humble/share/sensor_msgs/cmake)
[6.469s] -- Found tf2_ros: 0.25.3 (/opt/ros/humble/share/tf2_ros/cmake)
[6.828s] -- Found tf2_geometry_msgs: 0.25.3 (/opt/ros/humble/share/tf2_geometry_msgs/cmake)
[6.869s] -- Found eigen3_cmake_module: 0.1.1 (/opt/ros/humble/share/eigen3_cmake_module/cmake)
[6.871s] -- Found Eigen3: TRUE (found version "3.4.0") 
[6.871s] -- Ensuring Eigen3 include directory is part of orocos-kdl CMake target
[6.882s] -- Found pcl_conversions: 2.4.0 (/opt/ros/humble/share/pcl_conversions/cmake)
[7.709s] [31mCMake Error at CMakeLists.txt:31 (find_package):
[7.709s]   By not providing "Findpcl_ros.cmake" in CMAKE_MODULE_PATH this project has
[7.710s]   asked CMake to find a package configuration file provided by "pcl_ros", but
[7.710s]   CMake did not find one.
[7.710s] 
[7.710s]   Could not find a package configuration file provided by "pcl_ros" with any
[7.710s]   of the following names:
[7.710s] 
[7.710s]     pcl_rosConfig.cmake
[7.710s]     pcl_ros-config.cmake
[7.710s] 
[7.710s]   Add the installation prefix of "pcl_ros" to CMAKE_PREFIX_PATH or set
[7.710s]   "pcl_ros_DIR" to a directory containing one of the above files.  If
[7.710s]   "pcl_ros" provides a separate development package or SDK, be sure it has
[7.710s]   been installed.
[7.710s] 
[7.710s] [0m
[7.710s] -- Configuring incomplete, errors occurred!
