-- The C compiler identification is GNU 11.4.0
-- The CXX compiler identification is GNU 11.4.0
-- Detecting C compiler ABI info
-- Detecting C compiler ABI info - done
-- Check for working C compiler: /usr/bin/cc - skipped
-- Detecting C compile features
-- Detecting C compile features - done
-- Detecting CXX compiler ABI info
-- Detecting CXX compiler ABI info - done
-- Check for working CXX compiler: /usr/bin/c++ - skipped
-- Detecting CXX compile features
-- Detecting CXX compile features - done
-- Found ament_cmake: 1.3.5 (/opt/ros/humble/share/ament_cmake/cmake)
-- Found Python3: /usr/bin/python3.10 (found version "3.10.12") found components: Interpreter 
-- Override CMake install command with custom implementation using symlinks instead of copying resources
-- Found geometry_msgs: 4.2.3 (/opt/ros/humble/share/geometry_msgs/cmake)
-- Found rosidl_generator_c: 3.1.5 (/opt/ros/humble/share/rosidl_generator_c/cmake)
-- Found rosidl_adapter: 3.1.5 (/opt/ros/humble/share/rosidl_adapter/cmake)
-- Found rosidl_generator_cpp: 3.1.5 (/opt/ros/humble/share/rosidl_generator_cpp/cmake)
-- Using all available rosidl_typesupport_c: rosidl_typesupport_fastrtps_c;rosidl_typesupport_introspection_c
-- Using all available rosidl_typesupport_cpp: rosidl_typesupport_fastrtps_cpp;rosidl_typesupport_introspection_cpp
-- Found rosidl_default_generators: 1.2.0 (/opt/ros/humble/share/rosidl_default_generators/cmake)
-- Found ament_cmake_ros: 0.10.0 (/opt/ros/humble/share/ament_cmake_ros/cmake)
-- Using all available rosidl_typesupport_c: rosidl_typesupport_fastrtps_c;rosidl_typesupport_introspection_c
-- Using all available rosidl_typesupport_cpp: rosidl_typesupport_fastrtps_cpp;rosidl_typesupport_introspection_cpp
-- Found PythonInterp: /usr/bin/python3 (found suitable version "3.10.12", minimum required is "3.6") 
-- Found python_cmake_module: 0.10.0 (/opt/ros/humble/share/python_cmake_module/cmake)
-- Found PythonLibs: /usr/lib/x86_64-linux-gnu/libpython3.10.so (found suitable version "3.10.12", minimum required is "3.5") 
-- Using PYTHON_EXECUTABLE: /usr/bin/python3
-- Using PYTHON_INCLUDE_DIRS: /usr/include/python3.10
-- Using PYTHON_LIBRARIES: /usr/lib/x86_64-linux-gnu/libpython3.10.so
-- Found PythonExtra: .so  
-- Configuring done (4.9s)
-- Generating done (0.0s)
-- Build files have been written to: /home/freesix/far_planner_ws/src/build/volumetric_msgs
[  1%] [34m[1mGenerating C code for ROS interfaces[0m
[  3%] [34m[1mGenerating C++ code for ROS interfaces[0m
[  3%] Built target ament_cmake_python_symlink_volumetric_msgs
running egg_info
creating volumetric_msgs.egg-info
writing volumetric_msgs.egg-info/PKG-INFO
writing dependency_links to volumetric_msgs.egg-info/dependency_links.txt
writing top-level names to volumetric_msgs.egg-info/top_level.txt
writing manifest file 'volumetric_msgs.egg-info/SOURCES.txt'
reading manifest file 'volumetric_msgs.egg-info/SOURCES.txt'
writing manifest file 'volumetric_msgs.egg-info/SOURCES.txt'
[  3%] Built target ament_cmake_python_build_volumetric_msgs_egg
[  3%] Built target volumetric_msgs__cpp
[  9%] [34m[1mGenerating C++ type support dispatch for ROS interfaces[0m
[  9%] [34m[1mGenerating C++ introspection for ROS interfaces[0m
[  9%] [34m[1mGenerating C++ type support for eProsima Fast-RTPS[0m
[ 16%] [32mBuilding C object CMakeFiles/volumetric_msgs__rosidl_generator_c.dir/rosidl_generator_c/volumetric_msgs/srv/detail/save_map__functions.c.o[0m
[ 16%] [32mBuilding C object CMakeFiles/volumetric_msgs__rosidl_generator_c.dir/rosidl_generator_c/volumetric_msgs/srv/detail/load_map__functions.c.o[0m
[ 16%] [32mBuilding C object CMakeFiles/volumetric_msgs__rosidl_generator_c.dir/rosidl_generator_c/volumetric_msgs/srv/detail/set_box_occupancy__functions.c.o[0m
[ 16%] [32mBuilding C object CMakeFiles/volumetric_msgs__rosidl_generator_c.dir/rosidl_generator_c/volumetric_msgs/srv/detail/set_display_bounds__functions.c.o[0m
[ 18%] [32m[1mLinking C shared library libvolumetric_msgs__rosidl_generator_c.so[0m
[ 18%] Built target volumetric_msgs__rosidl_generator_c
[ 21%] [34m[1mGenerating C type support dispatch for ROS interfaces[0m
[ 21%] [34m[1mGenerating C type support for eProsima Fast-RTPS[0m
[ 23%] [34m[1mGenerating C introspection for ROS interfaces[0m
[ 25%] [32mBuilding CXX object CMakeFiles/volumetric_msgs__rosidl_typesupport_cpp.dir/rosidl_typesupport_cpp/volumetric_msgs/srv/load_map__type_support.cpp.o[0m
[ 30%] [32mBuilding CXX object CMakeFiles/volumetric_msgs__rosidl_typesupport_cpp.dir/rosidl_typesupport_cpp/volumetric_msgs/srv/set_display_bounds__type_support.cpp.o[0m
[ 30%] [32mBuilding CXX object CMakeFiles/volumetric_msgs__rosidl_typesupport_cpp.dir/rosidl_typesupport_cpp/volumetric_msgs/srv/set_box_occupancy__type_support.cpp.o[0m
[ 30%] [32mBuilding CXX object CMakeFiles/volumetric_msgs__rosidl_typesupport_cpp.dir/rosidl_typesupport_cpp/volumetric_msgs/srv/save_map__type_support.cpp.o[0m
[ 34%] [32mBuilding CXX object CMakeFiles/volumetric_msgs__rosidl_typesupport_introspection_cpp.dir/rosidl_typesupport_introspection_cpp/volumetric_msgs/srv/detail/load_map__type_support.cpp.o[0m
[ 34%] [32mBuilding CXX object CMakeFiles/volumetric_msgs__rosidl_typesupport_introspection_cpp.dir/rosidl_typesupport_introspection_cpp/volumetric_msgs/srv/detail/save_map__type_support.cpp.o[0m
[ 36%] [32mBuilding CXX object CMakeFiles/volumetric_msgs__rosidl_typesupport_introspection_cpp.dir/rosidl_typesupport_introspection_cpp/volumetric_msgs/srv/detail/set_display_bounds__type_support.cpp.o[0m
[ 38%] [32mBuilding CXX object CMakeFiles/volumetric_msgs__rosidl_typesupport_introspection_cpp.dir/rosidl_typesupport_introspection_cpp/volumetric_msgs/srv/detail/set_box_occupancy__type_support.cpp.o[0m
[ 41%] [32mBuilding CXX object CMakeFiles/volumetric_msgs__rosidl_typesupport_fastrtps_cpp.dir/rosidl_typesupport_fastrtps_cpp/volumetric_msgs/srv/detail/dds_fastrtps/load_map__type_support.cpp.o[0m
[ 41%] [32mBuilding CXX object CMakeFiles/volumetric_msgs__rosidl_typesupport_fastrtps_cpp.dir/rosidl_typesupport_fastrtps_cpp/volumetric_msgs/srv/detail/dds_fastrtps/set_display_bounds__type_support.cpp.o[0m
[ 45%] [32mBuilding CXX object CMakeFiles/volumetric_msgs__rosidl_typesupport_fastrtps_cpp.dir/rosidl_typesupport_fastrtps_cpp/volumetric_msgs/srv/detail/dds_fastrtps/save_map__type_support.cpp.o[0m
[ 45%] [32mBuilding CXX object CMakeFiles/volumetric_msgs__rosidl_typesupport_fastrtps_cpp.dir/rosidl_typesupport_fastrtps_cpp/volumetric_msgs/srv/detail/dds_fastrtps/set_box_occupancy__type_support.cpp.o[0m
[ 47%] [32mBuilding CXX object CMakeFiles/volumetric_msgs__rosidl_typesupport_c.dir/rosidl_typesupport_c/volumetric_msgs/srv/load_map__type_support.cpp.o[0m
[ 49%] [32mBuilding CXX object CMakeFiles/volumetric_msgs__rosidl_typesupport_c.dir/rosidl_typesupport_c/volumetric_msgs/srv/save_map__type_support.cpp.o[0m
[ 50%] [32mBuilding CXX object CMakeFiles/volumetric_msgs__rosidl_typesupport_c.dir/rosidl_typesupport_c/volumetric_msgs/srv/set_display_bounds__type_support.cpp.o[0m
[ 52%] [32mBuilding CXX object CMakeFiles/volumetric_msgs__rosidl_typesupport_c.dir/rosidl_typesupport_c/volumetric_msgs/srv/set_box_occupancy__type_support.cpp.o[0m
[ 54%] [32m[1mLinking CXX shared library libvolumetric_msgs__rosidl_typesupport_cpp.so[0m
[ 56%] [32mBuilding CXX object CMakeFiles/volumetric_msgs__rosidl_typesupport_fastrtps_c.dir/rosidl_typesupport_fastrtps_c/volumetric_msgs/srv/detail/load_map__type_support_c.cpp.o[0m
[ 58%] [32mBuilding CXX object CMakeFiles/volumetric_msgs__rosidl_typesupport_fastrtps_c.dir/rosidl_typesupport_fastrtps_c/volumetric_msgs/srv/detail/save_map__type_support_c.cpp.o[0m
[ 60%] [32mBuilding CXX object CMakeFiles/volumetric_msgs__rosidl_typesupport_fastrtps_c.dir/rosidl_typesupport_fastrtps_c/volumetric_msgs/srv/detail/set_box_occupancy__type_support_c.cpp.o[0m
[ 61%] [32mBuilding CXX object CMakeFiles/volumetric_msgs__rosidl_typesupport_fastrtps_c.dir/rosidl_typesupport_fastrtps_c/volumetric_msgs/srv/detail/set_display_bounds__type_support_c.cpp.o[0m
[ 63%] [32mBuilding C object CMakeFiles/volumetric_msgs__rosidl_typesupport_introspection_c.dir/rosidl_typesupport_introspection_c/volumetric_msgs/srv/detail/load_map__type_support.c.o[0m
[ 65%] [32mBuilding C object CMakeFiles/volumetric_msgs__rosidl_typesupport_introspection_c.dir/rosidl_typesupport_introspection_c/volumetric_msgs/srv/detail/save_map__type_support.c.o[0m
[ 67%] [32m[1mLinking CXX shared library libvolumetric_msgs__rosidl_typesupport_c.so[0m
[ 69%] [32mBuilding C object CMakeFiles/volumetric_msgs__rosidl_typesupport_introspection_c.dir/rosidl_typesupport_introspection_c/volumetric_msgs/srv/detail/set_box_occupancy__type_support.c.o[0m
[ 70%] [32mBuilding C object CMakeFiles/volumetric_msgs__rosidl_typesupport_introspection_c.dir/rosidl_typesupport_introspection_c/volumetric_msgs/srv/detail/set_display_bounds__type_support.c.o[0m
[ 72%] [32m[1mLinking C shared library libvolumetric_msgs__rosidl_typesupport_introspection_c.so[0m
[ 72%] Built target volumetric_msgs__rosidl_typesupport_cpp
[ 72%] Built target volumetric_msgs__rosidl_typesupport_c
[ 74%] [32m[1mLinking CXX shared library libvolumetric_msgs__rosidl_typesupport_introspection_cpp.so[0m
[ 76%] [32m[1mLinking CXX shared library libvolumetric_msgs__rosidl_typesupport_fastrtps_cpp.so[0m
[ 76%] Built target volumetric_msgs__rosidl_typesupport_introspection_c
[ 76%] Built target volumetric_msgs__rosidl_typesupport_introspection_cpp
[ 78%] [32m[1mLinking CXX shared library libvolumetric_msgs__rosidl_typesupport_fastrtps_c.so[0m
[ 78%] Built target volumetric_msgs__rosidl_typesupport_fastrtps_cpp
[ 78%] Built target volumetric_msgs__rosidl_typesupport_fastrtps_c
[ 78%] Built target volumetric_msgs
[ 80%] [34m[1mGenerating Python code for ROS interfaces[0m
[ 80%] Built target volumetric_msgs__py
[ 85%] [32mBuilding C object CMakeFiles/volumetric_msgs__rosidl_generator_py.dir/rosidl_generator_py/volumetric_msgs/srv/_save_map_s.c.o[0m
[ 85%] [32mBuilding C object CMakeFiles/volumetric_msgs__rosidl_generator_py.dir/rosidl_generator_py/volumetric_msgs/srv/_set_box_occupancy_s.c.o[0m
[ 85%] [32mBuilding C object CMakeFiles/volumetric_msgs__rosidl_generator_py.dir/rosidl_generator_py/volumetric_msgs/srv/_load_map_s.c.o[0m
[ 87%] [32mBuilding C object CMakeFiles/volumetric_msgs__rosidl_generator_py.dir/rosidl_generator_py/volumetric_msgs/srv/_set_display_bounds_s.c.o[0m
[ 89%] [32m[1mLinking C shared library rosidl_generator_py/volumetric_msgs/libvolumetric_msgs__rosidl_generator_py.so[0m
[ 89%] Built target volumetric_msgs__rosidl_generator_py
[ 92%] [32mBuilding C object CMakeFiles/volumetric_msgs__rosidl_typesupport_introspection_c__pyext.dir/rosidl_generator_py/volumetric_msgs/_volumetric_msgs_s.ep.rosidl_typesupport_introspection_c.c.o[0m
[ 92%] [32mBuilding C object CMakeFiles/volumetric_msgs__rosidl_typesupport_c__pyext.dir/rosidl_generator_py/volumetric_msgs/_volumetric_msgs_s.ep.rosidl_typesupport_c.c.o[0m
[ 94%] [32mBuilding C object CMakeFiles/volumetric_msgs__rosidl_typesupport_fastrtps_c__pyext.dir/rosidl_generator_py/volumetric_msgs/_volumetric_msgs_s.ep.rosidl_typesupport_fastrtps_c.c.o[0m
[ 98%] [32m[1mLinking C shared library rosidl_generator_py/volumetric_msgs/volumetric_msgs_s__rosidl_typesupport_fastrtps_c.cpython-310-x86_64-linux-gnu.so[0m
[ 98%] [32m[1mLinking C shared library rosidl_generator_py/volumetric_msgs/volumetric_msgs_s__rosidl_typesupport_c.cpython-310-x86_64-linux-gnu.so[0m
[100%] [32m[1mLinking C shared library rosidl_generator_py/volumetric_msgs/volumetric_msgs_s__rosidl_typesupport_introspection_c.cpython-310-x86_64-linux-gnu.so[0m
[100%] Built target volumetric_msgs__rosidl_typesupport_c__pyext
[100%] Built target volumetric_msgs__rosidl_typesupport_fastrtps_c__pyext
[100%] Built target volumetric_msgs__rosidl_typesupport_introspection_c__pyext
-- Install configuration: "Release"
-- Execute custom install script
-- Symlinking: /home/freesix/far_planner_ws/src/install/volumetric_msgs/share/ament_index/resource_index/rosidl_interfaces/volumetric_msgs
-- Symlinking: /home/freesix/far_planner_ws/src/install/volumetric_msgs/include/volumetric_msgs/volumetric_msgs/msg/rosidl_generator_c__visibility_control.h
-- Symlinking: /home/freesix/far_planner_ws/src/install/volumetric_msgs/include/volumetric_msgs/volumetric_msgs/srv/detail/load_map__functions.h
-- Symlinking: /home/freesix/far_planner_ws/src/install/volumetric_msgs/include/volumetric_msgs/volumetric_msgs/srv/detail/load_map__struct.h
-- Symlinking: /home/freesix/far_planner_ws/src/install/volumetric_msgs/include/volumetric_msgs/volumetric_msgs/srv/detail/load_map__type_support.h
-- Symlinking: /home/freesix/far_planner_ws/src/install/volumetric_msgs/include/volumetric_msgs/volumetric_msgs/srv/detail/save_map__functions.h
-- Symlinking: /home/freesix/far_planner_ws/src/install/volumetric_msgs/include/volumetric_msgs/volumetric_msgs/srv/detail/save_map__struct.h
-- Symlinking: /home/freesix/far_planner_ws/src/install/volumetric_msgs/include/volumetric_msgs/volumetric_msgs/srv/detail/save_map__type_support.h
-- Symlinking: /home/freesix/far_planner_ws/src/install/volumetric_msgs/include/volumetric_msgs/volumetric_msgs/srv/detail/set_box_occupancy__functions.h
-- Symlinking: /home/freesix/far_planner_ws/src/install/volumetric_msgs/include/volumetric_msgs/volumetric_msgs/srv/detail/set_box_occupancy__struct.h
-- Symlinking: /home/freesix/far_planner_ws/src/install/volumetric_msgs/include/volumetric_msgs/volumetric_msgs/srv/detail/set_box_occupancy__type_support.h
-- Symlinking: /home/freesix/far_planner_ws/src/install/volumetric_msgs/include/volumetric_msgs/volumetric_msgs/srv/detail/set_display_bounds__functions.h
-- Symlinking: /home/freesix/far_planner_ws/src/install/volumetric_msgs/include/volumetric_msgs/volumetric_msgs/srv/detail/set_display_bounds__struct.h
-- Symlinking: /home/freesix/far_planner_ws/src/install/volumetric_msgs/include/volumetric_msgs/volumetric_msgs/srv/detail/set_display_bounds__type_support.h
-- Symlinking: /home/freesix/far_planner_ws/src/install/volumetric_msgs/include/volumetric_msgs/volumetric_msgs/srv/load_map.h
-- Symlinking: /home/freesix/far_planner_ws/src/install/volumetric_msgs/include/volumetric_msgs/volumetric_msgs/srv/save_map.h
-- Symlinking: /home/freesix/far_planner_ws/src/install/volumetric_msgs/include/volumetric_msgs/volumetric_msgs/srv/set_box_occupancy.h
-- Symlinking: /home/freesix/far_planner_ws/src/install/volumetric_msgs/include/volumetric_msgs/volumetric_msgs/srv/set_display_bounds.h
-- Symlinking: /home/freesix/far_planner_ws/src/install/volumetric_msgs/share/volumetric_msgs/environment/library_path.sh
-- Symlinking: /home/freesix/far_planner_ws/src/install/volumetric_msgs/share/volumetric_msgs/environment/library_path.dsv
-- Symlinking: /home/freesix/far_planner_ws/src/install/volumetric_msgs/include/volumetric_msgs/volumetric_msgs/msg/rosidl_typesupport_fastrtps_c__visibility_control.h
-- Symlinking: /home/freesix/far_planner_ws/src/install/volumetric_msgs/include/volumetric_msgs/volumetric_msgs/srv/detail/load_map__rosidl_typesupport_fastrtps_c.h
-- Symlinking: /home/freesix/far_planner_ws/src/install/volumetric_msgs/include/volumetric_msgs/volumetric_msgs/srv/detail/save_map__rosidl_typesupport_fastrtps_c.h
-- Symlinking: /home/freesix/far_planner_ws/src/install/volumetric_msgs/include/volumetric_msgs/volumetric_msgs/srv/detail/set_box_occupancy__rosidl_typesupport_fastrtps_c.h
-- Symlinking: /home/freesix/far_planner_ws/src/install/volumetric_msgs/include/volumetric_msgs/volumetric_msgs/srv/detail/set_display_bounds__rosidl_typesupport_fastrtps_c.h
-- Symlinking: /home/freesix/far_planner_ws/src/install/volumetric_msgs/include/volumetric_msgs/volumetric_msgs/srv/detail/load_map__builder.hpp
-- Symlinking: /home/freesix/far_planner_ws/src/install/volumetric_msgs/include/volumetric_msgs/volumetric_msgs/srv/detail/load_map__struct.hpp
-- Symlinking: /home/freesix/far_planner_ws/src/install/volumetric_msgs/include/volumetric_msgs/volumetric_msgs/srv/detail/load_map__traits.hpp
-- Symlinking: /home/freesix/far_planner_ws/src/install/volumetric_msgs/include/volumetric_msgs/volumetric_msgs/srv/detail/save_map__builder.hpp
-- Symlinking: /home/freesix/far_planner_ws/src/install/volumetric_msgs/include/volumetric_msgs/volumetric_msgs/srv/detail/save_map__struct.hpp
-- Symlinking: /home/freesix/far_planner_ws/src/install/volumetric_msgs/include/volumetric_msgs/volumetric_msgs/srv/detail/save_map__traits.hpp
-- Symlinking: /home/freesix/far_planner_ws/src/install/volumetric_msgs/include/volumetric_msgs/volumetric_msgs/srv/detail/set_box_occupancy__builder.hpp
-- Symlinking: /home/freesix/far_planner_ws/src/install/volumetric_msgs/include/volumetric_msgs/volumetric_msgs/srv/detail/set_box_occupancy__struct.hpp
-- Symlinking: /home/freesix/far_planner_ws/src/install/volumetric_msgs/include/volumetric_msgs/volumetric_msgs/srv/detail/set_box_occupancy__traits.hpp
-- Symlinking: /home/freesix/far_planner_ws/src/install/volumetric_msgs/include/volumetric_msgs/volumetric_msgs/srv/detail/set_display_bounds__builder.hpp
-- Symlinking: /home/freesix/far_planner_ws/src/install/volumetric_msgs/include/volumetric_msgs/volumetric_msgs/srv/detail/set_display_bounds__struct.hpp
-- Symlinking: /home/freesix/far_planner_ws/src/install/volumetric_msgs/include/volumetric_msgs/volumetric_msgs/srv/detail/set_display_bounds__traits.hpp
-- Symlinking: /home/freesix/far_planner_ws/src/install/volumetric_msgs/include/volumetric_msgs/volumetric_msgs/srv/load_map.hpp
-- Symlinking: /home/freesix/far_planner_ws/src/install/volumetric_msgs/include/volumetric_msgs/volumetric_msgs/srv/save_map.hpp
-- Symlinking: /home/freesix/far_planner_ws/src/install/volumetric_msgs/include/volumetric_msgs/volumetric_msgs/srv/set_box_occupancy.hpp
-- Symlinking: /home/freesix/far_planner_ws/src/install/volumetric_msgs/include/volumetric_msgs/volumetric_msgs/srv/set_display_bounds.hpp
-- Symlinking: /home/freesix/far_planner_ws/src/install/volumetric_msgs/include/volumetric_msgs/volumetric_msgs/msg/rosidl_typesupport_fastrtps_cpp__visibility_control.h
-- Symlinking: /home/freesix/far_planner_ws/src/install/volumetric_msgs/include/volumetric_msgs/volumetric_msgs/srv/detail/load_map__rosidl_typesupport_fastrtps_cpp.hpp
-- Symlinking: /home/freesix/far_planner_ws/src/install/volumetric_msgs/include/volumetric_msgs/volumetric_msgs/srv/detail/save_map__rosidl_typesupport_fastrtps_cpp.hpp
-- Symlinking: /home/freesix/far_planner_ws/src/install/volumetric_msgs/include/volumetric_msgs/volumetric_msgs/srv/detail/set_box_occupancy__rosidl_typesupport_fastrtps_cpp.hpp
-- Symlinking: /home/freesix/far_planner_ws/src/install/volumetric_msgs/include/volumetric_msgs/volumetric_msgs/srv/detail/set_display_bounds__rosidl_typesupport_fastrtps_cpp.hpp
-- Symlinking: /home/freesix/far_planner_ws/src/install/volumetric_msgs/include/volumetric_msgs/volumetric_msgs/msg/rosidl_typesupport_introspection_c__visibility_control.h
-- Symlinking: /home/freesix/far_planner_ws/src/install/volumetric_msgs/include/volumetric_msgs/volumetric_msgs/srv/detail/load_map__rosidl_typesupport_introspection_c.h
-- Symlinking: /home/freesix/far_planner_ws/src/install/volumetric_msgs/include/volumetric_msgs/volumetric_msgs/srv/detail/save_map__rosidl_typesupport_introspection_c.h
-- Symlinking: /home/freesix/far_planner_ws/src/install/volumetric_msgs/include/volumetric_msgs/volumetric_msgs/srv/detail/set_box_occupancy__rosidl_typesupport_introspection_c.h
-- Symlinking: /home/freesix/far_planner_ws/src/install/volumetric_msgs/include/volumetric_msgs/volumetric_msgs/srv/detail/set_display_bounds__rosidl_typesupport_introspection_c.h
-- Symlinking: /home/freesix/far_planner_ws/src/install/volumetric_msgs/include/volumetric_msgs/volumetric_msgs/srv/detail/load_map__rosidl_typesupport_introspection_cpp.hpp
-- Symlinking: /home/freesix/far_planner_ws/src/install/volumetric_msgs/include/volumetric_msgs/volumetric_msgs/srv/detail/save_map__rosidl_typesupport_introspection_cpp.hpp
-- Symlinking: /home/freesix/far_planner_ws/src/install/volumetric_msgs/include/volumetric_msgs/volumetric_msgs/srv/detail/set_box_occupancy__rosidl_typesupport_introspection_cpp.hpp
-- Symlinking: /home/freesix/far_planner_ws/src/install/volumetric_msgs/include/volumetric_msgs/volumetric_msgs/srv/detail/set_display_bounds__rosidl_typesupport_introspection_cpp.hpp
-- Symlinking: /home/freesix/far_planner_ws/src/install/volumetric_msgs/share/volumetric_msgs/environment/pythonpath.sh
-- Symlinking: /home/freesix/far_planner_ws/src/install/volumetric_msgs/share/volumetric_msgs/environment/pythonpath.dsv
-- Symlinking: /home/freesix/far_planner_ws/src/install/volumetric_msgs/local/lib/python3.10/dist-packages/volumetric_msgs-0.0.0-py3.10.egg-info/PKG-INFO
-- Symlinking: /home/freesix/far_planner_ws/src/install/volumetric_msgs/local/lib/python3.10/dist-packages/volumetric_msgs-0.0.0-py3.10.egg-info/SOURCES.txt
-- Symlinking: /home/freesix/far_planner_ws/src/install/volumetric_msgs/local/lib/python3.10/dist-packages/volumetric_msgs-0.0.0-py3.10.egg-info/dependency_links.txt
-- Symlinking: /home/freesix/far_planner_ws/src/install/volumetric_msgs/local/lib/python3.10/dist-packages/volumetric_msgs-0.0.0-py3.10.egg-info/top_level.txt
-- Symlinking: /home/freesix/far_planner_ws/src/install/volumetric_msgs/local/lib/python3.10/dist-packages/volumetric_msgs/__init__.py
-- Symlinking: /home/freesix/far_planner_ws/src/install/volumetric_msgs/local/lib/python3.10/dist-packages/volumetric_msgs/_volumetric_msgs_s.ep.rosidl_typesupport_c.c
-- Symlinking: /home/freesix/far_planner_ws/src/install/volumetric_msgs/local/lib/python3.10/dist-packages/volumetric_msgs/_volumetric_msgs_s.ep.rosidl_typesupport_fastrtps_c.c
-- Symlinking: /home/freesix/far_planner_ws/src/install/volumetric_msgs/local/lib/python3.10/dist-packages/volumetric_msgs/_volumetric_msgs_s.ep.rosidl_typesupport_introspection_c.c
-- Symlinking: /home/freesix/far_planner_ws/src/install/volumetric_msgs/local/lib/python3.10/dist-packages/volumetric_msgs/libvolumetric_msgs__rosidl_generator_py.so
-- Symlinking: /home/freesix/far_planner_ws/src/install/volumetric_msgs/local/lib/python3.10/dist-packages/volumetric_msgs/srv/__init__.py
-- Symlinking: /home/freesix/far_planner_ws/src/install/volumetric_msgs/local/lib/python3.10/dist-packages/volumetric_msgs/srv/_load_map.py
-- Symlinking: /home/freesix/far_planner_ws/src/install/volumetric_msgs/local/lib/python3.10/dist-packages/volumetric_msgs/srv/_load_map_s.c
-- Symlinking: /home/freesix/far_planner_ws/src/install/volumetric_msgs/local/lib/python3.10/dist-packages/volumetric_msgs/srv/_save_map.py
-- Symlinking: /home/freesix/far_planner_ws/src/install/volumetric_msgs/local/lib/python3.10/dist-packages/volumetric_msgs/srv/_save_map_s.c
-- Symlinking: /home/freesix/far_planner_ws/src/install/volumetric_msgs/local/lib/python3.10/dist-packages/volumetric_msgs/srv/_set_box_occupancy.py
-- Symlinking: /home/freesix/far_planner_ws/src/install/volumetric_msgs/local/lib/python3.10/dist-packages/volumetric_msgs/srv/_set_box_occupancy_s.c
-- Symlinking: /home/freesix/far_planner_ws/src/install/volumetric_msgs/local/lib/python3.10/dist-packages/volumetric_msgs/srv/_set_display_bounds.py
-- Symlinking: /home/freesix/far_planner_ws/src/install/volumetric_msgs/local/lib/python3.10/dist-packages/volumetric_msgs/srv/_set_display_bounds_s.c
-- Symlinking: /home/freesix/far_planner_ws/src/install/volumetric_msgs/local/lib/python3.10/dist-packages/volumetric_msgs/volumetric_msgs_s__rosidl_typesupport_c.cpython-310-x86_64-linux-gnu.so
-- Symlinking: /home/freesix/far_planner_ws/src/install/volumetric_msgs/local/lib/python3.10/dist-packages/volumetric_msgs/volumetric_msgs_s__rosidl_typesupport_fastrtps_c.cpython-310-x86_64-linux-gnu.so
-- Symlinking: /home/freesix/far_planner_ws/src/install/volumetric_msgs/local/lib/python3.10/dist-packages/volumetric_msgs/volumetric_msgs_s__rosidl_typesupport_introspection_c.cpython-310-x86_64-linux-gnu.so
-- Up-to-date symlink: /home/freesix/far_planner_ws/src/install/volumetric_msgs/local/lib/python3.10/dist-packages/volumetric_msgs/volumetric_msgs_s__rosidl_typesupport_fastrtps_c.cpython-310-x86_64-linux-gnu.so
-- Up-to-date symlink: /home/freesix/far_planner_ws/src/install/volumetric_msgs/local/lib/python3.10/dist-packages/volumetric_msgs/volumetric_msgs_s__rosidl_typesupport_introspection_c.cpython-310-x86_64-linux-gnu.so
-- Up-to-date symlink: /home/freesix/far_planner_ws/src/install/volumetric_msgs/local/lib/python3.10/dist-packages/volumetric_msgs/volumetric_msgs_s__rosidl_typesupport_c.cpython-310-x86_64-linux-gnu.so
-- Symlinking: /home/freesix/far_planner_ws/src/install/volumetric_msgs/share/volumetric_msgs/srv/LoadMap.idl
-- Symlinking: /home/freesix/far_planner_ws/src/install/volumetric_msgs/share/volumetric_msgs/srv/SaveMap.idl
-- Symlinking: /home/freesix/far_planner_ws/src/install/volumetric_msgs/share/volumetric_msgs/srv/SetBoxOccupancy.idl
-- Symlinking: /home/freesix/far_planner_ws/src/install/volumetric_msgs/share/volumetric_msgs/srv/SetDisplayBounds.idl
-- Symlinking: /home/freesix/far_planner_ws/src/install/volumetric_msgs/share/volumetric_msgs/srv/LoadMap.srv
-- Symlinking: /home/freesix/far_planner_ws/src/install/volumetric_msgs/share/volumetric_msgs/srv/LoadMap_Request.msg
-- Symlinking: /home/freesix/far_planner_ws/src/install/volumetric_msgs/share/volumetric_msgs/srv/LoadMap_Response.msg
-- Symlinking: /home/freesix/far_planner_ws/src/install/volumetric_msgs/share/volumetric_msgs/srv/SaveMap.srv
-- Symlinking: /home/freesix/far_planner_ws/src/install/volumetric_msgs/share/volumetric_msgs/srv/SaveMap_Request.msg
-- Symlinking: /home/freesix/far_planner_ws/src/install/volumetric_msgs/share/volumetric_msgs/srv/SaveMap_Response.msg
-- Symlinking: /home/freesix/far_planner_ws/src/install/volumetric_msgs/share/volumetric_msgs/srv/SetBoxOccupancy.srv
-- Symlinking: /home/freesix/far_planner_ws/src/install/volumetric_msgs/share/volumetric_msgs/srv/SetBoxOccupancy_Request.msg
-- Symlinking: /home/freesix/far_planner_ws/src/install/volumetric_msgs/share/volumetric_msgs/srv/SetBoxOccupancy_Response.msg
-- Symlinking: /home/freesix/far_planner_ws/src/install/volumetric_msgs/share/volumetric_msgs/srv/SetDisplayBounds.srv
-- Symlinking: /home/freesix/far_planner_ws/src/install/volumetric_msgs/share/volumetric_msgs/srv/SetDisplayBounds_Request.msg
-- Symlinking: /home/freesix/far_planner_ws/src/install/volumetric_msgs/share/volumetric_msgs/srv/SetDisplayBounds_Response.msg
-- Symlinking: /home/freesix/far_planner_ws/src/install/volumetric_msgs/share/ament_index/resource_index/package_run_dependencies/volumetric_msgs
-- Symlinking: /home/freesix/far_planner_ws/src/install/volumetric_msgs/share/ament_index/resource_index/parent_prefix_path/volumetric_msgs
-- Symlinking: /home/freesix/far_planner_ws/src/install/volumetric_msgs/share/volumetric_msgs/environment/ament_prefix_path.sh
-- Symlinking: /home/freesix/far_planner_ws/src/install/volumetric_msgs/share/volumetric_msgs/environment/ament_prefix_path.dsv
-- Symlinking: /home/freesix/far_planner_ws/src/install/volumetric_msgs/share/volumetric_msgs/environment/path.sh
-- Symlinking: /home/freesix/far_planner_ws/src/install/volumetric_msgs/share/volumetric_msgs/environment/path.dsv
-- Symlinking: /home/freesix/far_planner_ws/src/install/volumetric_msgs/share/volumetric_msgs/local_setup.bash
-- Symlinking: /home/freesix/far_planner_ws/src/install/volumetric_msgs/share/volumetric_msgs/local_setup.sh
-- Symlinking: /home/freesix/far_planner_ws/src/install/volumetric_msgs/share/volumetric_msgs/local_setup.zsh
-- Symlinking: /home/freesix/far_planner_ws/src/install/volumetric_msgs/share/volumetric_msgs/local_setup.dsv
-- Symlinking: /home/freesix/far_planner_ws/src/install/volumetric_msgs/share/volumetric_msgs/package.dsv
-- Symlinking: /home/freesix/far_planner_ws/src/install/volumetric_msgs/share/ament_index/resource_index/packages/volumetric_msgs
-- Symlinking: /home/freesix/far_planner_ws/src/install/volumetric_msgs/share/volumetric_msgs/cmake/rosidl_cmake-extras.cmake
-- Symlinking: /home/freesix/far_planner_ws/src/install/volumetric_msgs/share/volumetric_msgs/cmake/ament_cmake_export_dependencies-extras.cmake
-- Symlinking: /home/freesix/far_planner_ws/src/install/volumetric_msgs/share/volumetric_msgs/cmake/ament_cmake_export_include_directories-extras.cmake
-- Symlinking: /home/freesix/far_planner_ws/src/install/volumetric_msgs/share/volumetric_msgs/cmake/ament_cmake_export_libraries-extras.cmake
-- Symlinking: /home/freesix/far_planner_ws/src/install/volumetric_msgs/share/volumetric_msgs/cmake/ament_cmake_export_targets-extras.cmake
-- Symlinking: /home/freesix/far_planner_ws/src/install/volumetric_msgs/share/volumetric_msgs/cmake/rosidl_cmake_export_typesupport_targets-extras.cmake
-- Symlinking: /home/freesix/far_planner_ws/src/install/volumetric_msgs/share/volumetric_msgs/cmake/rosidl_cmake_export_typesupport_libraries-extras.cmake
-- Symlinking: /home/freesix/far_planner_ws/src/install/volumetric_msgs/share/volumetric_msgs/cmake/volumetric_msgsConfig.cmake
-- Symlinking: /home/freesix/far_planner_ws/src/install/volumetric_msgs/share/volumetric_msgs/cmake/volumetric_msgsConfig-version.cmake
-- Symlinking: /home/freesix/far_planner_ws/src/install/volumetric_msgs/share/volumetric_msgs/package.xml
-- Installing: /home/freesix/far_planner_ws/src/install/volumetric_msgs/lib/libvolumetric_msgs__rosidl_generator_c.so
-- Set runtime path of "/home/freesix/far_planner_ws/src/install/volumetric_msgs/lib/libvolumetric_msgs__rosidl_generator_c.so" to ""
-- Installing: /home/freesix/far_planner_ws/src/install/volumetric_msgs/lib/libvolumetric_msgs__rosidl_typesupport_fastrtps_c.so
-- Set runtime path of "/home/freesix/far_planner_ws/src/install/volumetric_msgs/lib/libvolumetric_msgs__rosidl_typesupport_fastrtps_c.so" to ""
-- Installing: /home/freesix/far_planner_ws/src/install/volumetric_msgs/lib/libvolumetric_msgs__rosidl_typesupport_fastrtps_cpp.so
-- Set runtime path of "/home/freesix/far_planner_ws/src/install/volumetric_msgs/lib/libvolumetric_msgs__rosidl_typesupport_fastrtps_cpp.so" to ""
-- Installing: /home/freesix/far_planner_ws/src/install/volumetric_msgs/lib/libvolumetric_msgs__rosidl_typesupport_introspection_c.so
-- Set runtime path of "/home/freesix/far_planner_ws/src/install/volumetric_msgs/lib/libvolumetric_msgs__rosidl_typesupport_introspection_c.so" to ""
-- Installing: /home/freesix/far_planner_ws/src/install/volumetric_msgs/lib/libvolumetric_msgs__rosidl_typesupport_c.so
-- Set runtime path of "/home/freesix/far_planner_ws/src/install/volumetric_msgs/lib/libvolumetric_msgs__rosidl_typesupport_c.so" to ""
-- Installing: /home/freesix/far_planner_ws/src/install/volumetric_msgs/lib/libvolumetric_msgs__rosidl_typesupport_introspection_cpp.so
-- Set runtime path of "/home/freesix/far_planner_ws/src/install/volumetric_msgs/lib/libvolumetric_msgs__rosidl_typesupport_introspection_cpp.so" to ""
-- Installing: /home/freesix/far_planner_ws/src/install/volumetric_msgs/lib/libvolumetric_msgs__rosidl_typesupport_cpp.so
-- Set runtime path of "/home/freesix/far_planner_ws/src/install/volumetric_msgs/lib/libvolumetric_msgs__rosidl_typesupport_cpp.so" to ""
Listing '/home/freesix/far_planner_ws/src/install/volumetric_msgs/local/lib/python3.10/dist-packages/volumetric_msgs'...
Compiling '/home/freesix/far_planner_ws/src/install/volumetric_msgs/local/lib/python3.10/dist-packages/volumetric_msgs/__init__.py'...
Listing '/home/freesix/far_planner_ws/src/install/volumetric_msgs/local/lib/python3.10/dist-packages/volumetric_msgs/srv'...
Compiling '/home/freesix/far_planner_ws/src/install/volumetric_msgs/local/lib/python3.10/dist-packages/volumetric_msgs/srv/__init__.py'...
Compiling '/home/freesix/far_planner_ws/src/install/volumetric_msgs/local/lib/python3.10/dist-packages/volumetric_msgs/srv/_load_map.py'...
Compiling '/home/freesix/far_planner_ws/src/install/volumetric_msgs/local/lib/python3.10/dist-packages/volumetric_msgs/srv/_save_map.py'...
Compiling '/home/freesix/far_planner_ws/src/install/volumetric_msgs/local/lib/python3.10/dist-packages/volumetric_msgs/srv/_set_box_occupancy.py'...
Compiling '/home/freesix/far_planner_ws/src/install/volumetric_msgs/local/lib/python3.10/dist-packages/volumetric_msgs/srv/_set_display_bounds.py'...
-- Installing: /home/freesix/far_planner_ws/src/install/volumetric_msgs/lib/libvolumetric_msgs__rosidl_generator_py.so
-- Set runtime path of "/home/freesix/far_planner_ws/src/install/volumetric_msgs/lib/libvolumetric_msgs__rosidl_generator_py.so" to ""
-- Installing: /home/freesix/far_planner_ws/src/install/volumetric_msgs/share/volumetric_msgs/cmake/export_volumetric_msgs__rosidl_generator_cExport.cmake
-- Installing: /home/freesix/far_planner_ws/src/install/volumetric_msgs/share/volumetric_msgs/cmake/export_volumetric_msgs__rosidl_generator_cExport-release.cmake
-- Installing: /home/freesix/far_planner_ws/src/install/volumetric_msgs/share/volumetric_msgs/cmake/export_volumetric_msgs__rosidl_typesupport_fastrtps_cExport.cmake
-- Installing: /home/freesix/far_planner_ws/src/install/volumetric_msgs/share/volumetric_msgs/cmake/export_volumetric_msgs__rosidl_typesupport_fastrtps_cExport-release.cmake
-- Installing: /home/freesix/far_planner_ws/src/install/volumetric_msgs/share/volumetric_msgs/cmake/export_volumetric_msgs__rosidl_generator_cppExport.cmake
-- Installing: /home/freesix/far_planner_ws/src/install/volumetric_msgs/share/volumetric_msgs/cmake/export_volumetric_msgs__rosidl_typesupport_fastrtps_cppExport.cmake
-- Installing: /home/freesix/far_planner_ws/src/install/volumetric_msgs/share/volumetric_msgs/cmake/export_volumetric_msgs__rosidl_typesupport_fastrtps_cppExport-release.cmake
-- Installing: /home/freesix/far_planner_ws/src/install/volumetric_msgs/share/volumetric_msgs/cmake/volumetric_msgs__rosidl_typesupport_introspection_cExport.cmake
-- Installing: /home/freesix/far_planner_ws/src/install/volumetric_msgs/share/volumetric_msgs/cmake/volumetric_msgs__rosidl_typesupport_introspection_cExport-release.cmake
-- Installing: /home/freesix/far_planner_ws/src/install/volumetric_msgs/share/volumetric_msgs/cmake/volumetric_msgs__rosidl_typesupport_cExport.cmake
-- Installing: /home/freesix/far_planner_ws/src/install/volumetric_msgs/share/volumetric_msgs/cmake/volumetric_msgs__rosidl_typesupport_cExport-release.cmake
-- Installing: /home/freesix/far_planner_ws/src/install/volumetric_msgs/share/volumetric_msgs/cmake/volumetric_msgs__rosidl_typesupport_introspection_cppExport.cmake
-- Installing: /home/freesix/far_planner_ws/src/install/volumetric_msgs/share/volumetric_msgs/cmake/volumetric_msgs__rosidl_typesupport_introspection_cppExport-release.cmake
-- Installing: /home/freesix/far_planner_ws/src/install/volumetric_msgs/share/volumetric_msgs/cmake/volumetric_msgs__rosidl_typesupport_cppExport.cmake
-- Installing: /home/freesix/far_planner_ws/src/install/volumetric_msgs/share/volumetric_msgs/cmake/volumetric_msgs__rosidl_typesupport_cppExport-release.cmake
-- Installing: /home/freesix/far_planner_ws/src/install/volumetric_msgs/share/volumetric_msgs/cmake/export_volumetric_msgs__rosidl_generator_pyExport.cmake
-- Installing: /home/freesix/far_planner_ws/src/install/volumetric_msgs/share/volumetric_msgs/cmake/export_volumetric_msgs__rosidl_generator_pyExport-release.cmake
