[0.062s] Invoking command in '/home/freesix/far_planner_ws/src/build/volumetric_msgs': CMAKE_PREFIX_PATH=/opt/ros/humble /usr/local/bin/cmake /home/freesix/far_planner_ws/src/dsv_planner/src/volumetric_mapping/volumetric_msgs -DCMAKE_BUILD_TYPE=Release -DAMENT_CMAKE_SYMLINK_INSTALL=1 -DCMAKE_INSTALL_PREFIX=/home/freesix/far_planner_ws/src/install/volumetric_msgs
[0.289s] -- The C compiler identification is GNU 11.4.0
[0.577s] -- The CXX compiler identification is GNU 11.4.0
[0.745s] -- Detecting C compiler ABI info
[0.905s] -- Detecting C compiler ABI info - done
[0.920s] -- Check for working C compiler: /usr/bin/cc - skipped
[0.920s] -- Detecting C compile features
[0.920s] -- Detecting C compile features - done
[0.920s] -- Detecting CXX compiler ABI info
[1.099s] -- Detecting CXX compiler ABI info - done
[1.099s] -- Check for working CXX compiler: /usr/bin/c++ - skipped
[1.099s] -- Detecting CXX compile features
[1.099s] -- Detecting CXX compile features - done
[1.099s] -- Found ament_cmake: 1.3.5 (/opt/ros/humble/share/ament_cmake/cmake)
[2.777s] -- Found Python3: /usr/bin/python3.10 (found version "3.10.12") found components: Interpreter 
[2.892s] -- Override CMake install command with custom implementation using symlinks instead of copying resources
[2.925s] -- Found geometry_msgs: 4.2.3 (/opt/ros/humble/share/geometry_msgs/cmake)
[3.110s] -- Found rosidl_generator_c: 3.1.5 (/opt/ros/humble/share/rosidl_generator_c/cmake)
[3.115s] -- Found rosidl_adapter: 3.1.5 (/opt/ros/humble/share/rosidl_adapter/cmake)
[3.127s] -- Found rosidl_generator_cpp: 3.1.5 (/opt/ros/humble/share/rosidl_generator_cpp/cmake)
[3.146s] -- Using all available rosidl_typesupport_c: rosidl_typesupport_fastrtps_c;rosidl_typesupport_introspection_c
[3.175s] -- Using all available rosidl_typesupport_cpp: rosidl_typesupport_fastrtps_cpp;rosidl_typesupport_introspection_cpp
[3.380s] -- Found rosidl_default_generators: 1.2.0 (/opt/ros/humble/share/rosidl_default_generators/cmake)
[3.776s] -- Found ament_cmake_ros: 0.10.0 (/opt/ros/humble/share/ament_cmake_ros/cmake)
[4.109s] -- Using all available rosidl_typesupport_c: rosidl_typesupport_fastrtps_c;rosidl_typesupport_introspection_c
[4.241s] -- Using all available rosidl_typesupport_cpp: rosidl_typesupport_fastrtps_cpp;rosidl_typesupport_introspection_cpp
[4.354s] -- Found PythonInterp: /usr/bin/python3 (found suitable version "3.10.12", minimum required is "3.6") 
[4.357s] -- Found python_cmake_module: 0.10.0 (/opt/ros/humble/share/python_cmake_module/cmake)
[4.801s] -- Found PythonLibs: /usr/lib/x86_64-linux-gnu/libpython3.10.so (found suitable version "3.10.12", minimum required is "3.5") 
[4.801s] -- Using PYTHON_EXECUTABLE: /usr/bin/python3
[4.801s] -- Using PYTHON_INCLUDE_DIRS: /usr/include/python3.10
[4.802s] -- Using PYTHON_LIBRARIES: /usr/lib/x86_64-linux-gnu/libpython3.10.so
[4.828s] -- Found PythonExtra: .so  
[5.040s] -- Configuring done (4.9s)
[5.094s] -- Generating done (0.0s)
[5.098s] -- Build files have been written to: /home/freesix/far_planner_ws/src/build/volumetric_msgs
[5.120s] Invoked command in '/home/freesix/far_planner_ws/src/build/volumetric_msgs' returned '0': CMAKE_PREFIX_PATH=/opt/ros/humble /usr/local/bin/cmake /home/freesix/far_planner_ws/src/dsv_planner/src/volumetric_mapping/volumetric_msgs -DCMAKE_BUILD_TYPE=Release -DAMENT_CMAKE_SYMLINK_INSTALL=1 -DCMAKE_INSTALL_PREFIX=/home/freesix/far_planner_ws/src/install/volumetric_msgs
[5.122s] Invoking command in '/home/freesix/far_planner_ws/src/build/volumetric_msgs': CMAKE_PREFIX_PATH=/opt/ros/humble /usr/local/bin/cmake --build /home/freesix/far_planner_ws/src/build/volumetric_msgs -- -j16 -l16
[19.419s] [  1%] [34m[1mGenerating C code for ROS interfaces[0m
[19.420s] [  3%] [34m[1mGenerating C++ code for ROS interfaces[0m
[19.421s] [  3%] Built target ament_cmake_python_symlink_volumetric_msgs
[19.421s] running egg_info
[19.421s] creating volumetric_msgs.egg-info
[19.421s] writing volumetric_msgs.egg-info/PKG-INFO
[19.421s] writing dependency_links to volumetric_msgs.egg-info/dependency_links.txt
[19.422s] writing top-level names to volumetric_msgs.egg-info/top_level.txt
[19.423s] writing manifest file 'volumetric_msgs.egg-info/SOURCES.txt'
[19.425s] reading manifest file 'volumetric_msgs.egg-info/SOURCES.txt'
[19.427s] writing manifest file 'volumetric_msgs.egg-info/SOURCES.txt'
[19.427s] [  3%] Built target ament_cmake_python_build_volumetric_msgs_egg
[19.427s] [  3%] Built target volumetric_msgs__cpp
[19.427s] [  9%] [34m[1mGenerating C++ type support dispatch for ROS interfaces[0m
[19.427s] [  9%] [34m[1mGenerating C++ introspection for ROS interfaces[0m
[19.428s] [  9%] [34m[1mGenerating C++ type support for eProsima Fast-RTPS[0m
[19.428s] [ 16%] [32mBuilding C object CMakeFiles/volumetric_msgs__rosidl_generator_c.dir/rosidl_generator_c/volumetric_msgs/srv/detail/save_map__functions.c.o[0m
[19.428s] [ 16%] [32mBuilding C object CMakeFiles/volumetric_msgs__rosidl_generator_c.dir/rosidl_generator_c/volumetric_msgs/srv/detail/load_map__functions.c.o[0m
[19.428s] [ 16%] [32mBuilding C object CMakeFiles/volumetric_msgs__rosidl_generator_c.dir/rosidl_generator_c/volumetric_msgs/srv/detail/set_box_occupancy__functions.c.o[0m
[19.428s] [ 16%] [32mBuilding C object CMakeFiles/volumetric_msgs__rosidl_generator_c.dir/rosidl_generator_c/volumetric_msgs/srv/detail/set_display_bounds__functions.c.o[0m
[19.428s] [ 18%] [32m[1mLinking C shared library libvolumetric_msgs__rosidl_generator_c.so[0m
[19.429s] [ 18%] Built target volumetric_msgs__rosidl_generator_c
[19.429s] [ 21%] [34m[1mGenerating C type support dispatch for ROS interfaces[0m
[19.429s] [ 21%] [34m[1mGenerating C type support for eProsima Fast-RTPS[0m
[19.429s] [ 23%] [34m[1mGenerating C introspection for ROS interfaces[0m
[19.429s] [ 25%] [32mBuilding CXX object CMakeFiles/volumetric_msgs__rosidl_typesupport_cpp.dir/rosidl_typesupport_cpp/volumetric_msgs/srv/load_map__type_support.cpp.o[0m
[19.429s] [ 30%] [32mBuilding CXX object CMakeFiles/volumetric_msgs__rosidl_typesupport_cpp.dir/rosidl_typesupport_cpp/volumetric_msgs/srv/set_display_bounds__type_support.cpp.o[0m
[19.429s] [ 30%] [32mBuilding CXX object CMakeFiles/volumetric_msgs__rosidl_typesupport_cpp.dir/rosidl_typesupport_cpp/volumetric_msgs/srv/set_box_occupancy__type_support.cpp.o[0m
[19.429s] [ 30%] [32mBuilding CXX object CMakeFiles/volumetric_msgs__rosidl_typesupport_cpp.dir/rosidl_typesupport_cpp/volumetric_msgs/srv/save_map__type_support.cpp.o[0m
[19.429s] [ 34%] [32mBuilding CXX object CMakeFiles/volumetric_msgs__rosidl_typesupport_introspection_cpp.dir/rosidl_typesupport_introspection_cpp/volumetric_msgs/srv/detail/load_map__type_support.cpp.o[0m
[19.429s] [ 34%] [32mBuilding CXX object CMakeFiles/volumetric_msgs__rosidl_typesupport_introspection_cpp.dir/rosidl_typesupport_introspection_cpp/volumetric_msgs/srv/detail/save_map__type_support.cpp.o[0m
[19.429s] [ 36%] [32mBuilding CXX object CMakeFiles/volumetric_msgs__rosidl_typesupport_introspection_cpp.dir/rosidl_typesupport_introspection_cpp/volumetric_msgs/srv/detail/set_display_bounds__type_support.cpp.o[0m
[19.429s] [ 38%] [32mBuilding CXX object CMakeFiles/volumetric_msgs__rosidl_typesupport_introspection_cpp.dir/rosidl_typesupport_introspection_cpp/volumetric_msgs/srv/detail/set_box_occupancy__type_support.cpp.o[0m
[19.429s] [ 41%] [32mBuilding CXX object CMakeFiles/volumetric_msgs__rosidl_typesupport_fastrtps_cpp.dir/rosidl_typesupport_fastrtps_cpp/volumetric_msgs/srv/detail/dds_fastrtps/load_map__type_support.cpp.o[0m
[19.430s] [ 41%] [32mBuilding CXX object CMakeFiles/volumetric_msgs__rosidl_typesupport_fastrtps_cpp.dir/rosidl_typesupport_fastrtps_cpp/volumetric_msgs/srv/detail/dds_fastrtps/set_display_bounds__type_support.cpp.o[0m
[19.430s] [ 45%] [32mBuilding CXX object CMakeFiles/volumetric_msgs__rosidl_typesupport_fastrtps_cpp.dir/rosidl_typesupport_fastrtps_cpp/volumetric_msgs/srv/detail/dds_fastrtps/save_map__type_support.cpp.o[0m
[19.430s] [ 45%] [32mBuilding CXX object CMakeFiles/volumetric_msgs__rosidl_typesupport_fastrtps_cpp.dir/rosidl_typesupport_fastrtps_cpp/volumetric_msgs/srv/detail/dds_fastrtps/set_box_occupancy__type_support.cpp.o[0m
[19.430s] [ 47%] [32mBuilding CXX object CMakeFiles/volumetric_msgs__rosidl_typesupport_c.dir/rosidl_typesupport_c/volumetric_msgs/srv/load_map__type_support.cpp.o[0m
[19.430s] [ 49%] [32mBuilding CXX object CMakeFiles/volumetric_msgs__rosidl_typesupport_c.dir/rosidl_typesupport_c/volumetric_msgs/srv/save_map__type_support.cpp.o[0m
[19.430s] [ 50%] [32mBuilding CXX object CMakeFiles/volumetric_msgs__rosidl_typesupport_c.dir/rosidl_typesupport_c/volumetric_msgs/srv/set_display_bounds__type_support.cpp.o[0m
[19.430s] [ 52%] [32mBuilding CXX object CMakeFiles/volumetric_msgs__rosidl_typesupport_c.dir/rosidl_typesupport_c/volumetric_msgs/srv/set_box_occupancy__type_support.cpp.o[0m
[19.430s] [ 54%] [32m[1mLinking CXX shared library libvolumetric_msgs__rosidl_typesupport_cpp.so[0m
[19.430s] [ 56%] [32mBuilding CXX object CMakeFiles/volumetric_msgs__rosidl_typesupport_fastrtps_c.dir/rosidl_typesupport_fastrtps_c/volumetric_msgs/srv/detail/load_map__type_support_c.cpp.o[0m
[19.430s] [ 58%] [32mBuilding CXX object CMakeFiles/volumetric_msgs__rosidl_typesupport_fastrtps_c.dir/rosidl_typesupport_fastrtps_c/volumetric_msgs/srv/detail/save_map__type_support_c.cpp.o[0m
[19.430s] [ 60%] [32mBuilding CXX object CMakeFiles/volumetric_msgs__rosidl_typesupport_fastrtps_c.dir/rosidl_typesupport_fastrtps_c/volumetric_msgs/srv/detail/set_box_occupancy__type_support_c.cpp.o[0m
[19.430s] [ 61%] [32mBuilding CXX object CMakeFiles/volumetric_msgs__rosidl_typesupport_fastrtps_c.dir/rosidl_typesupport_fastrtps_c/volumetric_msgs/srv/detail/set_display_bounds__type_support_c.cpp.o[0m
[19.430s] [ 63%] [32mBuilding C object CMakeFiles/volumetric_msgs__rosidl_typesupport_introspection_c.dir/rosidl_typesupport_introspection_c/volumetric_msgs/srv/detail/load_map__type_support.c.o[0m
[19.430s] [ 65%] [32mBuilding C object CMakeFiles/volumetric_msgs__rosidl_typesupport_introspection_c.dir/rosidl_typesupport_introspection_c/volumetric_msgs/srv/detail/save_map__type_support.c.o[0m
[19.430s] [ 67%] [32m[1mLinking CXX shared library libvolumetric_msgs__rosidl_typesupport_c.so[0m
[19.431s] [ 69%] [32mBuilding C object CMakeFiles/volumetric_msgs__rosidl_typesupport_introspection_c.dir/rosidl_typesupport_introspection_c/volumetric_msgs/srv/detail/set_box_occupancy__type_support.c.o[0m
[19.431s] [ 70%] [32mBuilding C object CMakeFiles/volumetric_msgs__rosidl_typesupport_introspection_c.dir/rosidl_typesupport_introspection_c/volumetric_msgs/srv/detail/set_display_bounds__type_support.c.o[0m
[19.431s] [ 72%] [32m[1mLinking C shared library libvolumetric_msgs__rosidl_typesupport_introspection_c.so[0m
[19.431s] [ 72%] Built target volumetric_msgs__rosidl_typesupport_cpp
[19.431s] [ 72%] Built target volumetric_msgs__rosidl_typesupport_c
[19.431s] [ 74%] [32m[1mLinking CXX shared library libvolumetric_msgs__rosidl_typesupport_introspection_cpp.so[0m
[19.431s] [ 76%] [32m[1mLinking CXX shared library libvolumetric_msgs__rosidl_typesupport_fastrtps_cpp.so[0m
[19.431s] [ 76%] Built target volumetric_msgs__rosidl_typesupport_introspection_c
[19.431s] [ 76%] Built target volumetric_msgs__rosidl_typesupport_introspection_cpp
[19.431s] [ 78%] [32m[1mLinking CXX shared library libvolumetric_msgs__rosidl_typesupport_fastrtps_c.so[0m
[19.431s] [ 78%] Built target volumetric_msgs__rosidl_typesupport_fastrtps_cpp
[19.431s] [ 78%] Built target volumetric_msgs__rosidl_typesupport_fastrtps_c
[19.431s] [ 78%] Built target volumetric_msgs
[19.431s] [ 80%] [34m[1mGenerating Python code for ROS interfaces[0m
[19.431s] [ 80%] Built target volumetric_msgs__py
[19.432s] [ 85%] [32mBuilding C object CMakeFiles/volumetric_msgs__rosidl_generator_py.dir/rosidl_generator_py/volumetric_msgs/srv/_save_map_s.c.o[0m
[19.432s] [ 85%] [32mBuilding C object CMakeFiles/volumetric_msgs__rosidl_generator_py.dir/rosidl_generator_py/volumetric_msgs/srv/_set_box_occupancy_s.c.o[0m
[19.432s] [ 85%] [32mBuilding C object CMakeFiles/volumetric_msgs__rosidl_generator_py.dir/rosidl_generator_py/volumetric_msgs/srv/_load_map_s.c.o[0m
[19.432s] [ 87%] [32mBuilding C object CMakeFiles/volumetric_msgs__rosidl_generator_py.dir/rosidl_generator_py/volumetric_msgs/srv/_set_display_bounds_s.c.o[0m
[19.432s] [ 89%] [32m[1mLinking C shared library rosidl_generator_py/volumetric_msgs/libvolumetric_msgs__rosidl_generator_py.so[0m
[19.432s] [ 89%] Built target volumetric_msgs__rosidl_generator_py
[19.432s] [ 92%] [32mBuilding C object CMakeFiles/volumetric_msgs__rosidl_typesupport_introspection_c__pyext.dir/rosidl_generator_py/volumetric_msgs/_volumetric_msgs_s.ep.rosidl_typesupport_introspection_c.c.o[0m
[19.432s] [ 92%] [32mBuilding C object CMakeFiles/volumetric_msgs__rosidl_typesupport_c__pyext.dir/rosidl_generator_py/volumetric_msgs/_volumetric_msgs_s.ep.rosidl_typesupport_c.c.o[0m
[19.432s] [ 94%] [32mBuilding C object CMakeFiles/volumetric_msgs__rosidl_typesupport_fastrtps_c__pyext.dir/rosidl_generator_py/volumetric_msgs/_volumetric_msgs_s.ep.rosidl_typesupport_fastrtps_c.c.o[0m
[19.432s] [ 98%] [32m[1mLinking C shared library rosidl_generator_py/volumetric_msgs/volumetric_msgs_s__rosidl_typesupport_fastrtps_c.cpython-310-x86_64-linux-gnu.so[0m
[19.432s] [ 98%] [32m[1mLinking C shared library rosidl_generator_py/volumetric_msgs/volumetric_msgs_s__rosidl_typesupport_c.cpython-310-x86_64-linux-gnu.so[0m
[19.432s] [100%] [32m[1mLinking C shared library rosidl_generator_py/volumetric_msgs/volumetric_msgs_s__rosidl_typesupport_introspection_c.cpython-310-x86_64-linux-gnu.so[0m
[19.432s] [100%] Built target volumetric_msgs__rosidl_typesupport_c__pyext
[19.433s] [100%] Built target volumetric_msgs__rosidl_typesupport_fastrtps_c__pyext
[19.433s] [100%] Built target volumetric_msgs__rosidl_typesupport_introspection_c__pyext
[19.435s] Invoked command in '/home/freesix/far_planner_ws/src/build/volumetric_msgs' returned '0': CMAKE_PREFIX_PATH=/opt/ros/humble /usr/local/bin/cmake --build /home/freesix/far_planner_ws/src/build/volumetric_msgs -- -j16 -l16
[19.529s] Invoking command in '/home/freesix/far_planner_ws/src/build/volumetric_msgs': CMAKE_PREFIX_PATH=/opt/ros/humble /usr/local/bin/cmake --install /home/freesix/far_planner_ws/src/build/volumetric_msgs
[23.334s] -- Install configuration: "Release"
[23.334s] -- Execute custom install script
[23.334s] -- Symlinking: /home/freesix/far_planner_ws/src/install/volumetric_msgs/share/ament_index/resource_index/rosidl_interfaces/volumetric_msgs
[23.334s] -- Symlinking: /home/freesix/far_planner_ws/src/install/volumetric_msgs/include/volumetric_msgs/volumetric_msgs/msg/rosidl_generator_c__visibility_control.h
[23.334s] -- Symlinking: /home/freesix/far_planner_ws/src/install/volumetric_msgs/include/volumetric_msgs/volumetric_msgs/srv/detail/load_map__functions.h
[23.334s] -- Symlinking: /home/freesix/far_planner_ws/src/install/volumetric_msgs/include/volumetric_msgs/volumetric_msgs/srv/detail/load_map__struct.h
[23.334s] -- Symlinking: /home/freesix/far_planner_ws/src/install/volumetric_msgs/include/volumetric_msgs/volumetric_msgs/srv/detail/load_map__type_support.h
[23.334s] -- Symlinking: /home/freesix/far_planner_ws/src/install/volumetric_msgs/include/volumetric_msgs/volumetric_msgs/srv/detail/save_map__functions.h
[23.335s] -- Symlinking: /home/freesix/far_planner_ws/src/install/volumetric_msgs/include/volumetric_msgs/volumetric_msgs/srv/detail/save_map__struct.h
[23.335s] -- Symlinking: /home/freesix/far_planner_ws/src/install/volumetric_msgs/include/volumetric_msgs/volumetric_msgs/srv/detail/save_map__type_support.h
[23.335s] -- Symlinking: /home/freesix/far_planner_ws/src/install/volumetric_msgs/include/volumetric_msgs/volumetric_msgs/srv/detail/set_box_occupancy__functions.h
[23.335s] -- Symlinking: /home/freesix/far_planner_ws/src/install/volumetric_msgs/include/volumetric_msgs/volumetric_msgs/srv/detail/set_box_occupancy__struct.h
[23.335s] -- Symlinking: /home/freesix/far_planner_ws/src/install/volumetric_msgs/include/volumetric_msgs/volumetric_msgs/srv/detail/set_box_occupancy__type_support.h
[23.335s] -- Symlinking: /home/freesix/far_planner_ws/src/install/volumetric_msgs/include/volumetric_msgs/volumetric_msgs/srv/detail/set_display_bounds__functions.h
[23.335s] -- Symlinking: /home/freesix/far_planner_ws/src/install/volumetric_msgs/include/volumetric_msgs/volumetric_msgs/srv/detail/set_display_bounds__struct.h
[23.336s] -- Symlinking: /home/freesix/far_planner_ws/src/install/volumetric_msgs/include/volumetric_msgs/volumetric_msgs/srv/detail/set_display_bounds__type_support.h
[23.336s] -- Symlinking: /home/freesix/far_planner_ws/src/install/volumetric_msgs/include/volumetric_msgs/volumetric_msgs/srv/load_map.h
[23.337s] -- Symlinking: /home/freesix/far_planner_ws/src/install/volumetric_msgs/include/volumetric_msgs/volumetric_msgs/srv/save_map.h
[23.337s] -- Symlinking: /home/freesix/far_planner_ws/src/install/volumetric_msgs/include/volumetric_msgs/volumetric_msgs/srv/set_box_occupancy.h
[23.337s] -- Symlinking: /home/freesix/far_planner_ws/src/install/volumetric_msgs/include/volumetric_msgs/volumetric_msgs/srv/set_display_bounds.h
[23.337s] -- Symlinking: /home/freesix/far_planner_ws/src/install/volumetric_msgs/share/volumetric_msgs/environment/library_path.sh
[23.337s] -- Symlinking: /home/freesix/far_planner_ws/src/install/volumetric_msgs/share/volumetric_msgs/environment/library_path.dsv
[23.337s] -- Symlinking: /home/freesix/far_planner_ws/src/install/volumetric_msgs/include/volumetric_msgs/volumetric_msgs/msg/rosidl_typesupport_fastrtps_c__visibility_control.h
[23.338s] -- Symlinking: /home/freesix/far_planner_ws/src/install/volumetric_msgs/include/volumetric_msgs/volumetric_msgs/srv/detail/load_map__rosidl_typesupport_fastrtps_c.h
[23.338s] -- Symlinking: /home/freesix/far_planner_ws/src/install/volumetric_msgs/include/volumetric_msgs/volumetric_msgs/srv/detail/save_map__rosidl_typesupport_fastrtps_c.h
[23.338s] -- Symlinking: /home/freesix/far_planner_ws/src/install/volumetric_msgs/include/volumetric_msgs/volumetric_msgs/srv/detail/set_box_occupancy__rosidl_typesupport_fastrtps_c.h
[23.338s] -- Symlinking: /home/freesix/far_planner_ws/src/install/volumetric_msgs/include/volumetric_msgs/volumetric_msgs/srv/detail/set_display_bounds__rosidl_typesupport_fastrtps_c.h
[23.338s] -- Symlinking: /home/freesix/far_planner_ws/src/install/volumetric_msgs/include/volumetric_msgs/volumetric_msgs/srv/detail/load_map__builder.hpp
[23.341s] -- Symlinking: /home/freesix/far_planner_ws/src/install/volumetric_msgs/include/volumetric_msgs/volumetric_msgs/srv/detail/load_map__struct.hpp
[23.341s] -- Symlinking: /home/freesix/far_planner_ws/src/install/volumetric_msgs/include/volumetric_msgs/volumetric_msgs/srv/detail/load_map__traits.hpp
[23.341s] -- Symlinking: /home/freesix/far_planner_ws/src/install/volumetric_msgs/include/volumetric_msgs/volumetric_msgs/srv/detail/save_map__builder.hpp
[23.341s] -- Symlinking: /home/freesix/far_planner_ws/src/install/volumetric_msgs/include/volumetric_msgs/volumetric_msgs/srv/detail/save_map__struct.hpp
[23.341s] -- Symlinking: /home/freesix/far_planner_ws/src/install/volumetric_msgs/include/volumetric_msgs/volumetric_msgs/srv/detail/save_map__traits.hpp
[23.341s] -- Symlinking: /home/freesix/far_planner_ws/src/install/volumetric_msgs/include/volumetric_msgs/volumetric_msgs/srv/detail/set_box_occupancy__builder.hpp
[23.342s] -- Symlinking: /home/freesix/far_planner_ws/src/install/volumetric_msgs/include/volumetric_msgs/volumetric_msgs/srv/detail/set_box_occupancy__struct.hpp
[23.342s] -- Symlinking: /home/freesix/far_planner_ws/src/install/volumetric_msgs/include/volumetric_msgs/volumetric_msgs/srv/detail/set_box_occupancy__traits.hpp
[23.342s] -- Symlinking: /home/freesix/far_planner_ws/src/install/volumetric_msgs/include/volumetric_msgs/volumetric_msgs/srv/detail/set_display_bounds__builder.hpp
[23.342s] -- Symlinking: /home/freesix/far_planner_ws/src/install/volumetric_msgs/include/volumetric_msgs/volumetric_msgs/srv/detail/set_display_bounds__struct.hpp
[23.342s] -- Symlinking: /home/freesix/far_planner_ws/src/install/volumetric_msgs/include/volumetric_msgs/volumetric_msgs/srv/detail/set_display_bounds__traits.hpp
[23.343s] -- Symlinking: /home/freesix/far_planner_ws/src/install/volumetric_msgs/include/volumetric_msgs/volumetric_msgs/srv/load_map.hpp
[23.343s] -- Symlinking: /home/freesix/far_planner_ws/src/install/volumetric_msgs/include/volumetric_msgs/volumetric_msgs/srv/save_map.hpp
[23.343s] -- Symlinking: /home/freesix/far_planner_ws/src/install/volumetric_msgs/include/volumetric_msgs/volumetric_msgs/srv/set_box_occupancy.hpp
[23.343s] -- Symlinking: /home/freesix/far_planner_ws/src/install/volumetric_msgs/include/volumetric_msgs/volumetric_msgs/srv/set_display_bounds.hpp
[23.343s] -- Symlinking: /home/freesix/far_planner_ws/src/install/volumetric_msgs/include/volumetric_msgs/volumetric_msgs/msg/rosidl_typesupport_fastrtps_cpp__visibility_control.h
[23.343s] -- Symlinking: /home/freesix/far_planner_ws/src/install/volumetric_msgs/include/volumetric_msgs/volumetric_msgs/srv/detail/load_map__rosidl_typesupport_fastrtps_cpp.hpp
[23.343s] -- Symlinking: /home/freesix/far_planner_ws/src/install/volumetric_msgs/include/volumetric_msgs/volumetric_msgs/srv/detail/save_map__rosidl_typesupport_fastrtps_cpp.hpp
[23.343s] -- Symlinking: /home/freesix/far_planner_ws/src/install/volumetric_msgs/include/volumetric_msgs/volumetric_msgs/srv/detail/set_box_occupancy__rosidl_typesupport_fastrtps_cpp.hpp
[23.343s] -- Symlinking: /home/freesix/far_planner_ws/src/install/volumetric_msgs/include/volumetric_msgs/volumetric_msgs/srv/detail/set_display_bounds__rosidl_typesupport_fastrtps_cpp.hpp
[23.343s] -- Symlinking: /home/freesix/far_planner_ws/src/install/volumetric_msgs/include/volumetric_msgs/volumetric_msgs/msg/rosidl_typesupport_introspection_c__visibility_control.h
[23.345s] -- Symlinking: /home/freesix/far_planner_ws/src/install/volumetric_msgs/include/volumetric_msgs/volumetric_msgs/srv/detail/load_map__rosidl_typesupport_introspection_c.h
[23.345s] -- Symlinking: /home/freesix/far_planner_ws/src/install/volumetric_msgs/include/volumetric_msgs/volumetric_msgs/srv/detail/save_map__rosidl_typesupport_introspection_c.h
[23.345s] -- Symlinking: /home/freesix/far_planner_ws/src/install/volumetric_msgs/include/volumetric_msgs/volumetric_msgs/srv/detail/set_box_occupancy__rosidl_typesupport_introspection_c.h
[23.345s] -- Symlinking: /home/freesix/far_planner_ws/src/install/volumetric_msgs/include/volumetric_msgs/volumetric_msgs/srv/detail/set_display_bounds__rosidl_typesupport_introspection_c.h
[23.345s] -- Symlinking: /home/freesix/far_planner_ws/src/install/volumetric_msgs/include/volumetric_msgs/volumetric_msgs/srv/detail/load_map__rosidl_typesupport_introspection_cpp.hpp
[23.345s] -- Symlinking: /home/freesix/far_planner_ws/src/install/volumetric_msgs/include/volumetric_msgs/volumetric_msgs/srv/detail/save_map__rosidl_typesupport_introspection_cpp.hpp
[23.345s] -- Symlinking: /home/freesix/far_planner_ws/src/install/volumetric_msgs/include/volumetric_msgs/volumetric_msgs/srv/detail/set_box_occupancy__rosidl_typesupport_introspection_cpp.hpp
[23.346s] -- Symlinking: /home/freesix/far_planner_ws/src/install/volumetric_msgs/include/volumetric_msgs/volumetric_msgs/srv/detail/set_display_bounds__rosidl_typesupport_introspection_cpp.hpp
[23.346s] -- Symlinking: /home/freesix/far_planner_ws/src/install/volumetric_msgs/share/volumetric_msgs/environment/pythonpath.sh
[23.346s] -- Symlinking: /home/freesix/far_planner_ws/src/install/volumetric_msgs/share/volumetric_msgs/environment/pythonpath.dsv
[23.346s] -- Symlinking: /home/freesix/far_planner_ws/src/install/volumetric_msgs/local/lib/python3.10/dist-packages/volumetric_msgs-0.0.0-py3.10.egg-info/PKG-INFO
[23.346s] -- Symlinking: /home/freesix/far_planner_ws/src/install/volumetric_msgs/local/lib/python3.10/dist-packages/volumetric_msgs-0.0.0-py3.10.egg-info/SOURCES.txt
[23.346s] -- Symlinking: /home/freesix/far_planner_ws/src/install/volumetric_msgs/local/lib/python3.10/dist-packages/volumetric_msgs-0.0.0-py3.10.egg-info/dependency_links.txt
[23.346s] -- Symlinking: /home/freesix/far_planner_ws/src/install/volumetric_msgs/local/lib/python3.10/dist-packages/volumetric_msgs-0.0.0-py3.10.egg-info/top_level.txt
[23.347s] -- Symlinking: /home/freesix/far_planner_ws/src/install/volumetric_msgs/local/lib/python3.10/dist-packages/volumetric_msgs/__init__.py
[23.347s] -- Symlinking: /home/freesix/far_planner_ws/src/install/volumetric_msgs/local/lib/python3.10/dist-packages/volumetric_msgs/_volumetric_msgs_s.ep.rosidl_typesupport_c.c
[23.347s] -- Symlinking: /home/freesix/far_planner_ws/src/install/volumetric_msgs/local/lib/python3.10/dist-packages/volumetric_msgs/_volumetric_msgs_s.ep.rosidl_typesupport_fastrtps_c.c
[23.347s] -- Symlinking: /home/freesix/far_planner_ws/src/install/volumetric_msgs/local/lib/python3.10/dist-packages/volumetric_msgs/_volumetric_msgs_s.ep.rosidl_typesupport_introspection_c.c
[23.347s] -- Symlinking: /home/freesix/far_planner_ws/src/install/volumetric_msgs/local/lib/python3.10/dist-packages/volumetric_msgs/libvolumetric_msgs__rosidl_generator_py.so
[23.347s] -- Symlinking: /home/freesix/far_planner_ws/src/install/volumetric_msgs/local/lib/python3.10/dist-packages/volumetric_msgs/srv/__init__.py
[23.348s] -- Symlinking: /home/freesix/far_planner_ws/src/install/volumetric_msgs/local/lib/python3.10/dist-packages/volumetric_msgs/srv/_load_map.py
[23.348s] -- Symlinking: /home/freesix/far_planner_ws/src/install/volumetric_msgs/local/lib/python3.10/dist-packages/volumetric_msgs/srv/_load_map_s.c
[23.348s] -- Symlinking: /home/freesix/far_planner_ws/src/install/volumetric_msgs/local/lib/python3.10/dist-packages/volumetric_msgs/srv/_save_map.py
[23.348s] -- Symlinking: /home/freesix/far_planner_ws/src/install/volumetric_msgs/local/lib/python3.10/dist-packages/volumetric_msgs/srv/_save_map_s.c
[23.348s] -- Symlinking: /home/freesix/far_planner_ws/src/install/volumetric_msgs/local/lib/python3.10/dist-packages/volumetric_msgs/srv/_set_box_occupancy.py
[23.348s] -- Symlinking: /home/freesix/far_planner_ws/src/install/volumetric_msgs/local/lib/python3.10/dist-packages/volumetric_msgs/srv/_set_box_occupancy_s.c
[23.348s] -- Symlinking: /home/freesix/far_planner_ws/src/install/volumetric_msgs/local/lib/python3.10/dist-packages/volumetric_msgs/srv/_set_display_bounds.py
[23.348s] -- Symlinking: /home/freesix/far_planner_ws/src/install/volumetric_msgs/local/lib/python3.10/dist-packages/volumetric_msgs/srv/_set_display_bounds_s.c
[23.348s] -- Symlinking: /home/freesix/far_planner_ws/src/install/volumetric_msgs/local/lib/python3.10/dist-packages/volumetric_msgs/volumetric_msgs_s__rosidl_typesupport_c.cpython-310-x86_64-linux-gnu.so
[23.348s] -- Symlinking: /home/freesix/far_planner_ws/src/install/volumetric_msgs/local/lib/python3.10/dist-packages/volumetric_msgs/volumetric_msgs_s__rosidl_typesupport_fastrtps_c.cpython-310-x86_64-linux-gnu.so
[23.349s] -- Symlinking: /home/freesix/far_planner_ws/src/install/volumetric_msgs/local/lib/python3.10/dist-packages/volumetric_msgs/volumetric_msgs_s__rosidl_typesupport_introspection_c.cpython-310-x86_64-linux-gnu.so
[23.349s] -- Up-to-date symlink: /home/freesix/far_planner_ws/src/install/volumetric_msgs/local/lib/python3.10/dist-packages/volumetric_msgs/volumetric_msgs_s__rosidl_typesupport_fastrtps_c.cpython-310-x86_64-linux-gnu.so
[23.349s] -- Up-to-date symlink: /home/freesix/far_planner_ws/src/install/volumetric_msgs/local/lib/python3.10/dist-packages/volumetric_msgs/volumetric_msgs_s__rosidl_typesupport_introspection_c.cpython-310-x86_64-linux-gnu.so
[23.349s] -- Up-to-date symlink: /home/freesix/far_planner_ws/src/install/volumetric_msgs/local/lib/python3.10/dist-packages/volumetric_msgs/volumetric_msgs_s__rosidl_typesupport_c.cpython-310-x86_64-linux-gnu.so
[23.349s] -- Symlinking: /home/freesix/far_planner_ws/src/install/volumetric_msgs/share/volumetric_msgs/srv/LoadMap.idl
[23.349s] -- Symlinking: /home/freesix/far_planner_ws/src/install/volumetric_msgs/share/volumetric_msgs/srv/SaveMap.idl
[23.349s] -- Symlinking: /home/freesix/far_planner_ws/src/install/volumetric_msgs/share/volumetric_msgs/srv/SetBoxOccupancy.idl
[23.349s] -- Symlinking: /home/freesix/far_planner_ws/src/install/volumetric_msgs/share/volumetric_msgs/srv/SetDisplayBounds.idl
[23.350s] -- Symlinking: /home/freesix/far_planner_ws/src/install/volumetric_msgs/share/volumetric_msgs/srv/LoadMap.srv
[23.350s] -- Symlinking: /home/freesix/far_planner_ws/src/install/volumetric_msgs/share/volumetric_msgs/srv/LoadMap_Request.msg
[23.350s] -- Symlinking: /home/freesix/far_planner_ws/src/install/volumetric_msgs/share/volumetric_msgs/srv/LoadMap_Response.msg
[23.350s] -- Symlinking: /home/freesix/far_planner_ws/src/install/volumetric_msgs/share/volumetric_msgs/srv/SaveMap.srv
[23.350s] -- Symlinking: /home/freesix/far_planner_ws/src/install/volumetric_msgs/share/volumetric_msgs/srv/SaveMap_Request.msg
[23.350s] -- Symlinking: /home/freesix/far_planner_ws/src/install/volumetric_msgs/share/volumetric_msgs/srv/SaveMap_Response.msg
[23.350s] -- Symlinking: /home/freesix/far_planner_ws/src/install/volumetric_msgs/share/volumetric_msgs/srv/SetBoxOccupancy.srv
[23.350s] -- Symlinking: /home/freesix/far_planner_ws/src/install/volumetric_msgs/share/volumetric_msgs/srv/SetBoxOccupancy_Request.msg
[23.350s] -- Symlinking: /home/freesix/far_planner_ws/src/install/volumetric_msgs/share/volumetric_msgs/srv/SetBoxOccupancy_Response.msg
[23.350s] -- Symlinking: /home/freesix/far_planner_ws/src/install/volumetric_msgs/share/volumetric_msgs/srv/SetDisplayBounds.srv
[23.350s] -- Symlinking: /home/freesix/far_planner_ws/src/install/volumetric_msgs/share/volumetric_msgs/srv/SetDisplayBounds_Request.msg
[23.350s] -- Symlinking: /home/freesix/far_planner_ws/src/install/volumetric_msgs/share/volumetric_msgs/srv/SetDisplayBounds_Response.msg
[23.351s] -- Symlinking: /home/freesix/far_planner_ws/src/install/volumetric_msgs/share/ament_index/resource_index/package_run_dependencies/volumetric_msgs
[23.351s] -- Symlinking: /home/freesix/far_planner_ws/src/install/volumetric_msgs/share/ament_index/resource_index/parent_prefix_path/volumetric_msgs
[23.351s] -- Symlinking: /home/freesix/far_planner_ws/src/install/volumetric_msgs/share/volumetric_msgs/environment/ament_prefix_path.sh
[23.351s] -- Symlinking: /home/freesix/far_planner_ws/src/install/volumetric_msgs/share/volumetric_msgs/environment/ament_prefix_path.dsv
[23.351s] -- Symlinking: /home/freesix/far_planner_ws/src/install/volumetric_msgs/share/volumetric_msgs/environment/path.sh
[23.351s] -- Symlinking: /home/freesix/far_planner_ws/src/install/volumetric_msgs/share/volumetric_msgs/environment/path.dsv
[23.351s] -- Symlinking: /home/freesix/far_planner_ws/src/install/volumetric_msgs/share/volumetric_msgs/local_setup.bash
[23.351s] -- Symlinking: /home/freesix/far_planner_ws/src/install/volumetric_msgs/share/volumetric_msgs/local_setup.sh
[23.351s] -- Symlinking: /home/freesix/far_planner_ws/src/install/volumetric_msgs/share/volumetric_msgs/local_setup.zsh
[23.351s] -- Symlinking: /home/freesix/far_planner_ws/src/install/volumetric_msgs/share/volumetric_msgs/local_setup.dsv
[23.351s] -- Symlinking: /home/freesix/far_planner_ws/src/install/volumetric_msgs/share/volumetric_msgs/package.dsv
[23.351s] -- Symlinking: /home/freesix/far_planner_ws/src/install/volumetric_msgs/share/ament_index/resource_index/packages/volumetric_msgs
[23.351s] -- Symlinking: /home/freesix/far_planner_ws/src/install/volumetric_msgs/share/volumetric_msgs/cmake/rosidl_cmake-extras.cmake
[23.352s] -- Symlinking: /home/freesix/far_planner_ws/src/install/volumetric_msgs/share/volumetric_msgs/cmake/ament_cmake_export_dependencies-extras.cmake
[23.352s] -- Symlinking: /home/freesix/far_planner_ws/src/install/volumetric_msgs/share/volumetric_msgs/cmake/ament_cmake_export_include_directories-extras.cmake
[23.352s] -- Symlinking: /home/freesix/far_planner_ws/src/install/volumetric_msgs/share/volumetric_msgs/cmake/ament_cmake_export_libraries-extras.cmake
[23.352s] -- Symlinking: /home/freesix/far_planner_ws/src/install/volumetric_msgs/share/volumetric_msgs/cmake/ament_cmake_export_targets-extras.cmake
[23.352s] -- Symlinking: /home/freesix/far_planner_ws/src/install/volumetric_msgs/share/volumetric_msgs/cmake/rosidl_cmake_export_typesupport_targets-extras.cmake
[23.352s] -- Symlinking: /home/freesix/far_planner_ws/src/install/volumetric_msgs/share/volumetric_msgs/cmake/rosidl_cmake_export_typesupport_libraries-extras.cmake
[23.352s] -- Symlinking: /home/freesix/far_planner_ws/src/install/volumetric_msgs/share/volumetric_msgs/cmake/volumetric_msgsConfig.cmake
[23.353s] -- Symlinking: /home/freesix/far_planner_ws/src/install/volumetric_msgs/share/volumetric_msgs/cmake/volumetric_msgsConfig-version.cmake
[23.353s] -- Symlinking: /home/freesix/far_planner_ws/src/install/volumetric_msgs/share/volumetric_msgs/package.xml
[23.353s] -- Installing: /home/freesix/far_planner_ws/src/install/volumetric_msgs/lib/libvolumetric_msgs__rosidl_generator_c.so
[23.353s] -- Set runtime path of "/home/freesix/far_planner_ws/src/install/volumetric_msgs/lib/libvolumetric_msgs__rosidl_generator_c.so" to ""
[23.353s] -- Installing: /home/freesix/far_planner_ws/src/install/volumetric_msgs/lib/libvolumetric_msgs__rosidl_typesupport_fastrtps_c.so
[23.353s] -- Set runtime path of "/home/freesix/far_planner_ws/src/install/volumetric_msgs/lib/libvolumetric_msgs__rosidl_typesupport_fastrtps_c.so" to ""
[23.353s] -- Installing: /home/freesix/far_planner_ws/src/install/volumetric_msgs/lib/libvolumetric_msgs__rosidl_typesupport_fastrtps_cpp.so
[23.353s] -- Set runtime path of "/home/freesix/far_planner_ws/src/install/volumetric_msgs/lib/libvolumetric_msgs__rosidl_typesupport_fastrtps_cpp.so" to ""
[23.353s] -- Installing: /home/freesix/far_planner_ws/src/install/volumetric_msgs/lib/libvolumetric_msgs__rosidl_typesupport_introspection_c.so
[23.354s] -- Set runtime path of "/home/freesix/far_planner_ws/src/install/volumetric_msgs/lib/libvolumetric_msgs__rosidl_typesupport_introspection_c.so" to ""
[23.354s] -- Installing: /home/freesix/far_planner_ws/src/install/volumetric_msgs/lib/libvolumetric_msgs__rosidl_typesupport_c.so
[23.354s] -- Set runtime path of "/home/freesix/far_planner_ws/src/install/volumetric_msgs/lib/libvolumetric_msgs__rosidl_typesupport_c.so" to ""
[23.354s] -- Installing: /home/freesix/far_planner_ws/src/install/volumetric_msgs/lib/libvolumetric_msgs__rosidl_typesupport_introspection_cpp.so
[23.354s] -- Set runtime path of "/home/freesix/far_planner_ws/src/install/volumetric_msgs/lib/libvolumetric_msgs__rosidl_typesupport_introspection_cpp.so" to ""
[23.354s] -- Installing: /home/freesix/far_planner_ws/src/install/volumetric_msgs/lib/libvolumetric_msgs__rosidl_typesupport_cpp.so
[23.354s] -- Set runtime path of "/home/freesix/far_planner_ws/src/install/volumetric_msgs/lib/libvolumetric_msgs__rosidl_typesupport_cpp.so" to ""
[23.400s] Listing '/home/freesix/far_planner_ws/src/install/volumetric_msgs/local/lib/python3.10/dist-packages/volumetric_msgs'...
[23.400s] Compiling '/home/freesix/far_planner_ws/src/install/volumetric_msgs/local/lib/python3.10/dist-packages/volumetric_msgs/__init__.py'...
[23.401s] Listing '/home/freesix/far_planner_ws/src/install/volumetric_msgs/local/lib/python3.10/dist-packages/volumetric_msgs/srv'...
[23.401s] Compiling '/home/freesix/far_planner_ws/src/install/volumetric_msgs/local/lib/python3.10/dist-packages/volumetric_msgs/srv/__init__.py'...
[23.401s] Compiling '/home/freesix/far_planner_ws/src/install/volumetric_msgs/local/lib/python3.10/dist-packages/volumetric_msgs/srv/_load_map.py'...
[23.401s] Compiling '/home/freesix/far_planner_ws/src/install/volumetric_msgs/local/lib/python3.10/dist-packages/volumetric_msgs/srv/_save_map.py'...
[23.401s] Compiling '/home/freesix/far_planner_ws/src/install/volumetric_msgs/local/lib/python3.10/dist-packages/volumetric_msgs/srv/_set_box_occupancy.py'...
[23.401s] Compiling '/home/freesix/far_planner_ws/src/install/volumetric_msgs/local/lib/python3.10/dist-packages/volumetric_msgs/srv/_set_display_bounds.py'...
[23.410s] -- Installing: /home/freesix/far_planner_ws/src/install/volumetric_msgs/lib/libvolumetric_msgs__rosidl_generator_py.so
[23.411s] -- Set runtime path of "/home/freesix/far_planner_ws/src/install/volumetric_msgs/lib/libvolumetric_msgs__rosidl_generator_py.so" to ""
[23.412s] -- Installing: /home/freesix/far_planner_ws/src/install/volumetric_msgs/share/volumetric_msgs/cmake/export_volumetric_msgs__rosidl_generator_cExport.cmake
[23.412s] -- Installing: /home/freesix/far_planner_ws/src/install/volumetric_msgs/share/volumetric_msgs/cmake/export_volumetric_msgs__rosidl_generator_cExport-release.cmake
[23.412s] -- Installing: /home/freesix/far_planner_ws/src/install/volumetric_msgs/share/volumetric_msgs/cmake/export_volumetric_msgs__rosidl_typesupport_fastrtps_cExport.cmake
[23.412s] -- Installing: /home/freesix/far_planner_ws/src/install/volumetric_msgs/share/volumetric_msgs/cmake/export_volumetric_msgs__rosidl_typesupport_fastrtps_cExport-release.cmake
[23.412s] -- Installing: /home/freesix/far_planner_ws/src/install/volumetric_msgs/share/volumetric_msgs/cmake/export_volumetric_msgs__rosidl_generator_cppExport.cmake
[23.412s] -- Installing: /home/freesix/far_planner_ws/src/install/volumetric_msgs/share/volumetric_msgs/cmake/export_volumetric_msgs__rosidl_typesupport_fastrtps_cppExport.cmake
[23.412s] -- Installing: /home/freesix/far_planner_ws/src/install/volumetric_msgs/share/volumetric_msgs/cmake/export_volumetric_msgs__rosidl_typesupport_fastrtps_cppExport-release.cmake
[23.412s] -- Installing: /home/freesix/far_planner_ws/src/install/volumetric_msgs/share/volumetric_msgs/cmake/volumetric_msgs__rosidl_typesupport_introspection_cExport.cmake
[23.414s] -- Installing: /home/freesix/far_planner_ws/src/install/volumetric_msgs/share/volumetric_msgs/cmake/volumetric_msgs__rosidl_typesupport_introspection_cExport-release.cmake
[23.414s] -- Installing: /home/freesix/far_planner_ws/src/install/volumetric_msgs/share/volumetric_msgs/cmake/volumetric_msgs__rosidl_typesupport_cExport.cmake
[23.414s] -- Installing: /home/freesix/far_planner_ws/src/install/volumetric_msgs/share/volumetric_msgs/cmake/volumetric_msgs__rosidl_typesupport_cExport-release.cmake
[23.414s] -- Installing: /home/freesix/far_planner_ws/src/install/volumetric_msgs/share/volumetric_msgs/cmake/volumetric_msgs__rosidl_typesupport_introspection_cppExport.cmake
[23.414s] -- Installing: /home/freesix/far_planner_ws/src/install/volumetric_msgs/share/volumetric_msgs/cmake/volumetric_msgs__rosidl_typesupport_introspection_cppExport-release.cmake
[23.414s] -- Installing: /home/freesix/far_planner_ws/src/install/volumetric_msgs/share/volumetric_msgs/cmake/volumetric_msgs__rosidl_typesupport_cppExport.cmake
[23.414s] -- Installing: /home/freesix/far_planner_ws/src/install/volumetric_msgs/share/volumetric_msgs/cmake/volumetric_msgs__rosidl_typesupport_cppExport-release.cmake
[23.415s] -- Installing: /home/freesix/far_planner_ws/src/install/volumetric_msgs/share/volumetric_msgs/cmake/export_volumetric_msgs__rosidl_generator_pyExport.cmake
[23.415s] -- Installing: /home/freesix/far_planner_ws/src/install/volumetric_msgs/share/volumetric_msgs/cmake/export_volumetric_msgs__rosidl_generator_pyExport-release.cmake
[23.422s] Invoked command in '/home/freesix/far_planner_ws/src/build/volumetric_msgs' returned '0': CMAKE_PREFIX_PATH=/opt/ros/humble /usr/local/bin/cmake --install /home/freesix/far_planner_ws/src/build/volumetric_msgs
