[100%] Built target volumetric_map_base
-- Install configuration: "Release"
-- Up-to-date: /home/freesix/far_planner_ws/install/volumetric_map_base/include
-- Up-to-date: /home/freesix/far_planner_ws/install/volumetric_map_base/include/volumetric_map_base
-- Up-to-date: /home/freesix/far_planner_ws/install/volumetric_map_base/include/volumetric_map_base/world_base.h
-- Up-to-date: /home/freesix/far_planner_ws/install/volumetric_map_base/include/volumetric_map_base/point_weighing.h
-- Up-to-date: /home/freesix/far_planner_ws/install/volumetric_map_base/share/volumetric_map_base/environment/library_path.sh
-- Up-to-date: /home/freesix/far_planner_ws/install/volumetric_map_base/share/volumetric_map_base/environment/library_path.dsv
-- Up-to-date: /home/freesix/far_planner_ws/install/volumetric_map_base/lib/libvolumetric_map_base.so
-- Up-to-date: /home/freesix/far_planner_ws/install/volumetric_map_base/share/ament_index/resource_index/package_run_dependencies/volumetric_map_base
-- Up-to-date: /home/freesix/far_planner_ws/install/volumetric_map_base/share/ament_index/resource_index/parent_prefix_path/volumetric_map_base
-- Up-to-date: /home/freesix/far_planner_ws/install/volumetric_map_base/share/volumetric_map_base/environment/ament_prefix_path.sh
-- Up-to-date: /home/freesix/far_planner_ws/install/volumetric_map_base/share/volumetric_map_base/environment/ament_prefix_path.dsv
-- Up-to-date: /home/freesix/far_planner_ws/install/volumetric_map_base/share/volumetric_map_base/environment/path.sh
-- Up-to-date: /home/freesix/far_planner_ws/install/volumetric_map_base/share/volumetric_map_base/environment/path.dsv
-- Up-to-date: /home/freesix/far_planner_ws/install/volumetric_map_base/share/volumetric_map_base/local_setup.bash
-- Up-to-date: /home/freesix/far_planner_ws/install/volumetric_map_base/share/volumetric_map_base/local_setup.sh
-- Up-to-date: /home/freesix/far_planner_ws/install/volumetric_map_base/share/volumetric_map_base/local_setup.zsh
-- Up-to-date: /home/freesix/far_planner_ws/install/volumetric_map_base/share/volumetric_map_base/local_setup.dsv
-- Installing: /home/freesix/far_planner_ws/install/volumetric_map_base/share/volumetric_map_base/package.dsv
-- Up-to-date: /home/freesix/far_planner_ws/install/volumetric_map_base/share/ament_index/resource_index/packages/volumetric_map_base
-- Up-to-date: /home/freesix/far_planner_ws/install/volumetric_map_base/share/volumetric_map_base/cmake/ament_cmake_export_dependencies-extras.cmake
-- Up-to-date: /home/freesix/far_planner_ws/install/volumetric_map_base/share/volumetric_map_base/cmake/ament_cmake_export_include_directories-extras.cmake
-- Up-to-date: /home/freesix/far_planner_ws/install/volumetric_map_base/share/volumetric_map_base/cmake/ament_cmake_export_libraries-extras.cmake
-- Up-to-date: /home/freesix/far_planner_ws/install/volumetric_map_base/share/volumetric_map_base/cmake/volumetric_map_baseConfig.cmake
-- Up-to-date: /home/freesix/far_planner_ws/install/volumetric_map_base/share/volumetric_map_base/cmake/volumetric_map_baseConfig-version.cmake
-- Up-to-date: /home/freesix/far_planner_ws/install/volumetric_map_base/share/volumetric_map_base/package.xml
