[  1%] Built target graph_utils__cpp
[  1%] Built target ament_cmake_python_symlink_graph_utils
[ 11%] Built target graph_utils__rosidl_generator_c
[ 25%] Built target graph_utils__rosidl_typesupport_introspection_cpp
[ 44%] Built target graph_utils__rosidl_typesupport_cpp
[ 55%] Built target graph_utils__rosidl_typesupport_fastrtps_cpp
[ 57%] Built target graph_utils__rosidl_typesupport_c
[ 59%] Built target graph_utils__rosidl_typesupport_introspection_c
[ 69%] Built target graph_utils__rosidl_typesupport_fastrtps_c
[ 69%] Built target graph_utils
[ 73%] Built target graph_utils_lib
[ 78%] Built target graph_visualization
[ 80%] Built target graph_utils__py
[ 88%] Built target graph_utils__rosidl_generator_py
[ 94%] Built target graph_utils__rosidl_typesupport_c__pyext
[ 96%] Built target graph_utils__rosidl_typesupport_introspection_c__pyext
[100%] Built target graph_utils__rosidl_typesupport_fastrtps_c__pyext
running egg_info
writing graph_utils.egg-info/PKG-INFO
writing dependency_links to graph_utils.egg-info/dependency_links.txt
writing top-level names to graph_utils.egg-info/top_level.txt
reading manifest file 'graph_utils.egg-info/SOURCES.txt'
writing manifest file 'graph_utils.egg-info/SOURCES.txt'
[100%] Built target ament_cmake_python_build_graph_utils_egg
-- Install configuration: "Release"
-- Execute custom install script
-- Up-to-date symlink: /home/freesix/far_planner_ws/install/graph_utils/share/ament_index/resource_index/rosidl_interfaces/graph_utils
-- Up-to-date symlink: /home/freesix/far_planner_ws/install/graph_utils/include/graph_utils/graph_utils/msg/detail/edge__functions.h
-- Up-to-date symlink: /home/freesix/far_planner_ws/install/graph_utils/include/graph_utils/graph_utils/msg/detail/edge__struct.h
-- Up-to-date symlink: /home/freesix/far_planner_ws/install/graph_utils/include/graph_utils/graph_utils/msg/detail/edge__type_support.h
-- Up-to-date symlink: /home/freesix/far_planner_ws/install/graph_utils/include/graph_utils/graph_utils/msg/detail/topological_graph__functions.h
-- Up-to-date symlink: /home/freesix/far_planner_ws/install/graph_utils/include/graph_utils/graph_utils/msg/detail/topological_graph__struct.h
-- Up-to-date symlink: /home/freesix/far_planner_ws/install/graph_utils/include/graph_utils/graph_utils/msg/detail/topological_graph__type_support.h
-- Up-to-date symlink: /home/freesix/far_planner_ws/install/graph_utils/include/graph_utils/graph_utils/msg/detail/vertex__functions.h
-- Up-to-date symlink: /home/freesix/far_planner_ws/install/graph_utils/include/graph_utils/graph_utils/msg/detail/vertex__struct.h
-- Up-to-date symlink: /home/freesix/far_planner_ws/install/graph_utils/include/graph_utils/graph_utils/msg/detail/vertex__type_support.h
-- Up-to-date symlink: /home/freesix/far_planner_ws/install/graph_utils/include/graph_utils/graph_utils/msg/edge.h
-- Up-to-date symlink: /home/freesix/far_planner_ws/install/graph_utils/include/graph_utils/graph_utils/msg/rosidl_generator_c__visibility_control.h
-- Up-to-date symlink: /home/freesix/far_planner_ws/install/graph_utils/include/graph_utils/graph_utils/msg/topological_graph.h
-- Up-to-date symlink: /home/freesix/far_planner_ws/install/graph_utils/include/graph_utils/graph_utils/msg/vertex.h
-- Up-to-date symlink: /home/freesix/far_planner_ws/install/graph_utils/share/graph_utils/environment/library_path.sh
-- Up-to-date symlink: /home/freesix/far_planner_ws/install/graph_utils/share/graph_utils/environment/library_path.dsv
-- Up-to-date symlink: /home/freesix/far_planner_ws/install/graph_utils/include/graph_utils/graph_utils/msg/detail/edge__rosidl_typesupport_fastrtps_c.h
-- Up-to-date symlink: /home/freesix/far_planner_ws/install/graph_utils/include/graph_utils/graph_utils/msg/detail/topological_graph__rosidl_typesupport_fastrtps_c.h
-- Up-to-date symlink: /home/freesix/far_planner_ws/install/graph_utils/include/graph_utils/graph_utils/msg/detail/vertex__rosidl_typesupport_fastrtps_c.h
-- Up-to-date symlink: /home/freesix/far_planner_ws/install/graph_utils/include/graph_utils/graph_utils/msg/rosidl_typesupport_fastrtps_c__visibility_control.h
-- Up-to-date symlink: /home/freesix/far_planner_ws/install/graph_utils/include/graph_utils/graph_utils/msg/detail/edge__builder.hpp
-- Up-to-date symlink: /home/freesix/far_planner_ws/install/graph_utils/include/graph_utils/graph_utils/msg/detail/edge__struct.hpp
-- Up-to-date symlink: /home/freesix/far_planner_ws/install/graph_utils/include/graph_utils/graph_utils/msg/detail/edge__traits.hpp
-- Up-to-date symlink: /home/freesix/far_planner_ws/install/graph_utils/include/graph_utils/graph_utils/msg/detail/topological_graph__builder.hpp
-- Up-to-date symlink: /home/freesix/far_planner_ws/install/graph_utils/include/graph_utils/graph_utils/msg/detail/topological_graph__struct.hpp
-- Up-to-date symlink: /home/freesix/far_planner_ws/install/graph_utils/include/graph_utils/graph_utils/msg/detail/topological_graph__traits.hpp
-- Up-to-date symlink: /home/freesix/far_planner_ws/install/graph_utils/include/graph_utils/graph_utils/msg/detail/vertex__builder.hpp
-- Up-to-date symlink: /home/freesix/far_planner_ws/install/graph_utils/include/graph_utils/graph_utils/msg/detail/vertex__struct.hpp
-- Up-to-date symlink: /home/freesix/far_planner_ws/install/graph_utils/include/graph_utils/graph_utils/msg/detail/vertex__traits.hpp
-- Up-to-date symlink: /home/freesix/far_planner_ws/install/graph_utils/include/graph_utils/graph_utils/msg/edge.hpp
-- Up-to-date symlink: /home/freesix/far_planner_ws/install/graph_utils/include/graph_utils/graph_utils/msg/topological_graph.hpp
-- Up-to-date symlink: /home/freesix/far_planner_ws/install/graph_utils/include/graph_utils/graph_utils/msg/vertex.hpp
-- Up-to-date symlink: /home/freesix/far_planner_ws/install/graph_utils/include/graph_utils/graph_utils/msg/detail/edge__rosidl_typesupport_fastrtps_cpp.hpp
-- Up-to-date symlink: /home/freesix/far_planner_ws/install/graph_utils/include/graph_utils/graph_utils/msg/detail/topological_graph__rosidl_typesupport_fastrtps_cpp.hpp
-- Up-to-date symlink: /home/freesix/far_planner_ws/install/graph_utils/include/graph_utils/graph_utils/msg/detail/vertex__rosidl_typesupport_fastrtps_cpp.hpp
-- Up-to-date symlink: /home/freesix/far_planner_ws/install/graph_utils/include/graph_utils/graph_utils/msg/rosidl_typesupport_fastrtps_cpp__visibility_control.h
-- Up-to-date symlink: /home/freesix/far_planner_ws/install/graph_utils/include/graph_utils/graph_utils/msg/detail/edge__rosidl_typesupport_introspection_c.h
-- Up-to-date symlink: /home/freesix/far_planner_ws/install/graph_utils/include/graph_utils/graph_utils/msg/detail/topological_graph__rosidl_typesupport_introspection_c.h
-- Up-to-date symlink: /home/freesix/far_planner_ws/install/graph_utils/include/graph_utils/graph_utils/msg/detail/vertex__rosidl_typesupport_introspection_c.h
-- Up-to-date symlink: /home/freesix/far_planner_ws/install/graph_utils/include/graph_utils/graph_utils/msg/rosidl_typesupport_introspection_c__visibility_control.h
-- Up-to-date symlink: /home/freesix/far_planner_ws/install/graph_utils/include/graph_utils/graph_utils/msg/detail/edge__rosidl_typesupport_introspection_cpp.hpp
-- Up-to-date symlink: /home/freesix/far_planner_ws/install/graph_utils/include/graph_utils/graph_utils/msg/detail/topological_graph__rosidl_typesupport_introspection_cpp.hpp
-- Up-to-date symlink: /home/freesix/far_planner_ws/install/graph_utils/include/graph_utils/graph_utils/msg/detail/vertex__rosidl_typesupport_introspection_cpp.hpp
-- Up-to-date symlink: /home/freesix/far_planner_ws/install/graph_utils/share/graph_utils/environment/pythonpath.sh
-- Up-to-date symlink: /home/freesix/far_planner_ws/install/graph_utils/share/graph_utils/environment/pythonpath.dsv
-- Up-to-date symlink: /home/freesix/far_planner_ws/install/graph_utils/local/lib/python3.10/dist-packages/graph_utils-0.0.1-py3.10.egg-info/PKG-INFO
-- Up-to-date symlink: /home/freesix/far_planner_ws/install/graph_utils/local/lib/python3.10/dist-packages/graph_utils-0.0.1-py3.10.egg-info/SOURCES.txt
-- Up-to-date symlink: /home/freesix/far_planner_ws/install/graph_utils/local/lib/python3.10/dist-packages/graph_utils-0.0.1-py3.10.egg-info/dependency_links.txt
-- Up-to-date symlink: /home/freesix/far_planner_ws/install/graph_utils/local/lib/python3.10/dist-packages/graph_utils-0.0.1-py3.10.egg-info/top_level.txt
-- Up-to-date symlink: /home/freesix/far_planner_ws/install/graph_utils/local/lib/python3.10/dist-packages/graph_utils/__init__.py
-- Up-to-date symlink: /home/freesix/far_planner_ws/install/graph_utils/local/lib/python3.10/dist-packages/graph_utils/_graph_utils_s.ep.rosidl_typesupport_c.c
-- Up-to-date symlink: /home/freesix/far_planner_ws/install/graph_utils/local/lib/python3.10/dist-packages/graph_utils/_graph_utils_s.ep.rosidl_typesupport_fastrtps_c.c
-- Up-to-date symlink: /home/freesix/far_planner_ws/install/graph_utils/local/lib/python3.10/dist-packages/graph_utils/_graph_utils_s.ep.rosidl_typesupport_introspection_c.c
-- Up-to-date symlink: /home/freesix/far_planner_ws/install/graph_utils/local/lib/python3.10/dist-packages/graph_utils/graph_utils_s__rosidl_typesupport_c.cpython-310-x86_64-linux-gnu.so
-- Up-to-date symlink: /home/freesix/far_planner_ws/install/graph_utils/local/lib/python3.10/dist-packages/graph_utils/graph_utils_s__rosidl_typesupport_fastrtps_c.cpython-310-x86_64-linux-gnu.so
-- Up-to-date symlink: /home/freesix/far_planner_ws/install/graph_utils/local/lib/python3.10/dist-packages/graph_utils/graph_utils_s__rosidl_typesupport_introspection_c.cpython-310-x86_64-linux-gnu.so
-- Up-to-date symlink: /home/freesix/far_planner_ws/install/graph_utils/local/lib/python3.10/dist-packages/graph_utils/libgraph_utils__rosidl_generator_py.so
-- Up-to-date symlink: /home/freesix/far_planner_ws/install/graph_utils/local/lib/python3.10/dist-packages/graph_utils/msg/__init__.py
-- Up-to-date symlink: /home/freesix/far_planner_ws/install/graph_utils/local/lib/python3.10/dist-packages/graph_utils/msg/_edge.py
-- Up-to-date symlink: /home/freesix/far_planner_ws/install/graph_utils/local/lib/python3.10/dist-packages/graph_utils/msg/_edge_s.c
-- Up-to-date symlink: /home/freesix/far_planner_ws/install/graph_utils/local/lib/python3.10/dist-packages/graph_utils/msg/_topological_graph.py
-- Up-to-date symlink: /home/freesix/far_planner_ws/install/graph_utils/local/lib/python3.10/dist-packages/graph_utils/msg/_topological_graph_s.c
-- Up-to-date symlink: /home/freesix/far_planner_ws/install/graph_utils/local/lib/python3.10/dist-packages/graph_utils/msg/_vertex.py
-- Up-to-date symlink: /home/freesix/far_planner_ws/install/graph_utils/local/lib/python3.10/dist-packages/graph_utils/msg/_vertex_s.c
-- Up-to-date symlink: /home/freesix/far_planner_ws/install/graph_utils/local/lib/python3.10/dist-packages/graph_utils/graph_utils_s__rosidl_typesupport_fastrtps_c.cpython-310-x86_64-linux-gnu.so
-- Up-to-date symlink: /home/freesix/far_planner_ws/install/graph_utils/local/lib/python3.10/dist-packages/graph_utils/graph_utils_s__rosidl_typesupport_introspection_c.cpython-310-x86_64-linux-gnu.so
-- Up-to-date symlink: /home/freesix/far_planner_ws/install/graph_utils/local/lib/python3.10/dist-packages/graph_utils/graph_utils_s__rosidl_typesupport_c.cpython-310-x86_64-linux-gnu.so
-- Up-to-date symlink: /home/freesix/far_planner_ws/install/graph_utils/share/graph_utils/msg/Edge.idl
-- Up-to-date symlink: /home/freesix/far_planner_ws/install/graph_utils/share/graph_utils/msg/Vertex.idl
-- Up-to-date symlink: /home/freesix/far_planner_ws/install/graph_utils/share/graph_utils/msg/TopologicalGraph.idl
-- Up-to-date symlink: /home/freesix/far_planner_ws/install/graph_utils/share/graph_utils/msg/Edge.msg
-- Up-to-date symlink: /home/freesix/far_planner_ws/install/graph_utils/share/graph_utils/msg/Vertex.msg
-- Up-to-date symlink: /home/freesix/far_planner_ws/install/graph_utils/share/graph_utils/msg/TopologicalGraph.msg
-- Up-to-date symlink: /home/freesix/far_planner_ws/install/graph_utils/include/graph_utils.h
-- Up-to-date symlink: /home/freesix/far_planner_ws/install/graph_utils/include/graph_visualization.h
-- Up-to-date symlink: /home/freesix/far_planner_ws/install/graph_utils/share/graph_utils/launch/graph_visualization.launch
-- Up-to-date symlink: /home/freesix/far_planner_ws/install/graph_utils/share/graph_utils/config/default.yaml
-- Up-to-date symlink: /home/freesix/far_planner_ws/install/graph_utils/lib/graph_utils/graph_visualization
-- Up-to-date symlink: /home/freesix/far_planner_ws/install/graph_utils/share/ament_index/resource_index/package_run_dependencies/graph_utils
-- Up-to-date symlink: /home/freesix/far_planner_ws/install/graph_utils/share/ament_index/resource_index/parent_prefix_path/graph_utils
-- Up-to-date symlink: /home/freesix/far_planner_ws/install/graph_utils/share/graph_utils/environment/ament_prefix_path.sh
-- Up-to-date symlink: /home/freesix/far_planner_ws/install/graph_utils/share/graph_utils/environment/ament_prefix_path.dsv
-- Up-to-date symlink: /home/freesix/far_planner_ws/install/graph_utils/share/graph_utils/environment/path.sh
-- Up-to-date symlink: /home/freesix/far_planner_ws/install/graph_utils/share/graph_utils/environment/path.dsv
-- Up-to-date symlink: /home/freesix/far_planner_ws/install/graph_utils/share/graph_utils/local_setup.bash
-- Up-to-date symlink: /home/freesix/far_planner_ws/install/graph_utils/share/graph_utils/local_setup.sh
-- Up-to-date symlink: /home/freesix/far_planner_ws/install/graph_utils/share/graph_utils/local_setup.zsh
-- Up-to-date symlink: /home/freesix/far_planner_ws/install/graph_utils/share/graph_utils/local_setup.dsv
-- Symlinking: /home/freesix/far_planner_ws/install/graph_utils/share/graph_utils/package.dsv
-- Up-to-date symlink: /home/freesix/far_planner_ws/install/graph_utils/share/ament_index/resource_index/packages/graph_utils
-- Up-to-date symlink: /home/freesix/far_planner_ws/install/graph_utils/share/graph_utils/cmake/rosidl_cmake-extras.cmake
-- Up-to-date symlink: /home/freesix/far_planner_ws/install/graph_utils/share/graph_utils/cmake/ament_cmake_export_dependencies-extras.cmake
-- Up-to-date symlink: /home/freesix/far_planner_ws/install/graph_utils/share/graph_utils/cmake/ament_cmake_export_include_directories-extras.cmake
-- Up-to-date symlink: /home/freesix/far_planner_ws/install/graph_utils/share/graph_utils/cmake/ament_cmake_export_libraries-extras.cmake
-- Up-to-date symlink: /home/freesix/far_planner_ws/install/graph_utils/share/graph_utils/cmake/ament_cmake_export_targets-extras.cmake
-- Up-to-date symlink: /home/freesix/far_planner_ws/install/graph_utils/share/graph_utils/cmake/rosidl_cmake_export_typesupport_targets-extras.cmake
-- Up-to-date symlink: /home/freesix/far_planner_ws/install/graph_utils/share/graph_utils/cmake/rosidl_cmake_export_typesupport_libraries-extras.cmake
-- Up-to-date symlink: /home/freesix/far_planner_ws/install/graph_utils/share/graph_utils/cmake/graph_utilsConfig.cmake
-- Up-to-date symlink: /home/freesix/far_planner_ws/install/graph_utils/share/graph_utils/cmake/graph_utilsConfig-version.cmake
-- Up-to-date symlink: /home/freesix/far_planner_ws/install/graph_utils/share/graph_utils/package.xml
-- Up-to-date: /home/freesix/far_planner_ws/install/graph_utils/lib/libgraph_utils__rosidl_generator_c.so
-- Up-to-date: /home/freesix/far_planner_ws/install/graph_utils/lib/libgraph_utils__rosidl_typesupport_fastrtps_c.so
-- Up-to-date: /home/freesix/far_planner_ws/install/graph_utils/lib/libgraph_utils__rosidl_typesupport_fastrtps_cpp.so
-- Up-to-date: /home/freesix/far_planner_ws/install/graph_utils/lib/libgraph_utils__rosidl_typesupport_introspection_c.so
-- Up-to-date: /home/freesix/far_planner_ws/install/graph_utils/lib/libgraph_utils__rosidl_typesupport_c.so
-- Up-to-date: /home/freesix/far_planner_ws/install/graph_utils/lib/libgraph_utils__rosidl_typesupport_introspection_cpp.so
-- Up-to-date: /home/freesix/far_planner_ws/install/graph_utils/lib/libgraph_utils__rosidl_typesupport_cpp.so
Listing '/home/freesix/far_planner_ws/install/graph_utils/local/lib/python3.10/dist-packages/graph_utils'...
Listing '/home/freesix/far_planner_ws/install/graph_utils/local/lib/python3.10/dist-packages/graph_utils/msg'...
-- Up-to-date: /home/freesix/far_planner_ws/install/graph_utils/lib/libgraph_utils__rosidl_generator_py.so
-- Up-to-date: /home/freesix/far_planner_ws/install/graph_utils/lib/libgraph_utils_lib.so
-- Up-to-date: /home/freesix/far_planner_ws/install/graph_utils/share/graph_utils/cmake/export_graph_utils__rosidl_generator_cExport.cmake
-- Up-to-date: /home/freesix/far_planner_ws/install/graph_utils/share/graph_utils/cmake/export_graph_utils__rosidl_generator_cExport-release.cmake
-- Up-to-date: /home/freesix/far_planner_ws/install/graph_utils/share/graph_utils/cmake/export_graph_utils__rosidl_typesupport_fastrtps_cExport.cmake
-- Up-to-date: /home/freesix/far_planner_ws/install/graph_utils/share/graph_utils/cmake/export_graph_utils__rosidl_typesupport_fastrtps_cExport-release.cmake
-- Up-to-date: /home/freesix/far_planner_ws/install/graph_utils/share/graph_utils/cmake/export_graph_utils__rosidl_generator_cppExport.cmake
-- Up-to-date: /home/freesix/far_planner_ws/install/graph_utils/share/graph_utils/cmake/export_graph_utils__rosidl_typesupport_fastrtps_cppExport.cmake
-- Up-to-date: /home/freesix/far_planner_ws/install/graph_utils/share/graph_utils/cmake/export_graph_utils__rosidl_typesupport_fastrtps_cppExport-release.cmake
-- Up-to-date: /home/freesix/far_planner_ws/install/graph_utils/share/graph_utils/cmake/graph_utils__rosidl_typesupport_introspection_cExport.cmake
-- Up-to-date: /home/freesix/far_planner_ws/install/graph_utils/share/graph_utils/cmake/graph_utils__rosidl_typesupport_introspection_cExport-release.cmake
-- Up-to-date: /home/freesix/far_planner_ws/install/graph_utils/share/graph_utils/cmake/graph_utils__rosidl_typesupport_cExport.cmake
-- Up-to-date: /home/freesix/far_planner_ws/install/graph_utils/share/graph_utils/cmake/graph_utils__rosidl_typesupport_cExport-release.cmake
-- Up-to-date: /home/freesix/far_planner_ws/install/graph_utils/share/graph_utils/cmake/graph_utils__rosidl_typesupport_introspection_cppExport.cmake
-- Up-to-date: /home/freesix/far_planner_ws/install/graph_utils/share/graph_utils/cmake/graph_utils__rosidl_typesupport_introspection_cppExport-release.cmake
-- Up-to-date: /home/freesix/far_planner_ws/install/graph_utils/share/graph_utils/cmake/graph_utils__rosidl_typesupport_cppExport.cmake
-- Up-to-date: /home/freesix/far_planner_ws/install/graph_utils/share/graph_utils/cmake/graph_utils__rosidl_typesupport_cppExport-release.cmake
-- Up-to-date: /home/freesix/far_planner_ws/install/graph_utils/share/graph_utils/cmake/export_graph_utils__rosidl_generator_pyExport.cmake
-- Up-to-date: /home/freesix/far_planner_ws/install/graph_utils/share/graph_utils/cmake/export_graph_utils__rosidl_generator_pyExport-release.cmake
-- Up-to-date: /home/freesix/far_planner_ws/install/graph_utils/share/graph_utils/cmake/graph_utils_libExport.cmake
-- Up-to-date: /home/freesix/far_planner_ws/install/graph_utils/share/graph_utils/cmake/graph_utils_libExport-release.cmake
