[0.150s] Invoking command in '/home/freesix/far_planner_ws/build/graph_utils': AMENT_PREFIX_PATH=/home/freesix/far_planner_ws/install/misc_utils:${AMENT_PREFIX_PATH} CMAKE_PREFIX_PATH=/home/freesix/far_planner_ws/install/misc_utils:/opt/ros/humble LD_LIBRARY_PATH=/home/freesix/far_planner_ws/install/misc_utils/lib:${LD_LIBRARY_PATH} /usr/local/bin/cmake --build /home/freesix/far_planner_ws/build/graph_utils -- -j16 -l16
[0.200s] [  1%] Built target graph_utils__cpp
[0.200s] [  1%] Built target ament_cmake_python_symlink_graph_utils
[0.200s] [ 11%] Built target graph_utils__rosidl_generator_c
[0.201s] [ 25%] Built target graph_utils__rosidl_typesupport_introspection_cpp
[0.201s] [ 44%] Built target graph_utils__rosidl_typesupport_cpp
[0.201s] [ 55%] Built target graph_utils__rosidl_typesupport_fastrtps_cpp
[0.201s] [ 57%] Built target graph_utils__rosidl_typesupport_c
[0.201s] [ 59%] Built target graph_utils__rosidl_typesupport_introspection_c
[0.201s] [ 69%] Built target graph_utils__rosidl_typesupport_fastrtps_c
[0.204s] [ 69%] Built target graph_utils
[0.210s] [ 73%] Built target graph_utils_lib
[0.212s] [ 78%] Built target graph_visualization
[0.216s] [ 80%] Built target graph_utils__py
[0.234s] [ 88%] Built target graph_utils__rosidl_generator_py
[0.242s] [ 94%] Built target graph_utils__rosidl_typesupport_c__pyext
[0.242s] [ 96%] Built target graph_utils__rosidl_typesupport_introspection_c__pyext
[0.242s] [100%] Built target graph_utils__rosidl_typesupport_fastrtps_c__pyext
[0.337s] running egg_info
[0.337s] writing graph_utils.egg-info/PKG-INFO
[0.337s] writing dependency_links to graph_utils.egg-info/dependency_links.txt
[0.338s] writing top-level names to graph_utils.egg-info/top_level.txt
[0.338s] reading manifest file 'graph_utils.egg-info/SOURCES.txt'
[0.341s] writing manifest file 'graph_utils.egg-info/SOURCES.txt'
[0.356s] [100%] Built target ament_cmake_python_build_graph_utils_egg
[0.368s] Invoked command in '/home/freesix/far_planner_ws/build/graph_utils' returned '0': AMENT_PREFIX_PATH=/home/freesix/far_planner_ws/install/misc_utils:${AMENT_PREFIX_PATH} CMAKE_PREFIX_PATH=/home/freesix/far_planner_ws/install/misc_utils:/opt/ros/humble LD_LIBRARY_PATH=/home/freesix/far_planner_ws/install/misc_utils/lib:${LD_LIBRARY_PATH} /usr/local/bin/cmake --build /home/freesix/far_planner_ws/build/graph_utils -- -j16 -l16
[0.427s] Invoking command in '/home/freesix/far_planner_ws/build/graph_utils': AMENT_PREFIX_PATH=/home/freesix/far_planner_ws/install/misc_utils:${AMENT_PREFIX_PATH} CMAKE_PREFIX_PATH=/home/freesix/far_planner_ws/install/misc_utils:/opt/ros/humble LD_LIBRARY_PATH=/home/freesix/far_planner_ws/install/misc_utils/lib:${LD_LIBRARY_PATH} /usr/local/bin/cmake --install /home/freesix/far_planner_ws/build/graph_utils
[0.431s] -- Install configuration: "Release"
[0.431s] -- Execute custom install script
[0.433s] -- Up-to-date symlink: /home/freesix/far_planner_ws/install/graph_utils/share/ament_index/resource_index/rosidl_interfaces/graph_utils
[0.433s] -- Up-to-date symlink: /home/freesix/far_planner_ws/install/graph_utils/include/graph_utils/graph_utils/msg/detail/edge__functions.h
[0.433s] -- Up-to-date symlink: /home/freesix/far_planner_ws/install/graph_utils/include/graph_utils/graph_utils/msg/detail/edge__struct.h
[0.434s] -- Up-to-date symlink: /home/freesix/far_planner_ws/install/graph_utils/include/graph_utils/graph_utils/msg/detail/edge__type_support.h
[0.434s] -- Up-to-date symlink: /home/freesix/far_planner_ws/install/graph_utils/include/graph_utils/graph_utils/msg/detail/topological_graph__functions.h
[0.434s] -- Up-to-date symlink: /home/freesix/far_planner_ws/install/graph_utils/include/graph_utils/graph_utils/msg/detail/topological_graph__struct.h
[0.434s] -- Up-to-date symlink: /home/freesix/far_planner_ws/install/graph_utils/include/graph_utils/graph_utils/msg/detail/topological_graph__type_support.h
[0.435s] -- Up-to-date symlink: /home/freesix/far_planner_ws/install/graph_utils/include/graph_utils/graph_utils/msg/detail/vertex__functions.h
[0.435s] -- Up-to-date symlink: /home/freesix/far_planner_ws/install/graph_utils/include/graph_utils/graph_utils/msg/detail/vertex__struct.h
[0.435s] -- Up-to-date symlink: /home/freesix/far_planner_ws/install/graph_utils/include/graph_utils/graph_utils/msg/detail/vertex__type_support.h
[0.435s] -- Up-to-date symlink: /home/freesix/far_planner_ws/install/graph_utils/include/graph_utils/graph_utils/msg/edge.h
[0.436s] -- Up-to-date symlink: /home/freesix/far_planner_ws/install/graph_utils/include/graph_utils/graph_utils/msg/rosidl_generator_c__visibility_control.h
[0.436s] -- Up-to-date symlink: /home/freesix/far_planner_ws/install/graph_utils/include/graph_utils/graph_utils/msg/topological_graph.h
[0.436s] -- Up-to-date symlink: /home/freesix/far_planner_ws/install/graph_utils/include/graph_utils/graph_utils/msg/vertex.h
[0.436s] -- Up-to-date symlink: /home/freesix/far_planner_ws/install/graph_utils/share/graph_utils/environment/library_path.sh
[0.436s] -- Up-to-date symlink: /home/freesix/far_planner_ws/install/graph_utils/share/graph_utils/environment/library_path.dsv
[0.437s] -- Up-to-date symlink: /home/freesix/far_planner_ws/install/graph_utils/include/graph_utils/graph_utils/msg/detail/edge__rosidl_typesupport_fastrtps_c.h
[0.437s] -- Up-to-date symlink: /home/freesix/far_planner_ws/install/graph_utils/include/graph_utils/graph_utils/msg/detail/topological_graph__rosidl_typesupport_fastrtps_c.h
[0.437s] -- Up-to-date symlink: /home/freesix/far_planner_ws/install/graph_utils/include/graph_utils/graph_utils/msg/detail/vertex__rosidl_typesupport_fastrtps_c.h
[0.438s] -- Up-to-date symlink: /home/freesix/far_planner_ws/install/graph_utils/include/graph_utils/graph_utils/msg/rosidl_typesupport_fastrtps_c__visibility_control.h
[0.438s] -- Up-to-date symlink: /home/freesix/far_planner_ws/install/graph_utils/include/graph_utils/graph_utils/msg/detail/edge__builder.hpp
[0.438s] -- Up-to-date symlink: /home/freesix/far_planner_ws/install/graph_utils/include/graph_utils/graph_utils/msg/detail/edge__struct.hpp
[0.438s] -- Up-to-date symlink: /home/freesix/far_planner_ws/install/graph_utils/include/graph_utils/graph_utils/msg/detail/edge__traits.hpp
[0.438s] -- Up-to-date symlink: /home/freesix/far_planner_ws/install/graph_utils/include/graph_utils/graph_utils/msg/detail/topological_graph__builder.hpp
[0.438s] -- Up-to-date symlink: /home/freesix/far_planner_ws/install/graph_utils/include/graph_utils/graph_utils/msg/detail/topological_graph__struct.hpp
[0.438s] -- Up-to-date symlink: /home/freesix/far_planner_ws/install/graph_utils/include/graph_utils/graph_utils/msg/detail/topological_graph__traits.hpp
[0.439s] -- Up-to-date symlink: /home/freesix/far_planner_ws/install/graph_utils/include/graph_utils/graph_utils/msg/detail/vertex__builder.hpp
[0.439s] -- Up-to-date symlink: /home/freesix/far_planner_ws/install/graph_utils/include/graph_utils/graph_utils/msg/detail/vertex__struct.hpp
[0.439s] -- Up-to-date symlink: /home/freesix/far_planner_ws/install/graph_utils/include/graph_utils/graph_utils/msg/detail/vertex__traits.hpp
[0.439s] -- Up-to-date symlink: /home/freesix/far_planner_ws/install/graph_utils/include/graph_utils/graph_utils/msg/edge.hpp
[0.439s] -- Up-to-date symlink: /home/freesix/far_planner_ws/install/graph_utils/include/graph_utils/graph_utils/msg/topological_graph.hpp
[0.439s] -- Up-to-date symlink: /home/freesix/far_planner_ws/install/graph_utils/include/graph_utils/graph_utils/msg/vertex.hpp
[0.439s] -- Up-to-date symlink: /home/freesix/far_planner_ws/install/graph_utils/include/graph_utils/graph_utils/msg/detail/edge__rosidl_typesupport_fastrtps_cpp.hpp
[0.439s] -- Up-to-date symlink: /home/freesix/far_planner_ws/install/graph_utils/include/graph_utils/graph_utils/msg/detail/topological_graph__rosidl_typesupport_fastrtps_cpp.hpp
[0.440s] -- Up-to-date symlink: /home/freesix/far_planner_ws/install/graph_utils/include/graph_utils/graph_utils/msg/detail/vertex__rosidl_typesupport_fastrtps_cpp.hpp
[0.440s] -- Up-to-date symlink: /home/freesix/far_planner_ws/install/graph_utils/include/graph_utils/graph_utils/msg/rosidl_typesupport_fastrtps_cpp__visibility_control.h
[0.440s] -- Up-to-date symlink: /home/freesix/far_planner_ws/install/graph_utils/include/graph_utils/graph_utils/msg/detail/edge__rosidl_typesupport_introspection_c.h
[0.441s] -- Up-to-date symlink: /home/freesix/far_planner_ws/install/graph_utils/include/graph_utils/graph_utils/msg/detail/topological_graph__rosidl_typesupport_introspection_c.h
[0.441s] -- Up-to-date symlink: /home/freesix/far_planner_ws/install/graph_utils/include/graph_utils/graph_utils/msg/detail/vertex__rosidl_typesupport_introspection_c.h
[0.441s] -- Up-to-date symlink: /home/freesix/far_planner_ws/install/graph_utils/include/graph_utils/graph_utils/msg/rosidl_typesupport_introspection_c__visibility_control.h
[0.441s] -- Up-to-date symlink: /home/freesix/far_planner_ws/install/graph_utils/include/graph_utils/graph_utils/msg/detail/edge__rosidl_typesupport_introspection_cpp.hpp
[0.442s] -- Up-to-date symlink: /home/freesix/far_planner_ws/install/graph_utils/include/graph_utils/graph_utils/msg/detail/topological_graph__rosidl_typesupport_introspection_cpp.hpp
[0.442s] -- Up-to-date symlink: /home/freesix/far_planner_ws/install/graph_utils/include/graph_utils/graph_utils/msg/detail/vertex__rosidl_typesupport_introspection_cpp.hpp
[0.442s] -- Up-to-date symlink: /home/freesix/far_planner_ws/install/graph_utils/share/graph_utils/environment/pythonpath.sh
[0.442s] -- Up-to-date symlink: /home/freesix/far_planner_ws/install/graph_utils/share/graph_utils/environment/pythonpath.dsv
[0.442s] -- Up-to-date symlink: /home/freesix/far_planner_ws/install/graph_utils/local/lib/python3.10/dist-packages/graph_utils-0.0.1-py3.10.egg-info/PKG-INFO
[0.443s] -- Up-to-date symlink: /home/freesix/far_planner_ws/install/graph_utils/local/lib/python3.10/dist-packages/graph_utils-0.0.1-py3.10.egg-info/SOURCES.txt
[0.443s] -- Up-to-date symlink: /home/freesix/far_planner_ws/install/graph_utils/local/lib/python3.10/dist-packages/graph_utils-0.0.1-py3.10.egg-info/dependency_links.txt
[0.443s] -- Up-to-date symlink: /home/freesix/far_planner_ws/install/graph_utils/local/lib/python3.10/dist-packages/graph_utils-0.0.1-py3.10.egg-info/top_level.txt
[0.444s] -- Up-to-date symlink: /home/freesix/far_planner_ws/install/graph_utils/local/lib/python3.10/dist-packages/graph_utils/__init__.py
[0.444s] -- Up-to-date symlink: /home/freesix/far_planner_ws/install/graph_utils/local/lib/python3.10/dist-packages/graph_utils/_graph_utils_s.ep.rosidl_typesupport_c.c
[0.444s] -- Up-to-date symlink: /home/freesix/far_planner_ws/install/graph_utils/local/lib/python3.10/dist-packages/graph_utils/_graph_utils_s.ep.rosidl_typesupport_fastrtps_c.c
[0.445s] -- Up-to-date symlink: /home/freesix/far_planner_ws/install/graph_utils/local/lib/python3.10/dist-packages/graph_utils/_graph_utils_s.ep.rosidl_typesupport_introspection_c.c
[0.445s] -- Up-to-date symlink: /home/freesix/far_planner_ws/install/graph_utils/local/lib/python3.10/dist-packages/graph_utils/graph_utils_s__rosidl_typesupport_c.cpython-310-x86_64-linux-gnu.so
[0.445s] -- Up-to-date symlink: /home/freesix/far_planner_ws/install/graph_utils/local/lib/python3.10/dist-packages/graph_utils/graph_utils_s__rosidl_typesupport_fastrtps_c.cpython-310-x86_64-linux-gnu.so
[0.445s] -- Up-to-date symlink: /home/freesix/far_planner_ws/install/graph_utils/local/lib/python3.10/dist-packages/graph_utils/graph_utils_s__rosidl_typesupport_introspection_c.cpython-310-x86_64-linux-gnu.so
[0.445s] -- Up-to-date symlink: /home/freesix/far_planner_ws/install/graph_utils/local/lib/python3.10/dist-packages/graph_utils/libgraph_utils__rosidl_generator_py.so
[0.446s] -- Up-to-date symlink: /home/freesix/far_planner_ws/install/graph_utils/local/lib/python3.10/dist-packages/graph_utils/msg/__init__.py
[0.446s] -- Up-to-date symlink: /home/freesix/far_planner_ws/install/graph_utils/local/lib/python3.10/dist-packages/graph_utils/msg/_edge.py
[0.446s] -- Up-to-date symlink: /home/freesix/far_planner_ws/install/graph_utils/local/lib/python3.10/dist-packages/graph_utils/msg/_edge_s.c
[0.447s] -- Up-to-date symlink: /home/freesix/far_planner_ws/install/graph_utils/local/lib/python3.10/dist-packages/graph_utils/msg/_topological_graph.py
[0.447s] -- Up-to-date symlink: /home/freesix/far_planner_ws/install/graph_utils/local/lib/python3.10/dist-packages/graph_utils/msg/_topological_graph_s.c
[0.447s] -- Up-to-date symlink: /home/freesix/far_planner_ws/install/graph_utils/local/lib/python3.10/dist-packages/graph_utils/msg/_vertex.py
[0.447s] -- Up-to-date symlink: /home/freesix/far_planner_ws/install/graph_utils/local/lib/python3.10/dist-packages/graph_utils/msg/_vertex_s.c
[0.448s] -- Up-to-date symlink: /home/freesix/far_planner_ws/install/graph_utils/local/lib/python3.10/dist-packages/graph_utils/graph_utils_s__rosidl_typesupport_fastrtps_c.cpython-310-x86_64-linux-gnu.so
[0.448s] -- Up-to-date symlink: /home/freesix/far_planner_ws/install/graph_utils/local/lib/python3.10/dist-packages/graph_utils/graph_utils_s__rosidl_typesupport_introspection_c.cpython-310-x86_64-linux-gnu.so
[0.448s] -- Up-to-date symlink: /home/freesix/far_planner_ws/install/graph_utils/local/lib/python3.10/dist-packages/graph_utils/graph_utils_s__rosidl_typesupport_c.cpython-310-x86_64-linux-gnu.so
[0.449s] -- Up-to-date symlink: /home/freesix/far_planner_ws/install/graph_utils/share/graph_utils/msg/Edge.idl
[0.449s] -- Up-to-date symlink: /home/freesix/far_planner_ws/install/graph_utils/share/graph_utils/msg/Vertex.idl
[0.450s] -- Up-to-date symlink: /home/freesix/far_planner_ws/install/graph_utils/share/graph_utils/msg/TopologicalGraph.idl
[0.450s] -- Up-to-date symlink: /home/freesix/far_planner_ws/install/graph_utils/share/graph_utils/msg/Edge.msg
[0.450s] -- Up-to-date symlink: /home/freesix/far_planner_ws/install/graph_utils/share/graph_utils/msg/Vertex.msg
[0.450s] -- Up-to-date symlink: /home/freesix/far_planner_ws/install/graph_utils/share/graph_utils/msg/TopologicalGraph.msg
[0.451s] -- Up-to-date symlink: /home/freesix/far_planner_ws/install/graph_utils/include/graph_utils.h
[0.451s] -- Up-to-date symlink: /home/freesix/far_planner_ws/install/graph_utils/include/graph_visualization.h
[0.452s] -- Up-to-date symlink: /home/freesix/far_planner_ws/install/graph_utils/share/graph_utils/launch/graph_visualization.launch
[0.452s] -- Up-to-date symlink: /home/freesix/far_planner_ws/install/graph_utils/share/graph_utils/config/default.yaml
[0.453s] -- Up-to-date symlink: /home/freesix/far_planner_ws/install/graph_utils/lib/graph_utils/graph_visualization
[0.453s] -- Up-to-date symlink: /home/freesix/far_planner_ws/install/graph_utils/share/ament_index/resource_index/package_run_dependencies/graph_utils
[0.454s] -- Up-to-date symlink: /home/freesix/far_planner_ws/install/graph_utils/share/ament_index/resource_index/parent_prefix_path/graph_utils
[0.454s] -- Up-to-date symlink: /home/freesix/far_planner_ws/install/graph_utils/share/graph_utils/environment/ament_prefix_path.sh
[0.454s] -- Up-to-date symlink: /home/freesix/far_planner_ws/install/graph_utils/share/graph_utils/environment/ament_prefix_path.dsv
[0.454s] -- Up-to-date symlink: /home/freesix/far_planner_ws/install/graph_utils/share/graph_utils/environment/path.sh
[0.454s] -- Up-to-date symlink: /home/freesix/far_planner_ws/install/graph_utils/share/graph_utils/environment/path.dsv
[0.455s] -- Up-to-date symlink: /home/freesix/far_planner_ws/install/graph_utils/share/graph_utils/local_setup.bash
[0.455s] -- Up-to-date symlink: /home/freesix/far_planner_ws/install/graph_utils/share/graph_utils/local_setup.sh
[0.455s] -- Up-to-date symlink: /home/freesix/far_planner_ws/install/graph_utils/share/graph_utils/local_setup.zsh
[0.455s] -- Up-to-date symlink: /home/freesix/far_planner_ws/install/graph_utils/share/graph_utils/local_setup.dsv
[0.455s] -- Symlinking: /home/freesix/far_planner_ws/install/graph_utils/share/graph_utils/package.dsv
[0.460s] -- Up-to-date symlink: /home/freesix/far_planner_ws/install/graph_utils/share/ament_index/resource_index/packages/graph_utils
[0.460s] -- Up-to-date symlink: /home/freesix/far_planner_ws/install/graph_utils/share/graph_utils/cmake/rosidl_cmake-extras.cmake
[0.460s] -- Up-to-date symlink: /home/freesix/far_planner_ws/install/graph_utils/share/graph_utils/cmake/ament_cmake_export_dependencies-extras.cmake
[0.460s] -- Up-to-date symlink: /home/freesix/far_planner_ws/install/graph_utils/share/graph_utils/cmake/ament_cmake_export_include_directories-extras.cmake
[0.460s] -- Up-to-date symlink: /home/freesix/far_planner_ws/install/graph_utils/share/graph_utils/cmake/ament_cmake_export_libraries-extras.cmake
[0.460s] -- Up-to-date symlink: /home/freesix/far_planner_ws/install/graph_utils/share/graph_utils/cmake/ament_cmake_export_targets-extras.cmake
[0.460s] -- Up-to-date symlink: /home/freesix/far_planner_ws/install/graph_utils/share/graph_utils/cmake/rosidl_cmake_export_typesupport_targets-extras.cmake
[0.460s] -- Up-to-date symlink: /home/freesix/far_planner_ws/install/graph_utils/share/graph_utils/cmake/rosidl_cmake_export_typesupport_libraries-extras.cmake
[0.461s] -- Up-to-date symlink: /home/freesix/far_planner_ws/install/graph_utils/share/graph_utils/cmake/graph_utilsConfig.cmake
[0.461s] -- Up-to-date symlink: /home/freesix/far_planner_ws/install/graph_utils/share/graph_utils/cmake/graph_utilsConfig-version.cmake
[0.461s] -- Up-to-date symlink: /home/freesix/far_planner_ws/install/graph_utils/share/graph_utils/package.xml
[0.461s] -- Up-to-date: /home/freesix/far_planner_ws/install/graph_utils/lib/libgraph_utils__rosidl_generator_c.so
[0.461s] -- Up-to-date: /home/freesix/far_planner_ws/install/graph_utils/lib/libgraph_utils__rosidl_typesupport_fastrtps_c.so
[0.461s] -- Up-to-date: /home/freesix/far_planner_ws/install/graph_utils/lib/libgraph_utils__rosidl_typesupport_fastrtps_cpp.so
[0.461s] -- Up-to-date: /home/freesix/far_planner_ws/install/graph_utils/lib/libgraph_utils__rosidl_typesupport_introspection_c.so
[0.461s] -- Up-to-date: /home/freesix/far_planner_ws/install/graph_utils/lib/libgraph_utils__rosidl_typesupport_c.so
[0.461s] -- Up-to-date: /home/freesix/far_planner_ws/install/graph_utils/lib/libgraph_utils__rosidl_typesupport_introspection_cpp.so
[0.462s] -- Up-to-date: /home/freesix/far_planner_ws/install/graph_utils/lib/libgraph_utils__rosidl_typesupport_cpp.so
[0.488s] Listing '/home/freesix/far_planner_ws/install/graph_utils/local/lib/python3.10/dist-packages/graph_utils'...
[0.488s] Listing '/home/freesix/far_planner_ws/install/graph_utils/local/lib/python3.10/dist-packages/graph_utils/msg'...
[0.492s] -- Up-to-date: /home/freesix/far_planner_ws/install/graph_utils/lib/libgraph_utils__rosidl_generator_py.so
[0.492s] -- Up-to-date: /home/freesix/far_planner_ws/install/graph_utils/lib/libgraph_utils_lib.so
[0.494s] -- Up-to-date: /home/freesix/far_planner_ws/install/graph_utils/share/graph_utils/cmake/export_graph_utils__rosidl_generator_cExport.cmake
[0.494s] -- Up-to-date: /home/freesix/far_planner_ws/install/graph_utils/share/graph_utils/cmake/export_graph_utils__rosidl_generator_cExport-release.cmake
[0.494s] -- Up-to-date: /home/freesix/far_planner_ws/install/graph_utils/share/graph_utils/cmake/export_graph_utils__rosidl_typesupport_fastrtps_cExport.cmake
[0.494s] -- Up-to-date: /home/freesix/far_planner_ws/install/graph_utils/share/graph_utils/cmake/export_graph_utils__rosidl_typesupport_fastrtps_cExport-release.cmake
[0.495s] -- Up-to-date: /home/freesix/far_planner_ws/install/graph_utils/share/graph_utils/cmake/export_graph_utils__rosidl_generator_cppExport.cmake
[0.496s] -- Up-to-date: /home/freesix/far_planner_ws/install/graph_utils/share/graph_utils/cmake/export_graph_utils__rosidl_typesupport_fastrtps_cppExport.cmake
[0.496s] -- Up-to-date: /home/freesix/far_planner_ws/install/graph_utils/share/graph_utils/cmake/export_graph_utils__rosidl_typesupport_fastrtps_cppExport-release.cmake
[0.496s] -- Up-to-date: /home/freesix/far_planner_ws/install/graph_utils/share/graph_utils/cmake/graph_utils__rosidl_typesupport_introspection_cExport.cmake
[0.496s] -- Up-to-date: /home/freesix/far_planner_ws/install/graph_utils/share/graph_utils/cmake/graph_utils__rosidl_typesupport_introspection_cExport-release.cmake
[0.496s] -- Up-to-date: /home/freesix/far_planner_ws/install/graph_utils/share/graph_utils/cmake/graph_utils__rosidl_typesupport_cExport.cmake
[0.496s] -- Up-to-date: /home/freesix/far_planner_ws/install/graph_utils/share/graph_utils/cmake/graph_utils__rosidl_typesupport_cExport-release.cmake
[0.497s] -- Up-to-date: /home/freesix/far_planner_ws/install/graph_utils/share/graph_utils/cmake/graph_utils__rosidl_typesupport_introspection_cppExport.cmake
[0.497s] -- Up-to-date: /home/freesix/far_planner_ws/install/graph_utils/share/graph_utils/cmake/graph_utils__rosidl_typesupport_introspection_cppExport-release.cmake
[0.497s] -- Up-to-date: /home/freesix/far_planner_ws/install/graph_utils/share/graph_utils/cmake/graph_utils__rosidl_typesupport_cppExport.cmake
[0.497s] -- Up-to-date: /home/freesix/far_planner_ws/install/graph_utils/share/graph_utils/cmake/graph_utils__rosidl_typesupport_cppExport-release.cmake
[0.498s] -- Up-to-date: /home/freesix/far_planner_ws/install/graph_utils/share/graph_utils/cmake/export_graph_utils__rosidl_generator_pyExport.cmake
[0.498s] -- Up-to-date: /home/freesix/far_planner_ws/install/graph_utils/share/graph_utils/cmake/export_graph_utils__rosidl_generator_pyExport-release.cmake
[0.498s] -- Up-to-date: /home/freesix/far_planner_ws/install/graph_utils/share/graph_utils/cmake/graph_utils_libExport.cmake
[0.498s] -- Up-to-date: /home/freesix/far_planner_ws/install/graph_utils/share/graph_utils/cmake/graph_utils_libExport-release.cmake
[0.502s] Invoked command in '/home/freesix/far_planner_ws/build/graph_utils' returned '0': AMENT_PREFIX_PATH=/home/freesix/far_planner_ws/install/misc_utils:${AMENT_PREFIX_PATH} CMAKE_PREFIX_PATH=/home/freesix/far_planner_ws/install/misc_utils:/opt/ros/humble LD_LIBRARY_PATH=/home/freesix/far_planner_ws/install/misc_utils/lib:${LD_LIBRARY_PATH} /usr/local/bin/cmake --install /home/freesix/far_planner_ws/build/graph_utils
