[0.035s] Invoking command in '/home/freesix/far_planner_ws/build/waypoint_example': CMAKE_PREFIX_PATH=/opt/ros/humble /usr/local/bin/cmake /home/freesix/far_planner_ws/src/autonomous_exploration_development_environment/src/waypoint_example -DCMAKE_BUILD_TYPE=Release -DAMENT_CMAKE_SYMLINK_INSTALL=1 -DCMAKE_INSTALL_PREFIX=/home/freesix/far_planner_ws/install/waypoint_example
[0.049s] -- Found ament_cmake: 1.3.5 (/opt/ros/humble/share/ament_cmake/cmake)
[0.144s] -- Override CMake install command with custom implementation using symlinks instead of copying resources
[0.150s] -- Found rclcpp: 16.0.5 (/opt/ros/humble/share/rclcpp/cmake)
[0.263s] -- Found rosidl_generator_c: 3.1.5 (/opt/ros/humble/share/rosidl_generator_c/cmake)
[0.267s] -- Found rosidl_adapter: 3.1.5 (/opt/ros/humble/share/rosidl_adapter/cmake)
[0.273s] -- Found rosidl_generator_cpp: 3.1.5 (/opt/ros/humble/share/rosidl_generator_cpp/cmake)
[0.287s] -- Using all available rosidl_typesupport_c: rosidl_typesupport_fastrtps_c;rosidl_typesupport_introspection_c
[0.299s] -- Using all available rosidl_typesupport_cpp: rosidl_typesupport_fastrtps_cpp;rosidl_typesupport_introspection_cpp
[0.364s] -- Found rmw_implementation_cmake: 6.1.1 (/opt/ros/humble/share/rmw_implementation_cmake/cmake)
[0.365s] -- Found rmw_fastrtps_cpp: 6.2.3 (/opt/ros/humble/share/rmw_fastrtps_cpp/cmake)
[2.936s] -- Using RMW implementation 'rmw_fastrtps_cpp' as default
[3.076s] -- Found nav_msgs: 4.2.3 (/opt/ros/humble/share/nav_msgs/cmake)
[3.192s] -- Found sensor_msgs: 4.2.3 (/opt/ros/humble/share/sensor_msgs/cmake)
[3.276s] -- Found tf2_ros: 0.25.3 (/opt/ros/humble/share/tf2_ros/cmake)
[3.633s] -- Found tf2_geometry_msgs: 0.25.3 (/opt/ros/humble/share/tf2_geometry_msgs/cmake)
[3.638s] -- Found eigen3_cmake_module: 0.1.1 (/opt/ros/humble/share/eigen3_cmake_module/cmake)
[3.640s] -- Ensuring Eigen3 include directory is part of orocos-kdl CMake target
[3.652s] -- Found pcl_conversions: 2.4.0 (/opt/ros/humble/share/pcl_conversions/cmake)
[3.787s] -- Found pcl_ros: 2.4.0 (/opt/ros/humble/share/pcl_ros/cmake)
[3.950s] -- Checking for module 'eigen3'
[3.957s] --   Found eigen3, version 3.4.0
[3.974s] -- Found Eigen: /usr/include/eigen3 (Required is at least version "3.1") 
[3.974s] -- Eigen found (include: /usr/include/eigen3, version: 3.4.0)
[4.450s] -- Checking for module 'flann'
[4.458s] --   Found flann, version 1.9.1
[4.764s] -- Found FLANN: /usr/lib/x86_64-linux-gnu/libflann_cpp.so  
[4.764s] -- FLANN found (include: /usr/include, lib: /usr/lib/x86_64-linux-gnu/libflann_cpp.so)
[8.317s] -- Checking for module 'libusb-1.0'
[8.325s] --   Found libusb-1.0, version 1.0.25
[8.391s] -- Found libusb: /usr/lib/x86_64-linux-gnu/libusb-1.0.so  
[8.392s] -- OpenNI found (version: 1.5.4.0, include: /usr/include/ni, lib: /usr/lib/libOpenNI.so;libusb::libusb)
[8.525s] -- OpenNI2 found (version: 2.2.0.33, include: /usr/include/openni2, lib: /usr/lib/x86_64-linux-gnu/libOpenNI2.so;libusb::libusb)
[9.846s] -- Eigen found (include: /usr/include/eigen3, version: 3.4.0)
[9.851s] -- OpenNI found (version: 1.5.4.0, include: /usr/include/ni, lib: /usr/lib/libOpenNI.so;libusb::libusb)
[9.858s] -- OpenNI2 found (version: 2.2.0.33, include: /usr/include/openni2, lib: /usr/lib/x86_64-linux-gnu/libOpenNI2.so;libusb::libusb)
[11.071s] -- Found Qhull version 8.0.2
[12.312s] -- OpenNI found (version: 1.5.4.0, include: /usr/include/ni, lib: /usr/lib/libOpenNI.so;libusb::libusb)
[13.600s] -- Found PCL_COMMON: /usr/lib/x86_64-linux-gnu/libpcl_common.so  
[13.601s] -- Found PCL_KDTREE: /usr/lib/x86_64-linux-gnu/libpcl_kdtree.so  
[13.602s] -- Found PCL_OCTREE: /usr/lib/x86_64-linux-gnu/libpcl_octree.so  
[13.603s] -- Found PCL_SEARCH: /usr/lib/x86_64-linux-gnu/libpcl_search.so  
[13.605s] -- Found PCL_SAMPLE_CONSENSUS: /usr/lib/x86_64-linux-gnu/libpcl_sample_consensus.so  
[13.606s] -- Found PCL_FILTERS: /usr/lib/x86_64-linux-gnu/libpcl_filters.so  
[13.606s] -- Found PCL_2D: /usr/include/pcl-1.12  
[13.607s] -- Found PCL_GEOMETRY: /usr/include/pcl-1.12  
[13.608s] -- Found PCL_IO: /usr/lib/x86_64-linux-gnu/libpcl_io.so  
[13.610s] -- Found PCL_FEATURES: /usr/lib/x86_64-linux-gnu/libpcl_features.so  
[13.611s] -- Found PCL_ML: /usr/lib/x86_64-linux-gnu/libpcl_ml.so  
[13.612s] -- Found PCL_SEGMENTATION: /usr/lib/x86_64-linux-gnu/libpcl_segmentation.so  
[13.614s] -- Found PCL_VISUALIZATION: /usr/lib/x86_64-linux-gnu/libpcl_visualization.so  
[13.615s] -- Found PCL_SURFACE: /usr/lib/x86_64-linux-gnu/libpcl_surface.so  
[13.616s] -- Found PCL_REGISTRATION: /usr/lib/x86_64-linux-gnu/libpcl_registration.so  
[13.618s] -- Found PCL_KEYPOINTS: /usr/lib/x86_64-linux-gnu/libpcl_keypoints.so  
[13.619s] -- Found PCL_TRACKING: /usr/lib/x86_64-linux-gnu/libpcl_tracking.so  
[13.620s] -- Found PCL_RECOGNITION: /usr/lib/x86_64-linux-gnu/libpcl_recognition.so  
[13.622s] -- Found PCL_STEREO: /usr/lib/x86_64-linux-gnu/libpcl_stereo.so  
[13.623s] -- Found PCL_APPS: /usr/lib/x86_64-linux-gnu/libpcl_apps.so  
[13.624s] -- Found PCL_IN_HAND_SCANNER: /usr/include/pcl-1.12  
[13.625s] -- Found PCL_MODELER: /usr/include/pcl-1.12  
[13.625s] -- Found PCL_POINT_CLOUD_EDITOR: /usr/include/pcl-1.12  
[13.626s] -- Found PCL_OUTOFCORE: /usr/lib/x86_64-linux-gnu/libpcl_outofcore.so  
[13.627s] -- Found PCL_PEOPLE: /usr/lib/x86_64-linux-gnu/libpcl_people.so  
[13.693s] -- Found ament_lint_auto: 0.12.7 (/opt/ros/humble/share/ament_lint_auto/cmake)
[13.782s] -- Added test 'copyright' to check source files copyright and LICENSE
[13.783s] -- Added test 'cppcheck' to perform static code analysis on C / C++ code
[13.784s] -- Configured cppcheck include dirs: 
[13.784s] -- Configured cppcheck exclude dirs and/or files: 
[13.785s] -- Added test 'cpplint' to check C / C++ code against the Google style
[13.785s] -- Configured cpplint exclude dirs and/or files: 
[13.786s] -- Added test 'lint_cmake' to check CMake code style
[13.787s] -- Added test 'uncrustify' to check C / C++ code style
[13.787s] -- Configured uncrustify additional arguments: 
[13.788s] -- Added test 'xmllint' to check XML markup files
[13.790s] -- Configuring done (13.8s)
[13.836s] -- Generating done (0.0s)
[13.840s] -- Build files have been written to: /home/freesix/far_planner_ws/build/waypoint_example
[13.882s] Invoked command in '/home/freesix/far_planner_ws/build/waypoint_example' returned '0': CMAKE_PREFIX_PATH=/opt/ros/humble /usr/local/bin/cmake /home/freesix/far_planner_ws/src/autonomous_exploration_development_environment/src/waypoint_example -DCMAKE_BUILD_TYPE=Release -DAMENT_CMAKE_SYMLINK_INSTALL=1 -DCMAKE_INSTALL_PREFIX=/home/freesix/far_planner_ws/install/waypoint_example
[13.884s] Invoking command in '/home/freesix/far_planner_ws/build/waypoint_example': CMAKE_PREFIX_PATH=/opt/ros/humble /usr/local/bin/cmake --build /home/freesix/far_planner_ws/build/waypoint_example -- -j16 -l16
[13.917s] [ 50%] [32mBuilding CXX object CMakeFiles/waypointExample.dir/src/waypointExample.cpp.o[0m
[66.573s] [100%] [32m[1mLinking CXX executable waypointExample[0m
[67.142s] [100%] Built target waypointExample
[67.182s] Invoked command in '/home/freesix/far_planner_ws/build/waypoint_example' returned '0': CMAKE_PREFIX_PATH=/opt/ros/humble /usr/local/bin/cmake --build /home/freesix/far_planner_ws/build/waypoint_example -- -j16 -l16
[67.204s] Invoking command in '/home/freesix/far_planner_ws/build/waypoint_example': CMAKE_PREFIX_PATH=/opt/ros/humble /usr/local/bin/cmake --install /home/freesix/far_planner_ws/build/waypoint_example
[67.210s] -- Install configuration: "Release"
[67.211s] -- Execute custom install script
[67.213s] -- Symlinking: /home/freesix/far_planner_ws/install/waypoint_example/lib/waypoint_example/waypointExample
[67.219s] -- Symlinking: /home/freesix/far_planner_ws/install/waypoint_example/share/waypoint_example/launch/waypoint_example_garage.launch
[67.223s] -- Symlinking: /home/freesix/far_planner_ws/install/waypoint_example/share/waypoint_example/data/boundary_garage.ply
[67.226s] -- Symlinking: /home/freesix/far_planner_ws/install/waypoint_example/share/waypoint_example/data/waypoints_garage.ply
[67.231s] -- Symlinking: /home/freesix/far_planner_ws/install/waypoint_example/share/ament_index/resource_index/package_run_dependencies/waypoint_example
[67.235s] -- Symlinking: /home/freesix/far_planner_ws/install/waypoint_example/share/ament_index/resource_index/parent_prefix_path/waypoint_example
[67.241s] -- Symlinking: /home/freesix/far_planner_ws/install/waypoint_example/share/waypoint_example/environment/ament_prefix_path.sh
[67.245s] -- Symlinking: /home/freesix/far_planner_ws/install/waypoint_example/share/waypoint_example/environment/ament_prefix_path.dsv
[67.248s] -- Symlinking: /home/freesix/far_planner_ws/install/waypoint_example/share/waypoint_example/environment/path.sh
[67.252s] -- Symlinking: /home/freesix/far_planner_ws/install/waypoint_example/share/waypoint_example/environment/path.dsv
[67.256s] -- Symlinking: /home/freesix/far_planner_ws/install/waypoint_example/share/waypoint_example/local_setup.bash
[67.260s] -- Symlinking: /home/freesix/far_planner_ws/install/waypoint_example/share/waypoint_example/local_setup.sh
[67.264s] -- Symlinking: /home/freesix/far_planner_ws/install/waypoint_example/share/waypoint_example/local_setup.zsh
[67.267s] -- Symlinking: /home/freesix/far_planner_ws/install/waypoint_example/share/waypoint_example/local_setup.dsv
[67.270s] -- Symlinking: /home/freesix/far_planner_ws/install/waypoint_example/share/waypoint_example/package.dsv
[67.274s] -- Symlinking: /home/freesix/far_planner_ws/install/waypoint_example/share/ament_index/resource_index/packages/waypoint_example
[67.277s] -- Symlinking: /home/freesix/far_planner_ws/install/waypoint_example/share/waypoint_example/cmake/waypoint_exampleConfig.cmake
[67.281s] -- Symlinking: /home/freesix/far_planner_ws/install/waypoint_example/share/waypoint_example/cmake/waypoint_exampleConfig-version.cmake
[67.284s] -- Symlinking: /home/freesix/far_planner_ws/install/waypoint_example/share/waypoint_example/package.xml
[67.292s] Invoked command in '/home/freesix/far_planner_ws/build/waypoint_example' returned '0': CMAKE_PREFIX_PATH=/opt/ros/humble /usr/local/bin/cmake --install /home/freesix/far_planner_ws/build/waypoint_example
