[0.042s] Invoking command in '/home/freesix/far_planner_ws/build/terrain_analysis_ext': CMAKE_PREFIX_PATH=/opt/ros/humble /usr/local/bin/cmake --build /home/freesix/far_planner_ws/build/terrain_analysis_ext -- -j16 -l16
[0.084s] [100%] Built target terrainAnalysisExt
[0.091s] Invoked command in '/home/freesix/far_planner_ws/build/terrain_analysis_ext' returned '0': CMAKE_PREFIX_PATH=/opt/ros/humble /usr/local/bin/cmake --build /home/freesix/far_planner_ws/build/terrain_analysis_ext -- -j16 -l16
[0.153s] Invoking command in '/home/freesix/far_planner_ws/build/terrain_analysis_ext': CMAKE_PREFIX_PATH=/opt/ros/humble /usr/local/bin/cmake --install /home/freesix/far_planner_ws/build/terrain_analysis_ext
[0.166s] -- Install configuration: "Release"
[0.166s] -- Execute custom install script
[0.166s] -- Up-to-date symlink: /home/freesix/far_planner_ws/install/terrain_analysis_ext/lib/terrain_analysis_ext/terrainAnalysisExt
[0.166s] -- Up-to-date symlink: /home/freesix/far_planner_ws/install/terrain_analysis_ext/share/terrain_analysis_ext/launch/terrain_analysis_ext.launch
[0.166s] -- Up-to-date symlink: /home/freesix/far_planner_ws/install/terrain_analysis_ext/share/ament_index/resource_index/package_run_dependencies/terrain_analysis_ext
[0.167s] -- Up-to-date symlink: /home/freesix/far_planner_ws/install/terrain_analysis_ext/share/ament_index/resource_index/parent_prefix_path/terrain_analysis_ext
[0.167s] -- Up-to-date symlink: /home/freesix/far_planner_ws/install/terrain_analysis_ext/share/terrain_analysis_ext/environment/ament_prefix_path.sh
[0.167s] -- Up-to-date symlink: /home/freesix/far_planner_ws/install/terrain_analysis_ext/share/terrain_analysis_ext/environment/ament_prefix_path.dsv
[0.167s] -- Up-to-date symlink: /home/freesix/far_planner_ws/install/terrain_analysis_ext/share/terrain_analysis_ext/environment/path.sh
[0.167s] -- Up-to-date symlink: /home/freesix/far_planner_ws/install/terrain_analysis_ext/share/terrain_analysis_ext/environment/path.dsv
[0.167s] -- Up-to-date symlink: /home/freesix/far_planner_ws/install/terrain_analysis_ext/share/terrain_analysis_ext/local_setup.bash
[0.167s] -- Up-to-date symlink: /home/freesix/far_planner_ws/install/terrain_analysis_ext/share/terrain_analysis_ext/local_setup.sh
[0.167s] -- Up-to-date symlink: /home/freesix/far_planner_ws/install/terrain_analysis_ext/share/terrain_analysis_ext/local_setup.zsh
[0.167s] -- Up-to-date symlink: /home/freesix/far_planner_ws/install/terrain_analysis_ext/share/terrain_analysis_ext/local_setup.dsv
[0.167s] -- Symlinking: /home/freesix/far_planner_ws/install/terrain_analysis_ext/share/terrain_analysis_ext/package.dsv
[0.168s] -- Up-to-date symlink: /home/freesix/far_planner_ws/install/terrain_analysis_ext/share/ament_index/resource_index/packages/terrain_analysis_ext
[0.168s] -- Up-to-date symlink: /home/freesix/far_planner_ws/install/terrain_analysis_ext/share/terrain_analysis_ext/cmake/terrain_analysis_extConfig.cmake
[0.168s] -- Up-to-date symlink: /home/freesix/far_planner_ws/install/terrain_analysis_ext/share/terrain_analysis_ext/cmake/terrain_analysis_extConfig-version.cmake
[0.168s] -- Up-to-date symlink: /home/freesix/far_planner_ws/install/terrain_analysis_ext/share/terrain_analysis_ext/package.xml
[0.207s] Invoked command in '/home/freesix/far_planner_ws/build/terrain_analysis_ext' returned '0': CMAKE_PREFIX_PATH=/opt/ros/humble /usr/local/bin/cmake --install /home/freesix/far_planner_ws/build/terrain_analysis_ext
