[0.047s] Invoking command in '/home/freesix/far_planner_ws/build/joy': CMAKE_PREFIX_PATH=/opt/ros/humble /usr/local/bin/cmake --build /home/freesix/far_planner_ws/build/joy -- -j16 -l16
[0.086s] [ 33%] Built target joy_enumerate_devices
[0.086s] [ 66%] Built target joy_node
[0.086s] [100%] Built target joy
[0.092s] Invoked command in '/home/freesix/far_planner_ws/build/joy' returned '0': CMAKE_PREFIX_PATH=/opt/ros/humble /usr/local/bin/cmake --build /home/freesix/far_planner_ws/build/joy -- -j16 -l16
[0.125s] Invoking command in '/home/freesix/far_planner_ws/build/joy': CMAKE_PREFIX_PATH=/opt/ros/humble /usr/local/bin/cmake --install /home/freesix/far_planner_ws/build/joy
[0.133s] -- Install configuration: "Release"
[0.133s] -- Execute custom install script
[0.133s] -- Up-to-date symlink: /home/freesix/far_planner_ws/install/joy/lib/joy/joy_node
[0.133s] -- Up-to-date symlink: /home/freesix/far_planner_ws/install/joy/lib/joy/joy_enumerate_devices
[0.133s] -- Up-to-date symlink: /home/freesix/far_planner_ws/install/joy/include/joy/joy/joy.hpp
[0.133s] -- Up-to-date symlink: /home/freesix/far_planner_ws/install/joy/share/joy/config/joy-params.yaml
[0.134s] -- Up-to-date symlink: /home/freesix/far_planner_ws/install/joy/share/joy/launch/joy-composed-launch.py
[0.134s] -- Up-to-date symlink: /home/freesix/far_planner_ws/install/joy/share/joy/launch/joy-launch.py
[0.134s] -- Up-to-date symlink: /home/freesix/far_planner_ws/install/joy/share/ament_index/resource_index/package_run_dependencies/joy
[0.135s] -- Up-to-date symlink: /home/freesix/far_planner_ws/install/joy/share/ament_index/resource_index/parent_prefix_path/joy
[0.136s] -- Up-to-date symlink: /home/freesix/far_planner_ws/install/joy/share/joy/environment/ament_prefix_path.sh
[0.136s] -- Up-to-date symlink: /home/freesix/far_planner_ws/install/joy/share/joy/environment/ament_prefix_path.dsv
[0.136s] -- Up-to-date symlink: /home/freesix/far_planner_ws/install/joy/share/joy/environment/path.sh
[0.137s] -- Up-to-date symlink: /home/freesix/far_planner_ws/install/joy/share/joy/environment/path.dsv
[0.137s] -- Up-to-date symlink: /home/freesix/far_planner_ws/install/joy/share/joy/local_setup.bash
[0.137s] -- Up-to-date symlink: /home/freesix/far_planner_ws/install/joy/share/joy/local_setup.sh
[0.137s] -- Up-to-date symlink: /home/freesix/far_planner_ws/install/joy/share/joy/local_setup.zsh
[0.137s] -- Up-to-date symlink: /home/freesix/far_planner_ws/install/joy/share/joy/local_setup.dsv
[0.137s] -- Symlinking: /home/freesix/far_planner_ws/install/joy/share/joy/package.dsv
[0.141s] -- Up-to-date symlink: /home/freesix/far_planner_ws/install/joy/share/ament_index/resource_index/packages/joy
[0.144s] -- Up-to-date symlink: /home/freesix/far_planner_ws/install/joy/share/ament_index/resource_index/rclcpp_components/joy
[0.144s] -- Up-to-date symlink: /home/freesix/far_planner_ws/install/joy/share/joy/cmake/ament_cmake_export_targets-extras.cmake
[0.145s] -- Up-to-date symlink: /home/freesix/far_planner_ws/install/joy/share/joy/cmake/ament_cmake_export_dependencies-extras.cmake
[0.145s] -- Up-to-date symlink: /home/freesix/far_planner_ws/install/joy/share/joy/cmake/joyConfig.cmake
[0.145s] -- Up-to-date symlink: /home/freesix/far_planner_ws/install/joy/share/joy/cmake/joyConfig-version.cmake
[0.145s] -- Up-to-date symlink: /home/freesix/far_planner_ws/install/joy/share/joy/package.xml
[0.145s] -- Up-to-date: /home/freesix/far_planner_ws/install/joy/lib/libjoy.so
[0.148s] -- Up-to-date: /home/freesix/far_planner_ws/install/joy/share/joy/cmake/export_joyExport.cmake
[0.148s] -- Up-to-date: /home/freesix/far_planner_ws/install/joy/share/joy/cmake/export_joyExport-release.cmake
[0.197s] Invoked command in '/home/freesix/far_planner_ws/build/joy' returned '0': CMAKE_PREFIX_PATH=/opt/ros/humble /usr/local/bin/cmake --install /home/freesix/far_planner_ws/build/joy
