[0.039s] Invoking command in '/home/freesix/far_planner_ws/build/loam_interface': CMAKE_PREFIX_PATH=/opt/ros/humble /usr/local/bin/cmake /home/freesix/far_planner_ws/src/autonomous_exploration_development_environment/src/loam_interface -DCMAKE_BUILD_TYPE=Release -DAMENT_CMAKE_SYMLINK_INSTALL=1 -DCMAKE_INSTALL_PREFIX=/home/freesix/far_planner_ws/install/loam_interface
[0.202s] -- The C compiler identification is GNU 11.4.0
[0.405s] -- The CXX compiler identification is GNU 11.4.0
[0.520s] -- Detecting C compiler ABI info
[0.615s] -- Detecting C compiler ABI info - done
[0.622s] -- Check for working C compiler: /usr/bin/cc - skipped
[0.622s] -- Detecting C compile features
[0.624s] -- Detecting C compile features - done
[0.628s] -- Detecting CXX compiler ABI info
[0.774s] -- Detecting CXX compiler ABI info - done
[0.783s] -- Check for working CXX compiler: /usr/bin/c++ - skipped
[0.784s] -- Detecting CXX compile features
[0.784s] -- Detecting CXX compile features - done
[0.786s] -- Found ament_cmake: 1.3.5 (/opt/ros/humble/share/ament_cmake/cmake)
[1.990s] -- Found Python3: /usr/bin/python3.10 (found version "3.10.12") found components: Interpreter 
[2.080s] -- Override CMake install command with custom implementation using symlinks instead of copying resources
[2.098s] -- Found rclcpp: 16.0.5 (/opt/ros/humble/share/rclcpp/cmake)
[2.221s] -- Found rosidl_generator_c: 3.1.5 (/opt/ros/humble/share/rosidl_generator_c/cmake)
[2.226s] -- Found rosidl_adapter: 3.1.5 (/opt/ros/humble/share/rosidl_adapter/cmake)
[2.235s] -- Found rosidl_generator_cpp: 3.1.5 (/opt/ros/humble/share/rosidl_generator_cpp/cmake)
[2.250s] -- Using all available rosidl_typesupport_c: rosidl_typesupport_fastrtps_c;rosidl_typesupport_introspection_c
[2.270s] -- Using all available rosidl_typesupport_cpp: rosidl_typesupport_fastrtps_cpp;rosidl_typesupport_introspection_cpp
[2.348s] -- Found rmw_implementation_cmake: 6.1.1 (/opt/ros/humble/share/rmw_implementation_cmake/cmake)
[2.352s] -- Found rmw_fastrtps_cpp: 6.2.3 (/opt/ros/humble/share/rmw_fastrtps_cpp/cmake)
[2.957s] -- Found OpenSSL: /usr/lib/x86_64-linux-gnu/libcrypto.so (found version "3.0.2")  
[3.672s] -- Found FastRTPS: /opt/ros/humble/include  
[4.847s] -- Using RMW implementation 'rmw_fastrtps_cpp' as default
[4.857s] -- Performing Test CMAKE_HAVE_LIBC_PTHREAD
[4.968s] -- Performing Test CMAKE_HAVE_LIBC_PTHREAD - Success
[4.969s] -- Found Threads: TRUE  
[5.158s] -- Found nav_msgs: 4.2.3 (/opt/ros/humble/share/nav_msgs/cmake)
[5.297s] -- Found sensor_msgs: 4.2.3 (/opt/ros/humble/share/sensor_msgs/cmake)
[5.386s] -- Found tf2_ros: 0.25.3 (/opt/ros/humble/share/tf2_ros/cmake)
[5.795s] -- Found tf2_geometry_msgs: 0.25.3 (/opt/ros/humble/share/tf2_geometry_msgs/cmake)
[5.827s] -- Found eigen3_cmake_module: 0.1.1 (/opt/ros/humble/share/eigen3_cmake_module/cmake)
[5.829s] -- Found Eigen3: TRUE (found version "3.4.0") 
[5.829s] -- Ensuring Eigen3 include directory is part of orocos-kdl CMake target
[5.836s] -- Found pcl_conversions: 2.4.0 (/opt/ros/humble/share/pcl_conversions/cmake)
[6.344s] [31mCMake Error at CMakeLists.txt:29 (find_package):
[6.344s]   By not providing "Findpcl_ros.cmake" in CMAKE_MODULE_PATH this project has
[6.344s]   asked CMake to find a package configuration file provided by "pcl_ros", but
[6.344s]   CMake did not find one.
[6.344s] 
[6.344s]   Could not find a package configuration file provided by "pcl_ros" with any
[6.345s]   of the following names:
[6.345s] 
[6.345s]     pcl_rosConfig.cmake
[6.345s]     pcl_ros-config.cmake
[6.345s] 
[6.345s]   Add the installation prefix of "pcl_ros" to CMAKE_PREFIX_PATH or set
[6.345s]   "pcl_ros_DIR" to a directory containing one of the above files.  If
[6.346s]   "pcl_ros" provides a separate development package or SDK, be sure it has
[6.346s]   been installed.
[6.346s] 
[6.346s] [0m
[6.348s] -- Configuring incomplete, errors occurred!
[6.359s] Invoked command in '/home/freesix/far_planner_ws/build/loam_interface' returned '1': CMAKE_PREFIX_PATH=/opt/ros/humble /usr/local/bin/cmake /home/freesix/far_planner_ws/src/autonomous_exploration_development_environment/src/loam_interface -DCMAKE_BUILD_TYPE=Release -DAMENT_CMAKE_SYMLINK_INSTALL=1 -DCMAKE_INSTALL_PREFIX=/home/freesix/far_planner_ws/install/loam_interface
