[0.108s] Invoking command in '/home/freesix/far_planner_ws/build/velodyne_simulator': AMENT_PREFIX_PATH=/home/freesix/far_planner_ws/install/velodyne_gazebo_plugins:/home/freesix/far_planner_ws/install/velodyne_description:${AMENT_PREFIX_PATH} CMAKE_PREFIX_PATH=/home/freesix/far_planner_ws/install/velodyne_gazebo_plugins:/home/freesix/far_planner_ws/install/velodyne_description:/opt/ros/humble LD_LIBRARY_PATH=/home/freesix/far_planner_ws/install/velodyne_gazebo_plugins/lib:${LD_LIBRARY_PATH} /usr/local/bin/cmake --build /home/freesix/far_planner_ws/build/velodyne_simulator -- -j16 -l16
[0.121s] Invoked command in '/home/freesix/far_planner_ws/build/velodyne_simulator' returned '0': AMENT_PREFIX_PATH=/home/freesix/far_planner_ws/install/velodyne_gazebo_plugins:/home/freesix/far_planner_ws/install/velodyne_description:${AMENT_PREFIX_PATH} CMAKE_PREFIX_PATH=/home/freesix/far_planner_ws/install/velodyne_gazebo_plugins:/home/freesix/far_planner_ws/install/velodyne_description:/opt/ros/humble LD_LIBRARY_PATH=/home/freesix/far_planner_ws/install/velodyne_gazebo_plugins/lib:${LD_LIBRARY_PATH} /usr/local/bin/cmake --build /home/freesix/far_planner_ws/build/velodyne_simulator -- -j16 -l16
[0.132s] Invoking command in '/home/freesix/far_planner_ws/build/velodyne_simulator': AMENT_PREFIX_PATH=/home/freesix/far_planner_ws/install/velodyne_gazebo_plugins:/home/freesix/far_planner_ws/install/velodyne_description:${AMENT_PREFIX_PATH} CMAKE_PREFIX_PATH=/home/freesix/far_planner_ws/install/velodyne_gazebo_plugins:/home/freesix/far_planner_ws/install/velodyne_description:/opt/ros/humble LD_LIBRARY_PATH=/home/freesix/far_planner_ws/install/velodyne_gazebo_plugins/lib:${LD_LIBRARY_PATH} /usr/local/bin/cmake --install /home/freesix/far_planner_ws/build/velodyne_simulator
[0.135s] -- Install configuration: "Release"
[0.135s] -- Execute custom install script
[0.136s] -- Up-to-date symlink: /home/freesix/far_planner_ws/install/velodyne_simulator/share/ament_index/resource_index/package_run_dependencies/velodyne_simulator
[0.137s] -- Up-to-date symlink: /home/freesix/far_planner_ws/install/velodyne_simulator/share/ament_index/resource_index/parent_prefix_path/velodyne_simulator
[0.138s] -- Up-to-date symlink: /home/freesix/far_planner_ws/install/velodyne_simulator/share/velodyne_simulator/environment/ament_prefix_path.sh
[0.139s] -- Up-to-date symlink: /home/freesix/far_planner_ws/install/velodyne_simulator/share/velodyne_simulator/environment/ament_prefix_path.dsv
[0.139s] -- Up-to-date symlink: /home/freesix/far_planner_ws/install/velodyne_simulator/share/velodyne_simulator/environment/path.sh
[0.139s] -- Up-to-date symlink: /home/freesix/far_planner_ws/install/velodyne_simulator/share/velodyne_simulator/environment/path.dsv
[0.139s] -- Up-to-date symlink: /home/freesix/far_planner_ws/install/velodyne_simulator/share/velodyne_simulator/local_setup.bash
[0.140s] -- Up-to-date symlink: /home/freesix/far_planner_ws/install/velodyne_simulator/share/velodyne_simulator/local_setup.sh
[0.140s] -- Up-to-date symlink: /home/freesix/far_planner_ws/install/velodyne_simulator/share/velodyne_simulator/local_setup.zsh
[0.140s] -- Up-to-date symlink: /home/freesix/far_planner_ws/install/velodyne_simulator/share/velodyne_simulator/local_setup.dsv
[0.141s] -- Symlinking: /home/freesix/far_planner_ws/install/velodyne_simulator/share/velodyne_simulator/package.dsv
[0.143s] -- Up-to-date symlink: /home/freesix/far_planner_ws/install/velodyne_simulator/share/ament_index/resource_index/packages/velodyne_simulator
[0.143s] -- Up-to-date symlink: /home/freesix/far_planner_ws/install/velodyne_simulator/share/velodyne_simulator/cmake/velodyne_simulatorConfig.cmake
[0.143s] -- Up-to-date symlink: /home/freesix/far_planner_ws/install/velodyne_simulator/share/velodyne_simulator/cmake/velodyne_simulatorConfig-version.cmake
[0.144s] -- Up-to-date symlink: /home/freesix/far_planner_ws/install/velodyne_simulator/share/velodyne_simulator/package.xml
[0.166s] Invoked command in '/home/freesix/far_planner_ws/build/velodyne_simulator' returned '0': AMENT_PREFIX_PATH=/home/freesix/far_planner_ws/install/velodyne_gazebo_plugins:/home/freesix/far_planner_ws/install/velodyne_description:${AMENT_PREFIX_PATH} CMAKE_PREFIX_PATH=/home/freesix/far_planner_ws/install/velodyne_gazebo_plugins:/home/freesix/far_planner_ws/install/velodyne_description:/opt/ros/humble LD_LIBRARY_PATH=/home/freesix/far_planner_ws/install/velodyne_gazebo_plugins/lib:${LD_LIBRARY_PATH} /usr/local/bin/cmake --install /home/freesix/far_planner_ws/build/velodyne_simulator
