[0.155s] Invoking command in '/home/freesix/far_planner_ws/build/velodyne_simulator': AMENT_PREFIX_PATH=/home/freesix/far_planner_ws/install/velodyne_gazebo_plugins:/home/freesix/far_planner_ws/install/velodyne_description:${AMENT_PREFIX_PATH} CMAKE_PREFIX_PATH=/home/freesix/far_planner_ws/install/velodyne_gazebo_plugins:/home/freesix/far_planner_ws/install/velodyne_description:/opt/ros/humble LD_LIBRARY_PATH=/home/freesix/far_planner_ws/install/velodyne_gazebo_plugins/lib:${LD_LIBRARY_PATH} /usr/local/bin/cmake /home/freesix/far_planner_ws/src/autonomous_exploration_development_environment/src/velodyne_simulator/velodyne_simulator -DCMAKE_BUILD_TYPE=Release -DAMENT_CMAKE_SYMLINK_INSTALL=1 -DCMAKE_INSTALL_PREFIX=/home/freesix/far_planner_ws/install/velodyne_simulator
[0.315s] -- The C compiler identification is GNU 11.4.0
[0.696s] -- The CXX compiler identification is GNU 11.4.0
[0.989s] -- Detecting C compiler ABI info
[1.106s] -- Detecting C compiler ABI info - done
[1.119s] -- Check for working C compiler: /usr/bin/cc - skipped
[1.120s] -- Detecting C compile features
[1.121s] -- Detecting C compile features - done
[1.125s] -- Detecting CXX compiler ABI info
[1.252s] -- Detecting CXX compiler ABI info - done
[1.262s] -- Check for working CXX compiler: /usr/bin/c++ - skipped
[1.262s] -- Detecting CXX compile features
[1.263s] -- Detecting CXX compile features - done
[1.273s] -- Found ament_cmake: 1.3.5 (/opt/ros/humble/share/ament_cmake/cmake)
[3.171s] -- Found Python3: /usr/bin/python3.10 (found version "3.10.12") found components: Interpreter 
[3.277s] -- Override CMake install command with custom implementation using symlinks instead of copying resources
[3.409s] -- Configuring done (3.3s)
[3.415s] -- Generating done (0.0s)
[3.416s] -- Build files have been written to: /home/freesix/far_planner_ws/build/velodyne_simulator
[3.421s] Invoked command in '/home/freesix/far_planner_ws/build/velodyne_simulator' returned '0': AMENT_PREFIX_PATH=/home/freesix/far_planner_ws/install/velodyne_gazebo_plugins:/home/freesix/far_planner_ws/install/velodyne_description:${AMENT_PREFIX_PATH} CMAKE_PREFIX_PATH=/home/freesix/far_planner_ws/install/velodyne_gazebo_plugins:/home/freesix/far_planner_ws/install/velodyne_description:/opt/ros/humble LD_LIBRARY_PATH=/home/freesix/far_planner_ws/install/velodyne_gazebo_plugins/lib:${LD_LIBRARY_PATH} /usr/local/bin/cmake /home/freesix/far_planner_ws/src/autonomous_exploration_development_environment/src/velodyne_simulator/velodyne_simulator -DCMAKE_BUILD_TYPE=Release -DAMENT_CMAKE_SYMLINK_INSTALL=1 -DCMAKE_INSTALL_PREFIX=/home/freesix/far_planner_ws/install/velodyne_simulator
[3.424s] Invoking command in '/home/freesix/far_planner_ws/build/velodyne_simulator': AMENT_PREFIX_PATH=/home/freesix/far_planner_ws/install/velodyne_gazebo_plugins:/home/freesix/far_planner_ws/install/velodyne_description:${AMENT_PREFIX_PATH} CMAKE_PREFIX_PATH=/home/freesix/far_planner_ws/install/velodyne_gazebo_plugins:/home/freesix/far_planner_ws/install/velodyne_description:/opt/ros/humble LD_LIBRARY_PATH=/home/freesix/far_planner_ws/install/velodyne_gazebo_plugins/lib:${LD_LIBRARY_PATH} /usr/local/bin/cmake --build /home/freesix/far_planner_ws/build/velodyne_simulator -- -j16 -l16
[3.438s] Invoked command in '/home/freesix/far_planner_ws/build/velodyne_simulator' returned '0': AMENT_PREFIX_PATH=/home/freesix/far_planner_ws/install/velodyne_gazebo_plugins:/home/freesix/far_planner_ws/install/velodyne_description:${AMENT_PREFIX_PATH} CMAKE_PREFIX_PATH=/home/freesix/far_planner_ws/install/velodyne_gazebo_plugins:/home/freesix/far_planner_ws/install/velodyne_description:/opt/ros/humble LD_LIBRARY_PATH=/home/freesix/far_planner_ws/install/velodyne_gazebo_plugins/lib:${LD_LIBRARY_PATH} /usr/local/bin/cmake --build /home/freesix/far_planner_ws/build/velodyne_simulator -- -j16 -l16
[3.453s] Invoking command in '/home/freesix/far_planner_ws/build/velodyne_simulator': AMENT_PREFIX_PATH=/home/freesix/far_planner_ws/install/velodyne_gazebo_plugins:/home/freesix/far_planner_ws/install/velodyne_description:${AMENT_PREFIX_PATH} CMAKE_PREFIX_PATH=/home/freesix/far_planner_ws/install/velodyne_gazebo_plugins:/home/freesix/far_planner_ws/install/velodyne_description:/opt/ros/humble LD_LIBRARY_PATH=/home/freesix/far_planner_ws/install/velodyne_gazebo_plugins/lib:${LD_LIBRARY_PATH} /usr/local/bin/cmake --install /home/freesix/far_planner_ws/build/velodyne_simulator
[3.455s] -- Install configuration: "Release"
[3.456s] -- Execute custom install script
[3.457s] -- Symlinking: /home/freesix/far_planner_ws/install/velodyne_simulator/share/ament_index/resource_index/package_run_dependencies/velodyne_simulator
[3.460s] -- Symlinking: /home/freesix/far_planner_ws/install/velodyne_simulator/share/ament_index/resource_index/parent_prefix_path/velodyne_simulator
[3.466s] -- Symlinking: /home/freesix/far_planner_ws/install/velodyne_simulator/share/velodyne_simulator/environment/ament_prefix_path.sh
[3.470s] -- Symlinking: /home/freesix/far_planner_ws/install/velodyne_simulator/share/velodyne_simulator/environment/ament_prefix_path.dsv
[3.474s] -- Symlinking: /home/freesix/far_planner_ws/install/velodyne_simulator/share/velodyne_simulator/environment/path.sh
[3.480s] -- Symlinking: /home/freesix/far_planner_ws/install/velodyne_simulator/share/velodyne_simulator/environment/path.dsv
[3.483s] -- Symlinking: /home/freesix/far_planner_ws/install/velodyne_simulator/share/velodyne_simulator/local_setup.bash
[3.487s] -- Symlinking: /home/freesix/far_planner_ws/install/velodyne_simulator/share/velodyne_simulator/local_setup.sh
[3.491s] -- Symlinking: /home/freesix/far_planner_ws/install/velodyne_simulator/share/velodyne_simulator/local_setup.zsh
[3.497s] -- Symlinking: /home/freesix/far_planner_ws/install/velodyne_simulator/share/velodyne_simulator/local_setup.dsv
[3.502s] -- Symlinking: /home/freesix/far_planner_ws/install/velodyne_simulator/share/velodyne_simulator/package.dsv
[3.507s] -- Symlinking: /home/freesix/far_planner_ws/install/velodyne_simulator/share/ament_index/resource_index/packages/velodyne_simulator
[3.512s] -- Symlinking: /home/freesix/far_planner_ws/install/velodyne_simulator/share/velodyne_simulator/cmake/velodyne_simulatorConfig.cmake
[3.517s] -- Symlinking: /home/freesix/far_planner_ws/install/velodyne_simulator/share/velodyne_simulator/cmake/velodyne_simulatorConfig-version.cmake
[3.521s] -- Symlinking: /home/freesix/far_planner_ws/install/velodyne_simulator/share/velodyne_simulator/package.xml
[3.531s] Invoked command in '/home/freesix/far_planner_ws/build/velodyne_simulator' returned '0': AMENT_PREFIX_PATH=/home/freesix/far_planner_ws/install/velodyne_gazebo_plugins:/home/freesix/far_planner_ws/install/velodyne_description:${AMENT_PREFIX_PATH} CMAKE_PREFIX_PATH=/home/freesix/far_planner_ws/install/velodyne_gazebo_plugins:/home/freesix/far_planner_ws/install/velodyne_description:/opt/ros/humble LD_LIBRARY_PATH=/home/freesix/far_planner_ws/install/velodyne_gazebo_plugins/lib:${LD_LIBRARY_PATH} /usr/local/bin/cmake --install /home/freesix/far_planner_ws/build/velodyne_simulator
