[0.114s] Invoking command in '/home/freesix/far_planner_ws/build/velodyne_simulator': AMENT_PREFIX_PATH=/home/freesix/far_planner_ws/install/velodyne_gazebo_plugins:/home/freesix/far_planner_ws/install/velodyne_description:${AMENT_PREFIX_PATH} CMAKE_PREFIX_PATH=/home/freesix/far_planner_ws/install/velodyne_gazebo_plugins:/home/freesix/far_planner_ws/install/velodyne_description:/opt/ros/humble LD_LIBRARY_PATH=/home/freesix/far_planner_ws/install/velodyne_gazebo_plugins/lib:${LD_LIBRARY_PATH} /usr/local/bin/cmake --build /home/freesix/far_planner_ws/build/velodyne_simulator -- -j16 -l16
[0.137s] Invoked command in '/home/freesix/far_planner_ws/build/velodyne_simulator' returned '0': AMENT_PREFIX_PATH=/home/freesix/far_planner_ws/install/velodyne_gazebo_plugins:/home/freesix/far_planner_ws/install/velodyne_description:${AMENT_PREFIX_PATH} CMAKE_PREFIX_PATH=/home/freesix/far_planner_ws/install/velodyne_gazebo_plugins:/home/freesix/far_planner_ws/install/velodyne_description:/opt/ros/humble LD_LIBRARY_PATH=/home/freesix/far_planner_ws/install/velodyne_gazebo_plugins/lib:${LD_LIBRARY_PATH} /usr/local/bin/cmake --build /home/freesix/far_planner_ws/build/velodyne_simulator -- -j16 -l16
[0.155s] Invoking command in '/home/freesix/far_planner_ws/build/velodyne_simulator': AMENT_PREFIX_PATH=/home/freesix/far_planner_ws/install/velodyne_gazebo_plugins:/home/freesix/far_planner_ws/install/velodyne_description:${AMENT_PREFIX_PATH} CMAKE_PREFIX_PATH=/home/freesix/far_planner_ws/install/velodyne_gazebo_plugins:/home/freesix/far_planner_ws/install/velodyne_description:/opt/ros/humble LD_LIBRARY_PATH=/home/freesix/far_planner_ws/install/velodyne_gazebo_plugins/lib:${LD_LIBRARY_PATH} /usr/local/bin/cmake --install /home/freesix/far_planner_ws/build/velodyne_simulator
[0.157s] -- Install configuration: "Release"
[0.158s] -- Execute custom install script
[0.160s] -- Up-to-date symlink: /home/freesix/far_planner_ws/install/velodyne_simulator/share/ament_index/resource_index/package_run_dependencies/velodyne_simulator
[0.160s] -- Up-to-date symlink: /home/freesix/far_planner_ws/install/velodyne_simulator/share/ament_index/resource_index/parent_prefix_path/velodyne_simulator
[0.161s] -- Up-to-date symlink: /home/freesix/far_planner_ws/install/velodyne_simulator/share/velodyne_simulator/environment/ament_prefix_path.sh
[0.161s] -- Up-to-date symlink: /home/freesix/far_planner_ws/install/velodyne_simulator/share/velodyne_simulator/environment/ament_prefix_path.dsv
[0.161s] -- Up-to-date symlink: /home/freesix/far_planner_ws/install/velodyne_simulator/share/velodyne_simulator/environment/path.sh
[0.162s] -- Up-to-date symlink: /home/freesix/far_planner_ws/install/velodyne_simulator/share/velodyne_simulator/environment/path.dsv
[0.162s] -- Up-to-date symlink: /home/freesix/far_planner_ws/install/velodyne_simulator/share/velodyne_simulator/local_setup.bash
[0.162s] -- Up-to-date symlink: /home/freesix/far_planner_ws/install/velodyne_simulator/share/velodyne_simulator/local_setup.sh
[0.163s] -- Up-to-date symlink: /home/freesix/far_planner_ws/install/velodyne_simulator/share/velodyne_simulator/local_setup.zsh
[0.163s] -- Up-to-date symlink: /home/freesix/far_planner_ws/install/velodyne_simulator/share/velodyne_simulator/local_setup.dsv
[0.163s] -- Symlinking: /home/freesix/far_planner_ws/install/velodyne_simulator/share/velodyne_simulator/package.dsv
[0.169s] -- Up-to-date symlink: /home/freesix/far_planner_ws/install/velodyne_simulator/share/ament_index/resource_index/packages/velodyne_simulator
[0.170s] -- Up-to-date symlink: /home/freesix/far_planner_ws/install/velodyne_simulator/share/velodyne_simulator/cmake/velodyne_simulatorConfig.cmake
[0.170s] -- Up-to-date symlink: /home/freesix/far_planner_ws/install/velodyne_simulator/share/velodyne_simulator/cmake/velodyne_simulatorConfig-version.cmake
[0.170s] -- Up-to-date symlink: /home/freesix/far_planner_ws/install/velodyne_simulator/share/velodyne_simulator/package.xml
[0.178s] Invoked command in '/home/freesix/far_planner_ws/build/velodyne_simulator' returned '0': AMENT_PREFIX_PATH=/home/freesix/far_planner_ws/install/velodyne_gazebo_plugins:/home/freesix/far_planner_ws/install/velodyne_description:${AMENT_PREFIX_PATH} CMAKE_PREFIX_PATH=/home/freesix/far_planner_ws/install/velodyne_gazebo_plugins:/home/freesix/far_planner_ws/install/velodyne_description:/opt/ros/humble LD_LIBRARY_PATH=/home/freesix/far_planner_ws/install/velodyne_gazebo_plugins/lib:${LD_LIBRARY_PATH} /usr/local/bin/cmake --install /home/freesix/far_planner_ws/build/velodyne_simulator
