[0.060s] Invoking command in '/home/freesix/far_planner_ws/src/build/kdtree': /usr/local/bin/cmake /home/freesix/far_planner_ws/src/dsv_planner/src/kdtree -DCMAKE_BUILD_TYPE=Release -DCATKIN_INSTALL_INTO_PREFIX_ROOT=0 -DCATKIN_SYMLINK_INSTALL=ON -DCMAKE_INSTALL_PREFIX=/home/freesix/far_planner_ws/src/install/kdtree
[0.282s] -- The C compiler identification is GNU 11.4.0
[0.677s] -- The CXX compiler identification is GNU 11.4.0
[0.941s] -- Detecting C compiler ABI info
[1.093s] -- Detecting C compiler ABI info - done
[1.102s] -- Check for working C compiler: /usr/bin/cc - skipped
[1.103s] -- Detecting C compile features
[1.104s] -- Detecting C compile features - done
[1.108s] -- Detecting CXX compiler ABI info
[1.292s] -- Detecting CXX compiler ABI info - done
[1.306s] -- Check for working CXX compiler: /usr/bin/c++ - skipped
[1.306s] -- Detecting CXX compile features
[1.306s] -- Detecting CXX compile features - done
[1.309s] -- Found ament_cmake: 1.3.5 (/opt/ros/humble/share/ament_cmake/cmake)
[3.696s] -- Found Python3: /usr/bin/python3.10 (found version "3.10.12") found components: Interpreter 
[3.899s] -- Configuring done (3.8s)
[3.905s] -- Generating done (0.0s)
[3.905s] [33mCMake Warning:
[3.906s]   Manually-specified variables were not used by the project:
[3.906s] 
[3.906s]     CATKIN_INSTALL_INTO_PREFIX_ROOT
[3.906s]     CATKIN_SYMLINK_INSTALL
[3.906s] 
[3.906s] [0m
[3.906s] -- Build files have been written to: /home/freesix/far_planner_ws/src/build/kdtree
[3.917s] Invoked command in '/home/freesix/far_planner_ws/src/build/kdtree' returned '0': /usr/local/bin/cmake /home/freesix/far_planner_ws/src/dsv_planner/src/kdtree -DCMAKE_BUILD_TYPE=Release -DCATKIN_INSTALL_INTO_PREFIX_ROOT=0 -DCATKIN_SYMLINK_INSTALL=ON -DCMAKE_INSTALL_PREFIX=/home/freesix/far_planner_ws/src/install/kdtree
[3.917s] Invoking command in '/home/freesix/far_planner_ws/src/build/kdtree': /usr/local/bin/cmake --build /home/freesix/far_planner_ws/src/build/kdtree -- -j16 -l16
[19.411s] [ 50%] [32mBuilding C object CMakeFiles/kdtree.dir/src/kdtree.c.o[0m
[19.412s] [100%] [32m[1mLinking C shared library libkdtree.so[0m
[19.414s] [100%] Built target kdtree
[19.431s] Invoked command in '/home/freesix/far_planner_ws/src/build/kdtree' returned '0': /usr/local/bin/cmake --build /home/freesix/far_planner_ws/src/build/kdtree -- -j16 -l16
[19.463s] Invoking command in '/home/freesix/far_planner_ws/src/build/kdtree': /usr/local/bin/cmake --install /home/freesix/far_planner_ws/src/build/kdtree
[23.328s] -- Install configuration: "Release"
[23.328s] -- Installing: /home/freesix/far_planner_ws/src/install/kdtree/share/kdtree/environment/library_path.sh
[23.328s] -- Installing: /home/freesix/far_planner_ws/src/install/kdtree/share/kdtree/environment/library_path.dsv
[23.329s] -- Installing: /home/freesix/far_planner_ws/src/install/kdtree/include
[23.329s] -- Installing: /home/freesix/far_planner_ws/src/install/kdtree/include/kdtree
[23.329s] -- Installing: /home/freesix/far_planner_ws/src/install/kdtree/include/kdtree/kdtree.h
[23.329s] -- Installing: /home/freesix/far_planner_ws/src/install/kdtree/lib/libkdtree.so
[23.329s] -- Installing: /home/freesix/far_planner_ws/src/install/kdtree/share/ament_index/resource_index/package_run_dependencies/kdtree
[23.329s] -- Installing: /home/freesix/far_planner_ws/src/install/kdtree/share/ament_index/resource_index/parent_prefix_path/kdtree
[23.329s] -- Installing: /home/freesix/far_planner_ws/src/install/kdtree/share/kdtree/environment/ament_prefix_path.sh
[23.329s] -- Installing: /home/freesix/far_planner_ws/src/install/kdtree/share/kdtree/environment/ament_prefix_path.dsv
[23.329s] -- Installing: /home/freesix/far_planner_ws/src/install/kdtree/share/kdtree/environment/path.sh
[23.329s] -- Installing: /home/freesix/far_planner_ws/src/install/kdtree/share/kdtree/environment/path.dsv
[23.329s] -- Installing: /home/freesix/far_planner_ws/src/install/kdtree/share/kdtree/local_setup.bash
[23.329s] -- Installing: /home/freesix/far_planner_ws/src/install/kdtree/share/kdtree/local_setup.sh
[23.329s] -- Installing: /home/freesix/far_planner_ws/src/install/kdtree/share/kdtree/local_setup.zsh
[23.329s] -- Installing: /home/freesix/far_planner_ws/src/install/kdtree/share/kdtree/local_setup.dsv
[23.329s] -- Installing: /home/freesix/far_planner_ws/src/install/kdtree/share/kdtree/package.dsv
[23.330s] -- Installing: /home/freesix/far_planner_ws/src/install/kdtree/share/ament_index/resource_index/packages/kdtree
[23.330s] -- Installing: /home/freesix/far_planner_ws/src/install/kdtree/share/kdtree/cmake/kdtreeExport.cmake
[23.330s] -- Installing: /home/freesix/far_planner_ws/src/install/kdtree/share/kdtree/cmake/kdtreeExport-release.cmake
[23.330s] -- Installing: /home/freesix/far_planner_ws/src/install/kdtree/share/kdtree/cmake/ament_cmake_export_targets-extras.cmake
[23.330s] -- Installing: /home/freesix/far_planner_ws/src/install/kdtree/share/kdtree/cmake/kdtreeConfig.cmake
[23.330s] -- Installing: /home/freesix/far_planner_ws/src/install/kdtree/share/kdtree/cmake/kdtreeConfig-version.cmake
[23.330s] -- Installing: /home/freesix/far_planner_ws/src/install/kdtree/share/kdtree/package.xml
[23.412s] Invoked command in '/home/freesix/far_planner_ws/src/build/kdtree' returned '0': /usr/local/bin/cmake --install /home/freesix/far_planner_ws/src/build/kdtree
