[0.071s] Invoking command in '/home/freesix/far_planner_ws/build/waypoint_rviz_plugin': CMAKE_PREFIX_PATH=/opt/ros/humble /usr/local/bin/cmake --build /home/freesix/far_planner_ws/build/waypoint_rviz_plugin -- -j16 -l16
[0.112s] [ 16%] [34m[1mAutomatic MOC for target waypoint_rviz_plugin[0m
[0.126s] [ 16%] Built target waypoint_rviz_plugin_autogen
[0.154s] [100%] Built target waypoint_rviz_plugin
[0.207s] Invoked command in '/home/freesix/far_planner_ws/build/waypoint_rviz_plugin' returned '0': CMAKE_PREFIX_PATH=/opt/ros/humble /usr/local/bin/cmake --build /home/freesix/far_planner_ws/build/waypoint_rviz_plugin -- -j16 -l16
[0.329s] Invoking command in '/home/freesix/far_planner_ws/build/waypoint_rviz_plugin': CMAKE_PREFIX_PATH=/opt/ros/humble /usr/local/bin/cmake --install /home/freesix/far_planner_ws/build/waypoint_rviz_plugin
[0.344s] -- Install configuration: "Release"
[0.344s] -- Execute custom install script
[0.344s] -- Up-to-date symlink: /home/freesix/far_planner_ws/install/waypoint_rviz_plugin/share/waypoint_rviz_plugin//plugin_description.xml
[0.345s] -- Up-to-date symlink: /home/freesix/far_planner_ws/install/waypoint_rviz_plugin/share/ament_index/resource_index/package_run_dependencies/waypoint_rviz_plugin
[0.345s] -- Up-to-date symlink: /home/freesix/far_planner_ws/install/waypoint_rviz_plugin/share/ament_index/resource_index/parent_prefix_path/waypoint_rviz_plugin
[0.345s] -- Up-to-date symlink: /home/freesix/far_planner_ws/install/waypoint_rviz_plugin/share/waypoint_rviz_plugin/environment/ament_prefix_path.sh
[0.345s] -- Up-to-date symlink: /home/freesix/far_planner_ws/install/waypoint_rviz_plugin/share/waypoint_rviz_plugin/environment/ament_prefix_path.dsv
[0.345s] -- Up-to-date symlink: /home/freesix/far_planner_ws/install/waypoint_rviz_plugin/share/waypoint_rviz_plugin/environment/path.sh
[0.345s] -- Up-to-date symlink: /home/freesix/far_planner_ws/install/waypoint_rviz_plugin/share/waypoint_rviz_plugin/environment/path.dsv
[0.345s] -- Up-to-date symlink: /home/freesix/far_planner_ws/install/waypoint_rviz_plugin/share/waypoint_rviz_plugin/local_setup.bash
[0.345s] -- Up-to-date symlink: /home/freesix/far_planner_ws/install/waypoint_rviz_plugin/share/waypoint_rviz_plugin/local_setup.sh
[0.345s] -- Up-to-date symlink: /home/freesix/far_planner_ws/install/waypoint_rviz_plugin/share/waypoint_rviz_plugin/local_setup.zsh
[0.345s] -- Up-to-date symlink: /home/freesix/far_planner_ws/install/waypoint_rviz_plugin/share/waypoint_rviz_plugin/local_setup.dsv
[0.346s] -- Symlinking: /home/freesix/far_planner_ws/install/waypoint_rviz_plugin/share/waypoint_rviz_plugin/package.dsv
[0.346s] -- Up-to-date symlink: /home/freesix/far_planner_ws/install/waypoint_rviz_plugin/share/ament_index/resource_index/packages/waypoint_rviz_plugin
[0.346s] -- Up-to-date symlink: /home/freesix/far_planner_ws/install/waypoint_rviz_plugin/share/ament_index/resource_index/rviz_common__pluginlib__plugin/waypoint_rviz_plugin
[0.346s] -- Up-to-date symlink: /home/freesix/far_planner_ws/install/waypoint_rviz_plugin/share/waypoint_rviz_plugin/cmake/ament_cmake_export_dependencies-extras.cmake
[0.346s] -- Up-to-date symlink: /home/freesix/far_planner_ws/install/waypoint_rviz_plugin/share/waypoint_rviz_plugin/cmake/waypoint_rviz_pluginConfig.cmake
[0.346s] -- Up-to-date symlink: /home/freesix/far_planner_ws/install/waypoint_rviz_plugin/share/waypoint_rviz_plugin/cmake/waypoint_rviz_pluginConfig-version.cmake
[0.346s] -- Up-to-date symlink: /home/freesix/far_planner_ws/install/waypoint_rviz_plugin/share/waypoint_rviz_plugin/package.xml
[0.346s] -- Up-to-date: /home/freesix/far_planner_ws/install/waypoint_rviz_plugin/lib/waypoint_rviz_plugin/libwaypoint_rviz_plugin.so
[0.444s] Invoked command in '/home/freesix/far_planner_ws/build/waypoint_rviz_plugin' returned '0': CMAKE_PREFIX_PATH=/opt/ros/humble /usr/local/bin/cmake --install /home/freesix/far_planner_ws/build/waypoint_rviz_plugin
