[0.046s] Invoking command in '/home/freesix/far_planner_ws/build/local_planner': CMAKE_PREFIX_PATH=/opt/ros/humble /usr/local/bin/cmake --build /home/freesix/far_planner_ws/build/local_planner -- -j16 -l16
[0.079s] [ 50%] Built target localPlanner
[0.081s] [100%] Built target pathFollower
[0.087s] Invoked command in '/home/freesix/far_planner_ws/build/local_planner' returned '0': CMAKE_PREFIX_PATH=/opt/ros/humble /usr/local/bin/cmake --build /home/freesix/far_planner_ws/build/local_planner -- -j16 -l16
[0.123s] Invoking command in '/home/freesix/far_planner_ws/build/local_planner': CMAKE_PREFIX_PATH=/opt/ros/humble /usr/local/bin/cmake --install /home/freesix/far_planner_ws/build/local_planner
[0.135s] -- Install configuration: "Release"
[0.135s] -- Execute custom install script
[0.136s] -- Up-to-date symlink: /home/freesix/far_planner_ws/install/local_planner/lib/local_planner/localPlanner
[0.136s] -- Up-to-date symlink: /home/freesix/far_planner_ws/install/local_planner/lib/local_planner/pathFollower
[0.136s] -- Up-to-date symlink: /home/freesix/far_planner_ws/install/local_planner/share/local_planner/launch/local_planner.launch
[0.136s] -- Up-to-date symlink: /home/freesix/far_planner_ws/install/local_planner/share/local_planner/paths/correspondences.txt
[0.136s] -- Up-to-date symlink: /home/freesix/far_planner_ws/install/local_planner/share/local_planner/paths/pathList.ply
[0.136s] -- Up-to-date symlink: /home/freesix/far_planner_ws/install/local_planner/share/local_planner/paths/path_generator.m
[0.136s] -- Up-to-date symlink: /home/freesix/far_planner_ws/install/local_planner/share/local_planner/paths/paths.ply
[0.136s] -- Up-to-date symlink: /home/freesix/far_planner_ws/install/local_planner/share/local_planner/paths/startPaths.ply
[0.136s] -- Up-to-date symlink: /home/freesix/far_planner_ws/install/local_planner/share/ament_index/resource_index/package_run_dependencies/local_planner
[0.137s] -- Up-to-date symlink: /home/freesix/far_planner_ws/install/local_planner/share/ament_index/resource_index/parent_prefix_path/local_planner
[0.137s] -- Up-to-date symlink: /home/freesix/far_planner_ws/install/local_planner/share/local_planner/environment/ament_prefix_path.sh
[0.137s] -- Up-to-date symlink: /home/freesix/far_planner_ws/install/local_planner/share/local_planner/environment/ament_prefix_path.dsv
[0.137s] -- Up-to-date symlink: /home/freesix/far_planner_ws/install/local_planner/share/local_planner/environment/path.sh
[0.137s] -- Up-to-date symlink: /home/freesix/far_planner_ws/install/local_planner/share/local_planner/environment/path.dsv
[0.137s] -- Up-to-date symlink: /home/freesix/far_planner_ws/install/local_planner/share/local_planner/local_setup.bash
[0.137s] -- Up-to-date symlink: /home/freesix/far_planner_ws/install/local_planner/share/local_planner/local_setup.sh
[0.137s] -- Up-to-date symlink: /home/freesix/far_planner_ws/install/local_planner/share/local_planner/local_setup.zsh
[0.137s] -- Up-to-date symlink: /home/freesix/far_planner_ws/install/local_planner/share/local_planner/local_setup.dsv
[0.137s] -- Symlinking: /home/freesix/far_planner_ws/install/local_planner/share/local_planner/package.dsv
[0.138s] -- Up-to-date symlink: /home/freesix/far_planner_ws/install/local_planner/share/ament_index/resource_index/packages/local_planner
[0.138s] -- Up-to-date symlink: /home/freesix/far_planner_ws/install/local_planner/share/local_planner/cmake/local_plannerConfig.cmake
[0.138s] -- Up-to-date symlink: /home/freesix/far_planner_ws/install/local_planner/share/local_planner/cmake/local_plannerConfig-version.cmake
[0.138s] -- Up-to-date symlink: /home/freesix/far_planner_ws/install/local_planner/share/local_planner/package.xml
[0.170s] Invoked command in '/home/freesix/far_planner_ws/build/local_planner' returned '0': CMAKE_PREFIX_PATH=/opt/ros/humble /usr/local/bin/cmake --install /home/freesix/far_planner_ws/build/local_planner
