-- The C compiler identification is GNU 11.4.0
-- The CXX compiler identification is GNU 11.4.0
-- Detecting C compiler ABI info
-- Detecting C compiler ABI info - done
-- Check for working C compiler: /usr/bin/cc - skipped
-- Detecting C compile features
-- Detecting C compile features - done
-- Detecting CXX compiler ABI info
-- Detecting CXX compiler ABI info - done
-- Check for working CXX compiler: /usr/bin/c++ - skipped
-- Detecting CXX compile features
-- Detecting CXX compile features - done
-- Found ament_cmake_auto: 1.3.5 (/opt/ros/humble/share/ament_cmake_auto/cmake)
-- Found Python3: /usr/bin/python3.10 (found version "3.10.12") found components: Interpreter 
-- Override CMake install command with custom implementation using symlinks instead of copying resources
-- Found rclcpp: 16.0.5 (/opt/ros/humble/share/rclcpp/cmake)
-- Found rosidl_generator_c: 3.1.5 (/opt/ros/humble/share/rosidl_generator_c/cmake)
-- Found rosidl_adapter: 3.1.5 (/opt/ros/humble/share/rosidl_adapter/cmake)
-- Found rosidl_generator_cpp: 3.1.5 (/opt/ros/humble/share/rosidl_generator_cpp/cmake)
-- Using all available rosidl_typesupport_c: rosidl_typesupport_fastrtps_c;rosidl_typesupport_introspection_c
-- Using all available rosidl_typesupport_cpp: rosidl_typesupport_fastrtps_cpp;rosidl_typesupport_introspection_cpp
-- Found rmw_implementation_cmake: 6.1.1 (/opt/ros/humble/share/rmw_implementation_cmake/cmake)
-- Found rmw_fastrtps_cpp: 6.2.3 (/opt/ros/humble/share/rmw_fastrtps_cpp/cmake)
-- Found OpenSSL: /usr/lib/x86_64-linux-gnu/libcrypto.so (found version "3.0.2")  
-- Found FastRTPS: /opt/ros/humble/include  
-- Using RMW implementation 'rmw_fastrtps_cpp' as default
-- Performing Test CMAKE_HAVE_LIBC_PTHREAD
-- Performing Test CMAKE_HAVE_LIBC_PTHREAD - Success
-- Found Threads: TRUE  
-- Found std_srvs: 4.2.3 (/opt/ros/humble/share/std_srvs/cmake)
-- Found minkindr_conversions: 0.0.0 (/home/freesix/far_planner_ws/install/minkindr_conversions/share/minkindr_conversions/cmake)
-- Found octomap_msgs: 2.0.0 (/opt/ros/humble/share/octomap_msgs/cmake)
-- Found octomap_ros: 0.4.3 (/opt/ros/humble/share/octomap_ros/cmake)
-- Found pcl_conversions: 2.4.0 (/opt/ros/humble/share/pcl_conversions/cmake)
-- Found pcl_ros: 2.4.0 (/opt/ros/humble/share/pcl_ros/cmake)
-- Found eigen3_cmake_module: 0.1.1 (/opt/ros/humble/share/eigen3_cmake_module/cmake)
-- Found Eigen3: TRUE (found version "3.4.0") 
-- Ensuring Eigen3 include directory is part of orocos-kdl CMake target
-- Checking for module 'eigen3'
--   Found eigen3, version 3.4.0
-- Found Eigen: /usr/include/eigen3 (Required is at least version "3.1") 
-- Eigen found (include: /usr/include/eigen3, version: 3.4.0)
-- Checking for module 'flann'
--   Found flann, version 1.9.1
-- Found FLANN: /usr/lib/x86_64-linux-gnu/libflann_cpp.so  
-- FLANN found (include: /usr/include, lib: /usr/lib/x86_64-linux-gnu/libflann_cpp.so)
-- Checking for module 'libusb-1.0'
--   Found libusb-1.0, version 1.0.25
-- Found libusb: /usr/lib/x86_64-linux-gnu/libusb-1.0.so  
-- OpenNI found (version: 1.5.4.0, include: /usr/include/ni, lib: /usr/lib/libOpenNI.so;libusb::libusb)
-- OpenNI2 found (version: 2.2.0.33, include: /usr/include/openni2, lib: /usr/lib/x86_64-linux-gnu/libOpenNI2.so;libusb::libusb)
-- Eigen found (include: /usr/include/eigen3, version: 3.4.0)
-- OpenNI found (version: 1.5.4.0, include: /usr/include/ni, lib: /usr/lib/libOpenNI.so;libusb::libusb)
-- OpenNI2 found (version: 2.2.0.33, include: /usr/include/openni2, lib: /usr/lib/x86_64-linux-gnu/libOpenNI2.so;libusb::libusb)
-- Found Qhull version 8.0.2
-- OpenNI found (version: 1.5.4.0, include: /usr/include/ni, lib: /usr/lib/libOpenNI.so;libusb::libusb)
-- Found PCL_COMMON: /usr/lib/x86_64-linux-gnu/libpcl_common.so  
-- Found PCL_KDTREE: /usr/lib/x86_64-linux-gnu/libpcl_kdtree.so  
-- Found PCL_OCTREE: /usr/lib/x86_64-linux-gnu/libpcl_octree.so  
-- Found PCL_SEARCH: /usr/lib/x86_64-linux-gnu/libpcl_search.so  
-- Found PCL_SAMPLE_CONSENSUS: /usr/lib/x86_64-linux-gnu/libpcl_sample_consensus.so  
-- Found PCL_FILTERS: /usr/lib/x86_64-linux-gnu/libpcl_filters.so  
-- Found PCL_2D: /usr/include/pcl-1.12  
-- Found PCL_GEOMETRY: /usr/include/pcl-1.12  
-- Found PCL_IO: /usr/lib/x86_64-linux-gnu/libpcl_io.so  
-- Found PCL_FEATURES: /usr/lib/x86_64-linux-gnu/libpcl_features.so  
-- Found PCL_ML: /usr/lib/x86_64-linux-gnu/libpcl_ml.so  
-- Found PCL_SEGMENTATION: /usr/lib/x86_64-linux-gnu/libpcl_segmentation.so  
-- Found PCL_VISUALIZATION: /usr/lib/x86_64-linux-gnu/libpcl_visualization.so  
-- Found PCL_SURFACE: /usr/lib/x86_64-linux-gnu/libpcl_surface.so  
-- Found PCL_REGISTRATION: /usr/lib/x86_64-linux-gnu/libpcl_registration.so  
-- Found PCL_KEYPOINTS: /usr/lib/x86_64-linux-gnu/libpcl_keypoints.so  
-- Found PCL_TRACKING: /usr/lib/x86_64-linux-gnu/libpcl_tracking.so  
-- Found PCL_RECOGNITION: /usr/lib/x86_64-linux-gnu/libpcl_recognition.so  
-- Found PCL_STEREO: /usr/lib/x86_64-linux-gnu/libpcl_stereo.so  
-- Found PCL_APPS: /usr/lib/x86_64-linux-gnu/libpcl_apps.so  
-- Found PCL_IN_HAND_SCANNER: /usr/include/pcl-1.12  
-- Found PCL_MODELER: /usr/include/pcl-1.12  
-- Found PCL_POINT_CLOUD_EDITOR: /usr/include/pcl-1.12  
-- Found PCL_OUTOFCORE: /usr/lib/x86_64-linux-gnu/libpcl_outofcore.so  
-- Found PCL_PEOPLE: /usr/lib/x86_64-linux-gnu/libpcl_people.so  
-- Found volumetric_map_base: 0.0.0 (/home/freesix/far_planner_ws/install/volumetric_map_base/share/volumetric_map_base/cmake)
-- Found CUDA: /usr/local/cuda (found suitable exact version "12.2") 
-- Found volumetric_msgs: 0.0.0 (/home/freesix/far_planner_ws/install/volumetric_msgs/share/volumetric_msgs/cmake)
-- Found visualization_msgs: 4.2.3 (/opt/ros/humble/share/visualization_msgs/cmake)
-- Configuring done (16.9s)
-- Generating done (0.0s)
-- Build files have been written to: /home/freesix/far_planner_ws/build/octomap_world
[ 33%] [32mBuilding CXX object CMakeFiles/octomap_world.dir/src/octomap_world.cc.o[0m
[ 66%] [32mBuilding CXX object CMakeFiles/octomap_world.dir/src/octomap_manager.cc.o[0m
[100%] [32m[1mLinking CXX shared library liboctomap_world.so[0m
[100%] Built target octomap_world
-- Install configuration: "Release"
-- Execute custom install script
-- Symlinking: /home/freesix/far_planner_ws/install/octomap_world/share/octomap_world/environment/library_path.sh
-- Symlinking: /home/freesix/far_planner_ws/install/octomap_world/share/octomap_world/environment/library_path.dsv
-- Symlinking: /home/freesix/far_planner_ws/install/octomap_world/include/octomap_world/octomap_manager.h
-- Symlinking: /home/freesix/far_planner_ws/install/octomap_world/include/octomap_world/octomap_world.h
-- Symlinking: /home/freesix/far_planner_ws/install/octomap_world/share/ament_index/resource_index/package_run_dependencies/octomap_world
-- Symlinking: /home/freesix/far_planner_ws/install/octomap_world/share/ament_index/resource_index/parent_prefix_path/octomap_world
-- Symlinking: /home/freesix/far_planner_ws/install/octomap_world/share/octomap_world/environment/ament_prefix_path.sh
-- Symlinking: /home/freesix/far_planner_ws/install/octomap_world/share/octomap_world/environment/ament_prefix_path.dsv
-- Symlinking: /home/freesix/far_planner_ws/install/octomap_world/share/octomap_world/environment/path.sh
-- Symlinking: /home/freesix/far_planner_ws/install/octomap_world/share/octomap_world/environment/path.dsv
-- Symlinking: /home/freesix/far_planner_ws/install/octomap_world/share/octomap_world/local_setup.bash
-- Symlinking: /home/freesix/far_planner_ws/install/octomap_world/share/octomap_world/local_setup.sh
-- Symlinking: /home/freesix/far_planner_ws/install/octomap_world/share/octomap_world/local_setup.zsh
-- Symlinking: /home/freesix/far_planner_ws/install/octomap_world/share/octomap_world/local_setup.dsv
-- Symlinking: /home/freesix/far_planner_ws/install/octomap_world/share/octomap_world/package.dsv
-- Symlinking: /home/freesix/far_planner_ws/install/octomap_world/share/ament_index/resource_index/packages/octomap_world
-- Symlinking: /home/freesix/far_planner_ws/install/octomap_world/share/octomap_world/cmake/ament_cmake_export_targets-extras.cmake
-- Symlinking: /home/freesix/far_planner_ws/install/octomap_world/share/octomap_world/cmake/ament_cmake_export_dependencies-extras.cmake
-- Symlinking: /home/freesix/far_planner_ws/install/octomap_world/share/octomap_world/cmake/octomap_worldConfig.cmake
-- Symlinking: /home/freesix/far_planner_ws/install/octomap_world/share/octomap_world/cmake/octomap_worldConfig-version.cmake
-- Symlinking: /home/freesix/far_planner_ws/install/octomap_world/share/octomap_world/package.xml
-- Installing: /home/freesix/far_planner_ws/install/octomap_world/lib/liboctomap_world.so
-- Set runtime path of "/home/freesix/far_planner_ws/install/octomap_world/lib/liboctomap_world.so" to ""
-- Installing: /home/freesix/far_planner_ws/install/octomap_world/share/octomap_world/cmake/octomap_worldExport.cmake
-- Installing: /home/freesix/far_planner_ws/install/octomap_world/share/octomap_world/cmake/octomap_worldExport-release.cmake
