[100%] Built target minkindr_conversions
-- Install configuration: "Release"
-- Execute custom install script
-- Up-to-date symlink: /home/freesix/far_planner_ws/install/minkindr_conversions/share/minkindr_conversions/environment/library_path.sh
-- Up-to-date symlink: /home/freesix/far_planner_ws/install/minkindr_conversions/share/minkindr_conversions/environment/library_path.dsv
-- Up-to-date symlink: /home/freesix/far_planner_ws/install/minkindr_conversions/include/minkindr_conversions/kindr_msg.h
-- Up-to-date symlink: /home/freesix/far_planner_ws/install/minkindr_conversions/include/minkindr_conversions/kindr_tf.h
-- Up-to-date symlink: /home/freesix/far_planner_ws/install/minkindr_conversions/include/minkindr_conversions/kindr_xml.h
-- Up-to-date symlink: /home/freesix/far_planner_ws/install/minkindr_conversions/share/ament_index/resource_index/package_run_dependencies/minkindr_conversions
-- Up-to-date symlink: /home/freesix/far_planner_ws/install/minkindr_conversions/share/ament_index/resource_index/parent_prefix_path/minkindr_conversions
-- Up-to-date symlink: /home/freesix/far_planner_ws/install/minkindr_conversions/share/minkindr_conversions/environment/ament_prefix_path.sh
-- Up-to-date symlink: /home/freesix/far_planner_ws/install/minkindr_conversions/share/minkindr_conversions/environment/ament_prefix_path.dsv
-- Up-to-date symlink: /home/freesix/far_planner_ws/install/minkindr_conversions/share/minkindr_conversions/environment/path.sh
-- Up-to-date symlink: /home/freesix/far_planner_ws/install/minkindr_conversions/share/minkindr_conversions/environment/path.dsv
-- Up-to-date symlink: /home/freesix/far_planner_ws/install/minkindr_conversions/share/minkindr_conversions/local_setup.bash
-- Up-to-date symlink: /home/freesix/far_planner_ws/install/minkindr_conversions/share/minkindr_conversions/local_setup.sh
-- Up-to-date symlink: /home/freesix/far_planner_ws/install/minkindr_conversions/share/minkindr_conversions/local_setup.zsh
-- Up-to-date symlink: /home/freesix/far_planner_ws/install/minkindr_conversions/share/minkindr_conversions/local_setup.dsv
-- Symlinking: /home/freesix/far_planner_ws/install/minkindr_conversions/share/minkindr_conversions/package.dsv
-- Up-to-date symlink: /home/freesix/far_planner_ws/install/minkindr_conversions/share/ament_index/resource_index/packages/minkindr_conversions
-- Up-to-date symlink: /home/freesix/far_planner_ws/install/minkindr_conversions/share/minkindr_conversions/cmake/ament_cmake_export_targets-extras.cmake
-- Up-to-date symlink: /home/freesix/far_planner_ws/install/minkindr_conversions/share/minkindr_conversions/cmake/ament_cmake_export_dependencies-extras.cmake
-- Up-to-date symlink: /home/freesix/far_planner_ws/install/minkindr_conversions/share/minkindr_conversions/cmake/minkindr_conversionsConfig.cmake
-- Up-to-date symlink: /home/freesix/far_planner_ws/install/minkindr_conversions/share/minkindr_conversions/cmake/minkindr_conversionsConfig-version.cmake
-- Up-to-date symlink: /home/freesix/far_planner_ws/install/minkindr_conversions/share/minkindr_conversions/package.xml
-- Up-to-date: /home/freesix/far_planner_ws/install/minkindr_conversions/lib/libminkindr_conversions.so
-- Up-to-date: /home/freesix/far_planner_ws/install/minkindr_conversions/share/minkindr_conversions/cmake/minkindr_conversionsExport.cmake
-- Up-to-date: /home/freesix/far_planner_ws/install/minkindr_conversions/share/minkindr_conversions/cmake/minkindr_conversionsExport-release.cmake
