[0.115s] Invoking command in '/home/freesix/far_planner_ws/build/minkindr_conversions': CMAKE_PREFIX_PATH=/opt/ros/humble:/home/freesix/far_planner_ws/install/minkindr PKG_CONFIG_PATH=/home/freesix/far_planner_ws/install/minkindr/lib/x86_64-linux-gnu/pkgconfig:/home/freesix/far_planner_ws/install/minkindr/lib/pkgconfig ROS_PACKAGE_PATH=/home/freesix/far_planner_ws/install/minkindr/share /usr/local/bin/cmake --build /home/freesix/far_planner_ws/build/minkindr_conversions -- -j16 -l16
[0.151s] [100%] Built target minkindr_conversions
[0.154s] Invoked command in '/home/freesix/far_planner_ws/build/minkindr_conversions' returned '0': CMAKE_PREFIX_PATH=/opt/ros/humble:/home/freesix/far_planner_ws/install/minkindr PKG_CONFIG_PATH=/home/freesix/far_planner_ws/install/minkindr/lib/x86_64-linux-gnu/pkgconfig:/home/freesix/far_planner_ws/install/minkindr/lib/pkgconfig ROS_PACKAGE_PATH=/home/freesix/far_planner_ws/install/minkindr/share /usr/local/bin/cmake --build /home/freesix/far_planner_ws/build/minkindr_conversions -- -j16 -l16
[0.168s] Invoking command in '/home/freesix/far_planner_ws/build/minkindr_conversions': CMAKE_PREFIX_PATH=/opt/ros/humble:/home/freesix/far_planner_ws/install/minkindr PKG_CONFIG_PATH=/home/freesix/far_planner_ws/install/minkindr/lib/x86_64-linux-gnu/pkgconfig:/home/freesix/far_planner_ws/install/minkindr/lib/pkgconfig ROS_PACKAGE_PATH=/home/freesix/far_planner_ws/install/minkindr/share /usr/local/bin/cmake --install /home/freesix/far_planner_ws/build/minkindr_conversions
[0.169s] -- Install configuration: "Release"
[0.170s] -- Execute custom install script
[0.170s] -- Up-to-date symlink: /home/freesix/far_planner_ws/install/minkindr_conversions/share/minkindr_conversions/environment/library_path.sh
[0.170s] -- Up-to-date symlink: /home/freesix/far_planner_ws/install/minkindr_conversions/share/minkindr_conversions/environment/library_path.dsv
[0.171s] -- Up-to-date symlink: /home/freesix/far_planner_ws/install/minkindr_conversions/include/minkindr_conversions/kindr_msg.h
[0.172s] -- Up-to-date symlink: /home/freesix/far_planner_ws/install/minkindr_conversions/include/minkindr_conversions/kindr_tf.h
[0.172s] -- Up-to-date symlink: /home/freesix/far_planner_ws/install/minkindr_conversions/include/minkindr_conversions/kindr_xml.h
[0.173s] -- Up-to-date symlink: /home/freesix/far_planner_ws/install/minkindr_conversions/share/ament_index/resource_index/package_run_dependencies/minkindr_conversions
[0.173s] -- Up-to-date symlink: /home/freesix/far_planner_ws/install/minkindr_conversions/share/ament_index/resource_index/parent_prefix_path/minkindr_conversions
[0.175s] -- Up-to-date symlink: /home/freesix/far_planner_ws/install/minkindr_conversions/share/minkindr_conversions/environment/ament_prefix_path.sh
[0.175s] -- Up-to-date symlink: /home/freesix/far_planner_ws/install/minkindr_conversions/share/minkindr_conversions/environment/ament_prefix_path.dsv
[0.175s] -- Up-to-date symlink: /home/freesix/far_planner_ws/install/minkindr_conversions/share/minkindr_conversions/environment/path.sh
[0.175s] -- Up-to-date symlink: /home/freesix/far_planner_ws/install/minkindr_conversions/share/minkindr_conversions/environment/path.dsv
[0.175s] -- Up-to-date symlink: /home/freesix/far_planner_ws/install/minkindr_conversions/share/minkindr_conversions/local_setup.bash
[0.175s] -- Up-to-date symlink: /home/freesix/far_planner_ws/install/minkindr_conversions/share/minkindr_conversions/local_setup.sh
[0.176s] -- Up-to-date symlink: /home/freesix/far_planner_ws/install/minkindr_conversions/share/minkindr_conversions/local_setup.zsh
[0.176s] -- Up-to-date symlink: /home/freesix/far_planner_ws/install/minkindr_conversions/share/minkindr_conversions/local_setup.dsv
[0.176s] -- Symlinking: /home/freesix/far_planner_ws/install/minkindr_conversions/share/minkindr_conversions/package.dsv
[0.177s] -- Up-to-date symlink: /home/freesix/far_planner_ws/install/minkindr_conversions/share/ament_index/resource_index/packages/minkindr_conversions
[0.178s] -- Up-to-date symlink: /home/freesix/far_planner_ws/install/minkindr_conversions/share/minkindr_conversions/cmake/ament_cmake_export_targets-extras.cmake
[0.178s] -- Up-to-date symlink: /home/freesix/far_planner_ws/install/minkindr_conversions/share/minkindr_conversions/cmake/ament_cmake_export_dependencies-extras.cmake
[0.178s] -- Up-to-date symlink: /home/freesix/far_planner_ws/install/minkindr_conversions/share/minkindr_conversions/cmake/minkindr_conversionsConfig.cmake
[0.178s] -- Up-to-date symlink: /home/freesix/far_planner_ws/install/minkindr_conversions/share/minkindr_conversions/cmake/minkindr_conversionsConfig-version.cmake
[0.178s] -- Up-to-date symlink: /home/freesix/far_planner_ws/install/minkindr_conversions/share/minkindr_conversions/package.xml
[0.179s] -- Up-to-date: /home/freesix/far_planner_ws/install/minkindr_conversions/lib/libminkindr_conversions.so
[0.180s] -- Up-to-date: /home/freesix/far_planner_ws/install/minkindr_conversions/share/minkindr_conversions/cmake/minkindr_conversionsExport.cmake
[0.180s] -- Up-to-date: /home/freesix/far_planner_ws/install/minkindr_conversions/share/minkindr_conversions/cmake/minkindr_conversionsExport-release.cmake
[0.182s] Invoked command in '/home/freesix/far_planner_ws/build/minkindr_conversions' returned '0': CMAKE_PREFIX_PATH=/opt/ros/humble:/home/freesix/far_planner_ws/install/minkindr PKG_CONFIG_PATH=/home/freesix/far_planner_ws/install/minkindr/lib/x86_64-linux-gnu/pkgconfig:/home/freesix/far_planner_ws/install/minkindr/lib/pkgconfig ROS_PACKAGE_PATH=/home/freesix/far_planner_ws/install/minkindr/share /usr/local/bin/cmake --install /home/freesix/far_planner_ws/build/minkindr_conversions
