[100%] Built target kdtree
-- Install configuration: "Release"
-- Up-to-date: /home/freesix/far_planner_ws/install/kdtree/share/kdtree/environment/library_path.sh
-- Up-to-date: /home/freesix/far_planner_ws/install/kdtree/share/kdtree/environment/library_path.dsv
-- Up-to-date: /home/freesix/far_planner_ws/install/kdtree/include
-- Up-to-date: /home/freesix/far_planner_ws/install/kdtree/include/kdtree
-- Up-to-date: /home/freesix/far_planner_ws/install/kdtree/include/kdtree/kdtree.h
-- Up-to-date: /home/freesix/far_planner_ws/install/kdtree/lib/libkdtree.so
-- Up-to-date: /home/freesix/far_planner_ws/install/kdtree/share/ament_index/resource_index/package_run_dependencies/kdtree
-- Up-to-date: /home/freesix/far_planner_ws/install/kdtree/share/ament_index/resource_index/parent_prefix_path/kdtree
-- Up-to-date: /home/freesix/far_planner_ws/install/kdtree/share/kdtree/environment/ament_prefix_path.sh
-- Up-to-date: /home/freesix/far_planner_ws/install/kdtree/share/kdtree/environment/ament_prefix_path.dsv
-- Up-to-date: /home/freesix/far_planner_ws/install/kdtree/share/kdtree/environment/path.sh
-- Up-to-date: /home/freesix/far_planner_ws/install/kdtree/share/kdtree/environment/path.dsv
-- Up-to-date: /home/freesix/far_planner_ws/install/kdtree/share/kdtree/local_setup.bash
-- Up-to-date: /home/freesix/far_planner_ws/install/kdtree/share/kdtree/local_setup.sh
-- Up-to-date: /home/freesix/far_planner_ws/install/kdtree/share/kdtree/local_setup.zsh
-- Up-to-date: /home/freesix/far_planner_ws/install/kdtree/share/kdtree/local_setup.dsv
-- Installing: /home/freesix/far_planner_ws/install/kdtree/share/kdtree/package.dsv
-- Up-to-date: /home/freesix/far_planner_ws/install/kdtree/share/ament_index/resource_index/packages/kdtree
-- Up-to-date: /home/freesix/far_planner_ws/install/kdtree/share/kdtree/cmake/kdtreeExport.cmake
-- Up-to-date: /home/freesix/far_planner_ws/install/kdtree/share/kdtree/cmake/kdtreeExport-release.cmake
-- Up-to-date: /home/freesix/far_planner_ws/install/kdtree/share/kdtree/cmake/ament_cmake_export_targets-extras.cmake
-- Up-to-date: /home/freesix/far_planner_ws/install/kdtree/share/kdtree/cmake/kdtreeConfig.cmake
-- Up-to-date: /home/freesix/far_planner_ws/install/kdtree/share/kdtree/cmake/kdtreeConfig-version.cmake
-- Up-to-date: /home/freesix/far_planner_ws/install/kdtree/share/kdtree/package.xml
